[0.046s] Invoking command in '/home/asdfr-19/ros2_ws/build/relbot_simulator': CMAKE_PREFIX_PATH=${CMAKE_PREFIX_PATH}:/opt/ros/humble /usr/bin/cmake --build /home/asdfr-19/ros2_ws/build/relbot_simulator -- -j3 -l3
[0.295s] [ 69%] Built target relbot_simulator
[0.331s] [ 84%] Built target sequence_controller
[0.340s] [100%] Built target colour_tracker
[0.389s] Invoked command in '/home/asdfr-19/ros2_ws/build/relbot_simulator' returned '0': CMAKE_PREFIX_PATH=${CMAKE_PREFIX_PATH}:/opt/ros/humble /usr/bin/cmake --build /home/asdfr-19/ros2_ws/build/relbot_simulator -- -j3 -l3
[0.435s] Invoking command in '/home/asdfr-19/ros2_ws/build/relbot_simulator': CMAKE_PREFIX_PATH=${CMAKE_PREFIX_PATH}:/opt/ros/humble /usr/bin/cmake --install /home/asdfr-19/ros2_ws/build/relbot_simulator
[0.464s] -- Install configuration: ""
[0.467s] -- Up-to-date: /home/asdfr-19/ros2_ws/install/relbot_simulator/lib/relbot_simulator/relbot_simulator
[0.470s] -- Up-to-date: /home/asdfr-19/ros2_ws/install/relbot_simulator/lib/relbot_simulator/sequence_controller
[0.475s] -- Up-to-date: /home/asdfr-19/ros2_ws/install/relbot_simulator/lib/relbot_simulator/colour_tracker
[0.478s] -- Up-to-date: /home/asdfr-19/ros2_ws/install/relbot_simulator/include
[0.484s] -- Up-to-date: /home/asdfr-19/ros2_ws/install/relbot_simulator/include/Plant.h
[0.486s] -- Up-to-date: /home/asdfr-19/ros2_ws/install/relbot_simulator/include/sequence_controller.hpp
[0.489s] -- Up-to-date: /home/asdfr-19/ros2_ws/install/relbot_simulator/include/colour_tracker.hpp
[0.491s] -- Up-to-date: /home/asdfr-19/ros2_ws/install/relbot_simulator/include/relbot_simulator.hpp
[0.492s] -- Up-to-date: /home/asdfr-19/ros2_ws/install/relbot_simulator/include
[0.493s] -- Up-to-date: /home/asdfr-19/ros2_ws/install/relbot_simulator/include/xxinverse.h
[0.502s] -- Up-to-date: /home/asdfr-19/ros2_ws/install/relbot_simulator/include/xxinteg.h
[0.504s] -- Up-to-date: /home/asdfr-19/ros2_ws/install/relbot_simulator/include/xxmatrix.cpp
[0.505s] -- Up-to-date: /home/asdfr-19/ros2_ws/install/relbot_simulator/include/xxmodel.h
[0.506s] -- Up-to-date: /home/asdfr-19/ros2_ws/install/relbot_simulator/include/MotionProfiles.cpp
[0.507s] -- Up-to-date: /home/asdfr-19/ros2_ws/install/relbot_simulator/include/EulerAngles.h
[0.509s] -- Up-to-date: /home/asdfr-19/ros2_ws/install/relbot_simulator/include/xxinverse.cpp
[0.510s] -- Up-to-date: /home/asdfr-19/ros2_ws/install/relbot_simulator/include/MotionProfiles.h
[0.511s] -- Up-to-date: /home/asdfr-19/ros2_ws/install/relbot_simulator/include/xxfuncs.cpp
[0.512s] -- Up-to-date: /home/asdfr-19/ros2_ws/install/relbot_simulator/include/xxtypes.h
[0.523s] -- Up-to-date: /home/asdfr-19/ros2_ws/install/relbot_simulator/include/xxmatrix.h
[0.524s] -- Up-to-date: /home/asdfr-19/ros2_ws/install/relbot_simulator/include/xxinteg.cpp
[0.546s] -- Up-to-date: /home/asdfr-19/ros2_ws/install/relbot_simulator/include/xxfuncs.h
[0.547s] -- Up-to-date: /home/asdfr-19/ros2_ws/install/relbot_simulator/include/EulerAngles.cpp
[0.548s] -- Up-to-date: /home/asdfr-19/ros2_ws/install/relbot_simulator/share/ament_index/resource_index/package_run_dependencies/relbot_simulator
[0.550s] -- Up-to-date: /home/asdfr-19/ros2_ws/install/relbot_simulator/share/ament_index/resource_index/parent_prefix_path/relbot_simulator
[0.552s] -- Up-to-date: /home/asdfr-19/ros2_ws/install/relbot_simulator/share/relbot_simulator/environment/ament_prefix_path.sh
[0.553s] -- Up-to-date: /home/asdfr-19/ros2_ws/install/relbot_simulator/share/relbot_simulator/environment/ament_prefix_path.dsv
[0.554s] -- Up-to-date: /home/asdfr-19/ros2_ws/install/relbot_simulator/share/relbot_simulator/environment/path.sh
[0.556s] -- Up-to-date: /home/asdfr-19/ros2_ws/install/relbot_simulator/share/relbot_simulator/environment/path.dsv
[0.557s] -- Up-to-date: /home/asdfr-19/ros2_ws/install/relbot_simulator/share/relbot_simulator/local_setup.bash
[0.558s] -- Up-to-date: /home/asdfr-19/ros2_ws/install/relbot_simulator/share/relbot_simulator/local_setup.sh
[0.560s] -- Up-to-date: /home/asdfr-19/ros2_ws/install/relbot_simulator/share/relbot_simulator/local_setup.zsh
[0.562s] -- Up-to-date: /home/asdfr-19/ros2_ws/install/relbot_simulator/share/relbot_simulator/local_setup.dsv
[0.563s] -- Installing: /home/asdfr-19/ros2_ws/install/relbot_simulator/share/relbot_simulator/package.dsv
[0.564s] -- Up-to-date: /home/asdfr-19/ros2_ws/install/relbot_simulator/share/ament_index/resource_index/packages/relbot_simulator
[0.566s] -- Up-to-date: /home/asdfr-19/ros2_ws/install/relbot_simulator/share/relbot_simulator/cmake/relbot_simulatorConfig.cmake
[0.567s] -- Up-to-date: /home/asdfr-19/ros2_ws/install/relbot_simulator/share/relbot_simulator/cmake/relbot_simulatorConfig-version.cmake
[0.579s] -- Up-to-date: /home/asdfr-19/ros2_ws/install/relbot_simulator/share/relbot_simulator/package.xml
[0.582s] -- Up-to-date: /home/asdfr-19/ros2_ws/install/relbot_simulator/share/relbot_simulator//launch
[0.583s] -- Up-to-date: /home/asdfr-19/ros2_ws/install/relbot_simulator/share/relbot_simulator//launch/relbot_simulator.launch.py
[0.584s] Invoked command in '/home/asdfr-19/ros2_ws/build/relbot_simulator' returned '0': CMAKE_PREFIX_PATH=${CMAKE_PREFIX_PATH}:/opt/ros/humble /usr/bin/cmake --install /home/asdfr-19/ros2_ws/build/relbot_simulator
