[0.049s] Invoking command in '/home/asdfr-19/ros2_ws/build/relbot_simulator': CMAKE_PREFIX_PATH=${CMAKE_PREFIX_PATH}:/opt/ros/humble /usr/bin/cmake --build /home/asdfr-19/ros2_ws/build/relbot_simulator -- -j3 -l3
[0.320s] [ 15%] Built target colour_tracker
[0.323s] [ 30%] Built target sequence_controller
[0.351s] [100%] Built target relbot_simulator
[0.399s] Invoked command in '/home/asdfr-19/ros2_ws/build/relbot_simulator' returned '0': CMAKE_PREFIX_PATH=${CMAKE_PREFIX_PATH}:/opt/ros/humble /usr/bin/cmake --build /home/asdfr-19/ros2_ws/build/relbot_simulator -- -j3 -l3
[0.439s] Invoking command in '/home/asdfr-19/ros2_ws/build/relbot_simulator': CMAKE_PREFIX_PATH=${CMAKE_PREFIX_PATH}:/opt/ros/humble /usr/bin/cmake --install /home/asdfr-19/ros2_ws/build/relbot_simulator
[0.479s] -- Install configuration: ""
[0.488s] -- Up-to-date: /home/asdfr-19/ros2_ws/install/relbot_simulator/lib/relbot_simulator/relbot_simulator
[0.496s] -- Up-to-date: /home/asdfr-19/ros2_ws/install/relbot_simulator/lib/relbot_simulator/sequence_controller
[0.504s] -- Up-to-date: /home/asdfr-19/ros2_ws/install/relbot_simulator/lib/relbot_simulator/colour_tracker
[0.524s] -- Up-to-date: /home/asdfr-19/ros2_ws/install/relbot_simulator/include
[0.526s] -- Up-to-date: /home/asdfr-19/ros2_ws/install/relbot_simulator/include/Plant.h
[0.528s] -- Up-to-date: /home/asdfr-19/ros2_ws/install/relbot_simulator/include/sequence_controller.hpp
[0.537s] -- Up-to-date: /home/asdfr-19/ros2_ws/install/relbot_simulator/include/colour_tracker.hpp
[0.539s] -- Up-to-date: /home/asdfr-19/ros2_ws/install/relbot_simulator/include/relbot_simulator.hpp
[0.541s] -- Up-to-date: /home/asdfr-19/ros2_ws/install/relbot_simulator/include
[0.542s] -- Up-to-date: /home/asdfr-19/ros2_ws/install/relbot_simulator/include/xxinverse.h
[0.543s] -- Up-to-date: /home/asdfr-19/ros2_ws/install/relbot_simulator/include/xxinteg.h
[0.554s] -- Up-to-date: /home/asdfr-19/ros2_ws/install/relbot_simulator/include/xxmatrix.cpp
[0.556s] -- Up-to-date: /home/asdfr-19/ros2_ws/install/relbot_simulator/include/xxmodel.h
[0.557s] -- Up-to-date: /home/asdfr-19/ros2_ws/install/relbot_simulator/include/MotionProfiles.cpp
[0.567s] -- Up-to-date: /home/asdfr-19/ros2_ws/install/relbot_simulator/include/EulerAngles.h
[0.568s] -- Up-to-date: /home/asdfr-19/ros2_ws/install/relbot_simulator/include/xxinverse.cpp
[0.570s] -- Up-to-date: /home/asdfr-19/ros2_ws/install/relbot_simulator/include/MotionProfiles.h
[0.571s] -- Up-to-date: /home/asdfr-19/ros2_ws/install/relbot_simulator/include/xxfuncs.cpp
[0.572s] -- Up-to-date: /home/asdfr-19/ros2_ws/install/relbot_simulator/include/xxtypes.h
[0.574s] -- Up-to-date: /home/asdfr-19/ros2_ws/install/relbot_simulator/include/xxmatrix.h
[0.576s] -- Up-to-date: /home/asdfr-19/ros2_ws/install/relbot_simulator/include/xxinteg.cpp
[0.577s] -- Up-to-date: /home/asdfr-19/ros2_ws/install/relbot_simulator/include/xxfuncs.h
[0.578s] -- Up-to-date: /home/asdfr-19/ros2_ws/install/relbot_simulator/include/EulerAngles.cpp
[0.580s] -- Up-to-date: /home/asdfr-19/ros2_ws/install/relbot_simulator/share/ament_index/resource_index/package_run_dependencies/relbot_simulator
[0.595s] -- Up-to-date: /home/asdfr-19/ros2_ws/install/relbot_simulator/share/ament_index/resource_index/parent_prefix_path/relbot_simulator
[0.596s] -- Up-to-date: /home/asdfr-19/ros2_ws/install/relbot_simulator/share/relbot_simulator/environment/ament_prefix_path.sh
[0.598s] -- Up-to-date: /home/asdfr-19/ros2_ws/install/relbot_simulator/share/relbot_simulator/environment/ament_prefix_path.dsv
[0.599s] -- Up-to-date: /home/asdfr-19/ros2_ws/install/relbot_simulator/share/relbot_simulator/environment/path.sh
[0.600s] -- Up-to-date: /home/asdfr-19/ros2_ws/install/relbot_simulator/share/relbot_simulator/environment/path.dsv
[0.601s] -- Up-to-date: /home/asdfr-19/ros2_ws/install/relbot_simulator/share/relbot_simulator/local_setup.bash
[0.602s] -- Up-to-date: /home/asdfr-19/ros2_ws/install/relbot_simulator/share/relbot_simulator/local_setup.sh
[0.613s] -- Up-to-date: /home/asdfr-19/ros2_ws/install/relbot_simulator/share/relbot_simulator/local_setup.zsh
[0.615s] -- Up-to-date: /home/asdfr-19/ros2_ws/install/relbot_simulator/share/relbot_simulator/local_setup.dsv
[0.616s] -- Installing: /home/asdfr-19/ros2_ws/install/relbot_simulator/share/relbot_simulator/package.dsv
[0.627s] -- Up-to-date: /home/asdfr-19/ros2_ws/install/relbot_simulator/share/ament_index/resource_index/packages/relbot_simulator
[0.629s] -- Up-to-date: /home/asdfr-19/ros2_ws/install/relbot_simulator/share/relbot_simulator/cmake/relbot_simulatorConfig.cmake
[0.630s] -- Up-to-date: /home/asdfr-19/ros2_ws/install/relbot_simulator/share/relbot_simulator/cmake/relbot_simulatorConfig-version.cmake
[0.631s] -- Up-to-date: /home/asdfr-19/ros2_ws/install/relbot_simulator/share/relbot_simulator/package.xml
[0.633s] -- Up-to-date: /home/asdfr-19/ros2_ws/install/relbot_simulator/share/relbot_simulator//launch
[0.635s] -- Up-to-date: /home/asdfr-19/ros2_ws/install/relbot_simulator/share/relbot_simulator//launch/relbot_simulator.launch.py
[0.636s] Invoked command in '/home/asdfr-19/ros2_ws/build/relbot_simulator' returned '0': CMAKE_PREFIX_PATH=${CMAKE_PREFIX_PATH}:/opt/ros/humble /usr/bin/cmake --install /home/asdfr-19/ros2_ws/build/relbot_simulator
