[0.055s] Invoking command in '/home/asdfr-19/ros2_ws/build/relbot_simulator': CMAKE_PREFIX_PATH=${CMAKE_PREFIX_PATH}:/opt/ros/humble /usr/bin/cmake --build /home/asdfr-19/ros2_ws/build/relbot_simulator -- -j3 -l3
[0.334s] [ 69%] Built target relbot_simulator
[0.365s] [ 92%] Built target sequence_controller
[0.369s] [100%] Built target colour_tracker
[0.409s] Invoked command in '/home/asdfr-19/ros2_ws/build/relbot_simulator' returned '0': CMAKE_PREFIX_PATH=${CMAKE_PREFIX_PATH}:/opt/ros/humble /usr/bin/cmake --build /home/asdfr-19/ros2_ws/build/relbot_simulator -- -j3 -l3
[0.474s] Invoking command in '/home/asdfr-19/ros2_ws/build/relbot_simulator': CMAKE_PREFIX_PATH=${CMAKE_PREFIX_PATH}:/opt/ros/humble /usr/bin/cmake --install /home/asdfr-19/ros2_ws/build/relbot_simulator
[0.532s] -- Install configuration: ""
[0.535s] -- Up-to-date: /home/asdfr-19/ros2_ws/install/relbot_simulator/lib/relbot_simulator/relbot_simulator
[0.551s] -- Up-to-date: /home/asdfr-19/ros2_ws/install/relbot_simulator/lib/relbot_simulator/sequence_controller
[0.556s] -- Up-to-date: /home/asdfr-19/ros2_ws/install/relbot_simulator/lib/relbot_simulator/colour_tracker
[0.560s] -- Up-to-date: /home/asdfr-19/ros2_ws/install/relbot_simulator/include
[0.564s] -- Up-to-date: /home/asdfr-19/ros2_ws/install/relbot_simulator/include/Plant.h
[0.572s] -- Up-to-date: /home/asdfr-19/ros2_ws/install/relbot_simulator/include/sequence_controller.hpp
[0.579s] -- Up-to-date: /home/asdfr-19/ros2_ws/install/relbot_simulator/include/colour_tracker.hpp
[0.587s] -- Up-to-date: /home/asdfr-19/ros2_ws/install/relbot_simulator/include/relbot_simulator.hpp
[0.596s] -- Up-to-date: /home/asdfr-19/ros2_ws/install/relbot_simulator/include
[0.606s] -- Up-to-date: /home/asdfr-19/ros2_ws/install/relbot_simulator/include/xxinverse.h
[0.610s] -- Up-to-date: /home/asdfr-19/ros2_ws/install/relbot_simulator/include/xxinteg.h
[0.620s] -- Up-to-date: /home/asdfr-19/ros2_ws/install/relbot_simulator/include/xxmatrix.cpp
[0.625s] -- Up-to-date: /home/asdfr-19/ros2_ws/install/relbot_simulator/include/xxmodel.h
[0.637s] -- Up-to-date: /home/asdfr-19/ros2_ws/install/relbot_simulator/include/MotionProfiles.cpp
[0.638s] -- Up-to-date: /home/asdfr-19/ros2_ws/install/relbot_simulator/include/EulerAngles.h
[0.640s] -- Up-to-date: /home/asdfr-19/ros2_ws/install/relbot_simulator/include/xxinverse.cpp
[0.641s] -- Up-to-date: /home/asdfr-19/ros2_ws/install/relbot_simulator/include/MotionProfiles.h
[0.642s] -- Up-to-date: /home/asdfr-19/ros2_ws/install/relbot_simulator/include/xxfuncs.cpp
[0.644s] -- Up-to-date: /home/asdfr-19/ros2_ws/install/relbot_simulator/include/xxtypes.h
[0.645s] -- Up-to-date: /home/asdfr-19/ros2_ws/install/relbot_simulator/include/xxmatrix.h
[0.646s] -- Up-to-date: /home/asdfr-19/ros2_ws/install/relbot_simulator/include/xxinteg.cpp
[0.651s] -- Up-to-date: /home/asdfr-19/ros2_ws/install/relbot_simulator/include/xxfuncs.h
[0.660s] -- Up-to-date: /home/asdfr-19/ros2_ws/install/relbot_simulator/include/EulerAngles.cpp
[0.667s] -- Up-to-date: /home/asdfr-19/ros2_ws/install/relbot_simulator/share/ament_index/resource_index/package_run_dependencies/relbot_simulator
[0.676s] -- Up-to-date: /home/asdfr-19/ros2_ws/install/relbot_simulator/share/ament_index/resource_index/parent_prefix_path/relbot_simulator
[0.681s] -- Up-to-date: /home/asdfr-19/ros2_ws/install/relbot_simulator/share/relbot_simulator/environment/ament_prefix_path.sh
[0.687s] -- Up-to-date: /home/asdfr-19/ros2_ws/install/relbot_simulator/share/relbot_simulator/environment/ament_prefix_path.dsv
[0.696s] -- Up-to-date: /home/asdfr-19/ros2_ws/install/relbot_simulator/share/relbot_simulator/environment/path.sh
[0.701s] -- Up-to-date: /home/asdfr-19/ros2_ws/install/relbot_simulator/share/relbot_simulator/environment/path.dsv
[0.712s] -- Up-to-date: /home/asdfr-19/ros2_ws/install/relbot_simulator/share/relbot_simulator/local_setup.bash
[0.713s] -- Up-to-date: /home/asdfr-19/ros2_ws/install/relbot_simulator/share/relbot_simulator/local_setup.sh
[0.715s] -- Up-to-date: /home/asdfr-19/ros2_ws/install/relbot_simulator/share/relbot_simulator/local_setup.zsh
[0.717s] -- Up-to-date: /home/asdfr-19/ros2_ws/install/relbot_simulator/share/relbot_simulator/local_setup.dsv
[0.718s] -- Installing: /home/asdfr-19/ros2_ws/install/relbot_simulator/share/relbot_simulator/package.dsv
[0.719s] -- Up-to-date: /home/asdfr-19/ros2_ws/install/relbot_simulator/share/ament_index/resource_index/packages/relbot_simulator
[0.720s] -- Up-to-date: /home/asdfr-19/ros2_ws/install/relbot_simulator/share/relbot_simulator/cmake/relbot_simulatorConfig.cmake
[0.721s] -- Up-to-date: /home/asdfr-19/ros2_ws/install/relbot_simulator/share/relbot_simulator/cmake/relbot_simulatorConfig-version.cmake
[0.722s] -- Up-to-date: /home/asdfr-19/ros2_ws/install/relbot_simulator/share/relbot_simulator/package.xml
[0.734s] -- Up-to-date: /home/asdfr-19/ros2_ws/install/relbot_simulator/share/relbot_simulator//launch
[0.735s] -- Up-to-date: /home/asdfr-19/ros2_ws/install/relbot_simulator/share/relbot_simulator//launch/relbot_simulator.launch.py
[0.736s] Invoked command in '/home/asdfr-19/ros2_ws/build/relbot_simulator' returned '0': CMAKE_PREFIX_PATH=${CMAKE_PREFIX_PATH}:/opt/ros/humble /usr/bin/cmake --install /home/asdfr-19/ros2_ws/build/relbot_simulator
