[0.023s] Invoking command in '/home/asdfr-19/ros2_ws/build/ros_xeno_bridge': CMAKE_PREFIX_PATH=/home/asdfr-19/ros2_ws/install/xrf2_msgs:/home/asdfr-19/ros2_ws/install/ros_xeno_bridge:/home/asdfr-19/ros2_ws/install/relbot_simulator:/opt/ros/humble /usr/bin/cmake --build /home/asdfr-19/ros2_ws/build/ros_xeno_bridge -- -j3 -l3
[0.108s] [100%] Built target RosXenoBridge
[0.156s] Invoked command in '/home/asdfr-19/ros2_ws/build/ros_xeno_bridge' returned '0': CMAKE_PREFIX_PATH=/home/asdfr-19/ros2_ws/install/xrf2_msgs:/home/asdfr-19/ros2_ws/install/ros_xeno_bridge:/home/asdfr-19/ros2_ws/install/relbot_simulator:/opt/ros/humble /usr/bin/cmake --build /home/asdfr-19/ros2_ws/build/ros_xeno_bridge -- -j3 -l3
[0.161s] Invoking command in '/home/asdfr-19/ros2_ws/build/ros_xeno_bridge': CMAKE_PREFIX_PATH=/home/asdfr-19/ros2_ws/install/xrf2_msgs:/home/asdfr-19/ros2_ws/install/ros_xeno_bridge:/home/asdfr-19/ros2_ws/install/relbot_simulator:/opt/ros/humble /usr/bin/cmake --install /home/asdfr-19/ros2_ws/build/ros_xeno_bridge
[0.190s] -- Install configuration: ""
[0.194s] -- Up-to-date: /home/asdfr-19/ros2_ws/install/ros_xeno_bridge/lib/ros_xeno_bridge/RosXenoBridge
[0.198s] -- Up-to-date: /home/asdfr-19/ros2_ws/install/ros_xeno_bridge/share/ament_index/resource_index/package_run_dependencies/ros_xeno_bridge
[0.201s] -- Up-to-date: /home/asdfr-19/ros2_ws/install/ros_xeno_bridge/share/ament_index/resource_index/parent_prefix_path/ros_xeno_bridge
[0.204s] -- Up-to-date: /home/asdfr-19/ros2_ws/install/ros_xeno_bridge/share/ros_xeno_bridge/environment/ament_prefix_path.sh
[0.207s] -- Up-to-date: /home/asdfr-19/ros2_ws/install/ros_xeno_bridge/share/ros_xeno_bridge/environment/ament_prefix_path.dsv
[0.210s] -- Up-to-date: /home/asdfr-19/ros2_ws/install/ros_xeno_bridge/share/ros_xeno_bridge/environment/path.sh
[0.213s] -- Up-to-date: /home/asdfr-19/ros2_ws/install/ros_xeno_bridge/share/ros_xeno_bridge/environment/path.dsv
[0.216s] -- Up-to-date: /home/asdfr-19/ros2_ws/install/ros_xeno_bridge/share/ros_xeno_bridge/local_setup.bash
[0.219s] -- Up-to-date: /home/asdfr-19/ros2_ws/install/ros_xeno_bridge/share/ros_xeno_bridge/local_setup.sh
[0.222s] -- Up-to-date: /home/asdfr-19/ros2_ws/install/ros_xeno_bridge/share/ros_xeno_bridge/local_setup.zsh
[0.225s] -- Up-to-date: /home/asdfr-19/ros2_ws/install/ros_xeno_bridge/share/ros_xeno_bridge/local_setup.dsv
[0.228s] -- Installing: /home/asdfr-19/ros2_ws/install/ros_xeno_bridge/share/ros_xeno_bridge/package.dsv
[0.232s] -- Up-to-date: /home/asdfr-19/ros2_ws/install/ros_xeno_bridge/share/ament_index/resource_index/packages/ros_xeno_bridge
[0.236s] -- Up-to-date: /home/asdfr-19/ros2_ws/install/ros_xeno_bridge/share/ros_xeno_bridge/cmake/ros_xeno_bridgeConfig.cmake
[0.244s] -- Up-to-date: /home/asdfr-19/ros2_ws/install/ros_xeno_bridge/share/ros_xeno_bridge/cmake/ros_xeno_bridgeConfig-version.cmake
[0.250s] -- Up-to-date: /home/asdfr-19/ros2_ws/install/ros_xeno_bridge/share/ros_xeno_bridge/package.xml
[0.259s] Invoked command in '/home/asdfr-19/ros2_ws/build/ros_xeno_bridge' returned '0': CMAKE_PREFIX_PATH=/home/asdfr-19/ros2_ws/install/xrf2_msgs:/home/asdfr-19/ros2_ws/install/ros_xeno_bridge:/home/asdfr-19/ros2_ws/install/relbot_simulator:/opt/ros/humble /usr/bin/cmake --install /home/asdfr-19/ros2_ws/build/ros_xeno_bridge
