[0.029s] Invoking command in '/home/asdfr-19/ros2_ws/build/xrf2_msgs': CMAKE_PREFIX_PATH=${CMAKE_PREFIX_PATH}:/opt/ros/humble /usr/bin/cmake /home/asdfr-19/ros2_ws/src/XRF2/XenoRosFramework/Common/XRF2_msgs -DCMAKE_INSTALL_PREFIX=/home/asdfr-19/ros2_ws/install/xrf2_msgs
[0.214s] -- The C compiler identification is GNU 11.4.0
[0.429s] -- The CXX compiler identification is GNU 11.4.0
[0.457s] -- Detecting C compiler ABI info
[0.708s] -- Detecting C compiler ABI info - done
[0.770s] -- Check for working C compiler: /usr/bin/cc - skipped
[0.772s] -- Detecting C compile features
[0.774s] -- Detecting C compile features - done
[0.787s] -- Detecting CXX compiler ABI info
[1.057s] -- Detecting CXX compiler ABI info - done
[1.124s] -- Check for working CXX compiler: /usr/bin/c++ - skipped
[1.126s] -- Detecting CXX compile features
[1.128s] -- Detecting CXX compile features - done
[1.138s] -- Found ament_cmake: 1.3.11 (/opt/ros/humble/share/ament_cmake/cmake)
[1.713s] -- Found Python3: /usr/bin/python3 (found version "3.10.12") found components: Interpreter 
[2.062s] -- Found rosidl_default_generators: 1.2.0 (/opt/ros/humble/share/rosidl_default_generators/cmake)
[2.076s] -- Using all available rosidl_typesupport_c: rosidl_typesupport_fastrtps_c;rosidl_typesupport_introspection_c
[2.100s] -- Found rosidl_adapter: 3.1.6 (/opt/ros/humble/share/rosidl_adapter/cmake)
[2.205s] -- Using all available rosidl_typesupport_cpp: rosidl_typesupport_fastrtps_cpp;rosidl_typesupport_introspection_cpp
[2.894s] [31mCMake Error at /opt/ros/humble/share/rosidl_adapter/cmake/rosidl_adapt_interfaces.cmake:59 (message):
[2.897s]   execute_process(/usr/bin/python3 -m rosidl_adapter --package-name xrf2_msgs
[2.899s]   --arguments-file
[2.902s]   /home/asdfr-19/ros2_ws/build/xrf2_msgs/rosidl_adapter__arguments__xrf2_msgs.json
[2.905s]   --output-dir
[2.908s]   /home/asdfr-19/ros2_ws/build/xrf2_msgs/rosidl_adapter/xrf2_msgs
[2.911s]   --output-file
[2.914s]   /home/asdfr-19/ros2_ws/build/xrf2_msgs/rosidl_adapter/xrf2_msgs.idls)
[2.919s]   returned error code 1:
[2.924s] 
[2.927s]   Error processing 'float64 ros_data.leftmotvel' of 'xrf2_msgs/Ros2Xeno':
[2.931s]   ''ros_data.leftmotvel' is an invalid field name.  It should have the
[2.935s]   pattern '^(?!.*__)(?!.*_$)[a-z][a-z0-9_]*$''
[2.938s] 
[2.940s]   Traceback (most recent call last):
[2.943s] 
[2.948s]     File "/usr/lib/python3.10/runpy.py", line 196, in _run_module_as_main
[2.953s]       return _run_code(code, main_globals, None,
[2.957s]     File "/usr/lib/python3.10/runpy.py", line 86, in _run_code
[2.960s]       exec(code, run_globals)
[2.962s]     File "/opt/ros/humble/local/lib/python3.10/dist-packages/rosidl_adapter/__main__.py", line 19, in <module>
[2.963s]       sys.exit(main())
[2.965s]     File "/opt/ros/humble/local/lib/python3.10/dist-packages/rosidl_adapter/main.py", line 53, in main
[2.966s]       abs_idl_file = convert_to_idl(
[2.968s]     File "/opt/ros/humble/local/lib/python3.10/dist-packages/rosidl_adapter/__init__.py", line 19, in convert_to_idl
[2.970s]       return convert_msg_to_idl(
[2.971s]     File "/opt/ros/humble/local/lib/python3.10/dist-packages/rosidl_adapter/msg/__init__.py", line 28, in convert_msg_to_idl
[2.973s]       msg = parse_message_string(package_name, input_file.stem, content)
[2.974s]     File "/opt/ros/humble/local/lib/python3.10/dist-packages/rosidl_adapter/parser.py", line 519, in parse_message_string
[2.975s]       fields.append(Field(
[2.977s]     File "/opt/ros/humble/local/lib/python3.10/dist-packages/rosidl_adapter/parser.py", line 354, in __init__
[2.978s]       raise NameError(
[2.979s] 
[2.980s]   NameError: 'ros_data.leftmotvel' is an invalid field name.  It should have
[2.982s]   the pattern '^(?!.*__)(?!.*_$)[a-z][a-z0-9_]*$'
[2.983s] 
[2.984s] Call Stack (most recent call first):
[2.986s]   /opt/ros/humble/share/rosidl_cmake/cmake/rosidl_generate_interfaces.cmake:130 (rosidl_adapt_interfaces)
[2.987s]   CMakeLists.txt:15 (rosidl_generate_interfaces)
[2.989s] 
[2.992s] [0m
[2.994s] -- Configuring incomplete, errors occurred!
[2.996s] See also "/home/asdfr-19/ros2_ws/build/xrf2_msgs/CMakeFiles/CMakeOutput.log".
[2.998s] Invoked command in '/home/asdfr-19/ros2_ws/build/xrf2_msgs' returned '1': CMAKE_PREFIX_PATH=${CMAKE_PREFIX_PATH}:/opt/ros/humble /usr/bin/cmake /home/asdfr-19/ros2_ws/src/XRF2/XenoRosFramework/Common/XRF2_msgs -DCMAKE_INSTALL_PREFIX=/home/asdfr-19/ros2_ws/install/xrf2_msgs
