[01m[K/home/asdfr-19/ros2_ws/src/xcontroller/src/xcontroller.cpp:[m[K In member function ‘[01m[Kvirtual int xcontroller::run()[m[K’:
[01m[K/home/asdfr-19/ros2_ws/src/xcontroller/src/xcontroller.cpp:82:52:[m[K [01;31m[Kerror: [m[Kcannot convert ‘[01m[Kdouble[m[K’ to ‘[01m[KXXDouble*[m[K’ {aka ‘[01m[Kdouble*[m[K’}
   82 |     actuate_data.pwm1 = 2047 *controller.Calculate([01;31m[K0.25[m[K, y);
      |                                                    [01;31m[K^~~~[m[K
      |                                                    [01;31m[K|[m[K
      |                                                    [01;31m[Kdouble[m[K
In file included from [01m[K/home/asdfr-19/ros2_ws/src/xcontroller/include/xcontroller.hpp:5[m[K,
                 from [01m[K/home/asdfr-19/ros2_ws/src/xcontroller/src/xcontroller.cpp:1[m[K:
[01m[K/home/asdfr-19/ros2_ws/src/xcontroller/controller/LoopController.h:59:43:[m[K [01;36m[Knote: [m[K  initializing argument 1 of ‘[01m[Kvoid LoopController::Calculate(XXDouble*, XXDouble*)[m[K’
   59 |                 void Calculate ([01;36m[KXXDouble *u[m[K, XXDouble *y /*, XXDouble t*/ );
      |                                 [01;36m[K~~~~~~~~~~^[m[K
[01m[K/home/asdfr-19/ros2_ws/src/xcontroller/src/xcontroller.cpp:83:53:[m[K [01;31m[Kerror: [m[Kcannot convert ‘[01m[Kdouble[m[K’ to ‘[01m[KXXDouble*[m[K’ {aka ‘[01m[Kdouble*[m[K’}
   83 |     actuate_data.pwm1 = 2047 *-controller.Calculate([01;31m[K0.25[m[K, y);
      |                                                     [01;31m[K^~~~[m[K
      |                                                     [01;31m[K|[m[K
      |                                                     [01;31m[Kdouble[m[K
In file included from [01m[K/home/asdfr-19/ros2_ws/src/xcontroller/include/xcontroller.hpp:5[m[K,
                 from [01m[K/home/asdfr-19/ros2_ws/src/xcontroller/src/xcontroller.cpp:1[m[K:
[01m[K/home/asdfr-19/ros2_ws/src/xcontroller/controller/LoopController.h:59:43:[m[K [01;36m[Knote: [m[K  initializing argument 1 of ‘[01m[Kvoid LoopController::Calculate(XXDouble*, XXDouble*)[m[K’
   59 |                 void Calculate ([01;36m[KXXDouble *u[m[K, XXDouble *y /*, XXDouble t*/ );
      |                                 [01;36m[K~~~~~~~~~~^[m[K
gmake[2]: *** [CMakeFiles/xcontroller.dir/build.make:258: CMakeFiles/xcontroller.dir/src/xcontroller.cpp.o] Error 1
gmake[1]: *** [CMakeFiles/Makefile2:137: CMakeFiles/xcontroller.dir/all] Error 2
gmake: *** [Makefile:101: all] Error 2
