[0.047s] Invoking command in '/home/asdfr-19/ros2_ws/build/ros_xeno_bridge': CMAKE_PREFIX_PATH=/home/asdfr-19/ros2_ws/install/xrf2_msgs:/home/asdfr-19/ros2_ws/install/ros_xeno_bridge:/home/asdfr-19/ros2_ws/install/relbot_simulator:/opt/ros/humble /usr/bin/cmake --build /home/asdfr-19/ros2_ws/build/ros_xeno_bridge -- -j3 -l3
[0.208s] [100%] Built target RosXenoBridge
[0.273s] Invoked command in '/home/asdfr-19/ros2_ws/build/ros_xeno_bridge' returned '0': CMAKE_PREFIX_PATH=/home/asdfr-19/ros2_ws/install/xrf2_msgs:/home/asdfr-19/ros2_ws/install/ros_xeno_bridge:/home/asdfr-19/ros2_ws/install/relbot_simulator:/opt/ros/humble /usr/bin/cmake --build /home/asdfr-19/ros2_ws/build/ros_xeno_bridge -- -j3 -l3
[0.275s] Invoking command in '/home/asdfr-19/ros2_ws/build/ros_xeno_bridge': CMAKE_PREFIX_PATH=/home/asdfr-19/ros2_ws/install/xrf2_msgs:/home/asdfr-19/ros2_ws/install/ros_xeno_bridge:/home/asdfr-19/ros2_ws/install/relbot_simulator:/opt/ros/humble /usr/bin/cmake --install /home/asdfr-19/ros2_ws/build/ros_xeno_bridge
[0.299s] -- Install configuration: ""
[0.301s] -- Up-to-date: /home/asdfr-19/ros2_ws/install/ros_xeno_bridge/lib/ros_xeno_bridge/RosXenoBridge
[0.303s] -- Up-to-date: /home/asdfr-19/ros2_ws/install/ros_xeno_bridge/share/ament_index/resource_index/package_run_dependencies/ros_xeno_bridge
[0.305s] -- Up-to-date: /home/asdfr-19/ros2_ws/install/ros_xeno_bridge/share/ament_index/resource_index/parent_prefix_path/ros_xeno_bridge
[0.306s] -- Up-to-date: /home/asdfr-19/ros2_ws/install/ros_xeno_bridge/share/ros_xeno_bridge/environment/ament_prefix_path.sh
[0.308s] -- Up-to-date: /home/asdfr-19/ros2_ws/install/ros_xeno_bridge/share/ros_xeno_bridge/environment/ament_prefix_path.dsv
[0.309s] -- Up-to-date: /home/asdfr-19/ros2_ws/install/ros_xeno_bridge/share/ros_xeno_bridge/environment/path.sh
[0.311s] -- Up-to-date: /home/asdfr-19/ros2_ws/install/ros_xeno_bridge/share/ros_xeno_bridge/environment/path.dsv
[0.313s] -- Up-to-date: /home/asdfr-19/ros2_ws/install/ros_xeno_bridge/share/ros_xeno_bridge/local_setup.bash
[0.315s] -- Up-to-date: /home/asdfr-19/ros2_ws/install/ros_xeno_bridge/share/ros_xeno_bridge/local_setup.sh
[0.317s] -- Up-to-date: /home/asdfr-19/ros2_ws/install/ros_xeno_bridge/share/ros_xeno_bridge/local_setup.zsh
[0.318s] -- Up-to-date: /home/asdfr-19/ros2_ws/install/ros_xeno_bridge/share/ros_xeno_bridge/local_setup.dsv
[0.322s] -- Installing: /home/asdfr-19/ros2_ws/install/ros_xeno_bridge/share/ros_xeno_bridge/package.dsv
[0.323s] -- Up-to-date: /home/asdfr-19/ros2_ws/install/ros_xeno_bridge/share/ament_index/resource_index/packages/ros_xeno_bridge
[0.328s] -- Up-to-date: /home/asdfr-19/ros2_ws/install/ros_xeno_bridge/share/ros_xeno_bridge/cmake/ros_xeno_bridgeConfig.cmake
[0.329s] -- Up-to-date: /home/asdfr-19/ros2_ws/install/ros_xeno_bridge/share/ros_xeno_bridge/cmake/ros_xeno_bridgeConfig-version.cmake
[0.330s] -- Up-to-date: /home/asdfr-19/ros2_ws/install/ros_xeno_bridge/share/ros_xeno_bridge/package.xml
[0.346s] Invoked command in '/home/asdfr-19/ros2_ws/build/ros_xeno_bridge' returned '0': CMAKE_PREFIX_PATH=/home/asdfr-19/ros2_ws/install/xrf2_msgs:/home/asdfr-19/ros2_ws/install/ros_xeno_bridge:/home/asdfr-19/ros2_ws/install/relbot_simulator:/opt/ros/humble /usr/bin/cmake --install /home/asdfr-19/ros2_ws/build/ros_xeno_bridge
