[0.979s] DEBUG:colcon:Command line arguments: ['/usr/bin/colcon', 'build', '--packages-select', 'xrf2_msgs']
[0.980s] DEBUG:colcon:Parsed command line arguments: Namespace(log_base=None, log_level=None, verb_name='build', build_base='build', install_base='install', merge_install=False, symlink_install=False, test_result_base=None, continue_on_error=False, executor='parallel', parallel_workers=3, event_handlers=None, ignore_user_meta=False, metas=['./colcon.meta'], base_paths=['.'], packages_ignore=None, packages_ignore_regex=None, paths=None, packages_up_to=None, packages_up_to_regex=None, packages_above=None, packages_above_and_dependencies=None, packages_above_depth=None, packages_select_by_dep=None, packages_skip_by_dep=None, packages_skip_up_to=None, packages_select_build_failed=False, packages_skip_build_finished=False, packages_select_test_failures=False, packages_skip_test_passed=False, packages_select=['xrf2_msgs'], packages_skip=None, packages_select_regex=None, packages_skip_regex=None, packages_start=None, packages_end=None, allow_overriding=[], cmake_args=None, cmake_target=None, cmake_target_skip_unavailable=False, cmake_clean_cache=False, cmake_clean_first=False, cmake_force_configure=False, ament_cmake_args=None, catkin_cmake_args=None, catkin_skip_building_tests=False, mixin_files=None, mixin=None, verb_parser=<colcon_mixin.mixin.mixin_argument.MixinArgumentDecorator object at 0xffff976f8c40>, verb_extension=<colcon_core.verb.build.BuildVerb object at 0xffff976f86d0>, main=<bound method BuildVerb.main of <colcon_core.verb.build.BuildVerb object at 0xffff976f86d0>>, mixin_verb=('build',))
[2.059s] Level 1:colcon.colcon_core.package_discovery:discover_packages(colcon_meta) check parameters
[2.060s] Level 1:colcon.colcon_core.package_discovery:discover_packages(recursive) check parameters
[2.060s] Level 1:colcon.colcon_core.package_discovery:discover_packages(ignore) check parameters
[2.061s] Level 1:colcon.colcon_core.package_discovery:discover_packages(path) check parameters
[2.061s] Level 1:colcon.colcon_core.package_discovery:discover_packages(colcon_meta) discover
[2.061s] Level 1:colcon.colcon_core.package_discovery:discover_packages(recursive) discover
[2.062s] INFO:colcon.colcon_core.package_discovery:Crawling recursively for packages in '/home/asdfr-19/ros2_ws'
[2.062s] Level 1:colcon.colcon_core.package_identification:_identify(.) by extensions ['ignore', 'ignore_ament_install']
[2.063s] Level 1:colcon.colcon_core.package_identification:_identify(.) by extension 'ignore'
[2.063s] Level 1:colcon.colcon_core.package_identification:_identify(.) by extension 'ignore_ament_install'
[2.064s] Level 1:colcon.colcon_core.package_identification:_identify(.) by extensions ['colcon_pkg']
[2.064s] Level 1:colcon.colcon_core.package_identification:_identify(.) by extension 'colcon_pkg'
[2.064s] Level 1:colcon.colcon_core.package_identification:_identify(.) by extensions ['colcon_meta']
[2.065s] Level 1:colcon.colcon_core.package_identification:_identify(.) by extension 'colcon_meta'
[2.065s] Level 1:colcon.colcon_core.package_identification:_identify(.) by extensions ['ros']
[2.065s] Level 1:colcon.colcon_core.package_identification:_identify(.) by extension 'ros'
[2.127s] Level 1:colcon.colcon_core.package_identification:_identify(.) by extensions ['cmake', 'python']
[2.128s] Level 1:colcon.colcon_core.package_identification:_identify(.) by extension 'cmake'
[2.128s] Level 1:colcon.colcon_core.package_identification:_identify(.) by extension 'python'
[2.129s] Level 1:colcon.colcon_core.package_identification:_identify(.) by extensions ['python_setup_py']
[2.129s] Level 1:colcon.colcon_core.package_identification:_identify(.) by extension 'python_setup_py'
[2.129s] Level 1:colcon.colcon_core.package_identification:_identify(build) by extensions ['ignore', 'ignore_ament_install']
[2.130s] Level 1:colcon.colcon_core.package_identification:_identify(build) by extension 'ignore'
[2.130s] Level 1:colcon.colcon_core.package_identification:_identify(build) ignored
[2.131s] Level 1:colcon.colcon_core.package_identification:_identify(install) by extensions ['ignore', 'ignore_ament_install']
[2.131s] Level 1:colcon.colcon_core.package_identification:_identify(install) by extension 'ignore'
[2.132s] Level 1:colcon.colcon_core.package_identification:_identify(install) ignored
[2.132s] Level 1:colcon.colcon_core.package_identification:_identify(log) by extensions ['ignore', 'ignore_ament_install']
[2.133s] Level 1:colcon.colcon_core.package_identification:_identify(log) by extension 'ignore'
[2.133s] Level 1:colcon.colcon_core.package_identification:_identify(log) ignored
[2.134s] Level 1:colcon.colcon_core.package_identification:_identify(src) by extensions ['ignore', 'ignore_ament_install']
[2.134s] Level 1:colcon.colcon_core.package_identification:_identify(src) by extension 'ignore'
[2.134s] Level 1:colcon.colcon_core.package_identification:_identify(src) by extension 'ignore_ament_install'
[2.135s] Level 1:colcon.colcon_core.package_identification:_identify(src) by extensions ['colcon_pkg']
[2.135s] Level 1:colcon.colcon_core.package_identification:_identify(src) by extension 'colcon_pkg'
[2.135s] Level 1:colcon.colcon_core.package_identification:_identify(src) by extensions ['colcon_meta']
[2.136s] Level 1:colcon.colcon_core.package_identification:_identify(src) by extension 'colcon_meta'
[2.136s] Level 1:colcon.colcon_core.package_identification:_identify(src) by extensions ['ros']
[2.136s] Level 1:colcon.colcon_core.package_identification:_identify(src) by extension 'ros'
[2.137s] Level 1:colcon.colcon_core.package_identification:_identify(src) by extensions ['cmake', 'python']
[2.137s] Level 1:colcon.colcon_core.package_identification:_identify(src) by extension 'cmake'
[2.137s] Level 1:colcon.colcon_core.package_identification:_identify(src) by extension 'python'
[2.138s] Level 1:colcon.colcon_core.package_identification:_identify(src) by extensions ['python_setup_py']
[2.138s] Level 1:colcon.colcon_core.package_identification:_identify(src) by extension 'python_setup_py'
[2.138s] Level 1:colcon.colcon_core.package_identification:_identify(src/X-FRT) by extensions ['ignore', 'ignore_ament_install']
[2.139s] Level 1:colcon.colcon_core.package_identification:_identify(src/X-FRT) by extension 'ignore'
[2.139s] Level 1:colcon.colcon_core.package_identification:_identify(src/X-FRT) by extension 'ignore_ament_install'
[2.140s] Level 1:colcon.colcon_core.package_identification:_identify(src/X-FRT) by extensions ['colcon_pkg']
[2.140s] Level 1:colcon.colcon_core.package_identification:_identify(src/X-FRT) by extension 'colcon_pkg'
[2.140s] Level 1:colcon.colcon_core.package_identification:_identify(src/X-FRT) by extensions ['colcon_meta']
[2.140s] Level 1:colcon.colcon_core.package_identification:_identify(src/X-FRT) by extension 'colcon_meta'
[2.141s] Level 1:colcon.colcon_core.package_identification:_identify(src/X-FRT) by extensions ['ros']
[2.141s] Level 1:colcon.colcon_core.package_identification:_identify(src/X-FRT) by extension 'ros'
[2.142s] Level 1:colcon.colcon_core.package_identification:_identify(src/X-FRT) by extensions ['cmake', 'python']
[2.142s] Level 1:colcon.colcon_core.package_identification:_identify(src/X-FRT) by extension 'cmake'
[2.147s] Level 1:colcon.colcon_core.package_identification:_identify(src/X-FRT) by extension 'python'
[2.148s] DEBUG:colcon.colcon_core.package_identification:Package 'src/X-FRT' with type 'cmake' and name 'template_20sim'
[2.148s] Level 1:colcon.colcon_core.package_identification:_identify(src/XRF2) by extensions ['ignore', 'ignore_ament_install']
[2.149s] Level 1:colcon.colcon_core.package_identification:_identify(src/XRF2) by extension 'ignore'
[2.149s] Level 1:colcon.colcon_core.package_identification:_identify(src/XRF2) by extension 'ignore_ament_install'
[2.150s] Level 1:colcon.colcon_core.package_identification:_identify(src/XRF2) by extensions ['colcon_pkg']
[2.150s] Level 1:colcon.colcon_core.package_identification:_identify(src/XRF2) by extension 'colcon_pkg'
[2.150s] Level 1:colcon.colcon_core.package_identification:_identify(src/XRF2) by extensions ['colcon_meta']
[2.150s] Level 1:colcon.colcon_core.package_identification:_identify(src/XRF2) by extension 'colcon_meta'
[2.151s] Level 1:colcon.colcon_core.package_identification:_identify(src/XRF2) by extensions ['ros']
[2.151s] Level 1:colcon.colcon_core.package_identification:_identify(src/XRF2) by extension 'ros'
[2.152s] Level 1:colcon.colcon_core.package_identification:_identify(src/XRF2) by extensions ['cmake', 'python']
[2.152s] Level 1:colcon.colcon_core.package_identification:_identify(src/XRF2) by extension 'cmake'
[2.152s] Level 1:colcon.colcon_core.package_identification:_identify(src/XRF2) by extension 'python'
[2.153s] Level 1:colcon.colcon_core.package_identification:_identify(src/XRF2) by extensions ['python_setup_py']
[2.153s] Level 1:colcon.colcon_core.package_identification:_identify(src/XRF2) by extension 'python_setup_py'
[2.154s] Level 1:colcon.colcon_core.package_identification:_identify(src/XRF2/XRF2) by extensions ['ignore', 'ignore_ament_install']
[2.154s] Level 1:colcon.colcon_core.package_identification:_identify(src/XRF2/XRF2) by extension 'ignore'
[2.154s] Level 1:colcon.colcon_core.package_identification:_identify(src/XRF2/XRF2) by extension 'ignore_ament_install'
[2.155s] Level 1:colcon.colcon_core.package_identification:_identify(src/XRF2/XRF2) by extensions ['colcon_pkg']
[2.155s] Level 1:colcon.colcon_core.package_identification:_identify(src/XRF2/XRF2) by extension 'colcon_pkg'
[2.155s] Level 1:colcon.colcon_core.package_identification:_identify(src/XRF2/XRF2) by extensions ['colcon_meta']
[2.156s] Level 1:colcon.colcon_core.package_identification:_identify(src/XRF2/XRF2) by extension 'colcon_meta'
[2.156s] Level 1:colcon.colcon_core.package_identification:_identify(src/XRF2/XRF2) by extensions ['ros']
[2.156s] Level 1:colcon.colcon_core.package_identification:_identify(src/XRF2/XRF2) by extension 'ros'
[2.157s] Level 1:colcon.colcon_core.package_identification:_identify(src/XRF2/XRF2) by extensions ['cmake', 'python']
[2.157s] Level 1:colcon.colcon_core.package_identification:_identify(src/XRF2/XRF2) by extension 'cmake'
[2.157s] Level 1:colcon.colcon_core.package_identification:_identify(src/XRF2/XRF2) by extension 'python'
[2.158s] Level 1:colcon.colcon_core.package_identification:_identify(src/XRF2/XRF2) by extensions ['python_setup_py']
[2.158s] Level 1:colcon.colcon_core.package_identification:_identify(src/XRF2/XRF2) by extension 'python_setup_py'
[2.158s] Level 1:colcon.colcon_core.package_identification:_identify(src/XRF2/XRF2/Template) by extensions ['ignore', 'ignore_ament_install']
[2.159s] Level 1:colcon.colcon_core.package_identification:_identify(src/XRF2/XRF2/Template) by extension 'ignore'
[2.159s] Level 1:colcon.colcon_core.package_identification:_identify(src/XRF2/XRF2/Template) ignored
[2.160s] Level 1:colcon.colcon_core.package_identification:_identify(src/XRF2/XRF2/XenoRosFramework) by extensions ['ignore', 'ignore_ament_install']
[2.160s] Level 1:colcon.colcon_core.package_identification:_identify(src/XRF2/XRF2/XenoRosFramework) by extension 'ignore'
[2.160s] Level 1:colcon.colcon_core.package_identification:_identify(src/XRF2/XRF2/XenoRosFramework) by extension 'ignore_ament_install'
[2.161s] Level 1:colcon.colcon_core.package_identification:_identify(src/XRF2/XRF2/XenoRosFramework) by extensions ['colcon_pkg']
[2.161s] Level 1:colcon.colcon_core.package_identification:_identify(src/XRF2/XRF2/XenoRosFramework) by extension 'colcon_pkg'
[2.161s] Level 1:colcon.colcon_core.package_identification:_identify(src/XRF2/XRF2/XenoRosFramework) by extensions ['colcon_meta']
[2.162s] Level 1:colcon.colcon_core.package_identification:_identify(src/XRF2/XRF2/XenoRosFramework) by extension 'colcon_meta'
[2.162s] Level 1:colcon.colcon_core.package_identification:_identify(src/XRF2/XRF2/XenoRosFramework) by extensions ['ros']
[2.162s] Level 1:colcon.colcon_core.package_identification:_identify(src/XRF2/XRF2/XenoRosFramework) by extension 'ros'
[2.163s] Level 1:colcon.colcon_core.package_identification:_identify(src/XRF2/XRF2/XenoRosFramework) by extensions ['cmake', 'python']
[2.163s] Level 1:colcon.colcon_core.package_identification:_identify(src/XRF2/XRF2/XenoRosFramework) by extension 'cmake'
[2.164s] Level 1:colcon.colcon_core.package_identification:_identify(src/XRF2/XRF2/XenoRosFramework) by extension 'python'
[2.164s] Level 1:colcon.colcon_core.package_identification:_identify(src/XRF2/XRF2/XenoRosFramework) by extensions ['python_setup_py']
[2.164s] Level 1:colcon.colcon_core.package_identification:_identify(src/XRF2/XRF2/XenoRosFramework) by extension 'python_setup_py'
[2.165s] Level 1:colcon.colcon_core.package_identification:_identify(src/XRF2/XRF2/XenoRosFramework/Common) by extensions ['ignore', 'ignore_ament_install']
[2.165s] Level 1:colcon.colcon_core.package_identification:_identify(src/XRF2/XRF2/XenoRosFramework/Common) by extension 'ignore'
[2.166s] Level 1:colcon.colcon_core.package_identification:_identify(src/XRF2/XRF2/XenoRosFramework/Common) by extension 'ignore_ament_install'
[2.166s] Level 1:colcon.colcon_core.package_identification:_identify(src/XRF2/XRF2/XenoRosFramework/Common) by extensions ['colcon_pkg']
[2.166s] Level 1:colcon.colcon_core.package_identification:_identify(src/XRF2/XRF2/XenoRosFramework/Common) by extension 'colcon_pkg'
[2.167s] Level 1:colcon.colcon_core.package_identification:_identify(src/XRF2/XRF2/XenoRosFramework/Common) by extensions ['colcon_meta']
[2.167s] Level 1:colcon.colcon_core.package_identification:_identify(src/XRF2/XRF2/XenoRosFramework/Common) by extension 'colcon_meta'
[2.167s] Level 1:colcon.colcon_core.package_identification:_identify(src/XRF2/XRF2/XenoRosFramework/Common) by extensions ['ros']
[2.167s] Level 1:colcon.colcon_core.package_identification:_identify(src/XRF2/XRF2/XenoRosFramework/Common) by extension 'ros'
[2.168s] Level 1:colcon.colcon_core.package_identification:_identify(src/XRF2/XRF2/XenoRosFramework/Common) by extensions ['cmake', 'python']
[2.168s] Level 1:colcon.colcon_core.package_identification:_identify(src/XRF2/XRF2/XenoRosFramework/Common) by extension 'cmake'
[2.168s] Level 1:colcon.colcon_core.package_identification:_identify(src/XRF2/XRF2/XenoRosFramework/Common) by extension 'python'
[2.169s] Level 1:colcon.colcon_core.package_identification:_identify(src/XRF2/XRF2/XenoRosFramework/Common) by extensions ['python_setup_py']
[2.169s] Level 1:colcon.colcon_core.package_identification:_identify(src/XRF2/XRF2/XenoRosFramework/Common) by extension 'python_setup_py'
[2.170s] Level 1:colcon.colcon_core.package_identification:_identify(src/XRF2/XRF2/XenoRosFramework/Common/XRF2_msgs) by extensions ['ignore', 'ignore_ament_install']
[2.170s] Level 1:colcon.colcon_core.package_identification:_identify(src/XRF2/XRF2/XenoRosFramework/Common/XRF2_msgs) by extension 'ignore'
[2.170s] Level 1:colcon.colcon_core.package_identification:_identify(src/XRF2/XRF2/XenoRosFramework/Common/XRF2_msgs) by extension 'ignore_ament_install'
[2.171s] Level 1:colcon.colcon_core.package_identification:_identify(src/XRF2/XRF2/XenoRosFramework/Common/XRF2_msgs) by extensions ['colcon_pkg']
[2.171s] Level 1:colcon.colcon_core.package_identification:_identify(src/XRF2/XRF2/XenoRosFramework/Common/XRF2_msgs) by extension 'colcon_pkg'
[2.171s] Level 1:colcon.colcon_core.package_identification:_identify(src/XRF2/XRF2/XenoRosFramework/Common/XRF2_msgs) by extensions ['colcon_meta']
[2.172s] Level 1:colcon.colcon_core.package_identification:_identify(src/XRF2/XRF2/XenoRosFramework/Common/XRF2_msgs) by extension 'colcon_meta'
[2.172s] Level 1:colcon.colcon_core.package_identification:_identify(src/XRF2/XRF2/XenoRosFramework/Common/XRF2_msgs) by extensions ['ros']
[2.172s] Level 1:colcon.colcon_core.package_identification:_identify(src/XRF2/XRF2/XenoRosFramework/Common/XRF2_msgs) by extension 'ros'
[2.184s] DEBUG:colcon.colcon_core.package_identification:Package 'src/XRF2/XRF2/XenoRosFramework/Common/XRF2_msgs' with type 'ros.ament_cmake' and name 'xrf2_msgs'
[2.184s] Level 1:colcon.colcon_core.package_identification:_identify(src/XRF2/XRF2/XenoRosFramework/Common/XenoFrtLogger_decoder) by extensions ['ignore', 'ignore_ament_install']
[2.185s] Level 1:colcon.colcon_core.package_identification:_identify(src/XRF2/XRF2/XenoRosFramework/Common/XenoFrtLogger_decoder) by extension 'ignore'
[2.186s] Level 1:colcon.colcon_core.package_identification:_identify(src/XRF2/XRF2/XenoRosFramework/Common/XenoFrtLogger_decoder) by extension 'ignore_ament_install'
[2.186s] Level 1:colcon.colcon_core.package_identification:_identify(src/XRF2/XRF2/XenoRosFramework/Common/XenoFrtLogger_decoder) by extensions ['colcon_pkg']
[2.186s] Level 1:colcon.colcon_core.package_identification:_identify(src/XRF2/XRF2/XenoRosFramework/Common/XenoFrtLogger_decoder) by extension 'colcon_pkg'
[2.187s] Level 1:colcon.colcon_core.package_identification:_identify(src/XRF2/XRF2/XenoRosFramework/Common/XenoFrtLogger_decoder) by extensions ['colcon_meta']
[2.187s] Level 1:colcon.colcon_core.package_identification:_identify(src/XRF2/XRF2/XenoRosFramework/Common/XenoFrtLogger_decoder) by extension 'colcon_meta'
[2.188s] Level 1:colcon.colcon_core.package_identification:_identify(src/XRF2/XRF2/XenoRosFramework/Common/XenoFrtLogger_decoder) by extensions ['ros']
[2.188s] Level 1:colcon.colcon_core.package_identification:_identify(src/XRF2/XRF2/XenoRosFramework/Common/XenoFrtLogger_decoder) by extension 'ros'
[2.188s] Level 1:colcon.colcon_core.package_identification:_identify(src/XRF2/XRF2/XenoRosFramework/Common/XenoFrtLogger_decoder) by extensions ['cmake', 'python']
[2.189s] Level 1:colcon.colcon_core.package_identification:_identify(src/XRF2/XRF2/XenoRosFramework/Common/XenoFrtLogger_decoder) by extension 'cmake'
[2.189s] Level 1:colcon.colcon_core.package_identification:_identify(src/XRF2/XRF2/XenoRosFramework/Common/XenoFrtLogger_decoder) by extension 'python'
[2.189s] Level 1:colcon.colcon_core.package_identification:_identify(src/XRF2/XRF2/XenoRosFramework/Common/XenoFrtLogger_decoder) by extensions ['python_setup_py']
[2.190s] Level 1:colcon.colcon_core.package_identification:_identify(src/XRF2/XRF2/XenoRosFramework/Common/XenoFrtLogger_decoder) by extension 'python_setup_py'
[2.190s] Level 1:colcon.colcon_core.package_identification:_identify(src/XRF2/XRF2/XenoRosFramework/Common/include) by extensions ['ignore', 'ignore_ament_install']
[2.191s] Level 1:colcon.colcon_core.package_identification:_identify(src/XRF2/XRF2/XenoRosFramework/Common/include) by extension 'ignore'
[2.191s] Level 1:colcon.colcon_core.package_identification:_identify(src/XRF2/XRF2/XenoRosFramework/Common/include) by extension 'ignore_ament_install'
[2.192s] Level 1:colcon.colcon_core.package_identification:_identify(src/XRF2/XRF2/XenoRosFramework/Common/include) by extensions ['colcon_pkg']
[2.192s] Level 1:colcon.colcon_core.package_identification:_identify(src/XRF2/XRF2/XenoRosFramework/Common/include) by extension 'colcon_pkg'
[2.192s] Level 1:colcon.colcon_core.package_identification:_identify(src/XRF2/XRF2/XenoRosFramework/Common/include) by extensions ['colcon_meta']
[2.193s] Level 1:colcon.colcon_core.package_identification:_identify(src/XRF2/XRF2/XenoRosFramework/Common/include) by extension 'colcon_meta'
[2.193s] Level 1:colcon.colcon_core.package_identification:_identify(src/XRF2/XRF2/XenoRosFramework/Common/include) by extensions ['ros']
[2.193s] Level 1:colcon.colcon_core.package_identification:_identify(src/XRF2/XRF2/XenoRosFramework/Common/include) by extension 'ros'
[2.194s] Level 1:colcon.colcon_core.package_identification:_identify(src/XRF2/XRF2/XenoRosFramework/Common/include) by extensions ['cmake', 'python']
[2.194s] Level 1:colcon.colcon_core.package_identification:_identify(src/XRF2/XRF2/XenoRosFramework/Common/include) by extension 'cmake'
[2.195s] Level 1:colcon.colcon_core.package_identification:_identify(src/XRF2/XRF2/XenoRosFramework/Common/include) by extension 'python'
[2.195s] Level 1:colcon.colcon_core.package_identification:_identify(src/XRF2/XRF2/XenoRosFramework/Common/include) by extensions ['python_setup_py']
[2.195s] Level 1:colcon.colcon_core.package_identification:_identify(src/XRF2/XRF2/XenoRosFramework/Common/include) by extension 'python_setup_py'
[2.196s] Level 1:colcon.colcon_core.package_identification:_identify(src/XRF2/XRF2/XenoRosFramework/Common/python_script) by extensions ['ignore', 'ignore_ament_install']
[2.197s] Level 1:colcon.colcon_core.package_identification:_identify(src/XRF2/XRF2/XenoRosFramework/Common/python_script) by extension 'ignore'
[2.197s] Level 1:colcon.colcon_core.package_identification:_identify(src/XRF2/XRF2/XenoRosFramework/Common/python_script) by extension 'ignore_ament_install'
[2.198s] Level 1:colcon.colcon_core.package_identification:_identify(src/XRF2/XRF2/XenoRosFramework/Common/python_script) by extensions ['colcon_pkg']
[2.198s] Level 1:colcon.colcon_core.package_identification:_identify(src/XRF2/XRF2/XenoRosFramework/Common/python_script) by extension 'colcon_pkg'
[2.198s] Level 1:colcon.colcon_core.package_identification:_identify(src/XRF2/XRF2/XenoRosFramework/Common/python_script) by extensions ['colcon_meta']
[2.199s] Level 1:colcon.colcon_core.package_identification:_identify(src/XRF2/XRF2/XenoRosFramework/Common/python_script) by extension 'colcon_meta'
[2.199s] Level 1:colcon.colcon_core.package_identification:_identify(src/XRF2/XRF2/XenoRosFramework/Common/python_script) by extensions ['ros']
[2.199s] Level 1:colcon.colcon_core.package_identification:_identify(src/XRF2/XRF2/XenoRosFramework/Common/python_script) by extension 'ros'
[2.200s] Level 1:colcon.colcon_core.package_identification:_identify(src/XRF2/XRF2/XenoRosFramework/Common/python_script) by extensions ['cmake', 'python']
[2.200s] Level 1:colcon.colcon_core.package_identification:_identify(src/XRF2/XRF2/XenoRosFramework/Common/python_script) by extension 'cmake'
[2.200s] Level 1:colcon.colcon_core.package_identification:_identify(src/XRF2/XRF2/XenoRosFramework/Common/python_script) by extension 'python'
[2.201s] Level 1:colcon.colcon_core.package_identification:_identify(src/XRF2/XRF2/XenoRosFramework/Common/python_script) by extensions ['python_setup_py']
[2.201s] Level 1:colcon.colcon_core.package_identification:_identify(src/XRF2/XRF2/XenoRosFramework/Common/python_script) by extension 'python_setup_py'
[2.202s] Level 1:colcon.colcon_core.package_identification:_identify(src/XRF2/XRF2/XenoRosFramework/Common/xbuf_dev_rule) by extensions ['ignore', 'ignore_ament_install']
[2.202s] Level 1:colcon.colcon_core.package_identification:_identify(src/XRF2/XRF2/XenoRosFramework/Common/xbuf_dev_rule) by extension 'ignore'
[2.202s] Level 1:colcon.colcon_core.package_identification:_identify(src/XRF2/XRF2/XenoRosFramework/Common/xbuf_dev_rule) by extension 'ignore_ament_install'
[2.203s] Level 1:colcon.colcon_core.package_identification:_identify(src/XRF2/XRF2/XenoRosFramework/Common/xbuf_dev_rule) by extensions ['colcon_pkg']
[2.203s] Level 1:colcon.colcon_core.package_identification:_identify(src/XRF2/XRF2/XenoRosFramework/Common/xbuf_dev_rule) by extension 'colcon_pkg'
[2.203s] Level 1:colcon.colcon_core.package_identification:_identify(src/XRF2/XRF2/XenoRosFramework/Common/xbuf_dev_rule) by extensions ['colcon_meta']
[2.204s] Level 1:colcon.colcon_core.package_identification:_identify(src/XRF2/XRF2/XenoRosFramework/Common/xbuf_dev_rule) by extension 'colcon_meta'
[2.204s] Level 1:colcon.colcon_core.package_identification:_identify(src/XRF2/XRF2/XenoRosFramework/Common/xbuf_dev_rule) by extensions ['ros']
[2.204s] Level 1:colcon.colcon_core.package_identification:_identify(src/XRF2/XRF2/XenoRosFramework/Common/xbuf_dev_rule) by extension 'ros'
[2.205s] Level 1:colcon.colcon_core.package_identification:_identify(src/XRF2/XRF2/XenoRosFramework/Common/xbuf_dev_rule) by extensions ['cmake', 'python']
[2.205s] Level 1:colcon.colcon_core.package_identification:_identify(src/XRF2/XRF2/XenoRosFramework/Common/xbuf_dev_rule) by extension 'cmake'
[2.205s] Level 1:colcon.colcon_core.package_identification:_identify(src/XRF2/XRF2/XenoRosFramework/Common/xbuf_dev_rule) by extension 'python'
[2.206s] Level 1:colcon.colcon_core.package_identification:_identify(src/XRF2/XRF2/XenoRosFramework/Common/xbuf_dev_rule) by extensions ['python_setup_py']
[2.206s] Level 1:colcon.colcon_core.package_identification:_identify(src/XRF2/XRF2/XenoRosFramework/Common/xbuf_dev_rule) by extension 'python_setup_py'
[2.207s] Level 1:colcon.colcon_core.package_identification:_identify(src/XRF2/XRF2/XenoRosFramework/Ros) by extensions ['ignore', 'ignore_ament_install']
[2.207s] Level 1:colcon.colcon_core.package_identification:_identify(src/XRF2/XRF2/XenoRosFramework/Ros) by extension 'ignore'
[2.208s] Level 1:colcon.colcon_core.package_identification:_identify(src/XRF2/XRF2/XenoRosFramework/Ros) by extension 'ignore_ament_install'
[2.208s] Level 1:colcon.colcon_core.package_identification:_identify(src/XRF2/XRF2/XenoRosFramework/Ros) by extensions ['colcon_pkg']
[2.208s] Level 1:colcon.colcon_core.package_identification:_identify(src/XRF2/XRF2/XenoRosFramework/Ros) by extension 'colcon_pkg'
[2.208s] Level 1:colcon.colcon_core.package_identification:_identify(src/XRF2/XRF2/XenoRosFramework/Ros) by extensions ['colcon_meta']
[2.209s] Level 1:colcon.colcon_core.package_identification:_identify(src/XRF2/XRF2/XenoRosFramework/Ros) by extension 'colcon_meta'
[2.209s] Level 1:colcon.colcon_core.package_identification:_identify(src/XRF2/XRF2/XenoRosFramework/Ros) by extensions ['ros']
[2.209s] Level 1:colcon.colcon_core.package_identification:_identify(src/XRF2/XRF2/XenoRosFramework/Ros) by extension 'ros'
[2.210s] Level 1:colcon.colcon_core.package_identification:_identify(src/XRF2/XRF2/XenoRosFramework/Ros) by extensions ['cmake', 'python']
[2.210s] Level 1:colcon.colcon_core.package_identification:_identify(src/XRF2/XRF2/XenoRosFramework/Ros) by extension 'cmake'
[2.211s] Level 1:colcon.colcon_core.package_identification:_identify(src/XRF2/XRF2/XenoRosFramework/Ros) by extension 'python'
[2.211s] Level 1:colcon.colcon_core.package_identification:_identify(src/XRF2/XRF2/XenoRosFramework/Ros) by extensions ['python_setup_py']
[2.211s] Level 1:colcon.colcon_core.package_identification:_identify(src/XRF2/XRF2/XenoRosFramework/Ros) by extension 'python_setup_py'
[2.212s] Level 1:colcon.colcon_core.package_identification:_identify(src/XRF2/XRF2/XenoRosFramework/Ros/ros_xeno_bridge) by extensions ['ignore', 'ignore_ament_install']
[2.212s] Level 1:colcon.colcon_core.package_identification:_identify(src/XRF2/XRF2/XenoRosFramework/Ros/ros_xeno_bridge) by extension 'ignore'
[2.213s] Level 1:colcon.colcon_core.package_identification:_identify(src/XRF2/XRF2/XenoRosFramework/Ros/ros_xeno_bridge) by extension 'ignore_ament_install'
[2.213s] Level 1:colcon.colcon_core.package_identification:_identify(src/XRF2/XRF2/XenoRosFramework/Ros/ros_xeno_bridge) by extensions ['colcon_pkg']
[2.213s] Level 1:colcon.colcon_core.package_identification:_identify(src/XRF2/XRF2/XenoRosFramework/Ros/ros_xeno_bridge) by extension 'colcon_pkg'
[2.214s] Level 1:colcon.colcon_core.package_identification:_identify(src/XRF2/XRF2/XenoRosFramework/Ros/ros_xeno_bridge) by extensions ['colcon_meta']
[2.214s] Level 1:colcon.colcon_core.package_identification:_identify(src/XRF2/XRF2/XenoRosFramework/Ros/ros_xeno_bridge) by extension 'colcon_meta'
[2.214s] Level 1:colcon.colcon_core.package_identification:_identify(src/XRF2/XRF2/XenoRosFramework/Ros/ros_xeno_bridge) by extensions ['ros']
[2.214s] Level 1:colcon.colcon_core.package_identification:_identify(src/XRF2/XRF2/XenoRosFramework/Ros/ros_xeno_bridge) by extension 'ros'
[2.217s] DEBUG:colcon.colcon_core.package_identification:Package 'src/XRF2/XRF2/XenoRosFramework/Ros/ros_xeno_bridge' with type 'ros.ament_cmake' and name 'ros_xeno_bridge'
[2.218s] Level 1:colcon.colcon_core.package_identification:_identify(src/XRF2/XRF2/XenoRosFramework/Unit-Tests) by extensions ['ignore', 'ignore_ament_install']
[2.219s] Level 1:colcon.colcon_core.package_identification:_identify(src/XRF2/XRF2/XenoRosFramework/Unit-Tests) by extension 'ignore'
[2.219s] Level 1:colcon.colcon_core.package_identification:_identify(src/XRF2/XRF2/XenoRosFramework/Unit-Tests) by extension 'ignore_ament_install'
[2.220s] Level 1:colcon.colcon_core.package_identification:_identify(src/XRF2/XRF2/XenoRosFramework/Unit-Tests) by extensions ['colcon_pkg']
[2.220s] Level 1:colcon.colcon_core.package_identification:_identify(src/XRF2/XRF2/XenoRosFramework/Unit-Tests) by extension 'colcon_pkg'
[2.220s] Level 1:colcon.colcon_core.package_identification:_identify(src/XRF2/XRF2/XenoRosFramework/Unit-Tests) by extensions ['colcon_meta']
[2.221s] Level 1:colcon.colcon_core.package_identification:_identify(src/XRF2/XRF2/XenoRosFramework/Unit-Tests) by extension 'colcon_meta'
[2.221s] Level 1:colcon.colcon_core.package_identification:_identify(src/XRF2/XRF2/XenoRosFramework/Unit-Tests) by extensions ['ros']
[2.221s] Level 1:colcon.colcon_core.package_identification:_identify(src/XRF2/XRF2/XenoRosFramework/Unit-Tests) by extension 'ros'
[2.222s] Level 1:colcon.colcon_core.package_identification:_identify(src/XRF2/XRF2/XenoRosFramework/Unit-Tests) by extensions ['cmake', 'python']
[2.222s] Level 1:colcon.colcon_core.package_identification:_identify(src/XRF2/XRF2/XenoRosFramework/Unit-Tests) by extension 'cmake'
[2.222s] Level 1:colcon.colcon_core.package_identification:_identify(src/XRF2/XRF2/XenoRosFramework/Unit-Tests) by extension 'python'
[2.223s] Level 1:colcon.colcon_core.package_identification:_identify(src/XRF2/XRF2/XenoRosFramework/Unit-Tests) by extensions ['python_setup_py']
[2.223s] Level 1:colcon.colcon_core.package_identification:_identify(src/XRF2/XRF2/XenoRosFramework/Unit-Tests) by extension 'python_setup_py'
[2.224s] Level 1:colcon.colcon_core.package_identification:_identify(src/XRF2/XRF2/XenoRosFramework/Unit-Tests/IcoIo) by extensions ['ignore', 'ignore_ament_install']
[2.224s] Level 1:colcon.colcon_core.package_identification:_identify(src/XRF2/XRF2/XenoRosFramework/Unit-Tests/IcoIo) by extension 'ignore'
[2.224s] Level 1:colcon.colcon_core.package_identification:_identify(src/XRF2/XRF2/XenoRosFramework/Unit-Tests/IcoIo) ignored
[2.225s] Level 1:colcon.colcon_core.package_identification:_identify(src/XRF2/XRF2/XenoRosFramework/Unit-Tests/Logger) by extensions ['ignore', 'ignore_ament_install']
[2.225s] Level 1:colcon.colcon_core.package_identification:_identify(src/XRF2/XRF2/XenoRosFramework/Unit-Tests/Logger) by extension 'ignore'
[2.226s] Level 1:colcon.colcon_core.package_identification:_identify(src/XRF2/XRF2/XenoRosFramework/Unit-Tests/Logger) ignored
[2.226s] Level 1:colcon.colcon_core.package_identification:_identify(src/XRF2/XRF2/XenoRosFramework/Unit-Tests/Monitor) by extensions ['ignore', 'ignore_ament_install']
[2.227s] Level 1:colcon.colcon_core.package_identification:_identify(src/XRF2/XRF2/XenoRosFramework/Unit-Tests/Monitor) by extension 'ignore'
[2.227s] Level 1:colcon.colcon_core.package_identification:_identify(src/XRF2/XRF2/XenoRosFramework/Unit-Tests/Monitor) ignored
[2.227s] Level 1:colcon.colcon_core.package_identification:_identify(src/XRF2/XRF2/XenoRosFramework/Xenomai) by extensions ['ignore', 'ignore_ament_install']
[2.228s] Level 1:colcon.colcon_core.package_identification:_identify(src/XRF2/XRF2/XenoRosFramework/Xenomai) by extension 'ignore'
[2.228s] Level 1:colcon.colcon_core.package_identification:_identify(src/XRF2/XRF2/XenoRosFramework/Xenomai) by extension 'ignore_ament_install'
[2.229s] Level 1:colcon.colcon_core.package_identification:_identify(src/XRF2/XRF2/XenoRosFramework/Xenomai) by extensions ['colcon_pkg']
[2.229s] Level 1:colcon.colcon_core.package_identification:_identify(src/XRF2/XRF2/XenoRosFramework/Xenomai) by extension 'colcon_pkg'
[2.229s] Level 1:colcon.colcon_core.package_identification:_identify(src/XRF2/XRF2/XenoRosFramework/Xenomai) by extensions ['colcon_meta']
[2.229s] Level 1:colcon.colcon_core.package_identification:_identify(src/XRF2/XRF2/XenoRosFramework/Xenomai) by extension 'colcon_meta'
[2.230s] Level 1:colcon.colcon_core.package_identification:_identify(src/XRF2/XRF2/XenoRosFramework/Xenomai) by extensions ['ros']
[2.230s] Level 1:colcon.colcon_core.package_identification:_identify(src/XRF2/XRF2/XenoRosFramework/Xenomai) by extension 'ros'
[2.231s] Level 1:colcon.colcon_core.package_identification:_identify(src/XRF2/XRF2/XenoRosFramework/Xenomai) by extensions ['cmake', 'python']
[2.231s] Level 1:colcon.colcon_core.package_identification:_identify(src/XRF2/XRF2/XenoRosFramework/Xenomai) by extension 'cmake'
[2.231s] Level 1:colcon.colcon_core.package_identification:_identify(src/XRF2/XRF2/XenoRosFramework/Xenomai) by extension 'python'
[2.232s] Level 1:colcon.colcon_core.package_identification:_identify(src/XRF2/XRF2/XenoRosFramework/Xenomai) by extensions ['python_setup_py']
[2.232s] Level 1:colcon.colcon_core.package_identification:_identify(src/XRF2/XRF2/XenoRosFramework/Xenomai) by extension 'python_setup_py'
[2.233s] Level 1:colcon.colcon_core.package_identification:_identify(src/XRF2/XRF2/XenoRosFramework/Xenomai/include) by extensions ['ignore', 'ignore_ament_install']
[2.233s] Level 1:colcon.colcon_core.package_identification:_identify(src/XRF2/XRF2/XenoRosFramework/Xenomai/include) by extension 'ignore'
[2.234s] Level 1:colcon.colcon_core.package_identification:_identify(src/XRF2/XRF2/XenoRosFramework/Xenomai/include) by extension 'ignore_ament_install'
[2.234s] Level 1:colcon.colcon_core.package_identification:_identify(src/XRF2/XRF2/XenoRosFramework/Xenomai/include) by extensions ['colcon_pkg']
[2.234s] Level 1:colcon.colcon_core.package_identification:_identify(src/XRF2/XRF2/XenoRosFramework/Xenomai/include) by extension 'colcon_pkg'
[2.235s] Level 1:colcon.colcon_core.package_identification:_identify(src/XRF2/XRF2/XenoRosFramework/Xenomai/include) by extensions ['colcon_meta']
[2.235s] Level 1:colcon.colcon_core.package_identification:_identify(src/XRF2/XRF2/XenoRosFramework/Xenomai/include) by extension 'colcon_meta'
[2.235s] Level 1:colcon.colcon_core.package_identification:_identify(src/XRF2/XRF2/XenoRosFramework/Xenomai/include) by extensions ['ros']
[2.235s] Level 1:colcon.colcon_core.package_identification:_identify(src/XRF2/XRF2/XenoRosFramework/Xenomai/include) by extension 'ros'
[2.236s] Level 1:colcon.colcon_core.package_identification:_identify(src/XRF2/XRF2/XenoRosFramework/Xenomai/include) by extensions ['cmake', 'python']
[2.236s] Level 1:colcon.colcon_core.package_identification:_identify(src/XRF2/XRF2/XenoRosFramework/Xenomai/include) by extension 'cmake'
[2.237s] Level 1:colcon.colcon_core.package_identification:_identify(src/XRF2/XRF2/XenoRosFramework/Xenomai/include) by extension 'python'
[2.237s] Level 1:colcon.colcon_core.package_identification:_identify(src/XRF2/XRF2/XenoRosFramework/Xenomai/include) by extensions ['python_setup_py']
[2.237s] Level 1:colcon.colcon_core.package_identification:_identify(src/XRF2/XRF2/XenoRosFramework/Xenomai/include) by extension 'python_setup_py'
[2.238s] Level 1:colcon.colcon_core.package_identification:_identify(src/XRF2/XRF2/XenoRosFramework/Xenomai/src) by extensions ['ignore', 'ignore_ament_install']
[2.238s] Level 1:colcon.colcon_core.package_identification:_identify(src/XRF2/XRF2/XenoRosFramework/Xenomai/src) by extension 'ignore'
[2.239s] Level 1:colcon.colcon_core.package_identification:_identify(src/XRF2/XRF2/XenoRosFramework/Xenomai/src) by extension 'ignore_ament_install'
[2.239s] Level 1:colcon.colcon_core.package_identification:_identify(src/XRF2/XRF2/XenoRosFramework/Xenomai/src) by extensions ['colcon_pkg']
[2.239s] Level 1:colcon.colcon_core.package_identification:_identify(src/XRF2/XRF2/XenoRosFramework/Xenomai/src) by extension 'colcon_pkg'
[2.240s] Level 1:colcon.colcon_core.package_identification:_identify(src/XRF2/XRF2/XenoRosFramework/Xenomai/src) by extensions ['colcon_meta']
[2.240s] Level 1:colcon.colcon_core.package_identification:_identify(src/XRF2/XRF2/XenoRosFramework/Xenomai/src) by extension 'colcon_meta'
[2.240s] Level 1:colcon.colcon_core.package_identification:_identify(src/XRF2/XRF2/XenoRosFramework/Xenomai/src) by extensions ['ros']
[2.240s] Level 1:colcon.colcon_core.package_identification:_identify(src/XRF2/XRF2/XenoRosFramework/Xenomai/src) by extension 'ros'
[2.241s] Level 1:colcon.colcon_core.package_identification:_identify(src/XRF2/XRF2/XenoRosFramework/Xenomai/src) by extensions ['cmake', 'python']
[2.241s] Level 1:colcon.colcon_core.package_identification:_identify(src/XRF2/XRF2/XenoRosFramework/Xenomai/src) by extension 'cmake'
[2.242s] Level 1:colcon.colcon_core.package_identification:_identify(src/XRF2/XRF2/XenoRosFramework/Xenomai/src) by extension 'python'
[2.242s] Level 1:colcon.colcon_core.package_identification:_identify(src/XRF2/XRF2/XenoRosFramework/Xenomai/src) by extensions ['python_setup_py']
[2.242s] Level 1:colcon.colcon_core.package_identification:_identify(src/XRF2/XRF2/XenoRosFramework/Xenomai/src) by extension 'python_setup_py'
[2.243s] Level 1:colcon.colcon_core.package_identification:_identify(src/XRF2/__MACOSX) by extensions ['ignore', 'ignore_ament_install']
[2.243s] Level 1:colcon.colcon_core.package_identification:_identify(src/XRF2/__MACOSX) by extension 'ignore'
[2.244s] Level 1:colcon.colcon_core.package_identification:_identify(src/XRF2/__MACOSX) by extension 'ignore_ament_install'
[2.244s] Level 1:colcon.colcon_core.package_identification:_identify(src/XRF2/__MACOSX) by extensions ['colcon_pkg']
[2.244s] Level 1:colcon.colcon_core.package_identification:_identify(src/XRF2/__MACOSX) by extension 'colcon_pkg'
[2.245s] Level 1:colcon.colcon_core.package_identification:_identify(src/XRF2/__MACOSX) by extensions ['colcon_meta']
[2.245s] Level 1:colcon.colcon_core.package_identification:_identify(src/XRF2/__MACOSX) by extension 'colcon_meta'
[2.245s] Level 1:colcon.colcon_core.package_identification:_identify(src/XRF2/__MACOSX) by extensions ['ros']
[2.246s] Level 1:colcon.colcon_core.package_identification:_identify(src/XRF2/__MACOSX) by extension 'ros'
[2.246s] Level 1:colcon.colcon_core.package_identification:_identify(src/XRF2/__MACOSX) by extensions ['cmake', 'python']
[2.246s] Level 1:colcon.colcon_core.package_identification:_identify(src/XRF2/__MACOSX) by extension 'cmake'
[2.247s] Level 1:colcon.colcon_core.package_identification:_identify(src/XRF2/__MACOSX) by extension 'python'
[2.247s] Level 1:colcon.colcon_core.package_identification:_identify(src/XRF2/__MACOSX) by extensions ['python_setup_py']
[2.247s] Level 1:colcon.colcon_core.package_identification:_identify(src/XRF2/__MACOSX) by extension 'python_setup_py'
[2.248s] Level 1:colcon.colcon_core.package_identification:_identify(src/XRF2/__MACOSX/XRF2) by extensions ['ignore', 'ignore_ament_install']
[2.248s] Level 1:colcon.colcon_core.package_identification:_identify(src/XRF2/__MACOSX/XRF2) by extension 'ignore'
[2.248s] Level 1:colcon.colcon_core.package_identification:_identify(src/XRF2/__MACOSX/XRF2) by extension 'ignore_ament_install'
[2.249s] Level 1:colcon.colcon_core.package_identification:_identify(src/XRF2/__MACOSX/XRF2) by extensions ['colcon_pkg']
[2.249s] Level 1:colcon.colcon_core.package_identification:_identify(src/XRF2/__MACOSX/XRF2) by extension 'colcon_pkg'
[2.250s] Level 1:colcon.colcon_core.package_identification:_identify(src/XRF2/__MACOSX/XRF2) by extensions ['colcon_meta']
[2.250s] Level 1:colcon.colcon_core.package_identification:_identify(src/XRF2/__MACOSX/XRF2) by extension 'colcon_meta'
[2.250s] Level 1:colcon.colcon_core.package_identification:_identify(src/XRF2/__MACOSX/XRF2) by extensions ['ros']
[2.250s] Level 1:colcon.colcon_core.package_identification:_identify(src/XRF2/__MACOSX/XRF2) by extension 'ros'
[2.251s] Level 1:colcon.colcon_core.package_identification:_identify(src/XRF2/__MACOSX/XRF2) by extensions ['cmake', 'python']
[2.251s] Level 1:colcon.colcon_core.package_identification:_identify(src/XRF2/__MACOSX/XRF2) by extension 'cmake'
[2.251s] Level 1:colcon.colcon_core.package_identification:_identify(src/XRF2/__MACOSX/XRF2) by extension 'python'
[2.252s] Level 1:colcon.colcon_core.package_identification:_identify(src/XRF2/__MACOSX/XRF2) by extensions ['python_setup_py']
[2.252s] Level 1:colcon.colcon_core.package_identification:_identify(src/XRF2/__MACOSX/XRF2) by extension 'python_setup_py'
[2.252s] Level 1:colcon.colcon_core.package_identification:_identify(src/XRF2/__MACOSX/XRF2/Template) by extensions ['ignore', 'ignore_ament_install']
[2.253s] Level 1:colcon.colcon_core.package_identification:_identify(src/XRF2/__MACOSX/XRF2/Template) by extension 'ignore'
[2.253s] Level 1:colcon.colcon_core.package_identification:_identify(src/XRF2/__MACOSX/XRF2/Template) by extension 'ignore_ament_install'
[2.254s] Level 1:colcon.colcon_core.package_identification:_identify(src/XRF2/__MACOSX/XRF2/Template) by extensions ['colcon_pkg']
[2.254s] Level 1:colcon.colcon_core.package_identification:_identify(src/XRF2/__MACOSX/XRF2/Template) by extension 'colcon_pkg'
[2.255s] Level 1:colcon.colcon_core.package_identification:_identify(src/XRF2/__MACOSX/XRF2/Template) by extensions ['colcon_meta']
[2.255s] Level 1:colcon.colcon_core.package_identification:_identify(src/XRF2/__MACOSX/XRF2/Template) by extension 'colcon_meta'
[2.255s] Level 1:colcon.colcon_core.package_identification:_identify(src/XRF2/__MACOSX/XRF2/Template) by extensions ['ros']
[2.255s] Level 1:colcon.colcon_core.package_identification:_identify(src/XRF2/__MACOSX/XRF2/Template) by extension 'ros'
[2.256s] Level 1:colcon.colcon_core.package_identification:_identify(src/XRF2/__MACOSX/XRF2/Template) by extensions ['cmake', 'python']
[2.256s] Level 1:colcon.colcon_core.package_identification:_identify(src/XRF2/__MACOSX/XRF2/Template) by extension 'cmake'
[2.256s] Level 1:colcon.colcon_core.package_identification:_identify(src/XRF2/__MACOSX/XRF2/Template) by extension 'python'
[2.257s] Level 1:colcon.colcon_core.package_identification:_identify(src/XRF2/__MACOSX/XRF2/Template) by extensions ['python_setup_py']
[2.257s] Level 1:colcon.colcon_core.package_identification:_identify(src/XRF2/__MACOSX/XRF2/Template) by extension 'python_setup_py'
[2.258s] Level 1:colcon.colcon_core.package_identification:_identify(src/XRF2/__MACOSX/XRF2/Template/Template-20sim) by extensions ['ignore', 'ignore_ament_install']
[2.258s] Level 1:colcon.colcon_core.package_identification:_identify(src/XRF2/__MACOSX/XRF2/Template/Template-20sim) by extension 'ignore'
[2.258s] Level 1:colcon.colcon_core.package_identification:_identify(src/XRF2/__MACOSX/XRF2/Template/Template-20sim) by extension 'ignore_ament_install'
[2.259s] Level 1:colcon.colcon_core.package_identification:_identify(src/XRF2/__MACOSX/XRF2/Template/Template-20sim) by extensions ['colcon_pkg']
[2.259s] Level 1:colcon.colcon_core.package_identification:_identify(src/XRF2/__MACOSX/XRF2/Template/Template-20sim) by extension 'colcon_pkg'
[2.259s] Level 1:colcon.colcon_core.package_identification:_identify(src/XRF2/__MACOSX/XRF2/Template/Template-20sim) by extensions ['colcon_meta']
[2.260s] Level 1:colcon.colcon_core.package_identification:_identify(src/XRF2/__MACOSX/XRF2/Template/Template-20sim) by extension 'colcon_meta'
[2.260s] Level 1:colcon.colcon_core.package_identification:_identify(src/XRF2/__MACOSX/XRF2/Template/Template-20sim) by extensions ['ros']
[2.260s] Level 1:colcon.colcon_core.package_identification:_identify(src/XRF2/__MACOSX/XRF2/Template/Template-20sim) by extension 'ros'
[2.261s] Level 1:colcon.colcon_core.package_identification:_identify(src/XRF2/__MACOSX/XRF2/Template/Template-20sim) by extensions ['cmake', 'python']
[2.261s] Level 1:colcon.colcon_core.package_identification:_identify(src/XRF2/__MACOSX/XRF2/Template/Template-20sim) by extension 'cmake'
[2.261s] Level 1:colcon.colcon_core.package_identification:_identify(src/XRF2/__MACOSX/XRF2/Template/Template-20sim) by extension 'python'
[2.262s] Level 1:colcon.colcon_core.package_identification:_identify(src/XRF2/__MACOSX/XRF2/Template/Template-20sim) by extensions ['python_setup_py']
[2.262s] Level 1:colcon.colcon_core.package_identification:_identify(src/XRF2/__MACOSX/XRF2/Template/Template-20sim) by extension 'python_setup_py'
[2.263s] Level 1:colcon.colcon_core.package_identification:_identify(src/XRF2/__MACOSX/XRF2/Template/Template-20sim/controller) by extensions ['ignore', 'ignore_ament_install']
[2.263s] Level 1:colcon.colcon_core.package_identification:_identify(src/XRF2/__MACOSX/XRF2/Template/Template-20sim/controller) by extension 'ignore'
[2.263s] Level 1:colcon.colcon_core.package_identification:_identify(src/XRF2/__MACOSX/XRF2/Template/Template-20sim/controller) by extension 'ignore_ament_install'
[2.264s] Level 1:colcon.colcon_core.package_identification:_identify(src/XRF2/__MACOSX/XRF2/Template/Template-20sim/controller) by extensions ['colcon_pkg']
[2.264s] Level 1:colcon.colcon_core.package_identification:_identify(src/XRF2/__MACOSX/XRF2/Template/Template-20sim/controller) by extension 'colcon_pkg'
[2.264s] Level 1:colcon.colcon_core.package_identification:_identify(src/XRF2/__MACOSX/XRF2/Template/Template-20sim/controller) by extensions ['colcon_meta']
[2.265s] Level 1:colcon.colcon_core.package_identification:_identify(src/XRF2/__MACOSX/XRF2/Template/Template-20sim/controller) by extension 'colcon_meta'
[2.265s] Level 1:colcon.colcon_core.package_identification:_identify(src/XRF2/__MACOSX/XRF2/Template/Template-20sim/controller) by extensions ['ros']
[2.265s] Level 1:colcon.colcon_core.package_identification:_identify(src/XRF2/__MACOSX/XRF2/Template/Template-20sim/controller) by extension 'ros'
[2.266s] Level 1:colcon.colcon_core.package_identification:_identify(src/XRF2/__MACOSX/XRF2/Template/Template-20sim/controller) by extensions ['cmake', 'python']
[2.266s] Level 1:colcon.colcon_core.package_identification:_identify(src/XRF2/__MACOSX/XRF2/Template/Template-20sim/controller) by extension 'cmake'
[2.267s] Level 1:colcon.colcon_core.package_identification:_identify(src/XRF2/__MACOSX/XRF2/Template/Template-20sim/controller) by extension 'python'
[2.267s] Level 1:colcon.colcon_core.package_identification:_identify(src/XRF2/__MACOSX/XRF2/Template/Template-20sim/controller) by extensions ['python_setup_py']
[2.267s] Level 1:colcon.colcon_core.package_identification:_identify(src/XRF2/__MACOSX/XRF2/Template/Template-20sim/controller) by extension 'python_setup_py'
[2.268s] Level 1:colcon.colcon_core.package_identification:_identify(src/XRF2/__MACOSX/XRF2/Template/Template-20sim/include) by extensions ['ignore', 'ignore_ament_install']
[2.268s] Level 1:colcon.colcon_core.package_identification:_identify(src/XRF2/__MACOSX/XRF2/Template/Template-20sim/include) by extension 'ignore'
[2.269s] Level 1:colcon.colcon_core.package_identification:_identify(src/XRF2/__MACOSX/XRF2/Template/Template-20sim/include) by extension 'ignore_ament_install'
[2.269s] Level 1:colcon.colcon_core.package_identification:_identify(src/XRF2/__MACOSX/XRF2/Template/Template-20sim/include) by extensions ['colcon_pkg']
[2.269s] Level 1:colcon.colcon_core.package_identification:_identify(src/XRF2/__MACOSX/XRF2/Template/Template-20sim/include) by extension 'colcon_pkg'
[2.270s] Level 1:colcon.colcon_core.package_identification:_identify(src/XRF2/__MACOSX/XRF2/Template/Template-20sim/include) by extensions ['colcon_meta']
[2.270s] Level 1:colcon.colcon_core.package_identification:_identify(src/XRF2/__MACOSX/XRF2/Template/Template-20sim/include) by extension 'colcon_meta'
[2.270s] Level 1:colcon.colcon_core.package_identification:_identify(src/XRF2/__MACOSX/XRF2/Template/Template-20sim/include) by extensions ['ros']
[2.270s] Level 1:colcon.colcon_core.package_identification:_identify(src/XRF2/__MACOSX/XRF2/Template/Template-20sim/include) by extension 'ros'
[2.271s] Level 1:colcon.colcon_core.package_identification:_identify(src/XRF2/__MACOSX/XRF2/Template/Template-20sim/include) by extensions ['cmake', 'python']
[2.271s] Level 1:colcon.colcon_core.package_identification:_identify(src/XRF2/__MACOSX/XRF2/Template/Template-20sim/include) by extension 'cmake'
[2.272s] Level 1:colcon.colcon_core.package_identification:_identify(src/XRF2/__MACOSX/XRF2/Template/Template-20sim/include) by extension 'python'
[2.272s] Level 1:colcon.colcon_core.package_identification:_identify(src/XRF2/__MACOSX/XRF2/Template/Template-20sim/include) by extensions ['python_setup_py']
[2.272s] Level 1:colcon.colcon_core.package_identification:_identify(src/XRF2/__MACOSX/XRF2/Template/Template-20sim/include) by extension 'python_setup_py'
[2.273s] Level 1:colcon.colcon_core.package_identification:_identify(src/relbot_simulator) by extensions ['ignore', 'ignore_ament_install']
[2.273s] Level 1:colcon.colcon_core.package_identification:_identify(src/relbot_simulator) by extension 'ignore'
[2.274s] Level 1:colcon.colcon_core.package_identification:_identify(src/relbot_simulator) by extension 'ignore_ament_install'
[2.274s] Level 1:colcon.colcon_core.package_identification:_identify(src/relbot_simulator) by extensions ['colcon_pkg']
[2.274s] Level 1:colcon.colcon_core.package_identification:_identify(src/relbot_simulator) by extension 'colcon_pkg'
[2.275s] Level 1:colcon.colcon_core.package_identification:_identify(src/relbot_simulator) by extensions ['colcon_meta']
[2.275s] Level 1:colcon.colcon_core.package_identification:_identify(src/relbot_simulator) by extension 'colcon_meta'
[2.275s] Level 1:colcon.colcon_core.package_identification:_identify(src/relbot_simulator) by extensions ['ros']
[2.275s] Level 1:colcon.colcon_core.package_identification:_identify(src/relbot_simulator) by extension 'ros'
[2.279s] DEBUG:colcon.colcon_core.package_identification:Package 'src/relbot_simulator' with type 'ros.ament_cmake' and name 'relbot_simulator'
[2.280s] Level 1:colcon.colcon_core.package_discovery:discover_packages(recursive) using defaults
[2.280s] Level 1:colcon.colcon_core.package_discovery:discover_packages(ignore) discover
[2.280s] Level 1:colcon.colcon_core.package_discovery:discover_packages(ignore) using defaults
[2.280s] Level 1:colcon.colcon_core.package_discovery:discover_packages(path) discover
[2.281s] Level 1:colcon.colcon_core.package_discovery:discover_packages(path) using defaults
[2.440s] INFO:colcon.colcon_core.package_selection:Skipping not selected package 'relbot_simulator' in 'src/relbot_simulator'
[2.440s] INFO:colcon.colcon_core.package_selection:Skipping not selected package 'ros_xeno_bridge' in 'src/XRF2/XRF2/XenoRosFramework/Ros/ros_xeno_bridge'
[2.441s] INFO:colcon.colcon_core.package_selection:Skipping not selected package 'template_20sim' in 'src/X-FRT'
[2.443s] Level 1:colcon.colcon_core.package_discovery:discover_packages(prefix_path) check parameters
[2.444s] Level 1:colcon.colcon_core.package_discovery:discover_packages(prefix_path) discover
[2.460s] DEBUG:colcon.colcon_installed_package_information.package_discovery:Found 271 installed packages in /opt/ros/humble
[2.468s] Level 1:colcon.colcon_core.package_discovery:discover_packages(prefix_path) using defaults
[2.609s] Level 5:colcon.colcon_core.verb:set package 'xrf2_msgs' build argument 'cmake_args' from command line to 'None'
[2.610s] Level 5:colcon.colcon_core.verb:set package 'xrf2_msgs' build argument 'cmake_target' from command line to 'None'
[2.610s] Level 5:colcon.colcon_core.verb:set package 'xrf2_msgs' build argument 'cmake_target_skip_unavailable' from command line to 'False'
[2.610s] Level 5:colcon.colcon_core.verb:set package 'xrf2_msgs' build argument 'cmake_clean_cache' from command line to 'False'
[2.610s] Level 5:colcon.colcon_core.verb:set package 'xrf2_msgs' build argument 'cmake_clean_first' from command line to 'False'
[2.610s] Level 5:colcon.colcon_core.verb:set package 'xrf2_msgs' build argument 'cmake_force_configure' from command line to 'False'
[2.611s] Level 5:colcon.colcon_core.verb:set package 'xrf2_msgs' build argument 'ament_cmake_args' from command line to 'None'
[2.611s] Level 5:colcon.colcon_core.verb:set package 'xrf2_msgs' build argument 'catkin_cmake_args' from command line to 'None'
[2.611s] Level 5:colcon.colcon_core.verb:set package 'xrf2_msgs' build argument 'catkin_skip_building_tests' from command line to 'False'
[2.611s] DEBUG:colcon.colcon_core.verb:Building package 'xrf2_msgs' with the following arguments: {'ament_cmake_args': None, 'build_base': '/home/asdfr-19/ros2_ws/build/xrf2_msgs', 'catkin_cmake_args': None, 'catkin_skip_building_tests': False, 'cmake_args': None, 'cmake_clean_cache': False, 'cmake_clean_first': False, 'cmake_force_configure': False, 'cmake_target': None, 'cmake_target_skip_unavailable': False, 'install_base': '/home/asdfr-19/ros2_ws/install/xrf2_msgs', 'merge_install': False, 'path': '/home/asdfr-19/ros2_ws/src/XRF2/XRF2/XenoRosFramework/Common/XRF2_msgs', 'symlink_install': False, 'test_result_base': None}
[2.612s] INFO:colcon.colcon_core.executor:Executing jobs using 'parallel' executor
[2.615s] DEBUG:colcon.colcon_parallel_executor.executor.parallel:run_until_complete
[2.616s] INFO:colcon.colcon_ros.task.ament_cmake.build:Building ROS package in '/home/asdfr-19/ros2_ws/src/XRF2/XRF2/XenoRosFramework/Common/XRF2_msgs' with build type 'ament_cmake'
[2.617s] INFO:colcon.colcon_cmake.task.cmake.build:Building CMake package in '/home/asdfr-19/ros2_ws/src/XRF2/XRF2/XenoRosFramework/Common/XRF2_msgs'
[2.635s] INFO:colcon.colcon_core.plugin_system:Skipping extension 'colcon_core.shell.bat': Not used on non-Windows systems
[2.637s] INFO:colcon.colcon_core.shell:Skip shell extension 'powershell' for command environment: Not usable outside of PowerShell
[2.637s] DEBUG:colcon.colcon_core.shell:Skip shell extension 'dsv' for command environment
[2.667s] DEBUG:colcon.colcon_core.event_handler.log_command:Invoking command in '/home/asdfr-19/ros2_ws/build/xrf2_msgs': CMAKE_PREFIX_PATH=/opt/ros/humble /usr/bin/cmake /home/asdfr-19/ros2_ws/src/XRF2/XRF2/XenoRosFramework/Common/XRF2_msgs -DCMAKE_INSTALL_PREFIX=/home/asdfr-19/ros2_ws/install/xrf2_msgs
[9.528s] DEBUG:colcon.colcon_core.event_handler.log_command:Invoked command in '/home/asdfr-19/ros2_ws/build/xrf2_msgs' returned '0': CMAKE_PREFIX_PATH=/opt/ros/humble /usr/bin/cmake /home/asdfr-19/ros2_ws/src/XRF2/XRF2/XenoRosFramework/Common/XRF2_msgs -DCMAKE_INSTALL_PREFIX=/home/asdfr-19/ros2_ws/install/xrf2_msgs
[9.535s] DEBUG:colcon.colcon_core.event_handler.log_command:Invoking command in '/home/asdfr-19/ros2_ws/build/xrf2_msgs': CMAKE_PREFIX_PATH=/opt/ros/humble /usr/bin/cmake --build /home/asdfr-19/ros2_ws/build/xrf2_msgs -- -j3 -l3
[22.596s] DEBUG:colcon.colcon_core.event_handler.log_command:Invoked command in '/home/asdfr-19/ros2_ws/build/xrf2_msgs' returned '0': CMAKE_PREFIX_PATH=/opt/ros/humble /usr/bin/cmake --build /home/asdfr-19/ros2_ws/build/xrf2_msgs -- -j3 -l3
[22.623s] DEBUG:colcon.colcon_core.event_handler.log_command:Invoking command in '/home/asdfr-19/ros2_ws/build/xrf2_msgs': CMAKE_PREFIX_PATH=/opt/ros/humble /usr/bin/cmake --install /home/asdfr-19/ros2_ws/build/xrf2_msgs
[22.936s] Level 1:colcon.colcon_core.environment:create_environment_scripts_only(xrf2_msgs)
[22.938s] DEBUG:colcon.colcon_core.event_handler.log_command:Invoked command in '/home/asdfr-19/ros2_ws/build/xrf2_msgs' returned '0': CMAKE_PREFIX_PATH=/opt/ros/humble /usr/bin/cmake --install /home/asdfr-19/ros2_ws/build/xrf2_msgs
[22.959s] Level 1:colcon.colcon_core.environment:checking '/home/asdfr-19/ros2_ws/install/xrf2_msgs' for CMake module files
[22.964s] Level 1:colcon.colcon_core.environment:checking '/home/asdfr-19/ros2_ws/install/xrf2_msgs' for CMake config files
[22.968s] Level 1:colcon.colcon_core.shell:create_environment_hook('xrf2_msgs', 'cmake_prefix_path')
[22.969s] INFO:colcon.colcon_core.shell:Creating environment hook '/home/asdfr-19/ros2_ws/install/xrf2_msgs/share/xrf2_msgs/hook/cmake_prefix_path.ps1'
[22.974s] INFO:colcon.colcon_core.shell:Creating environment descriptor '/home/asdfr-19/ros2_ws/install/xrf2_msgs/share/xrf2_msgs/hook/cmake_prefix_path.dsv'
[22.977s] INFO:colcon.colcon_core.shell:Creating environment hook '/home/asdfr-19/ros2_ws/install/xrf2_msgs/share/xrf2_msgs/hook/cmake_prefix_path.sh'
[22.981s] Level 1:colcon.colcon_core.environment:checking '/home/asdfr-19/ros2_ws/install/xrf2_msgs/lib'
[22.982s] Level 1:colcon.colcon_core.shell:create_environment_hook('xrf2_msgs', 'ld_library_path_lib')
[22.983s] INFO:colcon.colcon_core.shell:Creating environment hook '/home/asdfr-19/ros2_ws/install/xrf2_msgs/share/xrf2_msgs/hook/ld_library_path_lib.ps1'
[22.985s] INFO:colcon.colcon_core.shell:Creating environment descriptor '/home/asdfr-19/ros2_ws/install/xrf2_msgs/share/xrf2_msgs/hook/ld_library_path_lib.dsv'
[22.987s] INFO:colcon.colcon_core.shell:Creating environment hook '/home/asdfr-19/ros2_ws/install/xrf2_msgs/share/xrf2_msgs/hook/ld_library_path_lib.sh'
[22.989s] Level 1:colcon.colcon_core.environment:checking '/home/asdfr-19/ros2_ws/install/xrf2_msgs/bin'
[22.990s] Level 1:colcon.colcon_core.environment:checking '/home/asdfr-19/ros2_ws/install/xrf2_msgs/lib/pkgconfig/xrf2_msgs.pc'
[22.991s] Level 1:colcon.colcon_core.environment:checking '/home/asdfr-19/ros2_ws/install/xrf2_msgs/lib/python3.10/site-packages'
[22.992s] Level 1:colcon.colcon_core.environment:checking '/home/asdfr-19/ros2_ws/install/xrf2_msgs/bin'
[22.993s] INFO:colcon.colcon_core.shell:Creating package script '/home/asdfr-19/ros2_ws/install/xrf2_msgs/share/xrf2_msgs/package.ps1'
[22.998s] INFO:colcon.colcon_core.shell:Creating package descriptor '/home/asdfr-19/ros2_ws/install/xrf2_msgs/share/xrf2_msgs/package.dsv'
[23.001s] INFO:colcon.colcon_core.shell:Creating package script '/home/asdfr-19/ros2_ws/install/xrf2_msgs/share/xrf2_msgs/package.sh'
[23.006s] INFO:colcon.colcon_core.shell:Creating package script '/home/asdfr-19/ros2_ws/install/xrf2_msgs/share/xrf2_msgs/package.bash'
[23.011s] INFO:colcon.colcon_core.shell:Creating package script '/home/asdfr-19/ros2_ws/install/xrf2_msgs/share/xrf2_msgs/package.zsh'
[23.015s] Level 1:colcon.colcon_core.environment:create_file_with_runtime_dependencies(/home/asdfr-19/ros2_ws/install/xrf2_msgs/share/colcon-core/packages/xrf2_msgs)
[23.018s] Level 1:colcon.colcon_core.environment:create_environment_scripts_only(xrf2_msgs)
[23.019s] Level 1:colcon.colcon_core.environment:checking '/home/asdfr-19/ros2_ws/install/xrf2_msgs' for CMake module files
[23.022s] Level 1:colcon.colcon_core.environment:checking '/home/asdfr-19/ros2_ws/install/xrf2_msgs' for CMake config files
[23.025s] Level 1:colcon.colcon_core.shell:create_environment_hook('xrf2_msgs', 'cmake_prefix_path')
[23.027s] INFO:colcon.colcon_core.shell:Creating environment hook '/home/asdfr-19/ros2_ws/install/xrf2_msgs/share/xrf2_msgs/hook/cmake_prefix_path.ps1'
[23.029s] INFO:colcon.colcon_core.shell:Creating environment descriptor '/home/asdfr-19/ros2_ws/install/xrf2_msgs/share/xrf2_msgs/hook/cmake_prefix_path.dsv'
[23.031s] INFO:colcon.colcon_core.shell:Creating environment hook '/home/asdfr-19/ros2_ws/install/xrf2_msgs/share/xrf2_msgs/hook/cmake_prefix_path.sh'
[23.033s] Level 1:colcon.colcon_core.environment:checking '/home/asdfr-19/ros2_ws/install/xrf2_msgs/lib'
[23.034s] Level 1:colcon.colcon_core.shell:create_environment_hook('xrf2_msgs', 'ld_library_path_lib')
[23.035s] INFO:colcon.colcon_core.shell:Creating environment hook '/home/asdfr-19/ros2_ws/install/xrf2_msgs/share/xrf2_msgs/hook/ld_library_path_lib.ps1'
[23.037s] INFO:colcon.colcon_core.shell:Creating environment descriptor '/home/asdfr-19/ros2_ws/install/xrf2_msgs/share/xrf2_msgs/hook/ld_library_path_lib.dsv'
[23.039s] INFO:colcon.colcon_core.shell:Creating environment hook '/home/asdfr-19/ros2_ws/install/xrf2_msgs/share/xrf2_msgs/hook/ld_library_path_lib.sh'
[23.040s] Level 1:colcon.colcon_core.environment:checking '/home/asdfr-19/ros2_ws/install/xrf2_msgs/bin'
[23.041s] Level 1:colcon.colcon_core.environment:checking '/home/asdfr-19/ros2_ws/install/xrf2_msgs/lib/pkgconfig/xrf2_msgs.pc'
[23.042s] Level 1:colcon.colcon_core.environment:checking '/home/asdfr-19/ros2_ws/install/xrf2_msgs/lib/python3.10/site-packages'
[23.043s] Level 1:colcon.colcon_core.environment:checking '/home/asdfr-19/ros2_ws/install/xrf2_msgs/bin'
[23.044s] INFO:colcon.colcon_core.shell:Creating package script '/home/asdfr-19/ros2_ws/install/xrf2_msgs/share/xrf2_msgs/package.ps1'
[23.047s] INFO:colcon.colcon_core.shell:Creating package descriptor '/home/asdfr-19/ros2_ws/install/xrf2_msgs/share/xrf2_msgs/package.dsv'
[23.050s] INFO:colcon.colcon_core.shell:Creating package script '/home/asdfr-19/ros2_ws/install/xrf2_msgs/share/xrf2_msgs/package.sh'
[23.052s] INFO:colcon.colcon_core.shell:Creating package script '/home/asdfr-19/ros2_ws/install/xrf2_msgs/share/xrf2_msgs/package.bash'
[23.054s] INFO:colcon.colcon_core.shell:Creating package script '/home/asdfr-19/ros2_ws/install/xrf2_msgs/share/xrf2_msgs/package.zsh'
[23.056s] Level 1:colcon.colcon_core.environment:create_file_with_runtime_dependencies(/home/asdfr-19/ros2_ws/install/xrf2_msgs/share/colcon-core/packages/xrf2_msgs)
[23.057s] DEBUG:colcon.colcon_parallel_executor.executor.parallel:closing loop
[23.058s] DEBUG:colcon.colcon_parallel_executor.executor.parallel:loop closed
[23.059s] DEBUG:colcon.colcon_parallel_executor.executor.parallel:run_until_complete finished with '0'
[23.059s] DEBUG:colcon.colcon_core.event_reactor:joining thread
[23.081s] INFO:colcon.colcon_core.plugin_system:Skipping extension 'colcon_notification.desktop_notification.notify_send': Could not find 'notify-send'
[23.081s] INFO:colcon.colcon_core.plugin_system:Skipping extension 'colcon_notification.desktop_notification.terminal_notifier': Not used on non-Darwin systems
[23.082s] INFO:colcon.colcon_core.plugin_system:Skipping extension 'colcon_notification.desktop_notification.win32': Not used on non-Windows systems
[23.082s] INFO:colcon.colcon_notification.desktop_notification:Sending desktop notification using 'notify2'
[23.162s] DEBUG:colcon.colcon_notification.desktop_notification.notify2:Failed to initialize notify2: org.freedesktop.DBus.Error.ServiceUnknown: The name org.freedesktop.Notifications was not provided by any .service files
[23.163s] DEBUG:colcon.colcon_core.event_reactor:joined thread
[23.165s] INFO:colcon.colcon_core.shell:Creating prefix script '/home/asdfr-19/ros2_ws/install/local_setup.ps1'
[23.171s] INFO:colcon.colcon_core.shell:Creating prefix util module '/home/asdfr-19/ros2_ws/install/_local_setup_util_ps1.py'
[23.180s] INFO:colcon.colcon_core.shell:Creating prefix chain script '/home/asdfr-19/ros2_ws/install/setup.ps1'
[23.185s] INFO:colcon.colcon_core.shell:Creating prefix script '/home/asdfr-19/ros2_ws/install/local_setup.sh'
[23.189s] INFO:colcon.colcon_core.shell:Creating prefix util module '/home/asdfr-19/ros2_ws/install/_local_setup_util_sh.py'
[23.192s] INFO:colcon.colcon_core.shell:Creating prefix chain script '/home/asdfr-19/ros2_ws/install/setup.sh'
[23.197s] INFO:colcon.colcon_core.shell:Creating prefix script '/home/asdfr-19/ros2_ws/install/local_setup.bash'
[23.201s] INFO:colcon.colcon_core.shell:Creating prefix chain script '/home/asdfr-19/ros2_ws/install/setup.bash'
[23.205s] INFO:colcon.colcon_core.shell:Creating prefix script '/home/asdfr-19/ros2_ws/install/local_setup.zsh'
[23.209s] INFO:colcon.colcon_core.shell:Creating prefix chain script '/home/asdfr-19/ros2_ws/install/setup.zsh'
