[0.889s] DEBUG:colcon:Command line arguments: ['/usr/bin/colcon', 'build']
[0.889s] DEBUG:colcon:Parsed command line arguments: Namespace(log_base=None, log_level=None, verb_name='build', build_base='build', install_base='install', merge_install=False, symlink_install=False, test_result_base=None, continue_on_error=False, executor='parallel', parallel_workers=3, event_handlers=None, ignore_user_meta=False, metas=['./colcon.meta'], base_paths=['.'], packages_ignore=None, packages_ignore_regex=None, paths=None, packages_up_to=None, packages_up_to_regex=None, packages_above=None, packages_above_and_dependencies=None, packages_above_depth=None, packages_select_by_dep=None, packages_skip_by_dep=None, packages_skip_up_to=None, packages_select_build_failed=False, packages_skip_build_finished=False, packages_select_test_failures=False, packages_skip_test_passed=False, packages_select=None, packages_skip=None, packages_select_regex=None, packages_skip_regex=None, packages_start=None, packages_end=None, allow_overriding=[], cmake_args=None, cmake_target=None, cmake_target_skip_unavailable=False, cmake_clean_cache=False, cmake_clean_first=False, cmake_force_configure=False, ament_cmake_args=None, catkin_cmake_args=None, catkin_skip_building_tests=False, mixin_files=None, mixin=None, verb_parser=<colcon_mixin.mixin.mixin_argument.MixinArgumentDecorator object at 0xffffa0bb0e50>, verb_extension=<colcon_core.verb.build.BuildVerb object at 0xffffa0bb08e0>, main=<bound method BuildVerb.main of <colcon_core.verb.build.BuildVerb object at 0xffffa0bb08e0>>, mixin_verb=('build',))
[1.912s] Level 1:colcon.colcon_core.package_discovery:discover_packages(colcon_meta) check parameters
[1.913s] Level 1:colcon.colcon_core.package_discovery:discover_packages(recursive) check parameters
[1.913s] Level 1:colcon.colcon_core.package_discovery:discover_packages(ignore) check parameters
[1.913s] Level 1:colcon.colcon_core.package_discovery:discover_packages(path) check parameters
[1.914s] Level 1:colcon.colcon_core.package_discovery:discover_packages(colcon_meta) discover
[1.914s] Level 1:colcon.colcon_core.package_discovery:discover_packages(recursive) discover
[1.914s] INFO:colcon.colcon_core.package_discovery:Crawling recursively for packages in '/home/asdfr-19/ros2_ws'
[1.915s] Level 1:colcon.colcon_core.package_identification:_identify(.) by extensions ['ignore', 'ignore_ament_install']
[1.915s] Level 1:colcon.colcon_core.package_identification:_identify(.) by extension 'ignore'
[1.916s] Level 1:colcon.colcon_core.package_identification:_identify(.) by extension 'ignore_ament_install'
[1.916s] Level 1:colcon.colcon_core.package_identification:_identify(.) by extensions ['colcon_pkg']
[1.916s] Level 1:colcon.colcon_core.package_identification:_identify(.) by extension 'colcon_pkg'
[1.917s] Level 1:colcon.colcon_core.package_identification:_identify(.) by extensions ['colcon_meta']
[1.917s] Level 1:colcon.colcon_core.package_identification:_identify(.) by extension 'colcon_meta'
[1.917s] Level 1:colcon.colcon_core.package_identification:_identify(.) by extensions ['ros']
[1.918s] Level 1:colcon.colcon_core.package_identification:_identify(.) by extension 'ros'
[1.973s] Level 1:colcon.colcon_core.package_identification:_identify(.) by extensions ['cmake', 'python']
[1.973s] Level 1:colcon.colcon_core.package_identification:_identify(.) by extension 'cmake'
[1.974s] Level 1:colcon.colcon_core.package_identification:_identify(.) by extension 'python'
[1.974s] Level 1:colcon.colcon_core.package_identification:_identify(.) by extensions ['python_setup_py']
[1.974s] Level 1:colcon.colcon_core.package_identification:_identify(.) by extension 'python_setup_py'
[1.975s] Level 1:colcon.colcon_core.package_identification:_identify(build) by extensions ['ignore', 'ignore_ament_install']
[1.975s] Level 1:colcon.colcon_core.package_identification:_identify(build) by extension 'ignore'
[1.976s] Level 1:colcon.colcon_core.package_identification:_identify(build) ignored
[1.976s] Level 1:colcon.colcon_core.package_identification:_identify(install) by extensions ['ignore', 'ignore_ament_install']
[1.977s] Level 1:colcon.colcon_core.package_identification:_identify(install) by extension 'ignore'
[1.977s] Level 1:colcon.colcon_core.package_identification:_identify(install) ignored
[1.978s] Level 1:colcon.colcon_core.package_identification:_identify(log) by extensions ['ignore', 'ignore_ament_install']
[1.978s] Level 1:colcon.colcon_core.package_identification:_identify(log) by extension 'ignore'
[1.979s] Level 1:colcon.colcon_core.package_identification:_identify(log) ignored
[1.979s] Level 1:colcon.colcon_core.package_identification:_identify(src) by extensions ['ignore', 'ignore_ament_install']
[1.979s] Level 1:colcon.colcon_core.package_identification:_identify(src) by extension 'ignore'
[1.980s] Level 1:colcon.colcon_core.package_identification:_identify(src) by extension 'ignore_ament_install'
[1.980s] Level 1:colcon.colcon_core.package_identification:_identify(src) by extensions ['colcon_pkg']
[1.981s] Level 1:colcon.colcon_core.package_identification:_identify(src) by extension 'colcon_pkg'
[1.981s] Level 1:colcon.colcon_core.package_identification:_identify(src) by extensions ['colcon_meta']
[1.981s] Level 1:colcon.colcon_core.package_identification:_identify(src) by extension 'colcon_meta'
[1.981s] Level 1:colcon.colcon_core.package_identification:_identify(src) by extensions ['ros']
[1.982s] Level 1:colcon.colcon_core.package_identification:_identify(src) by extension 'ros'
[1.982s] Level 1:colcon.colcon_core.package_identification:_identify(src) by extensions ['cmake', 'python']
[1.983s] Level 1:colcon.colcon_core.package_identification:_identify(src) by extension 'cmake'
[1.983s] Level 1:colcon.colcon_core.package_identification:_identify(src) by extension 'python'
[1.983s] Level 1:colcon.colcon_core.package_identification:_identify(src) by extensions ['python_setup_py']
[1.983s] Level 1:colcon.colcon_core.package_identification:_identify(src) by extension 'python_setup_py'
[1.984s] Level 1:colcon.colcon_core.package_identification:_identify(src/XRF2) by extensions ['ignore', 'ignore_ament_install']
[1.984s] Level 1:colcon.colcon_core.package_identification:_identify(src/XRF2) by extension 'ignore'
[1.985s] Level 1:colcon.colcon_core.package_identification:_identify(src/XRF2) by extension 'ignore_ament_install'
[1.985s] Level 1:colcon.colcon_core.package_identification:_identify(src/XRF2) by extensions ['colcon_pkg']
[1.985s] Level 1:colcon.colcon_core.package_identification:_identify(src/XRF2) by extension 'colcon_pkg'
[1.986s] Level 1:colcon.colcon_core.package_identification:_identify(src/XRF2) by extensions ['colcon_meta']
[1.986s] Level 1:colcon.colcon_core.package_identification:_identify(src/XRF2) by extension 'colcon_meta'
[1.986s] Level 1:colcon.colcon_core.package_identification:_identify(src/XRF2) by extensions ['ros']
[1.987s] Level 1:colcon.colcon_core.package_identification:_identify(src/XRF2) by extension 'ros'
[1.987s] Level 1:colcon.colcon_core.package_identification:_identify(src/XRF2) by extensions ['cmake', 'python']
[1.987s] Level 1:colcon.colcon_core.package_identification:_identify(src/XRF2) by extension 'cmake'
[1.988s] Level 1:colcon.colcon_core.package_identification:_identify(src/XRF2) by extension 'python'
[1.988s] Level 1:colcon.colcon_core.package_identification:_identify(src/XRF2) by extensions ['python_setup_py']
[1.988s] Level 1:colcon.colcon_core.package_identification:_identify(src/XRF2) by extension 'python_setup_py'
[1.989s] Level 1:colcon.colcon_core.package_identification:_identify(src/XRF2/Template) by extensions ['ignore', 'ignore_ament_install']
[1.989s] Level 1:colcon.colcon_core.package_identification:_identify(src/XRF2/Template) by extension 'ignore'
[1.990s] Level 1:colcon.colcon_core.package_identification:_identify(src/XRF2/Template) ignored
[1.990s] Level 1:colcon.colcon_core.package_identification:_identify(src/XRF2/XenoRosFramework) by extensions ['ignore', 'ignore_ament_install']
[1.991s] Level 1:colcon.colcon_core.package_identification:_identify(src/XRF2/XenoRosFramework) by extension 'ignore'
[1.991s] Level 1:colcon.colcon_core.package_identification:_identify(src/XRF2/XenoRosFramework) by extension 'ignore_ament_install'
[1.991s] Level 1:colcon.colcon_core.package_identification:_identify(src/XRF2/XenoRosFramework) by extensions ['colcon_pkg']
[1.992s] Level 1:colcon.colcon_core.package_identification:_identify(src/XRF2/XenoRosFramework) by extension 'colcon_pkg'
[1.992s] Level 1:colcon.colcon_core.package_identification:_identify(src/XRF2/XenoRosFramework) by extensions ['colcon_meta']
[1.992s] Level 1:colcon.colcon_core.package_identification:_identify(src/XRF2/XenoRosFramework) by extension 'colcon_meta'
[1.993s] Level 1:colcon.colcon_core.package_identification:_identify(src/XRF2/XenoRosFramework) by extensions ['ros']
[1.993s] Level 1:colcon.colcon_core.package_identification:_identify(src/XRF2/XenoRosFramework) by extension 'ros'
[1.993s] Level 1:colcon.colcon_core.package_identification:_identify(src/XRF2/XenoRosFramework) by extensions ['cmake', 'python']
[1.994s] Level 1:colcon.colcon_core.package_identification:_identify(src/XRF2/XenoRosFramework) by extension 'cmake'
[1.994s] Level 1:colcon.colcon_core.package_identification:_identify(src/XRF2/XenoRosFramework) by extension 'python'
[1.994s] Level 1:colcon.colcon_core.package_identification:_identify(src/XRF2/XenoRosFramework) by extensions ['python_setup_py']
[1.995s] Level 1:colcon.colcon_core.package_identification:_identify(src/XRF2/XenoRosFramework) by extension 'python_setup_py'
[1.995s] Level 1:colcon.colcon_core.package_identification:_identify(src/XRF2/XenoRosFramework/Common) by extensions ['ignore', 'ignore_ament_install']
[1.996s] Level 1:colcon.colcon_core.package_identification:_identify(src/XRF2/XenoRosFramework/Common) by extension 'ignore'
[1.996s] Level 1:colcon.colcon_core.package_identification:_identify(src/XRF2/XenoRosFramework/Common) by extension 'ignore_ament_install'
[1.996s] Level 1:colcon.colcon_core.package_identification:_identify(src/XRF2/XenoRosFramework/Common) by extensions ['colcon_pkg']
[1.997s] Level 1:colcon.colcon_core.package_identification:_identify(src/XRF2/XenoRosFramework/Common) by extension 'colcon_pkg'
[1.997s] Level 1:colcon.colcon_core.package_identification:_identify(src/XRF2/XenoRosFramework/Common) by extensions ['colcon_meta']
[1.997s] Level 1:colcon.colcon_core.package_identification:_identify(src/XRF2/XenoRosFramework/Common) by extension 'colcon_meta'
[1.998s] Level 1:colcon.colcon_core.package_identification:_identify(src/XRF2/XenoRosFramework/Common) by extensions ['ros']
[1.998s] Level 1:colcon.colcon_core.package_identification:_identify(src/XRF2/XenoRosFramework/Common) by extension 'ros'
[1.998s] Level 1:colcon.colcon_core.package_identification:_identify(src/XRF2/XenoRosFramework/Common) by extensions ['cmake', 'python']
[1.999s] Level 1:colcon.colcon_core.package_identification:_identify(src/XRF2/XenoRosFramework/Common) by extension 'cmake'
[1.999s] Level 1:colcon.colcon_core.package_identification:_identify(src/XRF2/XenoRosFramework/Common) by extension 'python'
[1.999s] Level 1:colcon.colcon_core.package_identification:_identify(src/XRF2/XenoRosFramework/Common) by extensions ['python_setup_py']
[2.000s] Level 1:colcon.colcon_core.package_identification:_identify(src/XRF2/XenoRosFramework/Common) by extension 'python_setup_py'
[2.000s] Level 1:colcon.colcon_core.package_identification:_identify(src/XRF2/XenoRosFramework/Common/XRF2_msgs) by extensions ['ignore', 'ignore_ament_install']
[2.001s] Level 1:colcon.colcon_core.package_identification:_identify(src/XRF2/XenoRosFramework/Common/XRF2_msgs) by extension 'ignore'
[2.001s] Level 1:colcon.colcon_core.package_identification:_identify(src/XRF2/XenoRosFramework/Common/XRF2_msgs) by extension 'ignore_ament_install'
[2.001s] Level 1:colcon.colcon_core.package_identification:_identify(src/XRF2/XenoRosFramework/Common/XRF2_msgs) by extensions ['colcon_pkg']
[2.002s] Level 1:colcon.colcon_core.package_identification:_identify(src/XRF2/XenoRosFramework/Common/XRF2_msgs) by extension 'colcon_pkg'
[2.002s] Level 1:colcon.colcon_core.package_identification:_identify(src/XRF2/XenoRosFramework/Common/XRF2_msgs) by extensions ['colcon_meta']
[2.002s] Level 1:colcon.colcon_core.package_identification:_identify(src/XRF2/XenoRosFramework/Common/XRF2_msgs) by extension 'colcon_meta'
[2.003s] Level 1:colcon.colcon_core.package_identification:_identify(src/XRF2/XenoRosFramework/Common/XRF2_msgs) by extensions ['ros']
[2.003s] Level 1:colcon.colcon_core.package_identification:_identify(src/XRF2/XenoRosFramework/Common/XRF2_msgs) by extension 'ros'
[2.014s] DEBUG:colcon.colcon_core.package_identification:Package 'src/XRF2/XenoRosFramework/Common/XRF2_msgs' with type 'ros.ament_cmake' and name 'xrf2_msgs'
[2.014s] Level 1:colcon.colcon_core.package_identification:_identify(src/XRF2/XenoRosFramework/Common/XenoFrtLogger_decoder) by extensions ['ignore', 'ignore_ament_install']
[2.015s] Level 1:colcon.colcon_core.package_identification:_identify(src/XRF2/XenoRosFramework/Common/XenoFrtLogger_decoder) by extension 'ignore'
[2.015s] Level 1:colcon.colcon_core.package_identification:_identify(src/XRF2/XenoRosFramework/Common/XenoFrtLogger_decoder) by extension 'ignore_ament_install'
[2.016s] Level 1:colcon.colcon_core.package_identification:_identify(src/XRF2/XenoRosFramework/Common/XenoFrtLogger_decoder) by extensions ['colcon_pkg']
[2.016s] Level 1:colcon.colcon_core.package_identification:_identify(src/XRF2/XenoRosFramework/Common/XenoFrtLogger_decoder) by extension 'colcon_pkg'
[2.016s] Level 1:colcon.colcon_core.package_identification:_identify(src/XRF2/XenoRosFramework/Common/XenoFrtLogger_decoder) by extensions ['colcon_meta']
[2.017s] Level 1:colcon.colcon_core.package_identification:_identify(src/XRF2/XenoRosFramework/Common/XenoFrtLogger_decoder) by extension 'colcon_meta'
[2.017s] Level 1:colcon.colcon_core.package_identification:_identify(src/XRF2/XenoRosFramework/Common/XenoFrtLogger_decoder) by extensions ['ros']
[2.017s] Level 1:colcon.colcon_core.package_identification:_identify(src/XRF2/XenoRosFramework/Common/XenoFrtLogger_decoder) by extension 'ros'
[2.018s] Level 1:colcon.colcon_core.package_identification:_identify(src/XRF2/XenoRosFramework/Common/XenoFrtLogger_decoder) by extensions ['cmake', 'python']
[2.018s] Level 1:colcon.colcon_core.package_identification:_identify(src/XRF2/XenoRosFramework/Common/XenoFrtLogger_decoder) by extension 'cmake'
[2.018s] Level 1:colcon.colcon_core.package_identification:_identify(src/XRF2/XenoRosFramework/Common/XenoFrtLogger_decoder) by extension 'python'
[2.019s] Level 1:colcon.colcon_core.package_identification:_identify(src/XRF2/XenoRosFramework/Common/XenoFrtLogger_decoder) by extensions ['python_setup_py']
[2.019s] Level 1:colcon.colcon_core.package_identification:_identify(src/XRF2/XenoRosFramework/Common/XenoFrtLogger_decoder) by extension 'python_setup_py'
[2.020s] Level 1:colcon.colcon_core.package_identification:_identify(src/XRF2/XenoRosFramework/Common/include) by extensions ['ignore', 'ignore_ament_install']
[2.020s] Level 1:colcon.colcon_core.package_identification:_identify(src/XRF2/XenoRosFramework/Common/include) by extension 'ignore'
[2.020s] Level 1:colcon.colcon_core.package_identification:_identify(src/XRF2/XenoRosFramework/Common/include) by extension 'ignore_ament_install'
[2.021s] Level 1:colcon.colcon_core.package_identification:_identify(src/XRF2/XenoRosFramework/Common/include) by extensions ['colcon_pkg']
[2.021s] Level 1:colcon.colcon_core.package_identification:_identify(src/XRF2/XenoRosFramework/Common/include) by extension 'colcon_pkg'
[2.021s] Level 1:colcon.colcon_core.package_identification:_identify(src/XRF2/XenoRosFramework/Common/include) by extensions ['colcon_meta']
[2.022s] Level 1:colcon.colcon_core.package_identification:_identify(src/XRF2/XenoRosFramework/Common/include) by extension 'colcon_meta'
[2.022s] Level 1:colcon.colcon_core.package_identification:_identify(src/XRF2/XenoRosFramework/Common/include) by extensions ['ros']
[2.022s] Level 1:colcon.colcon_core.package_identification:_identify(src/XRF2/XenoRosFramework/Common/include) by extension 'ros'
[2.023s] Level 1:colcon.colcon_core.package_identification:_identify(src/XRF2/XenoRosFramework/Common/include) by extensions ['cmake', 'python']
[2.023s] Level 1:colcon.colcon_core.package_identification:_identify(src/XRF2/XenoRosFramework/Common/include) by extension 'cmake'
[2.024s] Level 1:colcon.colcon_core.package_identification:_identify(src/XRF2/XenoRosFramework/Common/include) by extension 'python'
[2.024s] Level 1:colcon.colcon_core.package_identification:_identify(src/XRF2/XenoRosFramework/Common/include) by extensions ['python_setup_py']
[2.024s] Level 1:colcon.colcon_core.package_identification:_identify(src/XRF2/XenoRosFramework/Common/include) by extension 'python_setup_py'
[2.025s] Level 1:colcon.colcon_core.package_identification:_identify(src/XRF2/XenoRosFramework/Common/python_script) by extensions ['ignore', 'ignore_ament_install']
[2.025s] Level 1:colcon.colcon_core.package_identification:_identify(src/XRF2/XenoRosFramework/Common/python_script) by extension 'ignore'
[2.026s] Level 1:colcon.colcon_core.package_identification:_identify(src/XRF2/XenoRosFramework/Common/python_script) by extension 'ignore_ament_install'
[2.026s] Level 1:colcon.colcon_core.package_identification:_identify(src/XRF2/XenoRosFramework/Common/python_script) by extensions ['colcon_pkg']
[2.026s] Level 1:colcon.colcon_core.package_identification:_identify(src/XRF2/XenoRosFramework/Common/python_script) by extension 'colcon_pkg'
[2.027s] Level 1:colcon.colcon_core.package_identification:_identify(src/XRF2/XenoRosFramework/Common/python_script) by extensions ['colcon_meta']
[2.027s] Level 1:colcon.colcon_core.package_identification:_identify(src/XRF2/XenoRosFramework/Common/python_script) by extension 'colcon_meta'
[2.027s] Level 1:colcon.colcon_core.package_identification:_identify(src/XRF2/XenoRosFramework/Common/python_script) by extensions ['ros']
[2.028s] Level 1:colcon.colcon_core.package_identification:_identify(src/XRF2/XenoRosFramework/Common/python_script) by extension 'ros'
[2.028s] Level 1:colcon.colcon_core.package_identification:_identify(src/XRF2/XenoRosFramework/Common/python_script) by extensions ['cmake', 'python']
[2.028s] Level 1:colcon.colcon_core.package_identification:_identify(src/XRF2/XenoRosFramework/Common/python_script) by extension 'cmake'
[2.029s] Level 1:colcon.colcon_core.package_identification:_identify(src/XRF2/XenoRosFramework/Common/python_script) by extension 'python'
[2.029s] Level 1:colcon.colcon_core.package_identification:_identify(src/XRF2/XenoRosFramework/Common/python_script) by extensions ['python_setup_py']
[2.029s] Level 1:colcon.colcon_core.package_identification:_identify(src/XRF2/XenoRosFramework/Common/python_script) by extension 'python_setup_py'
[2.030s] Level 1:colcon.colcon_core.package_identification:_identify(src/XRF2/XenoRosFramework/Common/xbuf_dev_rule) by extensions ['ignore', 'ignore_ament_install']
[2.030s] Level 1:colcon.colcon_core.package_identification:_identify(src/XRF2/XenoRosFramework/Common/xbuf_dev_rule) by extension 'ignore'
[2.031s] Level 1:colcon.colcon_core.package_identification:_identify(src/XRF2/XenoRosFramework/Common/xbuf_dev_rule) by extension 'ignore_ament_install'
[2.031s] Level 1:colcon.colcon_core.package_identification:_identify(src/XRF2/XenoRosFramework/Common/xbuf_dev_rule) by extensions ['colcon_pkg']
[2.031s] Level 1:colcon.colcon_core.package_identification:_identify(src/XRF2/XenoRosFramework/Common/xbuf_dev_rule) by extension 'colcon_pkg'
[2.032s] Level 1:colcon.colcon_core.package_identification:_identify(src/XRF2/XenoRosFramework/Common/xbuf_dev_rule) by extensions ['colcon_meta']
[2.032s] Level 1:colcon.colcon_core.package_identification:_identify(src/XRF2/XenoRosFramework/Common/xbuf_dev_rule) by extension 'colcon_meta'
[2.032s] Level 1:colcon.colcon_core.package_identification:_identify(src/XRF2/XenoRosFramework/Common/xbuf_dev_rule) by extensions ['ros']
[2.033s] Level 1:colcon.colcon_core.package_identification:_identify(src/XRF2/XenoRosFramework/Common/xbuf_dev_rule) by extension 'ros'
[2.033s] Level 1:colcon.colcon_core.package_identification:_identify(src/XRF2/XenoRosFramework/Common/xbuf_dev_rule) by extensions ['cmake', 'python']
[2.034s] Level 1:colcon.colcon_core.package_identification:_identify(src/XRF2/XenoRosFramework/Common/xbuf_dev_rule) by extension 'cmake'
[2.034s] Level 1:colcon.colcon_core.package_identification:_identify(src/XRF2/XenoRosFramework/Common/xbuf_dev_rule) by extension 'python'
[2.034s] Level 1:colcon.colcon_core.package_identification:_identify(src/XRF2/XenoRosFramework/Common/xbuf_dev_rule) by extensions ['python_setup_py']
[2.034s] Level 1:colcon.colcon_core.package_identification:_identify(src/XRF2/XenoRosFramework/Common/xbuf_dev_rule) by extension 'python_setup_py'
[2.035s] Level 1:colcon.colcon_core.package_identification:_identify(src/XRF2/XenoRosFramework/Ros) by extensions ['ignore', 'ignore_ament_install']
[2.035s] Level 1:colcon.colcon_core.package_identification:_identify(src/XRF2/XenoRosFramework/Ros) by extension 'ignore'
[2.036s] Level 1:colcon.colcon_core.package_identification:_identify(src/XRF2/XenoRosFramework/Ros) by extension 'ignore_ament_install'
[2.036s] Level 1:colcon.colcon_core.package_identification:_identify(src/XRF2/XenoRosFramework/Ros) by extensions ['colcon_pkg']
[2.036s] Level 1:colcon.colcon_core.package_identification:_identify(src/XRF2/XenoRosFramework/Ros) by extension 'colcon_pkg'
[2.037s] Level 1:colcon.colcon_core.package_identification:_identify(src/XRF2/XenoRosFramework/Ros) by extensions ['colcon_meta']
[2.037s] Level 1:colcon.colcon_core.package_identification:_identify(src/XRF2/XenoRosFramework/Ros) by extension 'colcon_meta'
[2.037s] Level 1:colcon.colcon_core.package_identification:_identify(src/XRF2/XenoRosFramework/Ros) by extensions ['ros']
[2.038s] Level 1:colcon.colcon_core.package_identification:_identify(src/XRF2/XenoRosFramework/Ros) by extension 'ros'
[2.038s] Level 1:colcon.colcon_core.package_identification:_identify(src/XRF2/XenoRosFramework/Ros) by extensions ['cmake', 'python']
[2.039s] Level 1:colcon.colcon_core.package_identification:_identify(src/XRF2/XenoRosFramework/Ros) by extension 'cmake'
[2.039s] Level 1:colcon.colcon_core.package_identification:_identify(src/XRF2/XenoRosFramework/Ros) by extension 'python'
[2.039s] Level 1:colcon.colcon_core.package_identification:_identify(src/XRF2/XenoRosFramework/Ros) by extensions ['python_setup_py']
[2.039s] Level 1:colcon.colcon_core.package_identification:_identify(src/XRF2/XenoRosFramework/Ros) by extension 'python_setup_py'
[2.040s] Level 1:colcon.colcon_core.package_identification:_identify(src/XRF2/XenoRosFramework/Ros/ros_xeno_bridge) by extensions ['ignore', 'ignore_ament_install']
[2.040s] Level 1:colcon.colcon_core.package_identification:_identify(src/XRF2/XenoRosFramework/Ros/ros_xeno_bridge) by extension 'ignore'
[2.041s] Level 1:colcon.colcon_core.package_identification:_identify(src/XRF2/XenoRosFramework/Ros/ros_xeno_bridge) by extension 'ignore_ament_install'
[2.041s] Level 1:colcon.colcon_core.package_identification:_identify(src/XRF2/XenoRosFramework/Ros/ros_xeno_bridge) by extensions ['colcon_pkg']
[2.042s] Level 1:colcon.colcon_core.package_identification:_identify(src/XRF2/XenoRosFramework/Ros/ros_xeno_bridge) by extension 'colcon_pkg'
[2.042s] Level 1:colcon.colcon_core.package_identification:_identify(src/XRF2/XenoRosFramework/Ros/ros_xeno_bridge) by extensions ['colcon_meta']
[2.042s] Level 1:colcon.colcon_core.package_identification:_identify(src/XRF2/XenoRosFramework/Ros/ros_xeno_bridge) by extension 'colcon_meta'
[2.042s] Level 1:colcon.colcon_core.package_identification:_identify(src/XRF2/XenoRosFramework/Ros/ros_xeno_bridge) by extensions ['ros']
[2.043s] Level 1:colcon.colcon_core.package_identification:_identify(src/XRF2/XenoRosFramework/Ros/ros_xeno_bridge) by extension 'ros'
[2.046s] DEBUG:colcon.colcon_core.package_identification:Package 'src/XRF2/XenoRosFramework/Ros/ros_xeno_bridge' with type 'ros.ament_cmake' and name 'ros_xeno_bridge'
[2.047s] Level 1:colcon.colcon_core.package_identification:_identify(src/XRF2/XenoRosFramework/Unit-Tests) by extensions ['ignore', 'ignore_ament_install']
[2.048s] Level 1:colcon.colcon_core.package_identification:_identify(src/XRF2/XenoRosFramework/Unit-Tests) by extension 'ignore'
[2.048s] Level 1:colcon.colcon_core.package_identification:_identify(src/XRF2/XenoRosFramework/Unit-Tests) by extension 'ignore_ament_install'
[2.049s] Level 1:colcon.colcon_core.package_identification:_identify(src/XRF2/XenoRosFramework/Unit-Tests) by extensions ['colcon_pkg']
[2.049s] Level 1:colcon.colcon_core.package_identification:_identify(src/XRF2/XenoRosFramework/Unit-Tests) by extension 'colcon_pkg'
[2.049s] Level 1:colcon.colcon_core.package_identification:_identify(src/XRF2/XenoRosFramework/Unit-Tests) by extensions ['colcon_meta']
[2.049s] Level 1:colcon.colcon_core.package_identification:_identify(src/XRF2/XenoRosFramework/Unit-Tests) by extension 'colcon_meta'
[2.050s] Level 1:colcon.colcon_core.package_identification:_identify(src/XRF2/XenoRosFramework/Unit-Tests) by extensions ['ros']
[2.050s] Level 1:colcon.colcon_core.package_identification:_identify(src/XRF2/XenoRosFramework/Unit-Tests) by extension 'ros'
[2.051s] Level 1:colcon.colcon_core.package_identification:_identify(src/XRF2/XenoRosFramework/Unit-Tests) by extensions ['cmake', 'python']
[2.051s] Level 1:colcon.colcon_core.package_identification:_identify(src/XRF2/XenoRosFramework/Unit-Tests) by extension 'cmake'
[2.051s] Level 1:colcon.colcon_core.package_identification:_identify(src/XRF2/XenoRosFramework/Unit-Tests) by extension 'python'
[2.052s] Level 1:colcon.colcon_core.package_identification:_identify(src/XRF2/XenoRosFramework/Unit-Tests) by extensions ['python_setup_py']
[2.052s] Level 1:colcon.colcon_core.package_identification:_identify(src/XRF2/XenoRosFramework/Unit-Tests) by extension 'python_setup_py'
[2.052s] Level 1:colcon.colcon_core.package_identification:_identify(src/XRF2/XenoRosFramework/Unit-Tests/IcoIo) by extensions ['ignore', 'ignore_ament_install']
[2.053s] Level 1:colcon.colcon_core.package_identification:_identify(src/XRF2/XenoRosFramework/Unit-Tests/IcoIo) by extension 'ignore'
[2.053s] Level 1:colcon.colcon_core.package_identification:_identify(src/XRF2/XenoRosFramework/Unit-Tests/IcoIo) ignored
[2.054s] Level 1:colcon.colcon_core.package_identification:_identify(src/XRF2/XenoRosFramework/Unit-Tests/Logger) by extensions ['ignore', 'ignore_ament_install']
[2.054s] Level 1:colcon.colcon_core.package_identification:_identify(src/XRF2/XenoRosFramework/Unit-Tests/Logger) by extension 'ignore'
[2.055s] Level 1:colcon.colcon_core.package_identification:_identify(src/XRF2/XenoRosFramework/Unit-Tests/Logger) ignored
[2.055s] Level 1:colcon.colcon_core.package_identification:_identify(src/XRF2/XenoRosFramework/Unit-Tests/Monitor) by extensions ['ignore', 'ignore_ament_install']
[2.056s] Level 1:colcon.colcon_core.package_identification:_identify(src/XRF2/XenoRosFramework/Unit-Tests/Monitor) by extension 'ignore'
[2.056s] Level 1:colcon.colcon_core.package_identification:_identify(src/XRF2/XenoRosFramework/Unit-Tests/Monitor) ignored
[2.056s] Level 1:colcon.colcon_core.package_identification:_identify(src/XRF2/XenoRosFramework/Xenomai) by extensions ['ignore', 'ignore_ament_install']
[2.057s] Level 1:colcon.colcon_core.package_identification:_identify(src/XRF2/XenoRosFramework/Xenomai) by extension 'ignore'
[2.057s] Level 1:colcon.colcon_core.package_identification:_identify(src/XRF2/XenoRosFramework/Xenomai) by extension 'ignore_ament_install'
[2.058s] Level 1:colcon.colcon_core.package_identification:_identify(src/XRF2/XenoRosFramework/Xenomai) by extensions ['colcon_pkg']
[2.058s] Level 1:colcon.colcon_core.package_identification:_identify(src/XRF2/XenoRosFramework/Xenomai) by extension 'colcon_pkg'
[2.058s] Level 1:colcon.colcon_core.package_identification:_identify(src/XRF2/XenoRosFramework/Xenomai) by extensions ['colcon_meta']
[2.058s] Level 1:colcon.colcon_core.package_identification:_identify(src/XRF2/XenoRosFramework/Xenomai) by extension 'colcon_meta'
[2.059s] Level 1:colcon.colcon_core.package_identification:_identify(src/XRF2/XenoRosFramework/Xenomai) by extensions ['ros']
[2.059s] Level 1:colcon.colcon_core.package_identification:_identify(src/XRF2/XenoRosFramework/Xenomai) by extension 'ros'
[2.060s] Level 1:colcon.colcon_core.package_identification:_identify(src/XRF2/XenoRosFramework/Xenomai) by extensions ['cmake', 'python']
[2.060s] Level 1:colcon.colcon_core.package_identification:_identify(src/XRF2/XenoRosFramework/Xenomai) by extension 'cmake'
[2.060s] Level 1:colcon.colcon_core.package_identification:_identify(src/XRF2/XenoRosFramework/Xenomai) by extension 'python'
[2.061s] Level 1:colcon.colcon_core.package_identification:_identify(src/XRF2/XenoRosFramework/Xenomai) by extensions ['python_setup_py']
[2.061s] Level 1:colcon.colcon_core.package_identification:_identify(src/XRF2/XenoRosFramework/Xenomai) by extension 'python_setup_py'
[2.062s] Level 1:colcon.colcon_core.package_identification:_identify(src/XRF2/XenoRosFramework/Xenomai/include) by extensions ['ignore', 'ignore_ament_install']
[2.062s] Level 1:colcon.colcon_core.package_identification:_identify(src/XRF2/XenoRosFramework/Xenomai/include) by extension 'ignore'
[2.062s] Level 1:colcon.colcon_core.package_identification:_identify(src/XRF2/XenoRosFramework/Xenomai/include) by extension 'ignore_ament_install'
[2.063s] Level 1:colcon.colcon_core.package_identification:_identify(src/XRF2/XenoRosFramework/Xenomai/include) by extensions ['colcon_pkg']
[2.063s] Level 1:colcon.colcon_core.package_identification:_identify(src/XRF2/XenoRosFramework/Xenomai/include) by extension 'colcon_pkg'
[2.063s] Level 1:colcon.colcon_core.package_identification:_identify(src/XRF2/XenoRosFramework/Xenomai/include) by extensions ['colcon_meta']
[2.064s] Level 1:colcon.colcon_core.package_identification:_identify(src/XRF2/XenoRosFramework/Xenomai/include) by extension 'colcon_meta'
[2.064s] Level 1:colcon.colcon_core.package_identification:_identify(src/XRF2/XenoRosFramework/Xenomai/include) by extensions ['ros']
[2.064s] Level 1:colcon.colcon_core.package_identification:_identify(src/XRF2/XenoRosFramework/Xenomai/include) by extension 'ros'
[2.065s] Level 1:colcon.colcon_core.package_identification:_identify(src/XRF2/XenoRosFramework/Xenomai/include) by extensions ['cmake', 'python']
[2.065s] Level 1:colcon.colcon_core.package_identification:_identify(src/XRF2/XenoRosFramework/Xenomai/include) by extension 'cmake'
[2.065s] Level 1:colcon.colcon_core.package_identification:_identify(src/XRF2/XenoRosFramework/Xenomai/include) by extension 'python'
[2.066s] Level 1:colcon.colcon_core.package_identification:_identify(src/XRF2/XenoRosFramework/Xenomai/include) by extensions ['python_setup_py']
[2.066s] Level 1:colcon.colcon_core.package_identification:_identify(src/XRF2/XenoRosFramework/Xenomai/include) by extension 'python_setup_py'
[2.067s] Level 1:colcon.colcon_core.package_identification:_identify(src/XRF2/XenoRosFramework/Xenomai/src) by extensions ['ignore', 'ignore_ament_install']
[2.067s] Level 1:colcon.colcon_core.package_identification:_identify(src/XRF2/XenoRosFramework/Xenomai/src) by extension 'ignore'
[2.067s] Level 1:colcon.colcon_core.package_identification:_identify(src/XRF2/XenoRosFramework/Xenomai/src) by extension 'ignore_ament_install'
[2.068s] Level 1:colcon.colcon_core.package_identification:_identify(src/XRF2/XenoRosFramework/Xenomai/src) by extensions ['colcon_pkg']
[2.068s] Level 1:colcon.colcon_core.package_identification:_identify(src/XRF2/XenoRosFramework/Xenomai/src) by extension 'colcon_pkg'
[2.068s] Level 1:colcon.colcon_core.package_identification:_identify(src/XRF2/XenoRosFramework/Xenomai/src) by extensions ['colcon_meta']
[2.069s] Level 1:colcon.colcon_core.package_identification:_identify(src/XRF2/XenoRosFramework/Xenomai/src) by extension 'colcon_meta'
[2.069s] Level 1:colcon.colcon_core.package_identification:_identify(src/XRF2/XenoRosFramework/Xenomai/src) by extensions ['ros']
[2.069s] Level 1:colcon.colcon_core.package_identification:_identify(src/XRF2/XenoRosFramework/Xenomai/src) by extension 'ros'
[2.070s] Level 1:colcon.colcon_core.package_identification:_identify(src/XRF2/XenoRosFramework/Xenomai/src) by extensions ['cmake', 'python']
[2.070s] Level 1:colcon.colcon_core.package_identification:_identify(src/XRF2/XenoRosFramework/Xenomai/src) by extension 'cmake'
[2.071s] Level 1:colcon.colcon_core.package_identification:_identify(src/XRF2/XenoRosFramework/Xenomai/src) by extension 'python'
[2.071s] Level 1:colcon.colcon_core.package_identification:_identify(src/XRF2/XenoRosFramework/Xenomai/src) by extensions ['python_setup_py']
[2.071s] Level 1:colcon.colcon_core.package_identification:_identify(src/XRF2/XenoRosFramework/Xenomai/src) by extension 'python_setup_py'
[2.072s] Level 1:colcon.colcon_core.package_identification:_identify(src/relbot_simulator) by extensions ['ignore', 'ignore_ament_install']
[2.072s] Level 1:colcon.colcon_core.package_identification:_identify(src/relbot_simulator) by extension 'ignore'
[2.073s] Level 1:colcon.colcon_core.package_identification:_identify(src/relbot_simulator) by extension 'ignore_ament_install'
[2.073s] Level 1:colcon.colcon_core.package_identification:_identify(src/relbot_simulator) by extensions ['colcon_pkg']
[2.073s] Level 1:colcon.colcon_core.package_identification:_identify(src/relbot_simulator) by extension 'colcon_pkg'
[2.074s] Level 1:colcon.colcon_core.package_identification:_identify(src/relbot_simulator) by extensions ['colcon_meta']
[2.074s] Level 1:colcon.colcon_core.package_identification:_identify(src/relbot_simulator) by extension 'colcon_meta'
[2.074s] Level 1:colcon.colcon_core.package_identification:_identify(src/relbot_simulator) by extensions ['ros']
[2.074s] Level 1:colcon.colcon_core.package_identification:_identify(src/relbot_simulator) by extension 'ros'
[2.078s] DEBUG:colcon.colcon_core.package_identification:Package 'src/relbot_simulator' with type 'ros.ament_cmake' and name 'relbot_simulator'
[2.079s] Level 1:colcon.colcon_core.package_identification:_identify(src/xcontroller) by extensions ['ignore', 'ignore_ament_install']
[2.079s] Level 1:colcon.colcon_core.package_identification:_identify(src/xcontroller) by extension 'ignore'
[2.080s] Level 1:colcon.colcon_core.package_identification:_identify(src/xcontroller) by extension 'ignore_ament_install'
[2.080s] Level 1:colcon.colcon_core.package_identification:_identify(src/xcontroller) by extensions ['colcon_pkg']
[2.080s] Level 1:colcon.colcon_core.package_identification:_identify(src/xcontroller) by extension 'colcon_pkg'
[2.081s] Level 1:colcon.colcon_core.package_identification:_identify(src/xcontroller) by extensions ['colcon_meta']
[2.081s] Level 1:colcon.colcon_core.package_identification:_identify(src/xcontroller) by extension 'colcon_meta'
[2.081s] Level 1:colcon.colcon_core.package_identification:_identify(src/xcontroller) by extensions ['ros']
[2.082s] Level 1:colcon.colcon_core.package_identification:_identify(src/xcontroller) by extension 'ros'
[2.082s] Level 1:colcon.colcon_core.package_identification:_identify(src/xcontroller) by extensions ['cmake', 'python']
[2.083s] Level 1:colcon.colcon_core.package_identification:_identify(src/xcontroller) by extension 'cmake'
[2.088s] Level 1:colcon.colcon_core.package_identification:_identify(src/xcontroller) by extension 'python'
[2.088s] DEBUG:colcon.colcon_core.package_identification:Package 'src/xcontroller' with type 'cmake' and name 'xcontroller'
[2.089s] Level 1:colcon.colcon_core.package_identification:_identify(xrf2_logging) by extensions ['ignore', 'ignore_ament_install']
[2.089s] Level 1:colcon.colcon_core.package_identification:_identify(xrf2_logging) by extension 'ignore'
[2.090s] Level 1:colcon.colcon_core.package_identification:_identify(xrf2_logging) by extension 'ignore_ament_install'
[2.090s] Level 1:colcon.colcon_core.package_identification:_identify(xrf2_logging) by extensions ['colcon_pkg']
[2.090s] Level 1:colcon.colcon_core.package_identification:_identify(xrf2_logging) by extension 'colcon_pkg'
[2.091s] Level 1:colcon.colcon_core.package_identification:_identify(xrf2_logging) by extensions ['colcon_meta']
[2.091s] Level 1:colcon.colcon_core.package_identification:_identify(xrf2_logging) by extension 'colcon_meta'
[2.091s] Level 1:colcon.colcon_core.package_identification:_identify(xrf2_logging) by extensions ['ros']
[2.092s] Level 1:colcon.colcon_core.package_identification:_identify(xrf2_logging) by extension 'ros'
[2.092s] Level 1:colcon.colcon_core.package_identification:_identify(xrf2_logging) by extensions ['cmake', 'python']
[2.093s] Level 1:colcon.colcon_core.package_identification:_identify(xrf2_logging) by extension 'cmake'
[2.093s] Level 1:colcon.colcon_core.package_identification:_identify(xrf2_logging) by extension 'python'
[2.093s] Level 1:colcon.colcon_core.package_identification:_identify(xrf2_logging) by extensions ['python_setup_py']
[2.094s] Level 1:colcon.colcon_core.package_identification:_identify(xrf2_logging) by extension 'python_setup_py'
[2.094s] Level 1:colcon.colcon_core.package_discovery:discover_packages(recursive) using defaults
[2.094s] Level 1:colcon.colcon_core.package_discovery:discover_packages(ignore) discover
[2.094s] Level 1:colcon.colcon_core.package_discovery:discover_packages(ignore) using defaults
[2.095s] Level 1:colcon.colcon_core.package_discovery:discover_packages(path) discover
[2.095s] Level 1:colcon.colcon_core.package_discovery:discover_packages(path) using defaults
[2.238s] Level 1:colcon.colcon_core.package_discovery:discover_packages(prefix_path) check parameters
[2.239s] Level 1:colcon.colcon_core.package_discovery:discover_packages(prefix_path) discover
[2.251s] DEBUG:colcon.colcon_installed_package_information.package_discovery:Found 4 installed packages in /home/asdfr-19/ros2_ws/install
[2.256s] DEBUG:colcon.colcon_installed_package_information.package_discovery:Found 271 installed packages in /opt/ros/humble
[2.262s] Level 1:colcon.colcon_core.package_discovery:discover_packages(prefix_path) using defaults
[2.401s] Level 5:colcon.colcon_core.verb:set package 'relbot_simulator' build argument 'cmake_args' from command line to 'None'
[2.402s] Level 5:colcon.colcon_core.verb:set package 'relbot_simulator' build argument 'cmake_target' from command line to 'None'
[2.402s] Level 5:colcon.colcon_core.verb:set package 'relbot_simulator' build argument 'cmake_target_skip_unavailable' from command line to 'False'
[2.402s] Level 5:colcon.colcon_core.verb:set package 'relbot_simulator' build argument 'cmake_clean_cache' from command line to 'False'
[2.403s] Level 5:colcon.colcon_core.verb:set package 'relbot_simulator' build argument 'cmake_clean_first' from command line to 'False'
[2.403s] Level 5:colcon.colcon_core.verb:set package 'relbot_simulator' build argument 'cmake_force_configure' from command line to 'False'
[2.403s] Level 5:colcon.colcon_core.verb:set package 'relbot_simulator' build argument 'ament_cmake_args' from command line to 'None'
[2.403s] Level 5:colcon.colcon_core.verb:set package 'relbot_simulator' build argument 'catkin_cmake_args' from command line to 'None'
[2.403s] Level 5:colcon.colcon_core.verb:set package 'relbot_simulator' build argument 'catkin_skip_building_tests' from command line to 'False'
[2.404s] DEBUG:colcon.colcon_core.verb:Building package 'relbot_simulator' with the following arguments: {'ament_cmake_args': None, 'build_base': '/home/asdfr-19/ros2_ws/build/relbot_simulator', 'catkin_cmake_args': None, 'catkin_skip_building_tests': False, 'cmake_args': None, 'cmake_clean_cache': False, 'cmake_clean_first': False, 'cmake_force_configure': False, 'cmake_target': None, 'cmake_target_skip_unavailable': False, 'install_base': '/home/asdfr-19/ros2_ws/install/relbot_simulator', 'merge_install': False, 'path': '/home/asdfr-19/ros2_ws/src/relbot_simulator', 'symlink_install': False, 'test_result_base': None}
[2.405s] Level 5:colcon.colcon_core.verb:set package 'xrf2_msgs' build argument 'cmake_args' from command line to 'None'
[2.406s] Level 5:colcon.colcon_core.verb:set package 'xrf2_msgs' build argument 'cmake_target' from command line to 'None'
[2.406s] Level 5:colcon.colcon_core.verb:set package 'xrf2_msgs' build argument 'cmake_target_skip_unavailable' from command line to 'False'
[2.406s] Level 5:colcon.colcon_core.verb:set package 'xrf2_msgs' build argument 'cmake_clean_cache' from command line to 'False'
[2.407s] Level 5:colcon.colcon_core.verb:set package 'xrf2_msgs' build argument 'cmake_clean_first' from command line to 'False'
[2.407s] Level 5:colcon.colcon_core.verb:set package 'xrf2_msgs' build argument 'cmake_force_configure' from command line to 'False'
[2.407s] Level 5:colcon.colcon_core.verb:set package 'xrf2_msgs' build argument 'ament_cmake_args' from command line to 'None'
[2.407s] Level 5:colcon.colcon_core.verb:set package 'xrf2_msgs' build argument 'catkin_cmake_args' from command line to 'None'
[2.407s] Level 5:colcon.colcon_core.verb:set package 'xrf2_msgs' build argument 'catkin_skip_building_tests' from command line to 'False'
[2.408s] DEBUG:colcon.colcon_core.verb:Building package 'xrf2_msgs' with the following arguments: {'ament_cmake_args': None, 'build_base': '/home/asdfr-19/ros2_ws/build/xrf2_msgs', 'catkin_cmake_args': None, 'catkin_skip_building_tests': False, 'cmake_args': None, 'cmake_clean_cache': False, 'cmake_clean_first': False, 'cmake_force_configure': False, 'cmake_target': None, 'cmake_target_skip_unavailable': False, 'install_base': '/home/asdfr-19/ros2_ws/install/xrf2_msgs', 'merge_install': False, 'path': '/home/asdfr-19/ros2_ws/src/XRF2/XenoRosFramework/Common/XRF2_msgs', 'symlink_install': False, 'test_result_base': None}
[2.409s] Level 5:colcon.colcon_core.verb:set package 'ros_xeno_bridge' build argument 'cmake_args' from command line to 'None'
[2.410s] Level 5:colcon.colcon_core.verb:set package 'ros_xeno_bridge' build argument 'cmake_target' from command line to 'None'
[2.410s] Level 5:colcon.colcon_core.verb:set package 'ros_xeno_bridge' build argument 'cmake_target_skip_unavailable' from command line to 'False'
[2.410s] Level 5:colcon.colcon_core.verb:set package 'ros_xeno_bridge' build argument 'cmake_clean_cache' from command line to 'False'
[2.410s] Level 5:colcon.colcon_core.verb:set package 'ros_xeno_bridge' build argument 'cmake_clean_first' from command line to 'False'
[2.411s] Level 5:colcon.colcon_core.verb:set package 'ros_xeno_bridge' build argument 'cmake_force_configure' from command line to 'False'
[2.411s] Level 5:colcon.colcon_core.verb:set package 'ros_xeno_bridge' build argument 'ament_cmake_args' from command line to 'None'
[2.411s] Level 5:colcon.colcon_core.verb:set package 'ros_xeno_bridge' build argument 'catkin_cmake_args' from command line to 'None'
[2.411s] Level 5:colcon.colcon_core.verb:set package 'ros_xeno_bridge' build argument 'catkin_skip_building_tests' from command line to 'False'
[2.411s] DEBUG:colcon.colcon_core.verb:Building package 'ros_xeno_bridge' with the following arguments: {'ament_cmake_args': None, 'build_base': '/home/asdfr-19/ros2_ws/build/ros_xeno_bridge', 'catkin_cmake_args': None, 'catkin_skip_building_tests': False, 'cmake_args': None, 'cmake_clean_cache': False, 'cmake_clean_first': False, 'cmake_force_configure': False, 'cmake_target': None, 'cmake_target_skip_unavailable': False, 'install_base': '/home/asdfr-19/ros2_ws/install/ros_xeno_bridge', 'merge_install': False, 'path': '/home/asdfr-19/ros2_ws/src/XRF2/XenoRosFramework/Ros/ros_xeno_bridge', 'symlink_install': False, 'test_result_base': None}
[2.413s] Level 5:colcon.colcon_core.verb:set package 'xcontroller' build argument 'cmake_args' from command line to 'None'
[2.413s] Level 5:colcon.colcon_core.verb:set package 'xcontroller' build argument 'cmake_target' from command line to 'None'
[2.414s] Level 5:colcon.colcon_core.verb:set package 'xcontroller' build argument 'cmake_target_skip_unavailable' from command line to 'False'
[2.414s] Level 5:colcon.colcon_core.verb:set package 'xcontroller' build argument 'cmake_clean_cache' from command line to 'False'
[2.414s] Level 5:colcon.colcon_core.verb:set package 'xcontroller' build argument 'cmake_clean_first' from command line to 'False'
[2.414s] Level 5:colcon.colcon_core.verb:set package 'xcontroller' build argument 'cmake_force_configure' from command line to 'False'
[2.414s] Level 5:colcon.colcon_core.verb:set package 'xcontroller' build argument 'ament_cmake_args' from command line to 'None'
[2.415s] Level 5:colcon.colcon_core.verb:set package 'xcontroller' build argument 'catkin_cmake_args' from command line to 'None'
[2.415s] Level 5:colcon.colcon_core.verb:set package 'xcontroller' build argument 'catkin_skip_building_tests' from command line to 'False'
[2.415s] DEBUG:colcon.colcon_core.verb:Building package 'xcontroller' with the following arguments: {'ament_cmake_args': None, 'build_base': '/home/asdfr-19/ros2_ws/build/xcontroller', 'catkin_cmake_args': None, 'catkin_skip_building_tests': False, 'cmake_args': None, 'cmake_clean_cache': False, 'cmake_clean_first': False, 'cmake_force_configure': False, 'cmake_target': None, 'cmake_target_skip_unavailable': False, 'install_base': '/home/asdfr-19/ros2_ws/install/xcontroller', 'merge_install': False, 'path': '/home/asdfr-19/ros2_ws/src/xcontroller', 'symlink_install': False, 'test_result_base': None}
[2.416s] INFO:colcon.colcon_core.executor:Executing jobs using 'parallel' executor
[2.419s] DEBUG:colcon.colcon_parallel_executor.executor.parallel:run_until_complete
[2.420s] INFO:colcon.colcon_ros.task.ament_cmake.build:Building ROS package in '/home/asdfr-19/ros2_ws/src/XRF2/XenoRosFramework/Common/XRF2_msgs' with build type 'ament_cmake'
[2.421s] INFO:colcon.colcon_cmake.task.cmake.build:Building CMake package in '/home/asdfr-19/ros2_ws/src/XRF2/XenoRosFramework/Common/XRF2_msgs'
[2.437s] INFO:colcon.colcon_core.plugin_system:Skipping extension 'colcon_core.shell.bat': Not used on non-Windows systems
[2.437s] INFO:colcon.colcon_core.shell:Skip shell extension 'powershell' for command environment: Not usable outside of PowerShell
[2.438s] DEBUG:colcon.colcon_core.shell:Skip shell extension 'dsv' for command environment
[2.451s] INFO:colcon.colcon_ros.task.ament_cmake.build:Building ROS package in '/home/asdfr-19/ros2_ws/src/relbot_simulator' with build type 'ament_cmake'
[2.452s] INFO:colcon.colcon_cmake.task.cmake.build:Building CMake package in '/home/asdfr-19/ros2_ws/src/relbot_simulator'
[2.453s] INFO:colcon.colcon_core.shell:Skip shell extension 'powershell' for command environment: Not usable outside of PowerShell
[2.454s] DEBUG:colcon.colcon_core.shell:Skip shell extension 'dsv' for command environment
[2.485s] DEBUG:colcon.colcon_core.event_handler.log_command:Invoking command in '/home/asdfr-19/ros2_ws/build/xrf2_msgs': CMAKE_PREFIX_PATH=${CMAKE_PREFIX_PATH}:/opt/ros/humble /usr/bin/cmake --build /home/asdfr-19/ros2_ws/build/xrf2_msgs -- -j3 -l3
[2.496s] DEBUG:colcon.colcon_core.event_handler.log_command:Invoking command in '/home/asdfr-19/ros2_ws/build/relbot_simulator': CMAKE_PREFIX_PATH=${CMAKE_PREFIX_PATH}:/opt/ros/humble /usr/bin/cmake --build /home/asdfr-19/ros2_ws/build/relbot_simulator -- -j3 -l3
[24.394s] DEBUG:colcon.colcon_core.event_handler.log_command:Invoked command in '/home/asdfr-19/ros2_ws/build/xrf2_msgs' returned '0': CMAKE_PREFIX_PATH=${CMAKE_PREFIX_PATH}:/opt/ros/humble /usr/bin/cmake --build /home/asdfr-19/ros2_ws/build/xrf2_msgs -- -j3 -l3
[24.447s] DEBUG:colcon.colcon_core.event_handler.log_command:Invoking command in '/home/asdfr-19/ros2_ws/build/xrf2_msgs': CMAKE_PREFIX_PATH=${CMAKE_PREFIX_PATH}:/opt/ros/humble /usr/bin/cmake --install /home/asdfr-19/ros2_ws/build/xrf2_msgs
[25.277s] Level 1:colcon.colcon_core.environment:create_environment_scripts_only(xrf2_msgs)
[25.300s] DEBUG:colcon.colcon_core.event_handler.log_command:Invoked command in '/home/asdfr-19/ros2_ws/build/xrf2_msgs' returned '0': CMAKE_PREFIX_PATH=${CMAKE_PREFIX_PATH}:/opt/ros/humble /usr/bin/cmake --install /home/asdfr-19/ros2_ws/build/xrf2_msgs
[25.330s] Level 1:colcon.colcon_core.environment:checking '/home/asdfr-19/ros2_ws/install/xrf2_msgs' for CMake module files
[25.349s] Level 1:colcon.colcon_core.environment:checking '/home/asdfr-19/ros2_ws/install/xrf2_msgs' for CMake config files
[25.354s] Level 1:colcon.colcon_core.shell:create_environment_hook('xrf2_msgs', 'cmake_prefix_path')
[25.357s] INFO:colcon.colcon_core.shell:Creating environment hook '/home/asdfr-19/ros2_ws/install/xrf2_msgs/share/xrf2_msgs/hook/cmake_prefix_path.ps1'
[25.380s] INFO:colcon.colcon_core.shell:Creating environment descriptor '/home/asdfr-19/ros2_ws/install/xrf2_msgs/share/xrf2_msgs/hook/cmake_prefix_path.dsv'
[25.388s] INFO:colcon.colcon_core.shell:Creating environment hook '/home/asdfr-19/ros2_ws/install/xrf2_msgs/share/xrf2_msgs/hook/cmake_prefix_path.sh'
[25.399s] Level 1:colcon.colcon_core.environment:checking '/home/asdfr-19/ros2_ws/install/xrf2_msgs/lib'
[25.400s] Level 1:colcon.colcon_core.shell:create_environment_hook('xrf2_msgs', 'ld_library_path_lib')
[25.402s] INFO:colcon.colcon_core.shell:Creating environment hook '/home/asdfr-19/ros2_ws/install/xrf2_msgs/share/xrf2_msgs/hook/ld_library_path_lib.ps1'
[25.417s] INFO:colcon.colcon_core.shell:Creating environment descriptor '/home/asdfr-19/ros2_ws/install/xrf2_msgs/share/xrf2_msgs/hook/ld_library_path_lib.dsv'
[25.421s] INFO:colcon.colcon_core.shell:Creating environment hook '/home/asdfr-19/ros2_ws/install/xrf2_msgs/share/xrf2_msgs/hook/ld_library_path_lib.sh'
[25.424s] Level 1:colcon.colcon_core.environment:checking '/home/asdfr-19/ros2_ws/install/xrf2_msgs/bin'
[25.425s] Level 1:colcon.colcon_core.environment:checking '/home/asdfr-19/ros2_ws/install/xrf2_msgs/lib/pkgconfig/xrf2_msgs.pc'
[25.427s] Level 1:colcon.colcon_core.environment:checking '/home/asdfr-19/ros2_ws/install/xrf2_msgs/lib/python3.10/site-packages'
[25.429s] Level 1:colcon.colcon_core.environment:checking '/home/asdfr-19/ros2_ws/install/xrf2_msgs/bin'
[25.443s] INFO:colcon.colcon_core.shell:Creating package script '/home/asdfr-19/ros2_ws/install/xrf2_msgs/share/xrf2_msgs/package.ps1'
[25.452s] INFO:colcon.colcon_core.shell:Creating package descriptor '/home/asdfr-19/ros2_ws/install/xrf2_msgs/share/xrf2_msgs/package.dsv'
[25.470s] INFO:colcon.colcon_core.shell:Creating package script '/home/asdfr-19/ros2_ws/install/xrf2_msgs/share/xrf2_msgs/package.sh'
[25.482s] INFO:colcon.colcon_core.shell:Creating package script '/home/asdfr-19/ros2_ws/install/xrf2_msgs/share/xrf2_msgs/package.bash'
[25.499s] INFO:colcon.colcon_core.shell:Creating package script '/home/asdfr-19/ros2_ws/install/xrf2_msgs/share/xrf2_msgs/package.zsh'
[25.515s] Level 1:colcon.colcon_core.environment:create_file_with_runtime_dependencies(/home/asdfr-19/ros2_ws/install/xrf2_msgs/share/colcon-core/packages/xrf2_msgs)
[25.519s] Level 1:colcon.colcon_core.environment:create_environment_scripts_only(xrf2_msgs)
[25.521s] Level 1:colcon.colcon_core.environment:checking '/home/asdfr-19/ros2_ws/install/xrf2_msgs' for CMake module files
[25.536s] Level 1:colcon.colcon_core.environment:checking '/home/asdfr-19/ros2_ws/install/xrf2_msgs' for CMake config files
[25.540s] Level 1:colcon.colcon_core.shell:create_environment_hook('xrf2_msgs', 'cmake_prefix_path')
[25.542s] INFO:colcon.colcon_core.shell:Creating environment hook '/home/asdfr-19/ros2_ws/install/xrf2_msgs/share/xrf2_msgs/hook/cmake_prefix_path.ps1'
[25.544s] INFO:colcon.colcon_core.shell:Creating environment descriptor '/home/asdfr-19/ros2_ws/install/xrf2_msgs/share/xrf2_msgs/hook/cmake_prefix_path.dsv'
[25.559s] INFO:colcon.colcon_core.shell:Creating environment hook '/home/asdfr-19/ros2_ws/install/xrf2_msgs/share/xrf2_msgs/hook/cmake_prefix_path.sh'
[25.563s] Level 1:colcon.colcon_core.environment:checking '/home/asdfr-19/ros2_ws/install/xrf2_msgs/lib'
[25.564s] Level 1:colcon.colcon_core.shell:create_environment_hook('xrf2_msgs', 'ld_library_path_lib')
[25.566s] INFO:colcon.colcon_core.shell:Creating environment hook '/home/asdfr-19/ros2_ws/install/xrf2_msgs/share/xrf2_msgs/hook/ld_library_path_lib.ps1'
[25.569s] INFO:colcon.colcon_core.shell:Creating environment descriptor '/home/asdfr-19/ros2_ws/install/xrf2_msgs/share/xrf2_msgs/hook/ld_library_path_lib.dsv'
[25.584s] INFO:colcon.colcon_core.shell:Creating environment hook '/home/asdfr-19/ros2_ws/install/xrf2_msgs/share/xrf2_msgs/hook/ld_library_path_lib.sh'
[25.588s] Level 1:colcon.colcon_core.environment:checking '/home/asdfr-19/ros2_ws/install/xrf2_msgs/bin'
[25.589s] Level 1:colcon.colcon_core.environment:checking '/home/asdfr-19/ros2_ws/install/xrf2_msgs/lib/pkgconfig/xrf2_msgs.pc'
[25.590s] Level 1:colcon.colcon_core.environment:checking '/home/asdfr-19/ros2_ws/install/xrf2_msgs/lib/python3.10/site-packages'
[25.593s] Level 1:colcon.colcon_core.environment:checking '/home/asdfr-19/ros2_ws/install/xrf2_msgs/bin'
[25.604s] INFO:colcon.colcon_core.shell:Creating package script '/home/asdfr-19/ros2_ws/install/xrf2_msgs/share/xrf2_msgs/package.ps1'
[25.609s] INFO:colcon.colcon_core.shell:Creating package descriptor '/home/asdfr-19/ros2_ws/install/xrf2_msgs/share/xrf2_msgs/package.dsv'
[25.613s] INFO:colcon.colcon_core.shell:Creating package script '/home/asdfr-19/ros2_ws/install/xrf2_msgs/share/xrf2_msgs/package.sh'
[25.618s] INFO:colcon.colcon_core.shell:Creating package script '/home/asdfr-19/ros2_ws/install/xrf2_msgs/share/xrf2_msgs/package.bash'
[25.622s] INFO:colcon.colcon_core.shell:Creating package script '/home/asdfr-19/ros2_ws/install/xrf2_msgs/share/xrf2_msgs/package.zsh'
[25.625s] Level 1:colcon.colcon_core.environment:create_file_with_runtime_dependencies(/home/asdfr-19/ros2_ws/install/xrf2_msgs/share/colcon-core/packages/xrf2_msgs)
[25.632s] INFO:colcon.colcon_ros.task.ament_cmake.build:Building ROS package in '/home/asdfr-19/ros2_ws/src/XRF2/XenoRosFramework/Ros/ros_xeno_bridge' with build type 'ament_cmake'
[25.634s] INFO:colcon.colcon_cmake.task.cmake.build:Building CMake package in '/home/asdfr-19/ros2_ws/src/XRF2/XenoRosFramework/Ros/ros_xeno_bridge'
[25.635s] INFO:colcon.colcon_core.shell:Skip shell extension 'powershell' for command environment: Not usable outside of PowerShell
[25.636s] DEBUG:colcon.colcon_core.shell:Skip shell extension 'dsv' for command environment
[25.664s] INFO:colcon.colcon_cmake.task.cmake.build:Building CMake package in '/home/asdfr-19/ros2_ws/src/xcontroller'
[25.666s] INFO:colcon.colcon_core.shell:Skip shell extension 'powershell' for command environment: Not usable outside of PowerShell
[25.667s] DEBUG:colcon.colcon_core.shell:Skip shell extension 'dsv' for command environment
[25.720s] DEBUG:colcon.colcon_core.event_handler.log_command:Invoking command in '/home/asdfr-19/ros2_ws/build/ros_xeno_bridge': CMAKE_PREFIX_PATH=/home/asdfr-19/ros2_ws/install/xrf2_msgs:/home/asdfr-19/ros2_ws/install/ros_xeno_bridge:/home/asdfr-19/ros2_ws/install/relbot_simulator:/opt/ros/humble /usr/bin/cmake --build /home/asdfr-19/ros2_ws/build/ros_xeno_bridge -- -j3 -l3
[25.758s] DEBUG:colcon.colcon_core.event_handler.log_command:Invoking command in '/home/asdfr-19/ros2_ws/build/xcontroller': CMAKE_PREFIX_PATH=/home/asdfr-19/ros2_ws/install/xrf2_msgs:/home/asdfr-19/ros2_ws/install/ros_xeno_bridge:/home/asdfr-19/ros2_ws/install/relbot_simulator /usr/bin/cmake --build /home/asdfr-19/ros2_ws/build/xcontroller -- -j3 -l3
[80.151s] DEBUG:colcon.colcon_core.event_handler.log_command:Invoked command in '/home/asdfr-19/ros2_ws/build/xcontroller' returned '0': CMAKE_PREFIX_PATH=/home/asdfr-19/ros2_ws/install/xrf2_msgs:/home/asdfr-19/ros2_ws/install/ros_xeno_bridge:/home/asdfr-19/ros2_ws/install/relbot_simulator /usr/bin/cmake --build /home/asdfr-19/ros2_ws/build/xcontroller -- -j3 -l3
[80.149s] WARNING:colcon.colcon_cmake.task.cmake.build:Could not run installation step for package 'xcontroller' because it has no 'install' target
[80.152s] Level 1:colcon.colcon_core.environment:create_environment_scripts_only(xcontroller)
[80.154s] Level 1:colcon.colcon_core.environment:checking '/home/asdfr-19/ros2_ws/install/xcontroller' for CMake module files
[80.156s] Level 1:colcon.colcon_core.environment:checking '/home/asdfr-19/ros2_ws/install/xcontroller' for CMake config files
[80.158s] Level 1:colcon.colcon_core.environment:checking '/home/asdfr-19/ros2_ws/install/xcontroller/bin'
[80.159s] Level 1:colcon.colcon_core.environment:checking '/home/asdfr-19/ros2_ws/install/xcontroller/lib/pkgconfig/xcontroller.pc'
[80.160s] Level 1:colcon.colcon_core.environment:checking '/home/asdfr-19/ros2_ws/install/xcontroller/lib/python3.10/site-packages'
[80.170s] Level 1:colcon.colcon_core.environment:checking '/home/asdfr-19/ros2_ws/install/xcontroller/bin'
[80.172s] INFO:colcon.colcon_core.shell:Creating package script '/home/asdfr-19/ros2_ws/install/xcontroller/share/xcontroller/package.ps1'
[80.176s] INFO:colcon.colcon_core.shell:Creating package descriptor '/home/asdfr-19/ros2_ws/install/xcontroller/share/xcontroller/package.dsv'
[80.190s] INFO:colcon.colcon_core.shell:Creating package script '/home/asdfr-19/ros2_ws/install/xcontroller/share/xcontroller/package.sh'
[80.193s] INFO:colcon.colcon_core.shell:Creating package script '/home/asdfr-19/ros2_ws/install/xcontroller/share/xcontroller/package.bash'
[80.196s] INFO:colcon.colcon_core.shell:Creating package script '/home/asdfr-19/ros2_ws/install/xcontroller/share/xcontroller/package.zsh'
[80.198s] Level 1:colcon.colcon_core.environment:create_file_with_runtime_dependencies(/home/asdfr-19/ros2_ws/install/xcontroller/share/colcon-core/packages/xcontroller)
[111.751s] DEBUG:colcon.colcon_core.event_handler.log_command:Invoked command in '/home/asdfr-19/ros2_ws/build/ros_xeno_bridge' returned '0': CMAKE_PREFIX_PATH=/home/asdfr-19/ros2_ws/install/xrf2_msgs:/home/asdfr-19/ros2_ws/install/ros_xeno_bridge:/home/asdfr-19/ros2_ws/install/relbot_simulator:/opt/ros/humble /usr/bin/cmake --build /home/asdfr-19/ros2_ws/build/ros_xeno_bridge -- -j3 -l3
[111.757s] DEBUG:colcon.colcon_core.event_handler.log_command:Invoking command in '/home/asdfr-19/ros2_ws/build/ros_xeno_bridge': CMAKE_PREFIX_PATH=/home/asdfr-19/ros2_ws/install/xrf2_msgs:/home/asdfr-19/ros2_ws/install/ros_xeno_bridge:/home/asdfr-19/ros2_ws/install/relbot_simulator:/opt/ros/humble /usr/bin/cmake --install /home/asdfr-19/ros2_ws/build/ros_xeno_bridge
[112.025s] Level 1:colcon.colcon_core.environment:create_environment_scripts_only(ros_xeno_bridge)
[112.026s] Level 1:colcon.colcon_core.environment:checking '/home/asdfr-19/ros2_ws/install/ros_xeno_bridge' for CMake module files
[112.028s] Level 1:colcon.colcon_core.environment:checking '/home/asdfr-19/ros2_ws/install/ros_xeno_bridge' for CMake config files
[112.029s] Level 1:colcon.colcon_core.shell:create_environment_hook('ros_xeno_bridge', 'cmake_prefix_path')
[112.030s] INFO:colcon.colcon_core.shell:Creating environment hook '/home/asdfr-19/ros2_ws/install/ros_xeno_bridge/share/ros_xeno_bridge/hook/cmake_prefix_path.ps1'
[112.033s] INFO:colcon.colcon_core.shell:Creating environment descriptor '/home/asdfr-19/ros2_ws/install/ros_xeno_bridge/share/ros_xeno_bridge/hook/cmake_prefix_path.dsv'
[112.036s] INFO:colcon.colcon_core.shell:Creating environment hook '/home/asdfr-19/ros2_ws/install/ros_xeno_bridge/share/ros_xeno_bridge/hook/cmake_prefix_path.sh'
[112.038s] DEBUG:colcon.colcon_core.event_handler.log_command:Invoked command in '/home/asdfr-19/ros2_ws/build/ros_xeno_bridge' returned '0': CMAKE_PREFIX_PATH=/home/asdfr-19/ros2_ws/install/xrf2_msgs:/home/asdfr-19/ros2_ws/install/ros_xeno_bridge:/home/asdfr-19/ros2_ws/install/relbot_simulator:/opt/ros/humble /usr/bin/cmake --install /home/asdfr-19/ros2_ws/build/ros_xeno_bridge
[112.039s] Level 1:colcon.colcon_core.environment:checking '/home/asdfr-19/ros2_ws/install/ros_xeno_bridge/lib'
[112.040s] Level 1:colcon.colcon_core.environment:checking '/home/asdfr-19/ros2_ws/install/ros_xeno_bridge/bin'
[112.040s] Level 1:colcon.colcon_core.environment:checking '/home/asdfr-19/ros2_ws/install/ros_xeno_bridge/lib/pkgconfig/ros_xeno_bridge.pc'
[112.041s] Level 1:colcon.colcon_core.environment:checking '/home/asdfr-19/ros2_ws/install/ros_xeno_bridge/lib/python3.10/site-packages'
[112.043s] Level 1:colcon.colcon_core.environment:checking '/home/asdfr-19/ros2_ws/install/ros_xeno_bridge/bin'
[112.044s] INFO:colcon.colcon_core.shell:Creating package script '/home/asdfr-19/ros2_ws/install/ros_xeno_bridge/share/ros_xeno_bridge/package.ps1'
[112.047s] INFO:colcon.colcon_core.shell:Creating package descriptor '/home/asdfr-19/ros2_ws/install/ros_xeno_bridge/share/ros_xeno_bridge/package.dsv'
[112.049s] INFO:colcon.colcon_core.shell:Creating package script '/home/asdfr-19/ros2_ws/install/ros_xeno_bridge/share/ros_xeno_bridge/package.sh'
[112.052s] INFO:colcon.colcon_core.shell:Creating package script '/home/asdfr-19/ros2_ws/install/ros_xeno_bridge/share/ros_xeno_bridge/package.bash'
[112.055s] INFO:colcon.colcon_core.shell:Creating package script '/home/asdfr-19/ros2_ws/install/ros_xeno_bridge/share/ros_xeno_bridge/package.zsh'
[112.057s] Level 1:colcon.colcon_core.environment:create_file_with_runtime_dependencies(/home/asdfr-19/ros2_ws/install/ros_xeno_bridge/share/colcon-core/packages/ros_xeno_bridge)
[112.059s] Level 1:colcon.colcon_core.environment:create_environment_scripts_only(ros_xeno_bridge)
[112.061s] Level 1:colcon.colcon_core.environment:checking '/home/asdfr-19/ros2_ws/install/ros_xeno_bridge' for CMake module files
[112.063s] Level 1:colcon.colcon_core.environment:checking '/home/asdfr-19/ros2_ws/install/ros_xeno_bridge' for CMake config files
[112.064s] Level 1:colcon.colcon_core.shell:create_environment_hook('ros_xeno_bridge', 'cmake_prefix_path')
[112.065s] INFO:colcon.colcon_core.shell:Creating environment hook '/home/asdfr-19/ros2_ws/install/ros_xeno_bridge/share/ros_xeno_bridge/hook/cmake_prefix_path.ps1'
[112.067s] INFO:colcon.colcon_core.shell:Creating environment descriptor '/home/asdfr-19/ros2_ws/install/ros_xeno_bridge/share/ros_xeno_bridge/hook/cmake_prefix_path.dsv'
[112.069s] INFO:colcon.colcon_core.shell:Creating environment hook '/home/asdfr-19/ros2_ws/install/ros_xeno_bridge/share/ros_xeno_bridge/hook/cmake_prefix_path.sh'
[112.072s] Level 1:colcon.colcon_core.environment:checking '/home/asdfr-19/ros2_ws/install/ros_xeno_bridge/lib'
[112.073s] Level 1:colcon.colcon_core.environment:checking '/home/asdfr-19/ros2_ws/install/ros_xeno_bridge/bin'
[112.073s] Level 1:colcon.colcon_core.environment:checking '/home/asdfr-19/ros2_ws/install/ros_xeno_bridge/lib/pkgconfig/ros_xeno_bridge.pc'
[112.074s] Level 1:colcon.colcon_core.environment:checking '/home/asdfr-19/ros2_ws/install/ros_xeno_bridge/lib/python3.10/site-packages'
[112.075s] Level 1:colcon.colcon_core.environment:checking '/home/asdfr-19/ros2_ws/install/ros_xeno_bridge/bin'
[112.077s] INFO:colcon.colcon_core.shell:Creating package script '/home/asdfr-19/ros2_ws/install/ros_xeno_bridge/share/ros_xeno_bridge/package.ps1'
[112.079s] INFO:colcon.colcon_core.shell:Creating package descriptor '/home/asdfr-19/ros2_ws/install/ros_xeno_bridge/share/ros_xeno_bridge/package.dsv'
[112.082s] INFO:colcon.colcon_core.shell:Creating package script '/home/asdfr-19/ros2_ws/install/ros_xeno_bridge/share/ros_xeno_bridge/package.sh'
[112.084s] INFO:colcon.colcon_core.shell:Creating package script '/home/asdfr-19/ros2_ws/install/ros_xeno_bridge/share/ros_xeno_bridge/package.bash'
[112.087s] INFO:colcon.colcon_core.shell:Creating package script '/home/asdfr-19/ros2_ws/install/ros_xeno_bridge/share/ros_xeno_bridge/package.zsh'
[112.089s] Level 1:colcon.colcon_core.environment:create_file_with_runtime_dependencies(/home/asdfr-19/ros2_ws/install/ros_xeno_bridge/share/colcon-core/packages/ros_xeno_bridge)
[125.501s] DEBUG:colcon.colcon_core.event_handler.log_command:Invoked command in '/home/asdfr-19/ros2_ws/build/relbot_simulator' returned '0': CMAKE_PREFIX_PATH=${CMAKE_PREFIX_PATH}:/opt/ros/humble /usr/bin/cmake --build /home/asdfr-19/ros2_ws/build/relbot_simulator -- -j3 -l3
[125.511s] DEBUG:colcon.colcon_core.event_handler.log_command:Invoking command in '/home/asdfr-19/ros2_ws/build/relbot_simulator': CMAKE_PREFIX_PATH=${CMAKE_PREFIX_PATH}:/opt/ros/humble /usr/bin/cmake --install /home/asdfr-19/ros2_ws/build/relbot_simulator
[126.169s] Level 1:colcon.colcon_core.environment:create_environment_scripts_only(relbot_simulator)
[126.171s] Level 1:colcon.colcon_core.environment:checking '/home/asdfr-19/ros2_ws/install/relbot_simulator' for CMake module files
[126.174s] DEBUG:colcon.colcon_core.event_handler.log_command:Invoked command in '/home/asdfr-19/ros2_ws/build/relbot_simulator' returned '0': CMAKE_PREFIX_PATH=${CMAKE_PREFIX_PATH}:/opt/ros/humble /usr/bin/cmake --install /home/asdfr-19/ros2_ws/build/relbot_simulator
[126.176s] Level 1:colcon.colcon_core.environment:checking '/home/asdfr-19/ros2_ws/install/relbot_simulator' for CMake config files
[126.177s] Level 1:colcon.colcon_core.shell:create_environment_hook('relbot_simulator', 'cmake_prefix_path')
[126.179s] INFO:colcon.colcon_core.shell:Creating environment hook '/home/asdfr-19/ros2_ws/install/relbot_simulator/share/relbot_simulator/hook/cmake_prefix_path.ps1'
[126.182s] INFO:colcon.colcon_core.shell:Creating environment descriptor '/home/asdfr-19/ros2_ws/install/relbot_simulator/share/relbot_simulator/hook/cmake_prefix_path.dsv'
[126.185s] INFO:colcon.colcon_core.shell:Creating environment hook '/home/asdfr-19/ros2_ws/install/relbot_simulator/share/relbot_simulator/hook/cmake_prefix_path.sh'
[126.188s] Level 1:colcon.colcon_core.environment:checking '/home/asdfr-19/ros2_ws/install/relbot_simulator/lib'
[126.189s] Level 1:colcon.colcon_core.environment:checking '/home/asdfr-19/ros2_ws/install/relbot_simulator/bin'
[126.190s] Level 1:colcon.colcon_core.environment:checking '/home/asdfr-19/ros2_ws/install/relbot_simulator/lib/pkgconfig/relbot_simulator.pc'
[126.191s] Level 1:colcon.colcon_core.environment:checking '/home/asdfr-19/ros2_ws/install/relbot_simulator/lib/python3.10/site-packages'
[126.193s] Level 1:colcon.colcon_core.environment:checking '/home/asdfr-19/ros2_ws/install/relbot_simulator/bin'
[126.194s] INFO:colcon.colcon_core.shell:Creating package script '/home/asdfr-19/ros2_ws/install/relbot_simulator/share/relbot_simulator/package.ps1'
[126.198s] INFO:colcon.colcon_core.shell:Creating package descriptor '/home/asdfr-19/ros2_ws/install/relbot_simulator/share/relbot_simulator/package.dsv'
[126.201s] INFO:colcon.colcon_core.shell:Creating package script '/home/asdfr-19/ros2_ws/install/relbot_simulator/share/relbot_simulator/package.sh'
[126.204s] INFO:colcon.colcon_core.shell:Creating package script '/home/asdfr-19/ros2_ws/install/relbot_simulator/share/relbot_simulator/package.bash'
[126.207s] INFO:colcon.colcon_core.shell:Creating package script '/home/asdfr-19/ros2_ws/install/relbot_simulator/share/relbot_simulator/package.zsh'
[126.211s] Level 1:colcon.colcon_core.environment:create_file_with_runtime_dependencies(/home/asdfr-19/ros2_ws/install/relbot_simulator/share/colcon-core/packages/relbot_simulator)
[126.215s] Level 1:colcon.colcon_core.environment:create_environment_scripts_only(relbot_simulator)
[126.216s] Level 1:colcon.colcon_core.environment:checking '/home/asdfr-19/ros2_ws/install/relbot_simulator' for CMake module files
[126.220s] Level 1:colcon.colcon_core.environment:checking '/home/asdfr-19/ros2_ws/install/relbot_simulator' for CMake config files
[126.222s] Level 1:colcon.colcon_core.shell:create_environment_hook('relbot_simulator', 'cmake_prefix_path')
[126.224s] INFO:colcon.colcon_core.shell:Creating environment hook '/home/asdfr-19/ros2_ws/install/relbot_simulator/share/relbot_simulator/hook/cmake_prefix_path.ps1'
[126.227s] INFO:colcon.colcon_core.shell:Creating environment descriptor '/home/asdfr-19/ros2_ws/install/relbot_simulator/share/relbot_simulator/hook/cmake_prefix_path.dsv'
[126.229s] INFO:colcon.colcon_core.shell:Creating environment hook '/home/asdfr-19/ros2_ws/install/relbot_simulator/share/relbot_simulator/hook/cmake_prefix_path.sh'
[126.233s] Level 1:colcon.colcon_core.environment:checking '/home/asdfr-19/ros2_ws/install/relbot_simulator/lib'
[126.234s] Level 1:colcon.colcon_core.environment:checking '/home/asdfr-19/ros2_ws/install/relbot_simulator/bin'
[126.234s] Level 1:colcon.colcon_core.environment:checking '/home/asdfr-19/ros2_ws/install/relbot_simulator/lib/pkgconfig/relbot_simulator.pc'
[126.235s] Level 1:colcon.colcon_core.environment:checking '/home/asdfr-19/ros2_ws/install/relbot_simulator/lib/python3.10/site-packages'
[126.237s] Level 1:colcon.colcon_core.environment:checking '/home/asdfr-19/ros2_ws/install/relbot_simulator/bin'
[126.238s] INFO:colcon.colcon_core.shell:Creating package script '/home/asdfr-19/ros2_ws/install/relbot_simulator/share/relbot_simulator/package.ps1'
[126.242s] INFO:colcon.colcon_core.shell:Creating package descriptor '/home/asdfr-19/ros2_ws/install/relbot_simulator/share/relbot_simulator/package.dsv'
[126.245s] INFO:colcon.colcon_core.shell:Creating package script '/home/asdfr-19/ros2_ws/install/relbot_simulator/share/relbot_simulator/package.sh'
[126.247s] INFO:colcon.colcon_core.shell:Creating package script '/home/asdfr-19/ros2_ws/install/relbot_simulator/share/relbot_simulator/package.bash'
[126.250s] INFO:colcon.colcon_core.shell:Creating package script '/home/asdfr-19/ros2_ws/install/relbot_simulator/share/relbot_simulator/package.zsh'
[126.252s] Level 1:colcon.colcon_core.environment:create_file_with_runtime_dependencies(/home/asdfr-19/ros2_ws/install/relbot_simulator/share/colcon-core/packages/relbot_simulator)
[126.254s] DEBUG:colcon.colcon_parallel_executor.executor.parallel:closing loop
[126.255s] DEBUG:colcon.colcon_parallel_executor.executor.parallel:loop closed
[126.256s] DEBUG:colcon.colcon_parallel_executor.executor.parallel:run_until_complete finished with '0'
[126.256s] DEBUG:colcon.colcon_core.event_reactor:joining thread
[126.280s] INFO:colcon.colcon_core.plugin_system:Skipping extension 'colcon_notification.desktop_notification.notify_send': Could not find 'notify-send'
[126.281s] INFO:colcon.colcon_core.plugin_system:Skipping extension 'colcon_notification.desktop_notification.terminal_notifier': Not used on non-Darwin systems
[126.282s] INFO:colcon.colcon_core.plugin_system:Skipping extension 'colcon_notification.desktop_notification.win32': Not used on non-Windows systems
[126.282s] INFO:colcon.colcon_notification.desktop_notification:Sending desktop notification using 'notify2'
[126.349s] DEBUG:colcon.colcon_notification.desktop_notification.notify2:Failed to initialize notify2: org.freedesktop.DBus.Error.ServiceUnknown: The name org.freedesktop.Notifications was not provided by any .service files
[126.350s] DEBUG:colcon.colcon_core.event_reactor:joined thread
[126.352s] INFO:colcon.colcon_core.shell:Creating prefix script '/home/asdfr-19/ros2_ws/install/local_setup.ps1'
[126.360s] INFO:colcon.colcon_core.shell:Creating prefix util module '/home/asdfr-19/ros2_ws/install/_local_setup_util_ps1.py'
[126.373s] INFO:colcon.colcon_core.shell:Creating prefix chain script '/home/asdfr-19/ros2_ws/install/setup.ps1'
[126.387s] INFO:colcon.colcon_core.shell:Creating prefix script '/home/asdfr-19/ros2_ws/install/local_setup.sh'
[126.402s] INFO:colcon.colcon_core.shell:Creating prefix util module '/home/asdfr-19/ros2_ws/install/_local_setup_util_sh.py'
[126.409s] INFO:colcon.colcon_core.shell:Creating prefix chain script '/home/asdfr-19/ros2_ws/install/setup.sh'
[126.424s] INFO:colcon.colcon_core.shell:Creating prefix script '/home/asdfr-19/ros2_ws/install/local_setup.bash'
[126.436s] INFO:colcon.colcon_core.shell:Creating prefix chain script '/home/asdfr-19/ros2_ws/install/setup.bash'
[126.454s] INFO:colcon.colcon_core.shell:Creating prefix script '/home/asdfr-19/ros2_ws/install/local_setup.zsh'
[126.467s] INFO:colcon.colcon_core.shell:Creating prefix chain script '/home/asdfr-19/ros2_ws/install/setup.zsh'
