[0.051s] Invoking command in '/home/asdfr-19/ros2_ws/build/xcontroller': CMAKE_PREFIX_PATH=/home/asdfr-19/ros2_ws/install/xrf2_msgs:/home/asdfr-19/ros2_ws/install/ros_xeno_bridge:/home/asdfr-19/ros2_ws/install/relbot_simulator /usr/bin/cmake --build /home/asdfr-19/ros2_ws/build/xcontroller -- -j3 -l3
[0.227s] [35m[1mConsolidate compiler generated dependencies of target xcontroller[0m
[1.209s] [  4%] [32mBuilding CXX object CMakeFiles/xcontroller.dir/main.cpp.o[0m
[1.217s] [  9%] [32mBuilding CXX object CMakeFiles/xcontroller.dir/src/xcontroller.cpp.o[0m
[4.339s] [ 13%] [32m[1mLinking CXX executable xcontroller[0m
[4.642s] /usr/bin/ld: CMakeFiles/xcontroller.dir/src/xcontroller.cpp.o: in function `xcontroller::xcontroller(unsigned int, unsigned int)':
[4.643s] xcontroller.cpp:(.text+0x1e8): undefined reference to `xcontroller::prev_enc1'
[4.644s] /usr/bin/ld: xcontroller.cpp:(.text+0x1ec): undefined reference to `xcontroller::prev_enc1'
[4.645s] /usr/bin/ld: xcontroller.cpp:(.text+0x1f4): undefined reference to `xcontroller::prev_enc2'
[4.646s] /usr/bin/ld: xcontroller.cpp:(.text+0x1f8): undefined reference to `xcontroller::prev_enc2'
[4.647s] /usr/bin/ld: CMakeFiles/xcontroller.dir/src/xcontroller.cpp.o: in function `xcontroller::run()':
[4.648s] xcontroller.cpp:(.text+0x448): undefined reference to `xcontroller::prev_enc1'
[4.649s] /usr/bin/ld: xcontroller.cpp:(.text+0x44c): undefined reference to `xcontroller::prev_enc1'
[4.650s] /usr/bin/ld: xcontroller.cpp:(.text+0x46c): undefined reference to `xcontroller::prev_enc2'
[4.651s] /usr/bin/ld: xcontroller.cpp:(.text+0x470): undefined reference to `xcontroller::prev_enc2'
[4.652s] /usr/bin/ld: xcontroller.cpp:(.text+0x4b8): undefined reference to `xcontroller::prev_enc1'
[4.653s] /usr/bin/ld: xcontroller.cpp:(.text+0x4bc): undefined reference to `xcontroller::prev_enc1'
[4.654s] /usr/bin/ld: xcontroller.cpp:(.text+0x4cc): undefined reference to `xcontroller::prev_enc2'
[4.655s] /usr/bin/ld: xcontroller.cpp:(.text+0x4d0): undefined reference to `xcontroller::prev_enc2'
[4.681s] collect2: error: ld returned 1 exit status
[4.685s] gmake[2]: *** [CMakeFiles/xcontroller.dir/build.make:487: xcontroller] Error 1
[4.691s] gmake[1]: *** [CMakeFiles/Makefile2:137: CMakeFiles/xcontroller.dir/all] Error 2
[4.694s] gmake: *** [Makefile:101: all] Error 2
[4.695s] Invoked command in '/home/asdfr-19/ros2_ws/build/xcontroller' returned '2': CMAKE_PREFIX_PATH=/home/asdfr-19/ros2_ws/install/xrf2_msgs:/home/asdfr-19/ros2_ws/install/ros_xeno_bridge:/home/asdfr-19/ros2_ws/install/relbot_simulator /usr/bin/cmake --build /home/asdfr-19/ros2_ws/build/xcontroller -- -j3 -l3
