[0.044s] Invoking command in '/home/asdfr-19/ros2_ws/build/xcontroller': CMAKE_PREFIX_PATH=/home/asdfr-19/ros2_ws/install/xrf2_msgs:/home/asdfr-19/ros2_ws/install/ros_xeno_bridge:/home/asdfr-19/ros2_ws/install/relbot_simulator /usr/bin/cmake --build /home/asdfr-19/ros2_ws/build/xcontroller -- -j3 -l3
[0.165s] [35m[1mConsolidate compiler generated dependencies of target xcontroller[0m
[1.082s] [  9%] [32mBuilding CXX object CMakeFiles/xcontroller.dir/src/xcontroller.cpp.o[0m
[1.084s] [  9%] [32mBuilding CXX object CMakeFiles/xcontroller.dir/main.cpp.o[0m
[3.694s] [01m[K/home/asdfr-19/ros2_ws/src/xcontroller/src/xcontroller.cpp:[m[K In member function ‘[01m[Kvirtual int xcontroller::run()[m[K’:
[3.695s] [01m[K/home/asdfr-19/ros2_ws/src/xcontroller/src/xcontroller.cpp:100:32:[m[K [01;31m[Kerror: [m[Kno matching function for call to ‘[01m[Kclamp(double&, int, int)[m[K’
[3.696s]   100 |    right_motor_vel = [01;31m[Kstd::clamp(right_motor_vel, -2047, 2047)[m[K;
[3.698s]       |                      [01;31m[K~~~~~~~~~~^~~~~~~~~~~~~~~~~~~~~~~~~~~~~~[m[K
[3.699s] In file included from [01m[K/usr/include/c++/11/functional:65[m[K,
[3.701s]                  from [01m[K/home/asdfr-19/ros2_ws/src/xcontroller/../XRF2/XenoRosFramework/Xenomai/include/XenoFrtRosIco.hpp:7[m[K,
[3.703s]                  from [01m[K/home/asdfr-19/ros2_ws/src/xcontroller/../XRF2/XenoRosFramework/Xenomai/include/XenoFrt20Sim.hpp:4[m[K,
[3.705s]                  from [01m[K/home/asdfr-19/ros2_ws/src/xcontroller/include/xcontroller.hpp:4[m[K,
[3.706s]                  from [01m[K/home/asdfr-19/ros2_ws/src/xcontroller/src/xcontroller.cpp:2[m[K:
[3.707s] [01m[K/usr/include/c++/11/bits/stl_algo.h:3656:5:[m[K [01;36m[Knote: [m[Kcandidate: ‘[01m[Ktemplate<class _Tp> constexpr const _Tp& std::clamp(const _Tp&, const _Tp&, const _Tp&)[m[K’
[3.709s]  3656 |     [01;36m[Kclamp[m[K(const _Tp& __val, const _Tp& __lo, const _Tp& __hi)
[3.710s]       |     [01;36m[K^~~~~[m[K
[3.712s] [01m[K/usr/include/c++/11/bits/stl_algo.h:3656:5:[m[K [01;36m[Knote: [m[K  template argument deduction/substitution failed:
[3.713s] [01m[K/home/asdfr-19/ros2_ws/src/xcontroller/src/xcontroller.cpp:100:32:[m[K [01;36m[Knote: [m[K  deduced conflicting types for parameter ‘[01m[Kconst _Tp[m[K’ (‘[01m[Kdouble[m[K’ and ‘[01m[Kint[m[K’)
[3.715s]   100 |    right_motor_vel = [01;36m[Kstd::clamp(right_motor_vel, -2047, 2047)[m[K;
[3.716s]       |                      [01;36m[K~~~~~~~~~~^~~~~~~~~~~~~~~~~~~~~~~~~~~~~~[m[K
[3.717s] In file included from [01m[K/usr/include/c++/11/functional:65[m[K,
[3.719s]                  from [01m[K/home/asdfr-19/ros2_ws/src/xcontroller/../XRF2/XenoRosFramework/Xenomai/include/XenoFrtRosIco.hpp:7[m[K,
[3.721s]                  from [01m[K/home/asdfr-19/ros2_ws/src/xcontroller/../XRF2/XenoRosFramework/Xenomai/include/XenoFrt20Sim.hpp:4[m[K,
[3.722s]                  from [01m[K/home/asdfr-19/ros2_ws/src/xcontroller/include/xcontroller.hpp:4[m[K,
[3.724s]                  from [01m[K/home/asdfr-19/ros2_ws/src/xcontroller/src/xcontroller.cpp:2[m[K:
[3.725s] [01m[K/usr/include/c++/11/bits/stl_algo.h:3674:5:[m[K [01;36m[Knote: [m[Kcandidate: ‘[01m[Ktemplate<class _Tp, class _Compare> constexpr const _Tp& std::clamp(const _Tp&, const _Tp&, const _Tp&, _Compare)[m[K’
[3.727s]  3674 |     [01;36m[Kclamp[m[K(const _Tp& __val, const _Tp& __lo, const _Tp& __hi, _Compare __comp)
[3.728s]       |     [01;36m[K^~~~~[m[K
[3.729s] [01m[K/usr/include/c++/11/bits/stl_algo.h:3674:5:[m[K [01;36m[Knote: [m[K  template argument deduction/substitution failed:
[3.731s] [01m[K/home/asdfr-19/ros2_ws/src/xcontroller/src/xcontroller.cpp:100:32:[m[K [01;36m[Knote: [m[K  deduced conflicting types for parameter ‘[01m[Kconst _Tp[m[K’ (‘[01m[Kdouble[m[K’ and ‘[01m[Kint[m[K’)
[3.733s]   100 |    right_motor_vel = [01;36m[Kstd::clamp(right_motor_vel, -2047, 2047)[m[K;
[3.734s]       |                      [01;36m[K~~~~~~~~~~^~~~~~~~~~~~~~~~~~~~~~~~~~~~~~[m[K
[3.736s] [01m[K/home/asdfr-19/ros2_ws/src/xcontroller/src/xcontroller.cpp:101:32:[m[K [01;31m[Kerror: [m[Kno matching function for call to ‘[01m[Kclamp(double&, int, int)[m[K’
[3.737s]   101 |    left_motor_vel  = [01;31m[Kstd::clamp(left_motor_vel, -2047, 2047)[m[K;
[3.739s]       |                      [01;31m[K~~~~~~~~~~^~~~~~~~~~~~~~~~~~~~~~~~~~~~~[m[K
[3.740s] In file included from [01m[K/usr/include/c++/11/functional:65[m[K,
[3.742s]                  from [01m[K/home/asdfr-19/ros2_ws/src/xcontroller/../XRF2/XenoRosFramework/Xenomai/include/XenoFrtRosIco.hpp:7[m[K,
[3.744s]                  from [01m[K/home/asdfr-19/ros2_ws/src/xcontroller/../XRF2/XenoRosFramework/Xenomai/include/XenoFrt20Sim.hpp:4[m[K,
[3.745s]                  from [01m[K/home/asdfr-19/ros2_ws/src/xcontroller/include/xcontroller.hpp:4[m[K,
[3.747s]                  from [01m[K/home/asdfr-19/ros2_ws/src/xcontroller/src/xcontroller.cpp:2[m[K:
[3.749s] [01m[K/usr/include/c++/11/bits/stl_algo.h:3656:5:[m[K [01;36m[Knote: [m[Kcandidate: ‘[01m[Ktemplate<class _Tp> constexpr const _Tp& std::clamp(const _Tp&, const _Tp&, const _Tp&)[m[K’
[3.751s]  3656 |     [01;36m[Kclamp[m[K(const _Tp& __val, const _Tp& __lo, const _Tp& __hi)
[3.752s]       |     [01;36m[K^~~~~[m[K
[3.754s] [01m[K/usr/include/c++/11/bits/stl_algo.h:3656:5:[m[K [01;36m[Knote: [m[K  template argument deduction/substitution failed:
[3.755s] [01m[K/home/asdfr-19/ros2_ws/src/xcontroller/src/xcontroller.cpp:101:32:[m[K [01;36m[Knote: [m[K  deduced conflicting types for parameter ‘[01m[Kconst _Tp[m[K’ (‘[01m[Kdouble[m[K’ and ‘[01m[Kint[m[K’)
[3.757s]   101 |    left_motor_vel  = [01;36m[Kstd::clamp(left_motor_vel, -2047, 2047)[m[K;
[3.758s]       |                      [01;36m[K~~~~~~~~~~^~~~~~~~~~~~~~~~~~~~~~~~~~~~~[m[K
[3.760s] In file included from [01m[K/usr/include/c++/11/functional:65[m[K,
[3.762s]                  from [01m[K/home/asdfr-19/ros2_ws/src/xcontroller/../XRF2/XenoRosFramework/Xenomai/include/XenoFrtRosIco.hpp:7[m[K,
[3.763s]                  from [01m[K/home/asdfr-19/ros2_ws/src/xcontroller/../XRF2/XenoRosFramework/Xenomai/include/XenoFrt20Sim.hpp:4[m[K,
[3.764s]                  from [01m[K/home/asdfr-19/ros2_ws/src/xcontroller/include/xcontroller.hpp:4[m[K,
[3.766s]                  from [01m[K/home/asdfr-19/ros2_ws/src/xcontroller/src/xcontroller.cpp:2[m[K:
[3.768s] [01m[K/usr/include/c++/11/bits/stl_algo.h:3674:5:[m[K [01;36m[Knote: [m[Kcandidate: ‘[01m[Ktemplate<class _Tp, class _Compare> constexpr const _Tp& std::clamp(const _Tp&, const _Tp&, const _Tp&, _Compare)[m[K’
[3.769s]  3674 |     [01;36m[Kclamp[m[K(const _Tp& __val, const _Tp& __lo, const _Tp& __hi, _Compare __comp)
[3.771s]       |     [01;36m[K^~~~~[m[K
[3.772s] [01m[K/usr/include/c++/11/bits/stl_algo.h:3674:5:[m[K [01;36m[Knote: [m[K  template argument deduction/substitution failed:
[3.774s] [01m[K/home/asdfr-19/ros2_ws/src/xcontroller/src/xcontroller.cpp:101:32:[m[K [01;36m[Knote: [m[K  deduced conflicting types for parameter ‘[01m[Kconst _Tp[m[K’ (‘[01m[Kdouble[m[K’ and ‘[01m[Kint[m[K’)
[3.775s]   101 |    left_motor_vel  = [01;36m[Kstd::clamp(left_motor_vel, -2047, 2047)[m[K;
[3.777s]       |                      [01;36m[K~~~~~~~~~~^~~~~~~~~~~~~~~~~~~~~~~~~~~~~[m[K
[3.987s] gmake[2]: *** [CMakeFiles/xcontroller.dir/build.make:258: CMakeFiles/xcontroller.dir/src/xcontroller.cpp.o] Error 1
[3.988s] gmake[2]: *** Waiting for unfinished jobs....
[4.034s] gmake[1]: *** [CMakeFiles/Makefile2:137: CMakeFiles/xcontroller.dir/all] Error 2
[4.036s] gmake: *** [Makefile:101: all] Error 2
[4.040s] Invoked command in '/home/asdfr-19/ros2_ws/build/xcontroller' returned '2': CMAKE_PREFIX_PATH=/home/asdfr-19/ros2_ws/install/xrf2_msgs:/home/asdfr-19/ros2_ws/install/ros_xeno_bridge:/home/asdfr-19/ros2_ws/install/relbot_simulator /usr/bin/cmake --build /home/asdfr-19/ros2_ws/build/xcontroller -- -j3 -l3
