[0.047s] Invoking command in '/home/asdfr-19/ros2_ws/build/xrf2_msgs': CMAKE_PREFIX_PATH=/opt/ros/humble /usr/bin/cmake --build /home/asdfr-19/ros2_ws/build/xrf2_msgs -- -j3 -l3
[0.173s] [35m[1mConsolidate compiler generated dependencies of target xrf2_msgs__rosidl_generator_c[0m
[0.225s] [  2%] Built target xrf2_msgs__cpp
[0.267s] [  2%] Built target ament_cmake_python_copy_xrf2_msgs
[0.295s] [35m[1mConsolidate compiler generated dependencies of target xrf2_msgs__rosidl_typesupport_fastrtps_cpp[0m
[0.338s] [ 12%] Built target xrf2_msgs__rosidl_generator_c
[0.357s] [35m[1mConsolidate compiler generated dependencies of target xrf2_msgs__rosidl_typesupport_introspection_cpp[0m
[0.442s] [35m[1mConsolidate compiler generated dependencies of target xrf2_msgs__rosidl_typesupport_cpp[0m
[0.646s] [ 23%] Built target xrf2_msgs__rosidl_typesupport_fastrtps_cpp
[0.685s] [ 33%] Built target xrf2_msgs__rosidl_typesupport_cpp
[0.719s] [35m[1mConsolidate compiler generated dependencies of target xrf2_msgs__rosidl_typesupport_fastrtps_c[0m
[0.802s] [ 43%] Built target xrf2_msgs__rosidl_typesupport_introspection_cpp
[0.892s] [35m[1mConsolidate compiler generated dependencies of target xrf2_msgs__rosidl_typesupport_introspection_c[0m
[1.011s] [ 53%] Built target xrf2_msgs__rosidl_typesupport_introspection_c
[1.033s] [ 64%] Built target xrf2_msgs__rosidl_typesupport_fastrtps_c
[1.080s] [35m[1mConsolidate compiler generated dependencies of target xrf2_msgs__rosidl_typesupport_c[0m
[1.140s] [ 74%] Built target xrf2_msgs__rosidl_typesupport_c
[1.205s] [ 74%] Built target xrf2_msgs
[1.260s] [ 76%] Built target xrf2_msgs__py
[1.380s] [35m[1mConsolidate compiler generated dependencies of target xrf2_msgs__rosidl_generator_py[0m
[1.483s] [ 84%] Built target xrf2_msgs__rosidl_generator_py
[1.514s] [35m[1mConsolidate compiler generated dependencies of target xrf2_msgs__rosidl_typesupport_introspection_c__pyext[0m
[1.515s] [35m[1mConsolidate compiler generated dependencies of target xrf2_msgs__rosidl_typesupport_fastrtps_c__pyext[0m
[1.663s] [ 94%] Built target xrf2_msgs__rosidl_typesupport_introspection_c__pyext
[1.664s] [ 94%] Built target xrf2_msgs__rosidl_typesupport_fastrtps_c__pyext
[1.690s] [35m[1mConsolidate compiler generated dependencies of target xrf2_msgs__rosidl_typesupport_c__pyext[0m
[1.841s] [100%] Built target xrf2_msgs__rosidl_typesupport_c__pyext
[1.928s] running egg_info
[1.931s] writing xrf2_msgs.egg-info/PKG-INFO
[1.933s] writing dependency_links to xrf2_msgs.egg-info/dependency_links.txt
[1.934s] writing top-level names to xrf2_msgs.egg-info/top_level.txt
[1.942s] reading manifest file 'xrf2_msgs.egg-info/SOURCES.txt'
[1.945s] writing manifest file 'xrf2_msgs.egg-info/SOURCES.txt'
[2.068s] [100%] Built target ament_cmake_python_build_xrf2_msgs_egg
[2.103s] Invoked command in '/home/asdfr-19/ros2_ws/build/xrf2_msgs' returned '0': CMAKE_PREFIX_PATH=/opt/ros/humble /usr/bin/cmake --build /home/asdfr-19/ros2_ws/build/xrf2_msgs -- -j3 -l3
[2.107s] Invoking command in '/home/asdfr-19/ros2_ws/build/xrf2_msgs': CMAKE_PREFIX_PATH=/opt/ros/humble /usr/bin/cmake --install /home/asdfr-19/ros2_ws/build/xrf2_msgs
[2.138s] -- Install configuration: ""
[2.139s] -- Up-to-date: /home/asdfr-19/ros2_ws/install/xrf2_msgs/share/ament_index/resource_index/rosidl_interfaces/xrf2_msgs
[2.141s] -- Up-to-date: /home/asdfr-19/ros2_ws/install/xrf2_msgs/include/xrf2_msgs/xrf2_msgs
[2.142s] -- Up-to-date: /home/asdfr-19/ros2_ws/install/xrf2_msgs/include/xrf2_msgs/xrf2_msgs/msg
[2.143s] -- Up-to-date: /home/asdfr-19/ros2_ws/install/xrf2_msgs/include/xrf2_msgs/xrf2_msgs/msg/rosidl_generator_c__visibility_control.h
[2.145s] -- Up-to-date: /home/asdfr-19/ros2_ws/install/xrf2_msgs/include/xrf2_msgs/xrf2_msgs/msg/detail
[2.146s] -- Up-to-date: /home/asdfr-19/ros2_ws/install/xrf2_msgs/include/xrf2_msgs/xrf2_msgs/msg/detail/xeno2_ros__struct.h
[2.147s] -- Up-to-date: /home/asdfr-19/ros2_ws/install/xrf2_msgs/include/xrf2_msgs/xrf2_msgs/msg/detail/ros2_xeno__functions.h
[2.148s] -- Up-to-date: /home/asdfr-19/ros2_ws/install/xrf2_msgs/include/xrf2_msgs/xrf2_msgs/msg/detail/xeno2_ros__functions.c
[2.150s] -- Up-to-date: /home/asdfr-19/ros2_ws/install/xrf2_msgs/include/xrf2_msgs/xrf2_msgs/msg/detail/ros2_xeno__struct.h
[2.151s] -- Up-to-date: /home/asdfr-19/ros2_ws/install/xrf2_msgs/include/xrf2_msgs/xrf2_msgs/msg/detail/xeno2_ros__type_support.h
[2.152s] -- Up-to-date: /home/asdfr-19/ros2_ws/install/xrf2_msgs/include/xrf2_msgs/xrf2_msgs/msg/detail/ros2_xeno__functions.c
[2.153s] -- Up-to-date: /home/asdfr-19/ros2_ws/install/xrf2_msgs/include/xrf2_msgs/xrf2_msgs/msg/detail/ros2_xeno__type_support.h
[2.155s] -- Up-to-date: /home/asdfr-19/ros2_ws/install/xrf2_msgs/include/xrf2_msgs/xrf2_msgs/msg/detail/xeno2_ros__functions.h
[2.156s] -- Up-to-date: /home/asdfr-19/ros2_ws/install/xrf2_msgs/include/xrf2_msgs/xrf2_msgs/msg/xeno2_ros.h
[2.157s] -- Up-to-date: /home/asdfr-19/ros2_ws/install/xrf2_msgs/include/xrf2_msgs/xrf2_msgs/msg/ros2_xeno.h
[2.158s] -- Up-to-date: /home/asdfr-19/ros2_ws/install/xrf2_msgs/share/xrf2_msgs/environment/library_path.sh
[2.160s] -- Up-to-date: /home/asdfr-19/ros2_ws/install/xrf2_msgs/share/xrf2_msgs/environment/library_path.dsv
[2.161s] -- Up-to-date: /home/asdfr-19/ros2_ws/install/xrf2_msgs/lib/libxrf2_msgs__rosidl_generator_c.so
[2.163s] -- Up-to-date: /home/asdfr-19/ros2_ws/install/xrf2_msgs/include/xrf2_msgs/xrf2_msgs
[2.164s] -- Up-to-date: /home/asdfr-19/ros2_ws/install/xrf2_msgs/include/xrf2_msgs/xrf2_msgs/msg
[2.165s] -- Up-to-date: /home/asdfr-19/ros2_ws/install/xrf2_msgs/include/xrf2_msgs/xrf2_msgs/msg/detail
[2.166s] -- Up-to-date: /home/asdfr-19/ros2_ws/install/xrf2_msgs/include/xrf2_msgs/xrf2_msgs/msg/detail/xeno2_ros__rosidl_typesupport_fastrtps_c.h
[2.167s] -- Up-to-date: /home/asdfr-19/ros2_ws/install/xrf2_msgs/include/xrf2_msgs/xrf2_msgs/msg/detail/ros2_xeno__rosidl_typesupport_fastrtps_c.h
[2.168s] -- Up-to-date: /home/asdfr-19/ros2_ws/install/xrf2_msgs/include/xrf2_msgs/xrf2_msgs/msg/rosidl_typesupport_fastrtps_c__visibility_control.h
[2.169s] -- Up-to-date: /home/asdfr-19/ros2_ws/install/xrf2_msgs/lib/libxrf2_msgs__rosidl_typesupport_fastrtps_c.so
[2.170s] -- Up-to-date: /home/asdfr-19/ros2_ws/install/xrf2_msgs/include/xrf2_msgs/xrf2_msgs
[2.171s] -- Up-to-date: /home/asdfr-19/ros2_ws/install/xrf2_msgs/include/xrf2_msgs/xrf2_msgs/msg
[2.172s] -- Up-to-date: /home/asdfr-19/ros2_ws/install/xrf2_msgs/include/xrf2_msgs/xrf2_msgs/msg/rosidl_typesupport_introspection_c__visibility_control.h
[2.173s] -- Up-to-date: /home/asdfr-19/ros2_ws/install/xrf2_msgs/include/xrf2_msgs/xrf2_msgs/msg/detail
[2.175s] -- Up-to-date: /home/asdfr-19/ros2_ws/install/xrf2_msgs/include/xrf2_msgs/xrf2_msgs/msg/detail/xeno2_ros__type_support.c
[2.176s] -- Up-to-date: /home/asdfr-19/ros2_ws/install/xrf2_msgs/include/xrf2_msgs/xrf2_msgs/msg/detail/xeno2_ros__rosidl_typesupport_introspection_c.h
[2.177s] -- Up-to-date: /home/asdfr-19/ros2_ws/install/xrf2_msgs/include/xrf2_msgs/xrf2_msgs/msg/detail/ros2_xeno__rosidl_typesupport_introspection_c.h
[2.178s] -- Up-to-date: /home/asdfr-19/ros2_ws/install/xrf2_msgs/include/xrf2_msgs/xrf2_msgs/msg/detail/ros2_xeno__type_support.c
[2.179s] -- Up-to-date: /home/asdfr-19/ros2_ws/install/xrf2_msgs/lib/libxrf2_msgs__rosidl_typesupport_introspection_c.so
[2.180s] -- Up-to-date: /home/asdfr-19/ros2_ws/install/xrf2_msgs/lib/libxrf2_msgs__rosidl_typesupport_c.so
[2.181s] -- Up-to-date: /home/asdfr-19/ros2_ws/install/xrf2_msgs/include/xrf2_msgs/xrf2_msgs
[2.182s] -- Up-to-date: /home/asdfr-19/ros2_ws/install/xrf2_msgs/include/xrf2_msgs/xrf2_msgs/msg
[2.184s] -- Up-to-date: /home/asdfr-19/ros2_ws/install/xrf2_msgs/include/xrf2_msgs/xrf2_msgs/msg/rosidl_generator_cpp__visibility_control.hpp
[2.185s] -- Up-to-date: /home/asdfr-19/ros2_ws/install/xrf2_msgs/include/xrf2_msgs/xrf2_msgs/msg/detail
[2.186s] -- Up-to-date: /home/asdfr-19/ros2_ws/install/xrf2_msgs/include/xrf2_msgs/xrf2_msgs/msg/detail/xeno2_ros__struct.hpp
[2.187s] -- Up-to-date: /home/asdfr-19/ros2_ws/install/xrf2_msgs/include/xrf2_msgs/xrf2_msgs/msg/detail/ros2_xeno__traits.hpp
[2.188s] -- Up-to-date: /home/asdfr-19/ros2_ws/install/xrf2_msgs/include/xrf2_msgs/xrf2_msgs/msg/detail/xeno2_ros__builder.hpp
[2.190s] -- Up-to-date: /home/asdfr-19/ros2_ws/install/xrf2_msgs/include/xrf2_msgs/xrf2_msgs/msg/detail/ros2_xeno__struct.hpp
[2.191s] -- Up-to-date: /home/asdfr-19/ros2_ws/install/xrf2_msgs/include/xrf2_msgs/xrf2_msgs/msg/detail/ros2_xeno__type_support.hpp
[2.192s] -- Up-to-date: /home/asdfr-19/ros2_ws/install/xrf2_msgs/include/xrf2_msgs/xrf2_msgs/msg/detail/xeno2_ros__type_support.hpp
[2.194s] -- Up-to-date: /home/asdfr-19/ros2_ws/install/xrf2_msgs/include/xrf2_msgs/xrf2_msgs/msg/detail/xeno2_ros__traits.hpp
[2.195s] -- Up-to-date: /home/asdfr-19/ros2_ws/install/xrf2_msgs/include/xrf2_msgs/xrf2_msgs/msg/detail/ros2_xeno__builder.hpp
[2.196s] -- Up-to-date: /home/asdfr-19/ros2_ws/install/xrf2_msgs/include/xrf2_msgs/xrf2_msgs/msg/xeno2_ros.hpp
[2.198s] -- Up-to-date: /home/asdfr-19/ros2_ws/install/xrf2_msgs/include/xrf2_msgs/xrf2_msgs/msg/ros2_xeno.hpp
[2.199s] -- Up-to-date: /home/asdfr-19/ros2_ws/install/xrf2_msgs/include/xrf2_msgs/xrf2_msgs
[2.201s] -- Up-to-date: /home/asdfr-19/ros2_ws/install/xrf2_msgs/include/xrf2_msgs/xrf2_msgs/msg
[2.202s] -- Up-to-date: /home/asdfr-19/ros2_ws/install/xrf2_msgs/include/xrf2_msgs/xrf2_msgs/msg/detail
[2.204s] -- Up-to-date: /home/asdfr-19/ros2_ws/install/xrf2_msgs/include/xrf2_msgs/xrf2_msgs/msg/detail/xeno2_ros__rosidl_typesupport_fastrtps_cpp.hpp
[2.206s] -- Up-to-date: /home/asdfr-19/ros2_ws/install/xrf2_msgs/include/xrf2_msgs/xrf2_msgs/msg/detail/ros2_xeno__rosidl_typesupport_fastrtps_cpp.hpp
[2.207s] -- Up-to-date: /home/asdfr-19/ros2_ws/install/xrf2_msgs/include/xrf2_msgs/xrf2_msgs/msg/detail/dds_fastrtps
[2.208s] -- Up-to-date: /home/asdfr-19/ros2_ws/install/xrf2_msgs/include/xrf2_msgs/xrf2_msgs/msg/rosidl_typesupport_fastrtps_cpp__visibility_control.h
[2.209s] -- Up-to-date: /home/asdfr-19/ros2_ws/install/xrf2_msgs/lib/libxrf2_msgs__rosidl_typesupport_fastrtps_cpp.so
[2.211s] -- Up-to-date: /home/asdfr-19/ros2_ws/install/xrf2_msgs/include/xrf2_msgs/xrf2_msgs
[2.213s] -- Up-to-date: /home/asdfr-19/ros2_ws/install/xrf2_msgs/include/xrf2_msgs/xrf2_msgs/msg
[2.214s] -- Up-to-date: /home/asdfr-19/ros2_ws/install/xrf2_msgs/include/xrf2_msgs/xrf2_msgs/msg/detail
[2.215s] -- Up-to-date: /home/asdfr-19/ros2_ws/install/xrf2_msgs/include/xrf2_msgs/xrf2_msgs/msg/detail/ros2_xeno__type_support.cpp
[2.216s] -- Up-to-date: /home/asdfr-19/ros2_ws/install/xrf2_msgs/include/xrf2_msgs/xrf2_msgs/msg/detail/xeno2_ros__type_support.cpp
[2.217s] -- Up-to-date: /home/asdfr-19/ros2_ws/install/xrf2_msgs/include/xrf2_msgs/xrf2_msgs/msg/detail/xeno2_ros__rosidl_typesupport_introspection_cpp.hpp
[2.218s] -- Up-to-date: /home/asdfr-19/ros2_ws/install/xrf2_msgs/include/xrf2_msgs/xrf2_msgs/msg/detail/ros2_xeno__rosidl_typesupport_introspection_cpp.hpp
[2.219s] -- Up-to-date: /home/asdfr-19/ros2_ws/install/xrf2_msgs/lib/libxrf2_msgs__rosidl_typesupport_introspection_cpp.so
[2.220s] -- Up-to-date: /home/asdfr-19/ros2_ws/install/xrf2_msgs/lib/libxrf2_msgs__rosidl_typesupport_cpp.so
[2.221s] -- Up-to-date: /home/asdfr-19/ros2_ws/install/xrf2_msgs/share/xrf2_msgs/environment/pythonpath.sh
[2.223s] -- Up-to-date: /home/asdfr-19/ros2_ws/install/xrf2_msgs/share/xrf2_msgs/environment/pythonpath.dsv
[2.224s] -- Up-to-date: /home/asdfr-19/ros2_ws/install/xrf2_msgs/local/lib/python3.10/dist-packages/xrf2_msgs-0.0.0-py3.10.egg-info
[2.225s] -- Installing: /home/asdfr-19/ros2_ws/install/xrf2_msgs/local/lib/python3.10/dist-packages/xrf2_msgs-0.0.0-py3.10.egg-info/PKG-INFO
[2.226s] -- Installing: /home/asdfr-19/ros2_ws/install/xrf2_msgs/local/lib/python3.10/dist-packages/xrf2_msgs-0.0.0-py3.10.egg-info/top_level.txt
[2.227s] -- Installing: /home/asdfr-19/ros2_ws/install/xrf2_msgs/local/lib/python3.10/dist-packages/xrf2_msgs-0.0.0-py3.10.egg-info/dependency_links.txt
[2.228s] -- Installing: /home/asdfr-19/ros2_ws/install/xrf2_msgs/local/lib/python3.10/dist-packages/xrf2_msgs-0.0.0-py3.10.egg-info/SOURCES.txt
[2.229s] -- Up-to-date: /home/asdfr-19/ros2_ws/install/xrf2_msgs/local/lib/python3.10/dist-packages/xrf2_msgs
[2.230s] -- Up-to-date: /home/asdfr-19/ros2_ws/install/xrf2_msgs/local/lib/python3.10/dist-packages/xrf2_msgs/_xrf2_msgs_s.ep.rosidl_typesupport_introspection_c.c
[2.232s] -- Up-to-date: /home/asdfr-19/ros2_ws/install/xrf2_msgs/local/lib/python3.10/dist-packages/xrf2_msgs/_xrf2_msgs_s.ep.rosidl_typesupport_fastrtps_c.c
[2.233s] -- Up-to-date: /home/asdfr-19/ros2_ws/install/xrf2_msgs/local/lib/python3.10/dist-packages/xrf2_msgs/xrf2_msgs_s__rosidl_typesupport_introspection_c.cpython-310-aarch64-linux-gnu.so
[2.234s] -- Up-to-date: /home/asdfr-19/ros2_ws/install/xrf2_msgs/local/lib/python3.10/dist-packages/xrf2_msgs/_xrf2_msgs_s.ep.rosidl_typesupport_c.c
[2.235s] -- Up-to-date: /home/asdfr-19/ros2_ws/install/xrf2_msgs/local/lib/python3.10/dist-packages/xrf2_msgs/libxrf2_msgs__rosidl_generator_py.so
[2.236s] -- Up-to-date: /home/asdfr-19/ros2_ws/install/xrf2_msgs/local/lib/python3.10/dist-packages/xrf2_msgs/xrf2_msgs_s__rosidl_typesupport_c.cpython-310-aarch64-linux-gnu.so
[2.237s] -- Up-to-date: /home/asdfr-19/ros2_ws/install/xrf2_msgs/local/lib/python3.10/dist-packages/xrf2_msgs/__init__.py
[2.238s] -- Up-to-date: /home/asdfr-19/ros2_ws/install/xrf2_msgs/local/lib/python3.10/dist-packages/xrf2_msgs/msg
[2.239s] -- Up-to-date: /home/asdfr-19/ros2_ws/install/xrf2_msgs/local/lib/python3.10/dist-packages/xrf2_msgs/msg/_ros2_xeno.py
[2.240s] -- Up-to-date: /home/asdfr-19/ros2_ws/install/xrf2_msgs/local/lib/python3.10/dist-packages/xrf2_msgs/msg/_ros2_xeno_s.c
[2.241s] -- Up-to-date: /home/asdfr-19/ros2_ws/install/xrf2_msgs/local/lib/python3.10/dist-packages/xrf2_msgs/msg/_xeno2_ros.py
[2.242s] -- Up-to-date: /home/asdfr-19/ros2_ws/install/xrf2_msgs/local/lib/python3.10/dist-packages/xrf2_msgs/msg/__init__.py
[2.243s] -- Up-to-date: /home/asdfr-19/ros2_ws/install/xrf2_msgs/local/lib/python3.10/dist-packages/xrf2_msgs/msg/_xeno2_ros_s.c
[2.245s] -- Up-to-date: /home/asdfr-19/ros2_ws/install/xrf2_msgs/local/lib/python3.10/dist-packages/xrf2_msgs/xrf2_msgs_s__rosidl_typesupport_fastrtps_c.cpython-310-aarch64-linux-gnu.so
[2.274s] Listing '/home/asdfr-19/ros2_ws/install/xrf2_msgs/local/lib/python3.10/dist-packages/xrf2_msgs'...
[2.276s] Listing '/home/asdfr-19/ros2_ws/install/xrf2_msgs/local/lib/python3.10/dist-packages/xrf2_msgs/msg'...
[2.297s] -- Up-to-date: /home/asdfr-19/ros2_ws/install/xrf2_msgs/local/lib/python3.10/dist-packages/xrf2_msgs/xrf2_msgs_s__rosidl_typesupport_fastrtps_c.cpython-310-aarch64-linux-gnu.so
[2.298s] -- Up-to-date: /home/asdfr-19/ros2_ws/install/xrf2_msgs/local/lib/python3.10/dist-packages/xrf2_msgs/xrf2_msgs_s__rosidl_typesupport_introspection_c.cpython-310-aarch64-linux-gnu.so
[2.300s] -- Up-to-date: /home/asdfr-19/ros2_ws/install/xrf2_msgs/local/lib/python3.10/dist-packages/xrf2_msgs/xrf2_msgs_s__rosidl_typesupport_c.cpython-310-aarch64-linux-gnu.so
[2.301s] -- Up-to-date: /home/asdfr-19/ros2_ws/install/xrf2_msgs/lib/libxrf2_msgs__rosidl_generator_py.so
[2.302s] -- Up-to-date: /home/asdfr-19/ros2_ws/install/xrf2_msgs/share/xrf2_msgs/msg/Ros2Xeno.idl
[2.304s] -- Up-to-date: /home/asdfr-19/ros2_ws/install/xrf2_msgs/share/xrf2_msgs/msg/Xeno2Ros.idl
[2.305s] -- Up-to-date: /home/asdfr-19/ros2_ws/install/xrf2_msgs/share/xrf2_msgs/msg/Ros2Xeno.msg
[2.307s] -- Up-to-date: /home/asdfr-19/ros2_ws/install/xrf2_msgs/share/xrf2_msgs/msg/Xeno2Ros.msg
[2.308s] -- Up-to-date: /home/asdfr-19/ros2_ws/install/xrf2_msgs/share/ament_index/resource_index/package_run_dependencies/xrf2_msgs
[2.309s] -- Up-to-date: /home/asdfr-19/ros2_ws/install/xrf2_msgs/share/ament_index/resource_index/parent_prefix_path/xrf2_msgs
[2.311s] -- Up-to-date: /home/asdfr-19/ros2_ws/install/xrf2_msgs/share/xrf2_msgs/environment/ament_prefix_path.sh
[2.312s] -- Up-to-date: /home/asdfr-19/ros2_ws/install/xrf2_msgs/share/xrf2_msgs/environment/ament_prefix_path.dsv
[2.314s] -- Up-to-date: /home/asdfr-19/ros2_ws/install/xrf2_msgs/share/xrf2_msgs/environment/path.sh
[2.316s] -- Up-to-date: /home/asdfr-19/ros2_ws/install/xrf2_msgs/share/xrf2_msgs/environment/path.dsv
[2.319s] -- Up-to-date: /home/asdfr-19/ros2_ws/install/xrf2_msgs/share/xrf2_msgs/local_setup.bash
[2.322s] -- Up-to-date: /home/asdfr-19/ros2_ws/install/xrf2_msgs/share/xrf2_msgs/local_setup.sh
[2.324s] -- Up-to-date: /home/asdfr-19/ros2_ws/install/xrf2_msgs/share/xrf2_msgs/local_setup.zsh
[2.326s] -- Up-to-date: /home/asdfr-19/ros2_ws/install/xrf2_msgs/share/xrf2_msgs/local_setup.dsv
[2.327s] -- Installing: /home/asdfr-19/ros2_ws/install/xrf2_msgs/share/xrf2_msgs/package.dsv
[2.329s] -- Up-to-date: /home/asdfr-19/ros2_ws/install/xrf2_msgs/share/ament_index/resource_index/packages/xrf2_msgs
[2.330s] -- Up-to-date: /home/asdfr-19/ros2_ws/install/xrf2_msgs/share/xrf2_msgs/cmake/export_xrf2_msgs__rosidl_generator_cExport.cmake
[2.332s] -- Up-to-date: /home/asdfr-19/ros2_ws/install/xrf2_msgs/share/xrf2_msgs/cmake/export_xrf2_msgs__rosidl_generator_cExport-noconfig.cmake
[2.336s] -- Up-to-date: /home/asdfr-19/ros2_ws/install/xrf2_msgs/share/xrf2_msgs/cmake/export_xrf2_msgs__rosidl_typesupport_fastrtps_cExport.cmake
[2.338s] -- Up-to-date: /home/asdfr-19/ros2_ws/install/xrf2_msgs/share/xrf2_msgs/cmake/export_xrf2_msgs__rosidl_typesupport_fastrtps_cExport-noconfig.cmake
[2.340s] -- Up-to-date: /home/asdfr-19/ros2_ws/install/xrf2_msgs/share/xrf2_msgs/cmake/xrf2_msgs__rosidl_typesupport_introspection_cExport.cmake
[2.343s] -- Up-to-date: /home/asdfr-19/ros2_ws/install/xrf2_msgs/share/xrf2_msgs/cmake/xrf2_msgs__rosidl_typesupport_introspection_cExport-noconfig.cmake
[2.346s] -- Up-to-date: /home/asdfr-19/ros2_ws/install/xrf2_msgs/share/xrf2_msgs/cmake/xrf2_msgs__rosidl_typesupport_cExport.cmake
[2.348s] -- Up-to-date: /home/asdfr-19/ros2_ws/install/xrf2_msgs/share/xrf2_msgs/cmake/xrf2_msgs__rosidl_typesupport_cExport-noconfig.cmake
[2.350s] -- Up-to-date: /home/asdfr-19/ros2_ws/install/xrf2_msgs/share/xrf2_msgs/cmake/export_xrf2_msgs__rosidl_generator_cppExport.cmake
[2.352s] -- Up-to-date: /home/asdfr-19/ros2_ws/install/xrf2_msgs/share/xrf2_msgs/cmake/export_xrf2_msgs__rosidl_typesupport_fastrtps_cppExport.cmake
[2.355s] -- Up-to-date: /home/asdfr-19/ros2_ws/install/xrf2_msgs/share/xrf2_msgs/cmake/export_xrf2_msgs__rosidl_typesupport_fastrtps_cppExport-noconfig.cmake
[2.359s] -- Up-to-date: /home/asdfr-19/ros2_ws/install/xrf2_msgs/share/xrf2_msgs/cmake/xrf2_msgs__rosidl_typesupport_introspection_cppExport.cmake
[2.363s] -- Up-to-date: /home/asdfr-19/ros2_ws/install/xrf2_msgs/share/xrf2_msgs/cmake/xrf2_msgs__rosidl_typesupport_introspection_cppExport-noconfig.cmake
[2.367s] -- Up-to-date: /home/asdfr-19/ros2_ws/install/xrf2_msgs/share/xrf2_msgs/cmake/xrf2_msgs__rosidl_typesupport_cppExport.cmake
[2.368s] -- Up-to-date: /home/asdfr-19/ros2_ws/install/xrf2_msgs/share/xrf2_msgs/cmake/xrf2_msgs__rosidl_typesupport_cppExport-noconfig.cmake
[2.371s] -- Up-to-date: /home/asdfr-19/ros2_ws/install/xrf2_msgs/share/xrf2_msgs/cmake/export_xrf2_msgs__rosidl_generator_pyExport.cmake
[2.374s] -- Up-to-date: /home/asdfr-19/ros2_ws/install/xrf2_msgs/share/xrf2_msgs/cmake/export_xrf2_msgs__rosidl_generator_pyExport-noconfig.cmake
[2.377s] -- Up-to-date: /home/asdfr-19/ros2_ws/install/xrf2_msgs/share/xrf2_msgs/cmake/rosidl_cmake-extras.cmake
[2.379s] -- Up-to-date: /home/asdfr-19/ros2_ws/install/xrf2_msgs/share/xrf2_msgs/cmake/ament_cmake_export_include_directories-extras.cmake
[2.380s] -- Up-to-date: /home/asdfr-19/ros2_ws/install/xrf2_msgs/share/xrf2_msgs/cmake/ament_cmake_export_libraries-extras.cmake
[2.385s] -- Up-to-date: /home/asdfr-19/ros2_ws/install/xrf2_msgs/share/xrf2_msgs/cmake/ament_cmake_export_targets-extras.cmake
[2.387s] -- Up-to-date: /home/asdfr-19/ros2_ws/install/xrf2_msgs/share/xrf2_msgs/cmake/rosidl_cmake_export_typesupport_targets-extras.cmake
[2.389s] -- Up-to-date: /home/asdfr-19/ros2_ws/install/xrf2_msgs/share/xrf2_msgs/cmake/ament_cmake_export_dependencies-extras.cmake
[2.391s] -- Up-to-date: /home/asdfr-19/ros2_ws/install/xrf2_msgs/share/xrf2_msgs/cmake/rosidl_cmake_export_typesupport_libraries-extras.cmake
[2.392s] -- Up-to-date: /home/asdfr-19/ros2_ws/install/xrf2_msgs/share/xrf2_msgs/cmake/xrf2_msgsConfig.cmake
[2.394s] -- Up-to-date: /home/asdfr-19/ros2_ws/install/xrf2_msgs/share/xrf2_msgs/cmake/xrf2_msgsConfig-version.cmake
[2.396s] -- Up-to-date: /home/asdfr-19/ros2_ws/install/xrf2_msgs/share/xrf2_msgs/package.xml
[2.398s] Invoked command in '/home/asdfr-19/ros2_ws/build/xrf2_msgs' returned '0': CMAKE_PREFIX_PATH=/opt/ros/humble /usr/bin/cmake --install /home/asdfr-19/ros2_ws/build/xrf2_msgs
