[0.051s] Invoking command in '/home/asdfr-19/ros2_ws/build/relbot_simulator': CMAKE_PREFIX_PATH=/opt/ros/humble /usr/bin/cmake --build /home/asdfr-19/ros2_ws/build/relbot_simulator -- -j3 -l3
[0.401s] -- Found ament_cmake: 1.3.11 (/opt/ros/humble/share/ament_cmake/cmake)
[0.923s] -- Found rclcpp: 16.0.11 (/opt/ros/humble/share/rclcpp/cmake)
[1.062s] -- Found rosidl_generator_c: 3.1.6 (/opt/ros/humble/share/rosidl_generator_c/cmake)
[1.075s] -- Found rosidl_adapter: 3.1.6 (/opt/ros/humble/share/rosidl_adapter/cmake)
[1.108s] -- Found rosidl_generator_cpp: 3.1.6 (/opt/ros/humble/share/rosidl_generator_cpp/cmake)
[1.158s] -- Using all available rosidl_typesupport_c: rosidl_typesupport_fastrtps_c;rosidl_typesupport_introspection_c
[1.217s] -- Using all available rosidl_typesupport_cpp: rosidl_typesupport_fastrtps_cpp;rosidl_typesupport_introspection_cpp
[1.379s] -- Found rmw_implementation_cmake: 6.1.2 (/opt/ros/humble/share/rmw_implementation_cmake/cmake)
[1.389s] -- Found rmw_fastrtps_cpp: 6.2.7 (/opt/ros/humble/share/rmw_fastrtps_cpp/cmake)
[1.692s] -- Using RMW implementation 'rmw_fastrtps_cpp' as default
[1.930s] -- Found example_interfaces: 0.9.3 (/opt/ros/humble/share/example_interfaces/cmake)
[2.110s] -- Found geometry_msgs: 4.2.4 (/opt/ros/humble/share/geometry_msgs/cmake)
[2.168s] -- Found sensor_msgs: 4.2.4 (/opt/ros/humble/share/sensor_msgs/cmake)
[2.265s] -- Found cv_bridge: 3.2.1 (/opt/ros/humble/share/cv_bridge/cmake)
[2.294s] -- Found ament_lint_auto: 0.12.11 (/opt/ros/humble/share/ament_lint_auto/cmake)
[2.575s] -- Added test 'copyright' to check source files copyright and LICENSE
[2.583s] -- Added test 'cppcheck' to perform static code analysis on C / C++ code
[2.586s] -- Configured cppcheck include dirs: /home/asdfr-19/ros2_ws/src/relbot_simulator/include;/home/asdfr-19/ros2_ws/src/relbot_simulator/common;$<BUILD_INTERFACE:/home/asdfr-19/ros2_ws/src/relbot_simulator/include>;$<BUILD_INTERFACE:/home/asdfr-19/ros2_ws/src/relbot_simulator/common>
[2.587s] -- Configured cppcheck exclude dirs and/or files: 
[2.592s] -- Added test 'cpplint' to check C / C++ code against the Google style
[2.593s] -- Configured cpplint exclude dirs and/or files: 
[2.595s] -- Added test 'flake8' to check Python code syntax and style conventions
[2.598s] -- Added test 'lint_cmake' to check CMake code style
[2.600s] -- Added test 'pep257' to check Python code against some of the docstring style conventions in PEP 257
[2.606s] -- Added test 'uncrustify' to check C / C++ code style
[2.607s] -- Configured uncrustify additional arguments: 
[2.609s] -- Added test 'xmllint' to check XML markup files
[2.614s] -- Configuring done
[2.732s] -- Generating done
[2.773s] -- Build files have been written to: /home/asdfr-19/ros2_ws/build/relbot_simulator
[2.853s] [35m[1mConsolidate compiler generated dependencies of target sequence_controller[0m
[2.854s] [35m[1mConsolidate compiler generated dependencies of target colour_tracker[0m
[2.855s] [35m[1mConsolidate compiler generated dependencies of target relbot_simulator[0m
[3.417s] [  7%] [32mBuilding CXX object CMakeFiles/sequence_controller.dir/src/sequence_controller.cpp.o[0m
[3.435s] [ 15%] [32mBuilding CXX object CMakeFiles/relbot_simulator.dir/src/relbot_simulator.cpp.o[0m
[3.445s] [ 23%] [32mBuilding CXX object CMakeFiles/colour_tracker.dir/src/colour_tracker.cpp.o[0m
[49.189s] [ 30%] [32m[1mLinking CXX executable sequence_controller[0m
[52.305s] [ 30%] Built target sequence_controller
[52.333s] [ 38%] [32mBuilding CXX object CMakeFiles/relbot_simulator.dir/src/Plant.cpp.o[0m
[55.793s] [ 46%] [32m[1mLinking CXX executable colour_tracker[0m
[59.273s] [ 46%] Built target colour_tracker
[75.478s] [ 53%] [32m[1mLinking CXX executable relbot_simulator[0m
[80.435s] [100%] Built target relbot_simulator
[80.694s] Invoked command in '/home/asdfr-19/ros2_ws/build/relbot_simulator' returned '0': CMAKE_PREFIX_PATH=/opt/ros/humble /usr/bin/cmake --build /home/asdfr-19/ros2_ws/build/relbot_simulator -- -j3 -l3
[80.723s] Invoking command in '/home/asdfr-19/ros2_ws/build/relbot_simulator': CMAKE_PREFIX_PATH=/opt/ros/humble /usr/bin/cmake --install /home/asdfr-19/ros2_ws/build/relbot_simulator
[80.745s] -- Install configuration: ""
[80.746s] -- Installing: /home/asdfr-19/ros2_ws/install/relbot_simulator/lib/relbot_simulator/relbot_simulator
[81.048s] -- Set runtime path of "/home/asdfr-19/ros2_ws/install/relbot_simulator/lib/relbot_simulator/relbot_simulator" to ""
[81.049s] -- Installing: /home/asdfr-19/ros2_ws/install/relbot_simulator/lib/relbot_simulator/sequence_controller
[81.191s] -- Set runtime path of "/home/asdfr-19/ros2_ws/install/relbot_simulator/lib/relbot_simulator/sequence_controller" to ""
[81.192s] -- Installing: /home/asdfr-19/ros2_ws/install/relbot_simulator/lib/relbot_simulator/colour_tracker
[81.334s] -- Set runtime path of "/home/asdfr-19/ros2_ws/install/relbot_simulator/lib/relbot_simulator/colour_tracker" to ""
[81.335s] -- Up-to-date: /home/asdfr-19/ros2_ws/install/relbot_simulator/include
[81.336s] -- Installing: /home/asdfr-19/ros2_ws/install/relbot_simulator/include/Plant.h
[81.337s] -- Installing: /home/asdfr-19/ros2_ws/install/relbot_simulator/include/sequence_controller.hpp
[81.338s] -- Installing: /home/asdfr-19/ros2_ws/install/relbot_simulator/include/colour_tracker.hpp
[81.339s] -- Installing: /home/asdfr-19/ros2_ws/install/relbot_simulator/include/relbot_simulator.hpp
[81.340s] -- Up-to-date: /home/asdfr-19/ros2_ws/install/relbot_simulator/include
[81.341s] -- Installing: /home/asdfr-19/ros2_ws/install/relbot_simulator/include/xxinverse.h
[81.342s] -- Installing: /home/asdfr-19/ros2_ws/install/relbot_simulator/include/xxinteg.h
[81.344s] -- Installing: /home/asdfr-19/ros2_ws/install/relbot_simulator/include/xxmatrix.cpp
[81.344s] -- Installing: /home/asdfr-19/ros2_ws/install/relbot_simulator/include/xxmodel.h
[81.346s] -- Installing: /home/asdfr-19/ros2_ws/install/relbot_simulator/include/MotionProfiles.cpp
[81.347s] -- Installing: /home/asdfr-19/ros2_ws/install/relbot_simulator/include/EulerAngles.h
[81.348s] -- Installing: /home/asdfr-19/ros2_ws/install/relbot_simulator/include/xxinverse.cpp
[81.349s] -- Installing: /home/asdfr-19/ros2_ws/install/relbot_simulator/include/MotionProfiles.h
[81.350s] -- Installing: /home/asdfr-19/ros2_ws/install/relbot_simulator/include/xxfuncs.cpp
[81.351s] -- Installing: /home/asdfr-19/ros2_ws/install/relbot_simulator/include/xxtypes.h
[81.352s] -- Installing: /home/asdfr-19/ros2_ws/install/relbot_simulator/include/xxmatrix.h
[81.353s] -- Installing: /home/asdfr-19/ros2_ws/install/relbot_simulator/include/xxinteg.cpp
[81.354s] -- Installing: /home/asdfr-19/ros2_ws/install/relbot_simulator/include/xxfuncs.h
[81.355s] -- Installing: /home/asdfr-19/ros2_ws/install/relbot_simulator/include/EulerAngles.cpp
[81.356s] -- Installing: /home/asdfr-19/ros2_ws/install/relbot_simulator/share/ament_index/resource_index/package_run_dependencies/relbot_simulator
[81.357s] -- Installing: /home/asdfr-19/ros2_ws/install/relbot_simulator/share/ament_index/resource_index/parent_prefix_path/relbot_simulator
[81.358s] -- Installing: /home/asdfr-19/ros2_ws/install/relbot_simulator/share/relbot_simulator/environment/ament_prefix_path.sh
[81.359s] -- Installing: /home/asdfr-19/ros2_ws/install/relbot_simulator/share/relbot_simulator/environment/ament_prefix_path.dsv
[81.360s] -- Installing: /home/asdfr-19/ros2_ws/install/relbot_simulator/share/relbot_simulator/environment/path.sh
[81.361s] -- Installing: /home/asdfr-19/ros2_ws/install/relbot_simulator/share/relbot_simulator/environment/path.dsv
[81.362s] -- Installing: /home/asdfr-19/ros2_ws/install/relbot_simulator/share/relbot_simulator/local_setup.bash
[81.363s] -- Installing: /home/asdfr-19/ros2_ws/install/relbot_simulator/share/relbot_simulator/local_setup.sh
[81.364s] -- Installing: /home/asdfr-19/ros2_ws/install/relbot_simulator/share/relbot_simulator/local_setup.zsh
[81.366s] -- Installing: /home/asdfr-19/ros2_ws/install/relbot_simulator/share/relbot_simulator/local_setup.dsv
[81.367s] -- Installing: /home/asdfr-19/ros2_ws/install/relbot_simulator/share/relbot_simulator/package.dsv
[81.368s] -- Installing: /home/asdfr-19/ros2_ws/install/relbot_simulator/share/ament_index/resource_index/packages/relbot_simulator
[81.369s] -- Installing: /home/asdfr-19/ros2_ws/install/relbot_simulator/share/relbot_simulator/cmake/relbot_simulatorConfig.cmake
[81.370s] -- Installing: /home/asdfr-19/ros2_ws/install/relbot_simulator/share/relbot_simulator/cmake/relbot_simulatorConfig-version.cmake
[81.372s] -- Up-to-date: /home/asdfr-19/ros2_ws/install/relbot_simulator/share/relbot_simulator/package.xml
[81.374s] -- Up-to-date: /home/asdfr-19/ros2_ws/install/relbot_simulator/share/relbot_simulator//launch
[81.375s] -- Up-to-date: /home/asdfr-19/ros2_ws/install/relbot_simulator/share/relbot_simulator//launch/relbot_simulator.launch.py
[81.376s] Invoked command in '/home/asdfr-19/ros2_ws/build/relbot_simulator' returned '0': CMAKE_PREFIX_PATH=/opt/ros/humble /usr/bin/cmake --install /home/asdfr-19/ros2_ws/build/relbot_simulator
