[35m[1mConsolidate compiler generated dependencies of target xcontroller[0m
[  4%] [32mBuilding CXX object CMakeFiles/xcontroller.dir/src/xcontroller.cpp.o[0m
[01m[K/home/asdfr-19/ros2_ws/src/xcontroller/src/xcontroller.cpp:[m[K In member function ‘[01m[Kvirtual int xcontroller::run()[m[K’:
[01m[K/home/asdfr-19/ros2_ws/src/xcontroller/src/xcontroller.cpp:101:32:[m[K [01;31m[Kerror: [m[Kno matching function for call to ‘[01m[Kclamp(double&, int, int)[m[K’
  101 |    right_motor_vel = [01;31m[Kstd::clamp(right_motor_vel, -2047, 2047)[m[K;
      |                      [01;31m[K~~~~~~~~~~^~~~~~~~~~~~~~~~~~~~~~~~~~~~~~[m[K
In file included from [01m[K/usr/include/c++/11/functional:65[m[K,
                 from [01m[K/home/asdfr-19/ros2_ws/src/xcontroller/../XRF2/XenoRosFramework/Xenomai/include/XenoFrtRosIco.hpp:7[m[K,
                 from [01m[K/home/asdfr-19/ros2_ws/src/xcontroller/../XRF2/XenoRosFramework/Xenomai/include/XenoFrt20Sim.hpp:4[m[K,
                 from [01m[K/home/asdfr-19/ros2_ws/src/xcontroller/include/xcontroller.hpp:4[m[K,
                 from [01m[K/home/asdfr-19/ros2_ws/src/xcontroller/src/xcontroller.cpp:2[m[K:
[01m[K/usr/include/c++/11/bits/stl_algo.h:3656:5:[m[K [01;36m[Knote: [m[Kcandidate: ‘[01m[Ktemplate<class _Tp> constexpr const _Tp& std::clamp(const _Tp&, const _Tp&, const _Tp&)[m[K’
 3656 |     [01;36m[Kclamp[m[K(const _Tp& __val, const _Tp& __lo, const _Tp& __hi)
      |     [01;36m[K^~~~~[m[K
[01m[K/usr/include/c++/11/bits/stl_algo.h:3656:5:[m[K [01;36m[Knote: [m[K  template argument deduction/substitution failed:
[01m[K/home/asdfr-19/ros2_ws/src/xcontroller/src/xcontroller.cpp:101:32:[m[K [01;36m[Knote: [m[K  deduced conflicting types for parameter ‘[01m[Kconst _Tp[m[K’ (‘[01m[Kdouble[m[K’ and ‘[01m[Kint[m[K’)
  101 |    right_motor_vel = [01;36m[Kstd::clamp(right_motor_vel, -2047, 2047)[m[K;
      |                      [01;36m[K~~~~~~~~~~^~~~~~~~~~~~~~~~~~~~~~~~~~~~~~[m[K
In file included from [01m[K/usr/include/c++/11/functional:65[m[K,
                 from [01m[K/home/asdfr-19/ros2_ws/src/xcontroller/../XRF2/XenoRosFramework/Xenomai/include/XenoFrtRosIco.hpp:7[m[K,
                 from [01m[K/home/asdfr-19/ros2_ws/src/xcontroller/../XRF2/XenoRosFramework/Xenomai/include/XenoFrt20Sim.hpp:4[m[K,
                 from [01m[K/home/asdfr-19/ros2_ws/src/xcontroller/include/xcontroller.hpp:4[m[K,
                 from [01m[K/home/asdfr-19/ros2_ws/src/xcontroller/src/xcontroller.cpp:2[m[K:
[01m[K/usr/include/c++/11/bits/stl_algo.h:3674:5:[m[K [01;36m[Knote: [m[Kcandidate: ‘[01m[Ktemplate<class _Tp, class _Compare> constexpr const _Tp& std::clamp(const _Tp&, const _Tp&, const _Tp&, _Compare)[m[K’
 3674 |     [01;36m[Kclamp[m[K(const _Tp& __val, const _Tp& __lo, const _Tp& __hi, _Compare __comp)
      |     [01;36m[K^~~~~[m[K
[01m[K/usr/include/c++/11/bits/stl_algo.h:3674:5:[m[K [01;36m[Knote: [m[K  template argument deduction/substitution failed:
[01m[K/home/asdfr-19/ros2_ws/src/xcontroller/src/xcontroller.cpp:101:32:[m[K [01;36m[Knote: [m[K  deduced conflicting types for parameter ‘[01m[Kconst _Tp[m[K’ (‘[01m[Kdouble[m[K’ and ‘[01m[Kint[m[K’)
  101 |    right_motor_vel = [01;36m[Kstd::clamp(right_motor_vel, -2047, 2047)[m[K;
      |                      [01;36m[K~~~~~~~~~~^~~~~~~~~~~~~~~~~~~~~~~~~~~~~~[m[K
[01m[K/home/asdfr-19/ros2_ws/src/xcontroller/src/xcontroller.cpp:102:32:[m[K [01;31m[Kerror: [m[Kno matching function for call to ‘[01m[Kclamp(double&, int, int)[m[K’
  102 |    left_motor_vel  = [01;31m[Kstd::clamp(left_motor_vel, -2047, 2047)[m[K;
      |                      [01;31m[K~~~~~~~~~~^~~~~~~~~~~~~~~~~~~~~~~~~~~~~[m[K
In file included from [01m[K/usr/include/c++/11/functional:65[m[K,
                 from [01m[K/home/asdfr-19/ros2_ws/src/xcontroller/../XRF2/XenoRosFramework/Xenomai/include/XenoFrtRosIco.hpp:7[m[K,
                 from [01m[K/home/asdfr-19/ros2_ws/src/xcontroller/../XRF2/XenoRosFramework/Xenomai/include/XenoFrt20Sim.hpp:4[m[K,
                 from [01m[K/home/asdfr-19/ros2_ws/src/xcontroller/include/xcontroller.hpp:4[m[K,
                 from [01m[K/home/asdfr-19/ros2_ws/src/xcontroller/src/xcontroller.cpp:2[m[K:
[01m[K/usr/include/c++/11/bits/stl_algo.h:3656:5:[m[K [01;36m[Knote: [m[Kcandidate: ‘[01m[Ktemplate<class _Tp> constexpr const _Tp& std::clamp(const _Tp&, const _Tp&, const _Tp&)[m[K’
 3656 |     [01;36m[Kclamp[m[K(const _Tp& __val, const _Tp& __lo, const _Tp& __hi)
      |     [01;36m[K^~~~~[m[K
[01m[K/usr/include/c++/11/bits/stl_algo.h:3656:5:[m[K [01;36m[Knote: [m[K  template argument deduction/substitution failed:
[01m[K/home/asdfr-19/ros2_ws/src/xcontroller/src/xcontroller.cpp:102:32:[m[K [01;36m[Knote: [m[K  deduced conflicting types for parameter ‘[01m[Kconst _Tp[m[K’ (‘[01m[Kdouble[m[K’ and ‘[01m[Kint[m[K’)
  102 |    left_motor_vel  = [01;36m[Kstd::clamp(left_motor_vel, -2047, 2047)[m[K;
      |                      [01;36m[K~~~~~~~~~~^~~~~~~~~~~~~~~~~~~~~~~~~~~~~[m[K
In file included from [01m[K/usr/include/c++/11/functional:65[m[K,
                 from [01m[K/home/asdfr-19/ros2_ws/src/xcontroller/../XRF2/XenoRosFramework/Xenomai/include/XenoFrtRosIco.hpp:7[m[K,
                 from [01m[K/home/asdfr-19/ros2_ws/src/xcontroller/../XRF2/XenoRosFramework/Xenomai/include/XenoFrt20Sim.hpp:4[m[K,
                 from [01m[K/home/asdfr-19/ros2_ws/src/xcontroller/include/xcontroller.hpp:4[m[K,
                 from [01m[K/home/asdfr-19/ros2_ws/src/xcontroller/src/xcontroller.cpp:2[m[K:
[01m[K/usr/include/c++/11/bits/stl_algo.h:3674:5:[m[K [01;36m[Knote: [m[Kcandidate: ‘[01m[Ktemplate<class _Tp, class _Compare> constexpr const _Tp& std::clamp(const _Tp&, const _Tp&, const _Tp&, _Compare)[m[K’
 3674 |     [01;36m[Kclamp[m[K(const _Tp& __val, const _Tp& __lo, const _Tp& __hi, _Compare __comp)
      |     [01;36m[K^~~~~[m[K
[01m[K/usr/include/c++/11/bits/stl_algo.h:3674:5:[m[K [01;36m[Knote: [m[K  template argument deduction/substitution failed:
[01m[K/home/asdfr-19/ros2_ws/src/xcontroller/src/xcontroller.cpp:102:32:[m[K [01;36m[Knote: [m[K  deduced conflicting types for parameter ‘[01m[Kconst _Tp[m[K’ (‘[01m[Kdouble[m[K’ and ‘[01m[Kint[m[K’)
  102 |    left_motor_vel  = [01;36m[Kstd::clamp(left_motor_vel, -2047, 2047)[m[K;
      |                      [01;36m[K~~~~~~~~~~^~~~~~~~~~~~~~~~~~~~~~~~~~~~~[m[K
gmake[2]: *** [CMakeFiles/xcontroller.dir/build.make:258: CMakeFiles/xcontroller.dir/src/xcontroller.cpp.o] Error 1
gmake[1]: *** [CMakeFiles/Makefile2:137: CMakeFiles/xcontroller.dir/all] Error 2
gmake: *** [Makefile:101: all] Error 2
