[0.043s] Invoking command in '/home/asdfr-19/ros2_ws/build/xcontroller': CMAKE_PREFIX_PATH=/home/asdfr-19/ros2_ws/install/xrf2_msgs:/home/asdfr-19/ros2_ws/install/ros_xeno_bridge:/home/asdfr-19/ros2_ws/install/relbot_simulator /usr/bin/cmake --build /home/asdfr-19/ros2_ws/build/xcontroller -- -j3 -l3
[0.169s] [35m[1mConsolidate compiler generated dependencies of target xcontroller[0m
[1.081s] [  4%] [32mBuilding CXX object CMakeFiles/xcontroller.dir/src/xcontroller.cpp.o[0m
[3.241s] [01m[K/home/asdfr-19/ros2_ws/src/xcontroller/src/xcontroller.cpp:[m[K In member function ‘[01m[Kvirtual int xcontroller::run()[m[K’:
[3.243s] [01m[K/home/asdfr-19/ros2_ws/src/xcontroller/src/xcontroller.cpp:101:32:[m[K [01;31m[Kerror: [m[Kno matching function for call to ‘[01m[Kclamp(double&, int, int)[m[K’
[3.244s]   101 |    right_motor_vel = [01;31m[Kstd::clamp(right_motor_vel, -2047, 2047)[m[K;
[3.245s]       |                      [01;31m[K~~~~~~~~~~^~~~~~~~~~~~~~~~~~~~~~~~~~~~~~[m[K
[3.247s] In file included from [01m[K/usr/include/c++/11/functional:65[m[K,
[3.248s]                  from [01m[K/home/asdfr-19/ros2_ws/src/xcontroller/../XRF2/XenoRosFramework/Xenomai/include/XenoFrtRosIco.hpp:7[m[K,
[3.249s]                  from [01m[K/home/asdfr-19/ros2_ws/src/xcontroller/../XRF2/XenoRosFramework/Xenomai/include/XenoFrt20Sim.hpp:4[m[K,
[3.250s]                  from [01m[K/home/asdfr-19/ros2_ws/src/xcontroller/include/xcontroller.hpp:4[m[K,
[3.251s]                  from [01m[K/home/asdfr-19/ros2_ws/src/xcontroller/src/xcontroller.cpp:2[m[K:
[3.252s] [01m[K/usr/include/c++/11/bits/stl_algo.h:3656:5:[m[K [01;36m[Knote: [m[Kcandidate: ‘[01m[Ktemplate<class _Tp> constexpr const _Tp& std::clamp(const _Tp&, const _Tp&, const _Tp&)[m[K’
[3.254s]  3656 |     [01;36m[Kclamp[m[K(const _Tp& __val, const _Tp& __lo, const _Tp& __hi)
[3.255s]       |     [01;36m[K^~~~~[m[K
[3.256s] [01m[K/usr/include/c++/11/bits/stl_algo.h:3656:5:[m[K [01;36m[Knote: [m[K  template argument deduction/substitution failed:
[3.257s] [01m[K/home/asdfr-19/ros2_ws/src/xcontroller/src/xcontroller.cpp:101:32:[m[K [01;36m[Knote: [m[K  deduced conflicting types for parameter ‘[01m[Kconst _Tp[m[K’ (‘[01m[Kdouble[m[K’ and ‘[01m[Kint[m[K’)
[3.258s]   101 |    right_motor_vel = [01;36m[Kstd::clamp(right_motor_vel, -2047, 2047)[m[K;
[3.259s]       |                      [01;36m[K~~~~~~~~~~^~~~~~~~~~~~~~~~~~~~~~~~~~~~~~[m[K
[3.260s] In file included from [01m[K/usr/include/c++/11/functional:65[m[K,
[3.261s]                  from [01m[K/home/asdfr-19/ros2_ws/src/xcontroller/../XRF2/XenoRosFramework/Xenomai/include/XenoFrtRosIco.hpp:7[m[K,
[3.262s]                  from [01m[K/home/asdfr-19/ros2_ws/src/xcontroller/../XRF2/XenoRosFramework/Xenomai/include/XenoFrt20Sim.hpp:4[m[K,
[3.264s]                  from [01m[K/home/asdfr-19/ros2_ws/src/xcontroller/include/xcontroller.hpp:4[m[K,
[3.265s]                  from [01m[K/home/asdfr-19/ros2_ws/src/xcontroller/src/xcontroller.cpp:2[m[K:
[3.266s] [01m[K/usr/include/c++/11/bits/stl_algo.h:3674:5:[m[K [01;36m[Knote: [m[Kcandidate: ‘[01m[Ktemplate<class _Tp, class _Compare> constexpr const _Tp& std::clamp(const _Tp&, const _Tp&, const _Tp&, _Compare)[m[K’
[3.267s]  3674 |     [01;36m[Kclamp[m[K(const _Tp& __val, const _Tp& __lo, const _Tp& __hi, _Compare __comp)
[3.268s]       |     [01;36m[K^~~~~[m[K
[3.269s] [01m[K/usr/include/c++/11/bits/stl_algo.h:3674:5:[m[K [01;36m[Knote: [m[K  template argument deduction/substitution failed:
[3.270s] [01m[K/home/asdfr-19/ros2_ws/src/xcontroller/src/xcontroller.cpp:101:32:[m[K [01;36m[Knote: [m[K  deduced conflicting types for parameter ‘[01m[Kconst _Tp[m[K’ (‘[01m[Kdouble[m[K’ and ‘[01m[Kint[m[K’)
[3.271s]   101 |    right_motor_vel = [01;36m[Kstd::clamp(right_motor_vel, -2047, 2047)[m[K;
[3.272s]       |                      [01;36m[K~~~~~~~~~~^~~~~~~~~~~~~~~~~~~~~~~~~~~~~~[m[K
[3.274s] [01m[K/home/asdfr-19/ros2_ws/src/xcontroller/src/xcontroller.cpp:102:32:[m[K [01;31m[Kerror: [m[Kno matching function for call to ‘[01m[Kclamp(double&, int, int)[m[K’
[3.275s]   102 |    left_motor_vel  = [01;31m[Kstd::clamp(left_motor_vel, -2047, 2047)[m[K;
[3.276s]       |                      [01;31m[K~~~~~~~~~~^~~~~~~~~~~~~~~~~~~~~~~~~~~~~[m[K
[3.277s] In file included from [01m[K/usr/include/c++/11/functional:65[m[K,
[3.278s]                  from [01m[K/home/asdfr-19/ros2_ws/src/xcontroller/../XRF2/XenoRosFramework/Xenomai/include/XenoFrtRosIco.hpp:7[m[K,
[3.280s]                  from [01m[K/home/asdfr-19/ros2_ws/src/xcontroller/../XRF2/XenoRosFramework/Xenomai/include/XenoFrt20Sim.hpp:4[m[K,
[3.281s]                  from [01m[K/home/asdfr-19/ros2_ws/src/xcontroller/include/xcontroller.hpp:4[m[K,
[3.282s]                  from [01m[K/home/asdfr-19/ros2_ws/src/xcontroller/src/xcontroller.cpp:2[m[K:
[3.283s] [01m[K/usr/include/c++/11/bits/stl_algo.h:3656:5:[m[K [01;36m[Knote: [m[Kcandidate: ‘[01m[Ktemplate<class _Tp> constexpr const _Tp& std::clamp(const _Tp&, const _Tp&, const _Tp&)[m[K’
[3.285s]  3656 |     [01;36m[Kclamp[m[K(const _Tp& __val, const _Tp& __lo, const _Tp& __hi)
[3.286s]       |     [01;36m[K^~~~~[m[K
[3.287s] [01m[K/usr/include/c++/11/bits/stl_algo.h:3656:5:[m[K [01;36m[Knote: [m[K  template argument deduction/substitution failed:
[3.288s] [01m[K/home/asdfr-19/ros2_ws/src/xcontroller/src/xcontroller.cpp:102:32:[m[K [01;36m[Knote: [m[K  deduced conflicting types for parameter ‘[01m[Kconst _Tp[m[K’ (‘[01m[Kdouble[m[K’ and ‘[01m[Kint[m[K’)
[3.289s]   102 |    left_motor_vel  = [01;36m[Kstd::clamp(left_motor_vel, -2047, 2047)[m[K;
[3.290s]       |                      [01;36m[K~~~~~~~~~~^~~~~~~~~~~~~~~~~~~~~~~~~~~~~[m[K
[3.291s] In file included from [01m[K/usr/include/c++/11/functional:65[m[K,
[3.292s]                  from [01m[K/home/asdfr-19/ros2_ws/src/xcontroller/../XRF2/XenoRosFramework/Xenomai/include/XenoFrtRosIco.hpp:7[m[K,
[3.293s]                  from [01m[K/home/asdfr-19/ros2_ws/src/xcontroller/../XRF2/XenoRosFramework/Xenomai/include/XenoFrt20Sim.hpp:4[m[K,
[3.295s]                  from [01m[K/home/asdfr-19/ros2_ws/src/xcontroller/include/xcontroller.hpp:4[m[K,
[3.296s]                  from [01m[K/home/asdfr-19/ros2_ws/src/xcontroller/src/xcontroller.cpp:2[m[K:
[3.297s] [01m[K/usr/include/c++/11/bits/stl_algo.h:3674:5:[m[K [01;36m[Knote: [m[Kcandidate: ‘[01m[Ktemplate<class _Tp, class _Compare> constexpr const _Tp& std::clamp(const _Tp&, const _Tp&, const _Tp&, _Compare)[m[K’
[3.298s]  3674 |     [01;36m[Kclamp[m[K(const _Tp& __val, const _Tp& __lo, const _Tp& __hi, _Compare __comp)
[3.299s]       |     [01;36m[K^~~~~[m[K
[3.301s] [01m[K/usr/include/c++/11/bits/stl_algo.h:3674:5:[m[K [01;36m[Knote: [m[K  template argument deduction/substitution failed:
[3.302s] [01m[K/home/asdfr-19/ros2_ws/src/xcontroller/src/xcontroller.cpp:102:32:[m[K [01;36m[Knote: [m[K  deduced conflicting types for parameter ‘[01m[Kconst _Tp[m[K’ (‘[01m[Kdouble[m[K’ and ‘[01m[Kint[m[K’)
[3.303s]   102 |    left_motor_vel  = [01;36m[Kstd::clamp(left_motor_vel, -2047, 2047)[m[K;
[3.304s]       |                      [01;36m[K~~~~~~~~~~^~~~~~~~~~~~~~~~~~~~~~~~~~~~~[m[K
[3.491s] gmake[2]: *** [CMakeFiles/xcontroller.dir/build.make:258: CMakeFiles/xcontroller.dir/src/xcontroller.cpp.o] Error 1
[3.493s] gmake[1]: *** [CMakeFiles/Makefile2:137: CMakeFiles/xcontroller.dir/all] Error 2
[3.494s] gmake: *** [Makefile:101: all] Error 2
[3.498s] Invoked command in '/home/asdfr-19/ros2_ws/build/xcontroller' returned '2': CMAKE_PREFIX_PATH=/home/asdfr-19/ros2_ws/install/xrf2_msgs:/home/asdfr-19/ros2_ws/install/ros_xeno_bridge:/home/asdfr-19/ros2_ws/install/relbot_simulator /usr/bin/cmake --build /home/asdfr-19/ros2_ws/build/xcontroller -- -j3 -l3
