[0.047s] Invoking command in '/home/asdfr-19/ros2_ws/build/relbot_simulator': CMAKE_PREFIX_PATH=${CMAKE_PREFIX_PATH}:/opt/ros/humble /usr/bin/cmake --build /home/asdfr-19/ros2_ws/build/relbot_simulator -- -j3 -l3
[0.246s] [ 15%] Built target sequence_controller
[0.330s] [ 84%] Built target relbot_simulator
[0.354s] [100%] Built target colour_tracker
[0.415s] Invoked command in '/home/asdfr-19/ros2_ws/build/relbot_simulator' returned '0': CMAKE_PREFIX_PATH=${CMAKE_PREFIX_PATH}:/opt/ros/humble /usr/bin/cmake --build /home/asdfr-19/ros2_ws/build/relbot_simulator -- -j3 -l3
[0.477s] Invoking command in '/home/asdfr-19/ros2_ws/build/relbot_simulator': CMAKE_PREFIX_PATH=${CMAKE_PREFIX_PATH}:/opt/ros/humble /usr/bin/cmake --install /home/asdfr-19/ros2_ws/build/relbot_simulator
[0.502s] -- Install configuration: ""
[0.505s] -- Up-to-date: /home/asdfr-19/ros2_ws/install/relbot_simulator/lib/relbot_simulator/relbot_simulator
[0.509s] -- Up-to-date: /home/asdfr-19/ros2_ws/install/relbot_simulator/lib/relbot_simulator/sequence_controller
[0.512s] -- Up-to-date: /home/asdfr-19/ros2_ws/install/relbot_simulator/lib/relbot_simulator/colour_tracker
[0.515s] -- Up-to-date: /home/asdfr-19/ros2_ws/install/relbot_simulator/include
[0.519s] -- Up-to-date: /home/asdfr-19/ros2_ws/install/relbot_simulator/include/Plant.h
[0.521s] -- Up-to-date: /home/asdfr-19/ros2_ws/install/relbot_simulator/include/sequence_controller.hpp
[0.523s] -- Up-to-date: /home/asdfr-19/ros2_ws/install/relbot_simulator/include/colour_tracker.hpp
[0.527s] -- Up-to-date: /home/asdfr-19/ros2_ws/install/relbot_simulator/include/relbot_simulator.hpp
[0.529s] -- Up-to-date: /home/asdfr-19/ros2_ws/install/relbot_simulator/include
[0.533s] -- Up-to-date: /home/asdfr-19/ros2_ws/install/relbot_simulator/include/xxinverse.h
[0.539s] -- Up-to-date: /home/asdfr-19/ros2_ws/install/relbot_simulator/include/xxinteg.h
[0.541s] -- Up-to-date: /home/asdfr-19/ros2_ws/install/relbot_simulator/include/xxmatrix.cpp
[0.542s] -- Up-to-date: /home/asdfr-19/ros2_ws/install/relbot_simulator/include/xxmodel.h
[0.544s] -- Up-to-date: /home/asdfr-19/ros2_ws/install/relbot_simulator/include/MotionProfiles.cpp
[0.545s] -- Up-to-date: /home/asdfr-19/ros2_ws/install/relbot_simulator/include/EulerAngles.h
[0.546s] -- Up-to-date: /home/asdfr-19/ros2_ws/install/relbot_simulator/include/xxinverse.cpp
[0.548s] -- Up-to-date: /home/asdfr-19/ros2_ws/install/relbot_simulator/include/MotionProfiles.h
[0.576s] -- Up-to-date: /home/asdfr-19/ros2_ws/install/relbot_simulator/include/xxfuncs.cpp
[0.577s] -- Up-to-date: /home/asdfr-19/ros2_ws/install/relbot_simulator/include/xxtypes.h
[0.579s] -- Up-to-date: /home/asdfr-19/ros2_ws/install/relbot_simulator/include/xxmatrix.h
[0.582s] -- Up-to-date: /home/asdfr-19/ros2_ws/install/relbot_simulator/include/xxinteg.cpp
[0.583s] -- Up-to-date: /home/asdfr-19/ros2_ws/install/relbot_simulator/include/xxfuncs.h
[0.585s] -- Up-to-date: /home/asdfr-19/ros2_ws/install/relbot_simulator/include/EulerAngles.cpp
[0.586s] -- Up-to-date: /home/asdfr-19/ros2_ws/install/relbot_simulator/share/ament_index/resource_index/package_run_dependencies/relbot_simulator
[0.600s] -- Up-to-date: /home/asdfr-19/ros2_ws/install/relbot_simulator/share/ament_index/resource_index/parent_prefix_path/relbot_simulator
[0.601s] -- Up-to-date: /home/asdfr-19/ros2_ws/install/relbot_simulator/share/relbot_simulator/environment/ament_prefix_path.sh
[0.603s] -- Up-to-date: /home/asdfr-19/ros2_ws/install/relbot_simulator/share/relbot_simulator/environment/ament_prefix_path.dsv
[0.605s] -- Up-to-date: /home/asdfr-19/ros2_ws/install/relbot_simulator/share/relbot_simulator/environment/path.sh
[0.606s] -- Up-to-date: /home/asdfr-19/ros2_ws/install/relbot_simulator/share/relbot_simulator/environment/path.dsv
[0.607s] -- Up-to-date: /home/asdfr-19/ros2_ws/install/relbot_simulator/share/relbot_simulator/local_setup.bash
[0.620s] -- Up-to-date: /home/asdfr-19/ros2_ws/install/relbot_simulator/share/relbot_simulator/local_setup.sh
[0.622s] -- Up-to-date: /home/asdfr-19/ros2_ws/install/relbot_simulator/share/relbot_simulator/local_setup.zsh
[0.623s] -- Up-to-date: /home/asdfr-19/ros2_ws/install/relbot_simulator/share/relbot_simulator/local_setup.dsv
[0.626s] -- Installing: /home/asdfr-19/ros2_ws/install/relbot_simulator/share/relbot_simulator/package.dsv
[0.628s] -- Up-to-date: /home/asdfr-19/ros2_ws/install/relbot_simulator/share/ament_index/resource_index/packages/relbot_simulator
[0.639s] -- Up-to-date: /home/asdfr-19/ros2_ws/install/relbot_simulator/share/relbot_simulator/cmake/relbot_simulatorConfig.cmake
[0.641s] -- Up-to-date: /home/asdfr-19/ros2_ws/install/relbot_simulator/share/relbot_simulator/cmake/relbot_simulatorConfig-version.cmake
[0.642s] -- Up-to-date: /home/asdfr-19/ros2_ws/install/relbot_simulator/share/relbot_simulator/package.xml
[0.643s] -- Up-to-date: /home/asdfr-19/ros2_ws/install/relbot_simulator/share/relbot_simulator//launch
[0.645s] -- Up-to-date: /home/asdfr-19/ros2_ws/install/relbot_simulator/share/relbot_simulator//launch/relbot_simulator.launch.py
[0.646s] Invoked command in '/home/asdfr-19/ros2_ws/build/relbot_simulator' returned '0': CMAKE_PREFIX_PATH=${CMAKE_PREFIX_PATH}:/opt/ros/humble /usr/bin/cmake --install /home/asdfr-19/ros2_ws/build/relbot_simulator
