[0.057s] Invoking command in '/home/asdfr-19/ros2_ws/build/relbot_simulator': CMAKE_PREFIX_PATH=${CMAKE_PREFIX_PATH}:/opt/ros/humble /usr/bin/cmake --build /home/asdfr-19/ros2_ws/build/relbot_simulator -- -j3 -l3
[0.245s] [35m[1mConsolidate compiler generated dependencies of target sequence_controller[0m
[0.373s] [ 69%] Built target relbot_simulator
[0.462s] [ 84%] Built target colour_tracker
[1.205s] [100%] Built target sequence_controller
[1.241s] Invoked command in '/home/asdfr-19/ros2_ws/build/relbot_simulator' returned '0': CMAKE_PREFIX_PATH=${CMAKE_PREFIX_PATH}:/opt/ros/humble /usr/bin/cmake --build /home/asdfr-19/ros2_ws/build/relbot_simulator -- -j3 -l3
[1.269s] Invoking command in '/home/asdfr-19/ros2_ws/build/relbot_simulator': CMAKE_PREFIX_PATH=${CMAKE_PREFIX_PATH}:/opt/ros/humble /usr/bin/cmake --install /home/asdfr-19/ros2_ws/build/relbot_simulator
[1.292s] -- Install configuration: ""
[1.295s] -- Up-to-date: /home/asdfr-19/ros2_ws/install/relbot_simulator/lib/relbot_simulator/relbot_simulator
[1.298s] -- Up-to-date: /home/asdfr-19/ros2_ws/install/relbot_simulator/lib/relbot_simulator/sequence_controller
[1.300s] -- Up-to-date: /home/asdfr-19/ros2_ws/install/relbot_simulator/lib/relbot_simulator/colour_tracker
[1.302s] -- Up-to-date: /home/asdfr-19/ros2_ws/install/relbot_simulator/include
[1.303s] -- Up-to-date: /home/asdfr-19/ros2_ws/install/relbot_simulator/include/Plant.h
[1.305s] -- Up-to-date: /home/asdfr-19/ros2_ws/install/relbot_simulator/include/sequence_controller.hpp
[1.308s] -- Up-to-date: /home/asdfr-19/ros2_ws/install/relbot_simulator/include/colour_tracker.hpp
[1.310s] -- Up-to-date: /home/asdfr-19/ros2_ws/install/relbot_simulator/include/relbot_simulator.hpp
[1.312s] -- Up-to-date: /home/asdfr-19/ros2_ws/install/relbot_simulator/include
[1.313s] -- Up-to-date: /home/asdfr-19/ros2_ws/install/relbot_simulator/include/xxinverse.h
[1.315s] -- Up-to-date: /home/asdfr-19/ros2_ws/install/relbot_simulator/include/xxinteg.h
[1.317s] -- Up-to-date: /home/asdfr-19/ros2_ws/install/relbot_simulator/include/xxmatrix.cpp
[1.318s] -- Up-to-date: /home/asdfr-19/ros2_ws/install/relbot_simulator/include/xxmodel.h
[1.320s] -- Up-to-date: /home/asdfr-19/ros2_ws/install/relbot_simulator/include/MotionProfiles.cpp
[1.322s] -- Up-to-date: /home/asdfr-19/ros2_ws/install/relbot_simulator/include/EulerAngles.h
[1.323s] -- Up-to-date: /home/asdfr-19/ros2_ws/install/relbot_simulator/include/xxinverse.cpp
[1.325s] -- Up-to-date: /home/asdfr-19/ros2_ws/install/relbot_simulator/include/MotionProfiles.h
[1.326s] -- Up-to-date: /home/asdfr-19/ros2_ws/install/relbot_simulator/include/xxfuncs.cpp
[1.328s] -- Up-to-date: /home/asdfr-19/ros2_ws/install/relbot_simulator/include/xxtypes.h
[1.329s] -- Up-to-date: /home/asdfr-19/ros2_ws/install/relbot_simulator/include/xxmatrix.h
[1.331s] -- Up-to-date: /home/asdfr-19/ros2_ws/install/relbot_simulator/include/xxinteg.cpp
[1.332s] -- Up-to-date: /home/asdfr-19/ros2_ws/install/relbot_simulator/include/xxfuncs.h
[1.333s] -- Up-to-date: /home/asdfr-19/ros2_ws/install/relbot_simulator/include/EulerAngles.cpp
[1.335s] -- Up-to-date: /home/asdfr-19/ros2_ws/install/relbot_simulator/share/ament_index/resource_index/package_run_dependencies/relbot_simulator
[1.337s] -- Up-to-date: /home/asdfr-19/ros2_ws/install/relbot_simulator/share/ament_index/resource_index/parent_prefix_path/relbot_simulator
[1.339s] -- Up-to-date: /home/asdfr-19/ros2_ws/install/relbot_simulator/share/relbot_simulator/environment/ament_prefix_path.sh
[1.340s] -- Up-to-date: /home/asdfr-19/ros2_ws/install/relbot_simulator/share/relbot_simulator/environment/ament_prefix_path.dsv
[1.342s] -- Up-to-date: /home/asdfr-19/ros2_ws/install/relbot_simulator/share/relbot_simulator/environment/path.sh
[1.344s] -- Up-to-date: /home/asdfr-19/ros2_ws/install/relbot_simulator/share/relbot_simulator/environment/path.dsv
[1.345s] -- Up-to-date: /home/asdfr-19/ros2_ws/install/relbot_simulator/share/relbot_simulator/local_setup.bash
[1.347s] -- Up-to-date: /home/asdfr-19/ros2_ws/install/relbot_simulator/share/relbot_simulator/local_setup.sh
[1.349s] -- Up-to-date: /home/asdfr-19/ros2_ws/install/relbot_simulator/share/relbot_simulator/local_setup.zsh
[1.351s] -- Up-to-date: /home/asdfr-19/ros2_ws/install/relbot_simulator/share/relbot_simulator/local_setup.dsv
[1.353s] -- Installing: /home/asdfr-19/ros2_ws/install/relbot_simulator/share/relbot_simulator/package.dsv
[1.355s] -- Up-to-date: /home/asdfr-19/ros2_ws/install/relbot_simulator/share/ament_index/resource_index/packages/relbot_simulator
[1.358s] -- Up-to-date: /home/asdfr-19/ros2_ws/install/relbot_simulator/share/relbot_simulator/cmake/relbot_simulatorConfig.cmake
[1.361s] -- Up-to-date: /home/asdfr-19/ros2_ws/install/relbot_simulator/share/relbot_simulator/cmake/relbot_simulatorConfig-version.cmake
[1.365s] -- Up-to-date: /home/asdfr-19/ros2_ws/install/relbot_simulator/share/relbot_simulator/package.xml
[1.368s] -- Up-to-date: /home/asdfr-19/ros2_ws/install/relbot_simulator/share/relbot_simulator//launch
[1.371s] -- Up-to-date: /home/asdfr-19/ros2_ws/install/relbot_simulator/share/relbot_simulator//launch/relbot_simulator.launch.py
[1.374s] Invoked command in '/home/asdfr-19/ros2_ws/build/relbot_simulator' returned '0': CMAKE_PREFIX_PATH=${CMAKE_PREFIX_PATH}:/opt/ros/humble /usr/bin/cmake --install /home/asdfr-19/ros2_ws/build/relbot_simulator
