[0.043s] Invoking command in '/home/asdfr-19/ros2_ws/build/relbot_simulator': CMAKE_PREFIX_PATH=${CMAKE_PREFIX_PATH}:/opt/ros/humble /usr/bin/cmake --build /home/asdfr-19/ros2_ws/build/relbot_simulator -- -j3 -l3
[0.390s] -- Found ament_cmake: 1.3.11 (/opt/ros/humble/share/ament_cmake/cmake)
[1.074s] -- Found rclcpp: 16.0.11 (/opt/ros/humble/share/rclcpp/cmake)
[1.220s] -- Found rosidl_generator_c: 3.1.6 (/opt/ros/humble/share/rosidl_generator_c/cmake)
[1.230s] -- Found rosidl_adapter: 3.1.6 (/opt/ros/humble/share/rosidl_adapter/cmake)
[1.252s] -- Found rosidl_generator_cpp: 3.1.6 (/opt/ros/humble/share/rosidl_generator_cpp/cmake)
[1.295s] -- Using all available rosidl_typesupport_c: rosidl_typesupport_fastrtps_c;rosidl_typesupport_introspection_c
[1.335s] -- Using all available rosidl_typesupport_cpp: rosidl_typesupport_fastrtps_cpp;rosidl_typesupport_introspection_cpp
[1.503s] -- Found rmw_implementation_cmake: 6.1.2 (/opt/ros/humble/share/rmw_implementation_cmake/cmake)
[1.516s] -- Found rmw_fastrtps_cpp: 6.2.7 (/opt/ros/humble/share/rmw_fastrtps_cpp/cmake)
[1.851s] -- Using RMW implementation 'rmw_fastrtps_cpp' as default
[2.122s] -- Found example_interfaces: 0.9.3 (/opt/ros/humble/share/example_interfaces/cmake)
[2.319s] -- Found geometry_msgs: 4.2.4 (/opt/ros/humble/share/geometry_msgs/cmake)
[2.384s] -- Found sensor_msgs: 4.2.4 (/opt/ros/humble/share/sensor_msgs/cmake)
[2.487s] -- Found cv_bridge: 3.2.1 (/opt/ros/humble/share/cv_bridge/cmake)
[2.521s] -- Found ament_lint_auto: 0.12.11 (/opt/ros/humble/share/ament_lint_auto/cmake)
[2.896s] -- Added test 'copyright' to check source files copyright and LICENSE
[2.904s] -- Added test 'cppcheck' to perform static code analysis on C / C++ code
[2.907s] -- Configured cppcheck include dirs: /home/asdfr-19/ros2_ws/src/relbot_simulator/include;/home/asdfr-19/ros2_ws/src/relbot_simulator/common;$<BUILD_INTERFACE:/home/asdfr-19/ros2_ws/src/relbot_simulator/include>;$<BUILD_INTERFACE:/home/asdfr-19/ros2_ws/src/relbot_simulator/common>
[2.908s] -- Configured cppcheck exclude dirs and/or files: 
[2.915s] -- Added test 'cpplint' to check C / C++ code against the Google style
[2.916s] -- Configured cpplint exclude dirs and/or files: 
[2.918s] -- Added test 'flake8' to check Python code syntax and style conventions
[2.922s] -- Added test 'lint_cmake' to check CMake code style
[2.926s] -- Added test 'pep257' to check Python code against some of the docstring style conventions in PEP 257
[2.933s] -- Added test 'uncrustify' to check C / C++ code style
[2.935s] -- Configured uncrustify additional arguments: 
[2.936s] -- Added test 'xmllint' to check XML markup files
[2.942s] -- Configuring done
[3.066s] -- Generating done
[3.122s] -- Build files have been written to: /home/asdfr-19/ros2_ws/build/relbot_simulator
[3.239s] [35m[1mConsolidate compiler generated dependencies of target sequence_controller[0m
[3.252s] [35m[1mConsolidate compiler generated dependencies of target relbot_simulator[0m
[3.267s] [35m[1mConsolidate compiler generated dependencies of target colour_tracker[0m
[3.791s] [  7%] [32mBuilding CXX object CMakeFiles/sequence_controller.dir/src/sequence_controller.cpp.o[0m
[3.833s] [ 15%] [32mBuilding CXX object CMakeFiles/colour_tracker.dir/src/colour_tracker.cpp.o[0m
[3.976s] [ 23%] [32mBuilding CXX object CMakeFiles/relbot_simulator.dir/src/relbot_simulator.cpp.o[0m
[78.870s] [ 30%] [32m[1mLinking CXX executable sequence_controller[0m
[83.516s] [ 30%] Built target sequence_controller
[90.204s] [ 38%] [32m[1mLinking CXX executable colour_tracker[0m
[94.828s] [ 38%] Built target colour_tracker
[113.362s] [ 46%] [32mBuilding CXX object CMakeFiles/relbot_simulator.dir/common/EulerAngles.cpp.o[0m
[113.450s] [ 53%] [32mBuilding CXX object CMakeFiles/relbot_simulator.dir/common/MotionProfiles.cpp.o[0m
[113.540s] [ 61%] [32mBuilding CXX object CMakeFiles/relbot_simulator.dir/common/xxfuncs.cpp.o[0m
[114.167s] [ 69%] [32mBuilding CXX object CMakeFiles/relbot_simulator.dir/common/xxinteg.cpp.o[0m
[114.839s] [ 76%] [32mBuilding CXX object CMakeFiles/relbot_simulator.dir/common/xxinverse.cpp.o[0m
[115.471s] [ 84%] [32mBuilding CXX object CMakeFiles/relbot_simulator.dir/common/xxmatrix.cpp.o[0m
[116.242s] [ 92%] [32mBuilding CXX object CMakeFiles/relbot_simulator.dir/src/Plant.cpp.o[0m
[117.177s] [100%] [32m[1mLinking CXX executable relbot_simulator[0m
[123.015s] [100%] Built target relbot_simulator
[123.048s] Invoked command in '/home/asdfr-19/ros2_ws/build/relbot_simulator' returned '0': CMAKE_PREFIX_PATH=${CMAKE_PREFIX_PATH}:/opt/ros/humble /usr/bin/cmake --build /home/asdfr-19/ros2_ws/build/relbot_simulator -- -j3 -l3
[123.058s] Invoking command in '/home/asdfr-19/ros2_ws/build/relbot_simulator': CMAKE_PREFIX_PATH=${CMAKE_PREFIX_PATH}:/opt/ros/humble /usr/bin/cmake --install /home/asdfr-19/ros2_ws/build/relbot_simulator
[123.084s] -- Install configuration: ""
[123.086s] -- Installing: /home/asdfr-19/ros2_ws/install/relbot_simulator/lib/relbot_simulator/relbot_simulator
[123.392s] -- Set runtime path of "/home/asdfr-19/ros2_ws/install/relbot_simulator/lib/relbot_simulator/relbot_simulator" to ""
[123.393s] -- Installing: /home/asdfr-19/ros2_ws/install/relbot_simulator/lib/relbot_simulator/sequence_controller
[123.535s] -- Set runtime path of "/home/asdfr-19/ros2_ws/install/relbot_simulator/lib/relbot_simulator/sequence_controller" to ""
[123.536s] -- Installing: /home/asdfr-19/ros2_ws/install/relbot_simulator/lib/relbot_simulator/colour_tracker
[123.678s] -- Set runtime path of "/home/asdfr-19/ros2_ws/install/relbot_simulator/lib/relbot_simulator/colour_tracker" to ""
[123.679s] -- Up-to-date: /home/asdfr-19/ros2_ws/install/relbot_simulator/include
[123.680s] -- Installing: /home/asdfr-19/ros2_ws/install/relbot_simulator/include/Plant.h
[123.681s] -- Installing: /home/asdfr-19/ros2_ws/install/relbot_simulator/include/sequence_controller.hpp
[123.683s] -- Installing: /home/asdfr-19/ros2_ws/install/relbot_simulator/include/colour_tracker.hpp
[123.684s] -- Installing: /home/asdfr-19/ros2_ws/install/relbot_simulator/include/relbot_simulator.hpp
[123.685s] -- Up-to-date: /home/asdfr-19/ros2_ws/install/relbot_simulator/include
[123.686s] -- Installing: /home/asdfr-19/ros2_ws/install/relbot_simulator/include/xxinverse.h
[123.687s] -- Installing: /home/asdfr-19/ros2_ws/install/relbot_simulator/include/xxinteg.h
[123.688s] -- Installing: /home/asdfr-19/ros2_ws/install/relbot_simulator/include/xxmatrix.cpp
[123.689s] -- Installing: /home/asdfr-19/ros2_ws/install/relbot_simulator/include/xxmodel.h
[123.690s] -- Installing: /home/asdfr-19/ros2_ws/install/relbot_simulator/include/MotionProfiles.cpp
[123.691s] -- Installing: /home/asdfr-19/ros2_ws/install/relbot_simulator/include/EulerAngles.h
[123.692s] -- Installing: /home/asdfr-19/ros2_ws/install/relbot_simulator/include/xxinverse.cpp
[123.693s] -- Installing: /home/asdfr-19/ros2_ws/install/relbot_simulator/include/MotionProfiles.h
[123.694s] -- Installing: /home/asdfr-19/ros2_ws/install/relbot_simulator/include/xxfuncs.cpp
[123.695s] -- Installing: /home/asdfr-19/ros2_ws/install/relbot_simulator/include/xxtypes.h
[123.696s] -- Installing: /home/asdfr-19/ros2_ws/install/relbot_simulator/include/xxmatrix.h
[123.697s] -- Installing: /home/asdfr-19/ros2_ws/install/relbot_simulator/include/xxinteg.cpp
[123.698s] -- Installing: /home/asdfr-19/ros2_ws/install/relbot_simulator/include/xxfuncs.h
[123.699s] -- Installing: /home/asdfr-19/ros2_ws/install/relbot_simulator/include/EulerAngles.cpp
[123.700s] -- Installing: /home/asdfr-19/ros2_ws/install/relbot_simulator/share/ament_index/resource_index/package_run_dependencies/relbot_simulator
[123.701s] -- Installing: /home/asdfr-19/ros2_ws/install/relbot_simulator/share/ament_index/resource_index/parent_prefix_path/relbot_simulator
[123.702s] -- Installing: /home/asdfr-19/ros2_ws/install/relbot_simulator/share/relbot_simulator/environment/ament_prefix_path.sh
[123.703s] -- Installing: /home/asdfr-19/ros2_ws/install/relbot_simulator/share/relbot_simulator/environment/ament_prefix_path.dsv
[123.704s] -- Installing: /home/asdfr-19/ros2_ws/install/relbot_simulator/share/relbot_simulator/environment/path.sh
[123.705s] -- Installing: /home/asdfr-19/ros2_ws/install/relbot_simulator/share/relbot_simulator/environment/path.dsv
[123.706s] -- Installing: /home/asdfr-19/ros2_ws/install/relbot_simulator/share/relbot_simulator/local_setup.bash
[123.707s] -- Installing: /home/asdfr-19/ros2_ws/install/relbot_simulator/share/relbot_simulator/local_setup.sh
[123.708s] -- Installing: /home/asdfr-19/ros2_ws/install/relbot_simulator/share/relbot_simulator/local_setup.zsh
[123.709s] -- Installing: /home/asdfr-19/ros2_ws/install/relbot_simulator/share/relbot_simulator/local_setup.dsv
[123.710s] -- Installing: /home/asdfr-19/ros2_ws/install/relbot_simulator/share/relbot_simulator/package.dsv
[123.711s] -- Installing: /home/asdfr-19/ros2_ws/install/relbot_simulator/share/ament_index/resource_index/packages/relbot_simulator
[123.712s] -- Installing: /home/asdfr-19/ros2_ws/install/relbot_simulator/share/relbot_simulator/cmake/relbot_simulatorConfig.cmake
[123.714s] -- Installing: /home/asdfr-19/ros2_ws/install/relbot_simulator/share/relbot_simulator/cmake/relbot_simulatorConfig-version.cmake
[123.715s] -- Up-to-date: /home/asdfr-19/ros2_ws/install/relbot_simulator/share/relbot_simulator/package.xml
[123.716s] -- Up-to-date: /home/asdfr-19/ros2_ws/install/relbot_simulator/share/relbot_simulator//launch
[123.720s] -- Up-to-date: /home/asdfr-19/ros2_ws/install/relbot_simulator/share/relbot_simulator//launch/relbot_simulator.launch.py
[123.722s] Invoked command in '/home/asdfr-19/ros2_ws/build/relbot_simulator' returned '0': CMAKE_PREFIX_PATH=${CMAKE_PREFIX_PATH}:/opt/ros/humble /usr/bin/cmake --install /home/asdfr-19/ros2_ws/build/relbot_simulator
