[0.087s] Invoking command in '/home/asdfr-19/ros2_ws/build/ros_xeno_bridge': CMAKE_PREFIX_PATH=/home/asdfr-19/ros2_ws/install/xrf2_msgs:/home/asdfr-19/ros2_ws/install/ros_xeno_bridge:/home/asdfr-19/ros2_ws/install/relbot_simulator:/opt/ros/humble /usr/bin/cmake --build /home/asdfr-19/ros2_ws/build/ros_xeno_bridge -- -j3 -l3
[0.226s] -- Found ament_cmake: 1.3.11 (/opt/ros/humble/share/ament_cmake/cmake)
[1.442s] -- Found rclcpp: 16.0.11 (/opt/ros/humble/share/rclcpp/cmake)
[1.571s] -- Found rosidl_generator_c: 3.1.6 (/opt/ros/humble/share/rosidl_generator_c/cmake)
[1.582s] -- Found rosidl_adapter: 3.1.6 (/opt/ros/humble/share/rosidl_adapter/cmake)
[1.606s] -- Found rosidl_generator_cpp: 3.1.6 (/opt/ros/humble/share/rosidl_generator_cpp/cmake)
[1.670s] -- Using all available rosidl_typesupport_c: rosidl_typesupport_fastrtps_c;rosidl_typesupport_introspection_c
[1.792s] -- Using all available rosidl_typesupport_cpp: rosidl_typesupport_fastrtps_cpp;rosidl_typesupport_introspection_cpp
[2.043s] -- Found rmw_implementation_cmake: 6.1.2 (/opt/ros/humble/share/rmw_implementation_cmake/cmake)
[2.060s] -- Found rmw_fastrtps_cpp: 6.2.7 (/opt/ros/humble/share/rmw_fastrtps_cpp/cmake)
[2.638s] -- Using RMW implementation 'rmw_fastrtps_cpp' as default
[3.055s] -- Found xrf2_msgs: 0.0.0 (/home/asdfr-19/ros2_ws/install/xrf2_msgs/share/xrf2_msgs/cmake)
[3.579s] -- Configuring done
[3.692s] -- Generating done
[3.729s] -- Build files have been written to: /home/asdfr-19/ros2_ws/build/ros_xeno_bridge
[3.866s] [35m[1mConsolidate compiler generated dependencies of target RosXenoBridge[0m
[4.638s] [ 50%] [32mBuilding CXX object CMakeFiles/RosXenoBridge.dir/src/RosXenoBridge.cpp.o[0m
[83.134s] [100%] [32m[1mLinking CXX executable RosXenoBridge[0m
[86.088s] [100%] Built target RosXenoBridge
[86.119s] Invoked command in '/home/asdfr-19/ros2_ws/build/ros_xeno_bridge' returned '0': CMAKE_PREFIX_PATH=/home/asdfr-19/ros2_ws/install/xrf2_msgs:/home/asdfr-19/ros2_ws/install/ros_xeno_bridge:/home/asdfr-19/ros2_ws/install/relbot_simulator:/opt/ros/humble /usr/bin/cmake --build /home/asdfr-19/ros2_ws/build/ros_xeno_bridge -- -j3 -l3
[86.124s] Invoking command in '/home/asdfr-19/ros2_ws/build/ros_xeno_bridge': CMAKE_PREFIX_PATH=/home/asdfr-19/ros2_ws/install/xrf2_msgs:/home/asdfr-19/ros2_ws/install/ros_xeno_bridge:/home/asdfr-19/ros2_ws/install/relbot_simulator:/opt/ros/humble /usr/bin/cmake --install /home/asdfr-19/ros2_ws/build/ros_xeno_bridge
[86.144s] -- Install configuration: ""
[86.146s] -- Installing: /home/asdfr-19/ros2_ws/install/ros_xeno_bridge/lib/ros_xeno_bridge/RosXenoBridge
[86.370s] -- Set runtime path of "/home/asdfr-19/ros2_ws/install/ros_xeno_bridge/lib/ros_xeno_bridge/RosXenoBridge" to ""
[86.372s] -- Installing: /home/asdfr-19/ros2_ws/install/ros_xeno_bridge/share/ament_index/resource_index/package_run_dependencies/ros_xeno_bridge
[86.373s] -- Installing: /home/asdfr-19/ros2_ws/install/ros_xeno_bridge/share/ament_index/resource_index/parent_prefix_path/ros_xeno_bridge
[86.375s] -- Installing: /home/asdfr-19/ros2_ws/install/ros_xeno_bridge/share/ros_xeno_bridge/environment/ament_prefix_path.sh
[86.376s] -- Installing: /home/asdfr-19/ros2_ws/install/ros_xeno_bridge/share/ros_xeno_bridge/environment/ament_prefix_path.dsv
[86.378s] -- Installing: /home/asdfr-19/ros2_ws/install/ros_xeno_bridge/share/ros_xeno_bridge/environment/path.sh
[86.379s] -- Installing: /home/asdfr-19/ros2_ws/install/ros_xeno_bridge/share/ros_xeno_bridge/environment/path.dsv
[86.380s] -- Installing: /home/asdfr-19/ros2_ws/install/ros_xeno_bridge/share/ros_xeno_bridge/local_setup.bash
[86.382s] -- Installing: /home/asdfr-19/ros2_ws/install/ros_xeno_bridge/share/ros_xeno_bridge/local_setup.sh
[86.383s] -- Installing: /home/asdfr-19/ros2_ws/install/ros_xeno_bridge/share/ros_xeno_bridge/local_setup.zsh
[86.385s] -- Installing: /home/asdfr-19/ros2_ws/install/ros_xeno_bridge/share/ros_xeno_bridge/local_setup.dsv
[86.386s] -- Installing: /home/asdfr-19/ros2_ws/install/ros_xeno_bridge/share/ros_xeno_bridge/package.dsv
[86.388s] -- Installing: /home/asdfr-19/ros2_ws/install/ros_xeno_bridge/share/ament_index/resource_index/packages/ros_xeno_bridge
[86.389s] -- Installing: /home/asdfr-19/ros2_ws/install/ros_xeno_bridge/share/ros_xeno_bridge/cmake/ros_xeno_bridgeConfig.cmake
[86.391s] -- Installing: /home/asdfr-19/ros2_ws/install/ros_xeno_bridge/share/ros_xeno_bridge/cmake/ros_xeno_bridgeConfig-version.cmake
[86.403s] -- Up-to-date: /home/asdfr-19/ros2_ws/install/ros_xeno_bridge/share/ros_xeno_bridge/package.xml
[86.404s] Invoked command in '/home/asdfr-19/ros2_ws/build/ros_xeno_bridge' returned '0': CMAKE_PREFIX_PATH=/home/asdfr-19/ros2_ws/install/xrf2_msgs:/home/asdfr-19/ros2_ws/install/ros_xeno_bridge:/home/asdfr-19/ros2_ws/install/relbot_simulator:/opt/ros/humble /usr/bin/cmake --install /home/asdfr-19/ros2_ws/build/ros_xeno_bridge
