[0.044s] Invoking command in '/home/asdfr-19/ros2_ws/build/xrf2_msgs': CMAKE_PREFIX_PATH=/opt/ros/humble /usr/bin/cmake --build /home/asdfr-19/ros2_ws/build/xrf2_msgs -- -j3 -l3
[0.237s] [  2%] Built target xrf2_msgs__cpp
[0.240s] [ 12%] Built target xrf2_msgs__rosidl_generator_c
[0.329s] [ 12%] Built target ament_cmake_python_copy_xrf2_msgs
[0.353s] [ 23%] Built target xrf2_msgs__rosidl_typesupport_introspection_cpp
[0.403s] [ 33%] Built target xrf2_msgs__rosidl_typesupport_fastrtps_cpp
[0.436s] [ 43%] Built target xrf2_msgs__rosidl_typesupport_cpp
[0.580s] [ 53%] Built target xrf2_msgs__rosidl_typesupport_fastrtps_c
[0.581s] [ 64%] Built target xrf2_msgs__rosidl_typesupport_introspection_c
[0.620s] [ 74%] Built target xrf2_msgs__rosidl_typesupport_c
[0.678s] [ 74%] Built target xrf2_msgs
[0.733s] [ 76%] Built target xrf2_msgs__py
[0.794s] [ 84%] Built target xrf2_msgs__rosidl_generator_py
[0.860s] [ 94%] Built target xrf2_msgs__rosidl_typesupport_fastrtps_c__pyext
[0.861s] [ 94%] Built target xrf2_msgs__rosidl_typesupport_introspection_c__pyext
[0.918s] [100%] Built target xrf2_msgs__rosidl_typesupport_c__pyext
[1.361s] running egg_info
[1.364s] writing xrf2_msgs.egg-info/PKG-INFO
[1.366s] writing dependency_links to xrf2_msgs.egg-info/dependency_links.txt
[1.367s] writing top-level names to xrf2_msgs.egg-info/top_level.txt
[1.375s] reading manifest file 'xrf2_msgs.egg-info/SOURCES.txt'
[1.377s] writing manifest file 'xrf2_msgs.egg-info/SOURCES.txt'
[1.504s] [100%] Built target ament_cmake_python_build_xrf2_msgs_egg
[1.550s] Invoked command in '/home/asdfr-19/ros2_ws/build/xrf2_msgs' returned '0': CMAKE_PREFIX_PATH=/opt/ros/humble /usr/bin/cmake --build /home/asdfr-19/ros2_ws/build/xrf2_msgs -- -j3 -l3
[1.561s] Invoking command in '/home/asdfr-19/ros2_ws/build/xrf2_msgs': CMAKE_PREFIX_PATH=/opt/ros/humble /usr/bin/cmake --install /home/asdfr-19/ros2_ws/build/xrf2_msgs
[1.595s] -- Install configuration: ""
[1.598s] -- Up-to-date: /home/asdfr-19/ros2_ws/install/xrf2_msgs/share/ament_index/resource_index/rosidl_interfaces/xrf2_msgs
[1.601s] -- Up-to-date: /home/asdfr-19/ros2_ws/install/xrf2_msgs/include/xrf2_msgs/xrf2_msgs
[1.603s] -- Up-to-date: /home/asdfr-19/ros2_ws/install/xrf2_msgs/include/xrf2_msgs/xrf2_msgs/msg
[1.605s] -- Up-to-date: /home/asdfr-19/ros2_ws/install/xrf2_msgs/include/xrf2_msgs/xrf2_msgs/msg/rosidl_generator_c__visibility_control.h
[1.607s] -- Up-to-date: /home/asdfr-19/ros2_ws/install/xrf2_msgs/include/xrf2_msgs/xrf2_msgs/msg/detail
[1.609s] -- Up-to-date: /home/asdfr-19/ros2_ws/install/xrf2_msgs/include/xrf2_msgs/xrf2_msgs/msg/detail/xeno2_ros__struct.h
[1.610s] -- Up-to-date: /home/asdfr-19/ros2_ws/install/xrf2_msgs/include/xrf2_msgs/xrf2_msgs/msg/detail/ros2_xeno__functions.h
[1.611s] -- Up-to-date: /home/asdfr-19/ros2_ws/install/xrf2_msgs/include/xrf2_msgs/xrf2_msgs/msg/detail/xeno2_ros__functions.c
[1.612s] -- Up-to-date: /home/asdfr-19/ros2_ws/install/xrf2_msgs/include/xrf2_msgs/xrf2_msgs/msg/detail/ros2_xeno__struct.h
[1.613s] -- Up-to-date: /home/asdfr-19/ros2_ws/install/xrf2_msgs/include/xrf2_msgs/xrf2_msgs/msg/detail/xeno2_ros__type_support.h
[1.615s] -- Up-to-date: /home/asdfr-19/ros2_ws/install/xrf2_msgs/include/xrf2_msgs/xrf2_msgs/msg/detail/ros2_xeno__functions.c
[1.616s] -- Up-to-date: /home/asdfr-19/ros2_ws/install/xrf2_msgs/include/xrf2_msgs/xrf2_msgs/msg/detail/ros2_xeno__type_support.h
[1.617s] -- Up-to-date: /home/asdfr-19/ros2_ws/install/xrf2_msgs/include/xrf2_msgs/xrf2_msgs/msg/detail/xeno2_ros__functions.h
[1.618s] -- Up-to-date: /home/asdfr-19/ros2_ws/install/xrf2_msgs/include/xrf2_msgs/xrf2_msgs/msg/xeno2_ros.h
[1.620s] -- Up-to-date: /home/asdfr-19/ros2_ws/install/xrf2_msgs/include/xrf2_msgs/xrf2_msgs/msg/ros2_xeno.h
[1.621s] -- Up-to-date: /home/asdfr-19/ros2_ws/install/xrf2_msgs/share/xrf2_msgs/environment/library_path.sh
[1.623s] -- Up-to-date: /home/asdfr-19/ros2_ws/install/xrf2_msgs/share/xrf2_msgs/environment/library_path.dsv
[1.624s] -- Up-to-date: /home/asdfr-19/ros2_ws/install/xrf2_msgs/lib/libxrf2_msgs__rosidl_generator_c.so
[1.625s] -- Up-to-date: /home/asdfr-19/ros2_ws/install/xrf2_msgs/include/xrf2_msgs/xrf2_msgs
[1.627s] -- Up-to-date: /home/asdfr-19/ros2_ws/install/xrf2_msgs/include/xrf2_msgs/xrf2_msgs/msg
[1.628s] -- Up-to-date: /home/asdfr-19/ros2_ws/install/xrf2_msgs/include/xrf2_msgs/xrf2_msgs/msg/detail
[1.629s] -- Up-to-date: /home/asdfr-19/ros2_ws/install/xrf2_msgs/include/xrf2_msgs/xrf2_msgs/msg/detail/xeno2_ros__rosidl_typesupport_fastrtps_c.h
[1.630s] -- Up-to-date: /home/asdfr-19/ros2_ws/install/xrf2_msgs/include/xrf2_msgs/xrf2_msgs/msg/detail/ros2_xeno__rosidl_typesupport_fastrtps_c.h
[1.631s] -- Up-to-date: /home/asdfr-19/ros2_ws/install/xrf2_msgs/include/xrf2_msgs/xrf2_msgs/msg/rosidl_typesupport_fastrtps_c__visibility_control.h
[1.632s] -- Up-to-date: /home/asdfr-19/ros2_ws/install/xrf2_msgs/lib/libxrf2_msgs__rosidl_typesupport_fastrtps_c.so
[1.633s] -- Up-to-date: /home/asdfr-19/ros2_ws/install/xrf2_msgs/include/xrf2_msgs/xrf2_msgs
[1.635s] -- Up-to-date: /home/asdfr-19/ros2_ws/install/xrf2_msgs/include/xrf2_msgs/xrf2_msgs/msg
[1.636s] -- Up-to-date: /home/asdfr-19/ros2_ws/install/xrf2_msgs/include/xrf2_msgs/xrf2_msgs/msg/rosidl_typesupport_introspection_c__visibility_control.h
[1.637s] -- Up-to-date: /home/asdfr-19/ros2_ws/install/xrf2_msgs/include/xrf2_msgs/xrf2_msgs/msg/detail
[1.639s] -- Up-to-date: /home/asdfr-19/ros2_ws/install/xrf2_msgs/include/xrf2_msgs/xrf2_msgs/msg/detail/xeno2_ros__type_support.c
[1.640s] -- Up-to-date: /home/asdfr-19/ros2_ws/install/xrf2_msgs/include/xrf2_msgs/xrf2_msgs/msg/detail/xeno2_ros__rosidl_typesupport_introspection_c.h
[1.641s] -- Up-to-date: /home/asdfr-19/ros2_ws/install/xrf2_msgs/include/xrf2_msgs/xrf2_msgs/msg/detail/ros2_xeno__rosidl_typesupport_introspection_c.h
[1.642s] -- Up-to-date: /home/asdfr-19/ros2_ws/install/xrf2_msgs/include/xrf2_msgs/xrf2_msgs/msg/detail/ros2_xeno__type_support.c
[1.644s] -- Up-to-date: /home/asdfr-19/ros2_ws/install/xrf2_msgs/lib/libxrf2_msgs__rosidl_typesupport_introspection_c.so
[1.645s] -- Up-to-date: /home/asdfr-19/ros2_ws/install/xrf2_msgs/lib/libxrf2_msgs__rosidl_typesupport_c.so
[1.646s] -- Up-to-date: /home/asdfr-19/ros2_ws/install/xrf2_msgs/include/xrf2_msgs/xrf2_msgs
[1.647s] -- Up-to-date: /home/asdfr-19/ros2_ws/install/xrf2_msgs/include/xrf2_msgs/xrf2_msgs/msg
[1.649s] -- Up-to-date: /home/asdfr-19/ros2_ws/install/xrf2_msgs/include/xrf2_msgs/xrf2_msgs/msg/rosidl_generator_cpp__visibility_control.hpp
[1.650s] -- Up-to-date: /home/asdfr-19/ros2_ws/install/xrf2_msgs/include/xrf2_msgs/xrf2_msgs/msg/detail
[1.651s] -- Up-to-date: /home/asdfr-19/ros2_ws/install/xrf2_msgs/include/xrf2_msgs/xrf2_msgs/msg/detail/xeno2_ros__struct.hpp
[1.652s] -- Up-to-date: /home/asdfr-19/ros2_ws/install/xrf2_msgs/include/xrf2_msgs/xrf2_msgs/msg/detail/ros2_xeno__traits.hpp
[1.653s] -- Up-to-date: /home/asdfr-19/ros2_ws/install/xrf2_msgs/include/xrf2_msgs/xrf2_msgs/msg/detail/xeno2_ros__builder.hpp
[1.655s] -- Up-to-date: /home/asdfr-19/ros2_ws/install/xrf2_msgs/include/xrf2_msgs/xrf2_msgs/msg/detail/ros2_xeno__struct.hpp
[1.656s] -- Up-to-date: /home/asdfr-19/ros2_ws/install/xrf2_msgs/include/xrf2_msgs/xrf2_msgs/msg/detail/ros2_xeno__type_support.hpp
[1.657s] -- Up-to-date: /home/asdfr-19/ros2_ws/install/xrf2_msgs/include/xrf2_msgs/xrf2_msgs/msg/detail/xeno2_ros__type_support.hpp
[1.658s] -- Up-to-date: /home/asdfr-19/ros2_ws/install/xrf2_msgs/include/xrf2_msgs/xrf2_msgs/msg/detail/xeno2_ros__traits.hpp
[1.659s] -- Up-to-date: /home/asdfr-19/ros2_ws/install/xrf2_msgs/include/xrf2_msgs/xrf2_msgs/msg/detail/ros2_xeno__builder.hpp
[1.661s] -- Up-to-date: /home/asdfr-19/ros2_ws/install/xrf2_msgs/include/xrf2_msgs/xrf2_msgs/msg/xeno2_ros.hpp
[1.662s] -- Up-to-date: /home/asdfr-19/ros2_ws/install/xrf2_msgs/include/xrf2_msgs/xrf2_msgs/msg/ros2_xeno.hpp
[1.663s] -- Up-to-date: /home/asdfr-19/ros2_ws/install/xrf2_msgs/include/xrf2_msgs/xrf2_msgs
[1.664s] -- Up-to-date: /home/asdfr-19/ros2_ws/install/xrf2_msgs/include/xrf2_msgs/xrf2_msgs/msg
[1.666s] -- Up-to-date: /home/asdfr-19/ros2_ws/install/xrf2_msgs/include/xrf2_msgs/xrf2_msgs/msg/detail
[1.668s] -- Up-to-date: /home/asdfr-19/ros2_ws/install/xrf2_msgs/include/xrf2_msgs/xrf2_msgs/msg/detail/xeno2_ros__rosidl_typesupport_fastrtps_cpp.hpp
[1.669s] -- Up-to-date: /home/asdfr-19/ros2_ws/install/xrf2_msgs/include/xrf2_msgs/xrf2_msgs/msg/detail/ros2_xeno__rosidl_typesupport_fastrtps_cpp.hpp
[1.670s] -- Up-to-date: /home/asdfr-19/ros2_ws/install/xrf2_msgs/include/xrf2_msgs/xrf2_msgs/msg/detail/dds_fastrtps
[1.672s] -- Up-to-date: /home/asdfr-19/ros2_ws/install/xrf2_msgs/include/xrf2_msgs/xrf2_msgs/msg/rosidl_typesupport_fastrtps_cpp__visibility_control.h
[1.673s] -- Up-to-date: /home/asdfr-19/ros2_ws/install/xrf2_msgs/lib/libxrf2_msgs__rosidl_typesupport_fastrtps_cpp.so
[1.674s] -- Up-to-date: /home/asdfr-19/ros2_ws/install/xrf2_msgs/include/xrf2_msgs/xrf2_msgs
[1.675s] -- Up-to-date: /home/asdfr-19/ros2_ws/install/xrf2_msgs/include/xrf2_msgs/xrf2_msgs/msg
[1.676s] -- Up-to-date: /home/asdfr-19/ros2_ws/install/xrf2_msgs/include/xrf2_msgs/xrf2_msgs/msg/detail
[1.677s] -- Up-to-date: /home/asdfr-19/ros2_ws/install/xrf2_msgs/include/xrf2_msgs/xrf2_msgs/msg/detail/ros2_xeno__type_support.cpp
[1.678s] -- Up-to-date: /home/asdfr-19/ros2_ws/install/xrf2_msgs/include/xrf2_msgs/xrf2_msgs/msg/detail/xeno2_ros__type_support.cpp
[1.680s] -- Up-to-date: /home/asdfr-19/ros2_ws/install/xrf2_msgs/include/xrf2_msgs/xrf2_msgs/msg/detail/xeno2_ros__rosidl_typesupport_introspection_cpp.hpp
[1.681s] -- Up-to-date: /home/asdfr-19/ros2_ws/install/xrf2_msgs/include/xrf2_msgs/xrf2_msgs/msg/detail/ros2_xeno__rosidl_typesupport_introspection_cpp.hpp
[1.682s] -- Up-to-date: /home/asdfr-19/ros2_ws/install/xrf2_msgs/lib/libxrf2_msgs__rosidl_typesupport_introspection_cpp.so
[1.684s] -- Up-to-date: /home/asdfr-19/ros2_ws/install/xrf2_msgs/lib/libxrf2_msgs__rosidl_typesupport_cpp.so
[1.685s] -- Up-to-date: /home/asdfr-19/ros2_ws/install/xrf2_msgs/share/xrf2_msgs/environment/pythonpath.sh
[1.686s] -- Up-to-date: /home/asdfr-19/ros2_ws/install/xrf2_msgs/share/xrf2_msgs/environment/pythonpath.dsv
[1.687s] -- Up-to-date: /home/asdfr-19/ros2_ws/install/xrf2_msgs/local/lib/python3.10/dist-packages/xrf2_msgs-0.0.0-py3.10.egg-info
[1.688s] -- Installing: /home/asdfr-19/ros2_ws/install/xrf2_msgs/local/lib/python3.10/dist-packages/xrf2_msgs-0.0.0-py3.10.egg-info/PKG-INFO
[1.689s] -- Installing: /home/asdfr-19/ros2_ws/install/xrf2_msgs/local/lib/python3.10/dist-packages/xrf2_msgs-0.0.0-py3.10.egg-info/top_level.txt
[1.690s] -- Installing: /home/asdfr-19/ros2_ws/install/xrf2_msgs/local/lib/python3.10/dist-packages/xrf2_msgs-0.0.0-py3.10.egg-info/dependency_links.txt
[1.691s] -- Installing: /home/asdfr-19/ros2_ws/install/xrf2_msgs/local/lib/python3.10/dist-packages/xrf2_msgs-0.0.0-py3.10.egg-info/SOURCES.txt
[1.692s] -- Up-to-date: /home/asdfr-19/ros2_ws/install/xrf2_msgs/local/lib/python3.10/dist-packages/xrf2_msgs
[1.694s] -- Up-to-date: /home/asdfr-19/ros2_ws/install/xrf2_msgs/local/lib/python3.10/dist-packages/xrf2_msgs/_xrf2_msgs_s.ep.rosidl_typesupport_introspection_c.c
[1.695s] -- Up-to-date: /home/asdfr-19/ros2_ws/install/xrf2_msgs/local/lib/python3.10/dist-packages/xrf2_msgs/_xrf2_msgs_s.ep.rosidl_typesupport_fastrtps_c.c
[1.696s] -- Up-to-date: /home/asdfr-19/ros2_ws/install/xrf2_msgs/local/lib/python3.10/dist-packages/xrf2_msgs/xrf2_msgs_s__rosidl_typesupport_introspection_c.cpython-310-aarch64-linux-gnu.so
[1.697s] -- Up-to-date: /home/asdfr-19/ros2_ws/install/xrf2_msgs/local/lib/python3.10/dist-packages/xrf2_msgs/_xrf2_msgs_s.ep.rosidl_typesupport_c.c
[1.698s] -- Up-to-date: /home/asdfr-19/ros2_ws/install/xrf2_msgs/local/lib/python3.10/dist-packages/xrf2_msgs/libxrf2_msgs__rosidl_generator_py.so
[1.699s] -- Up-to-date: /home/asdfr-19/ros2_ws/install/xrf2_msgs/local/lib/python3.10/dist-packages/xrf2_msgs/xrf2_msgs_s__rosidl_typesupport_c.cpython-310-aarch64-linux-gnu.so
[1.700s] -- Up-to-date: /home/asdfr-19/ros2_ws/install/xrf2_msgs/local/lib/python3.10/dist-packages/xrf2_msgs/__init__.py
[1.701s] -- Up-to-date: /home/asdfr-19/ros2_ws/install/xrf2_msgs/local/lib/python3.10/dist-packages/xrf2_msgs/msg
[1.702s] -- Up-to-date: /home/asdfr-19/ros2_ws/install/xrf2_msgs/local/lib/python3.10/dist-packages/xrf2_msgs/msg/_ros2_xeno.py
[1.704s] -- Up-to-date: /home/asdfr-19/ros2_ws/install/xrf2_msgs/local/lib/python3.10/dist-packages/xrf2_msgs/msg/_ros2_xeno_s.c
[1.705s] -- Up-to-date: /home/asdfr-19/ros2_ws/install/xrf2_msgs/local/lib/python3.10/dist-packages/xrf2_msgs/msg/_xeno2_ros.py
[1.706s] -- Up-to-date: /home/asdfr-19/ros2_ws/install/xrf2_msgs/local/lib/python3.10/dist-packages/xrf2_msgs/msg/__init__.py
[1.708s] -- Up-to-date: /home/asdfr-19/ros2_ws/install/xrf2_msgs/local/lib/python3.10/dist-packages/xrf2_msgs/msg/_xeno2_ros_s.c
[1.709s] -- Up-to-date: /home/asdfr-19/ros2_ws/install/xrf2_msgs/local/lib/python3.10/dist-packages/xrf2_msgs/xrf2_msgs_s__rosidl_typesupport_fastrtps_c.cpython-310-aarch64-linux-gnu.so
[1.736s] Listing '/home/asdfr-19/ros2_ws/install/xrf2_msgs/local/lib/python3.10/dist-packages/xrf2_msgs'...
[1.738s] Listing '/home/asdfr-19/ros2_ws/install/xrf2_msgs/local/lib/python3.10/dist-packages/xrf2_msgs/msg'...
[1.759s] -- Up-to-date: /home/asdfr-19/ros2_ws/install/xrf2_msgs/local/lib/python3.10/dist-packages/xrf2_msgs/xrf2_msgs_s__rosidl_typesupport_fastrtps_c.cpython-310-aarch64-linux-gnu.so
[1.760s] -- Up-to-date: /home/asdfr-19/ros2_ws/install/xrf2_msgs/local/lib/python3.10/dist-packages/xrf2_msgs/xrf2_msgs_s__rosidl_typesupport_introspection_c.cpython-310-aarch64-linux-gnu.so
[1.762s] -- Up-to-date: /home/asdfr-19/ros2_ws/install/xrf2_msgs/local/lib/python3.10/dist-packages/xrf2_msgs/xrf2_msgs_s__rosidl_typesupport_c.cpython-310-aarch64-linux-gnu.so
[1.764s] -- Up-to-date: /home/asdfr-19/ros2_ws/install/xrf2_msgs/lib/libxrf2_msgs__rosidl_generator_py.so
[1.765s] -- Up-to-date: /home/asdfr-19/ros2_ws/install/xrf2_msgs/share/xrf2_msgs/msg/Ros2Xeno.idl
[1.766s] -- Up-to-date: /home/asdfr-19/ros2_ws/install/xrf2_msgs/share/xrf2_msgs/msg/Xeno2Ros.idl
[1.768s] -- Up-to-date: /home/asdfr-19/ros2_ws/install/xrf2_msgs/share/xrf2_msgs/msg/Ros2Xeno.msg
[1.769s] -- Up-to-date: /home/asdfr-19/ros2_ws/install/xrf2_msgs/share/xrf2_msgs/msg/Xeno2Ros.msg
[1.770s] -- Up-to-date: /home/asdfr-19/ros2_ws/install/xrf2_msgs/share/ament_index/resource_index/package_run_dependencies/xrf2_msgs
[1.771s] -- Up-to-date: /home/asdfr-19/ros2_ws/install/xrf2_msgs/share/ament_index/resource_index/parent_prefix_path/xrf2_msgs
[1.773s] -- Up-to-date: /home/asdfr-19/ros2_ws/install/xrf2_msgs/share/xrf2_msgs/environment/ament_prefix_path.sh
[1.774s] -- Up-to-date: /home/asdfr-19/ros2_ws/install/xrf2_msgs/share/xrf2_msgs/environment/ament_prefix_path.dsv
[1.775s] -- Up-to-date: /home/asdfr-19/ros2_ws/install/xrf2_msgs/share/xrf2_msgs/environment/path.sh
[1.777s] -- Up-to-date: /home/asdfr-19/ros2_ws/install/xrf2_msgs/share/xrf2_msgs/environment/path.dsv
[1.778s] -- Up-to-date: /home/asdfr-19/ros2_ws/install/xrf2_msgs/share/xrf2_msgs/local_setup.bash
[1.782s] -- Up-to-date: /home/asdfr-19/ros2_ws/install/xrf2_msgs/share/xrf2_msgs/local_setup.sh
[1.784s] -- Up-to-date: /home/asdfr-19/ros2_ws/install/xrf2_msgs/share/xrf2_msgs/local_setup.zsh
[1.785s] -- Up-to-date: /home/asdfr-19/ros2_ws/install/xrf2_msgs/share/xrf2_msgs/local_setup.dsv
[1.787s] -- Installing: /home/asdfr-19/ros2_ws/install/xrf2_msgs/share/xrf2_msgs/package.dsv
[1.788s] -- Up-to-date: /home/asdfr-19/ros2_ws/install/xrf2_msgs/share/ament_index/resource_index/packages/xrf2_msgs
[1.789s] -- Up-to-date: /home/asdfr-19/ros2_ws/install/xrf2_msgs/share/xrf2_msgs/cmake/export_xrf2_msgs__rosidl_generator_cExport.cmake
[1.791s] -- Up-to-date: /home/asdfr-19/ros2_ws/install/xrf2_msgs/share/xrf2_msgs/cmake/export_xrf2_msgs__rosidl_generator_cExport-noconfig.cmake
[1.793s] -- Up-to-date: /home/asdfr-19/ros2_ws/install/xrf2_msgs/share/xrf2_msgs/cmake/export_xrf2_msgs__rosidl_typesupport_fastrtps_cExport.cmake
[1.796s] -- Up-to-date: /home/asdfr-19/ros2_ws/install/xrf2_msgs/share/xrf2_msgs/cmake/export_xrf2_msgs__rosidl_typesupport_fastrtps_cExport-noconfig.cmake
[1.798s] -- Up-to-date: /home/asdfr-19/ros2_ws/install/xrf2_msgs/share/xrf2_msgs/cmake/xrf2_msgs__rosidl_typesupport_introspection_cExport.cmake
[1.801s] -- Up-to-date: /home/asdfr-19/ros2_ws/install/xrf2_msgs/share/xrf2_msgs/cmake/xrf2_msgs__rosidl_typesupport_introspection_cExport-noconfig.cmake
[1.803s] -- Up-to-date: /home/asdfr-19/ros2_ws/install/xrf2_msgs/share/xrf2_msgs/cmake/xrf2_msgs__rosidl_typesupport_cExport.cmake
[1.806s] -- Up-to-date: /home/asdfr-19/ros2_ws/install/xrf2_msgs/share/xrf2_msgs/cmake/xrf2_msgs__rosidl_typesupport_cExport-noconfig.cmake
[1.809s] -- Up-to-date: /home/asdfr-19/ros2_ws/install/xrf2_msgs/share/xrf2_msgs/cmake/export_xrf2_msgs__rosidl_generator_cppExport.cmake
[1.812s] -- Up-to-date: /home/asdfr-19/ros2_ws/install/xrf2_msgs/share/xrf2_msgs/cmake/export_xrf2_msgs__rosidl_typesupport_fastrtps_cppExport.cmake
[1.814s] -- Up-to-date: /home/asdfr-19/ros2_ws/install/xrf2_msgs/share/xrf2_msgs/cmake/export_xrf2_msgs__rosidl_typesupport_fastrtps_cppExport-noconfig.cmake
[1.817s] -- Up-to-date: /home/asdfr-19/ros2_ws/install/xrf2_msgs/share/xrf2_msgs/cmake/xrf2_msgs__rosidl_typesupport_introspection_cppExport.cmake
[1.823s] -- Up-to-date: /home/asdfr-19/ros2_ws/install/xrf2_msgs/share/xrf2_msgs/cmake/xrf2_msgs__rosidl_typesupport_introspection_cppExport-noconfig.cmake
[1.825s] -- Up-to-date: /home/asdfr-19/ros2_ws/install/xrf2_msgs/share/xrf2_msgs/cmake/xrf2_msgs__rosidl_typesupport_cppExport.cmake
[1.828s] -- Up-to-date: /home/asdfr-19/ros2_ws/install/xrf2_msgs/share/xrf2_msgs/cmake/xrf2_msgs__rosidl_typesupport_cppExport-noconfig.cmake
[1.831s] -- Up-to-date: /home/asdfr-19/ros2_ws/install/xrf2_msgs/share/xrf2_msgs/cmake/export_xrf2_msgs__rosidl_generator_pyExport.cmake
[1.833s] -- Up-to-date: /home/asdfr-19/ros2_ws/install/xrf2_msgs/share/xrf2_msgs/cmake/export_xrf2_msgs__rosidl_generator_pyExport-noconfig.cmake
[1.835s] -- Up-to-date: /home/asdfr-19/ros2_ws/install/xrf2_msgs/share/xrf2_msgs/cmake/rosidl_cmake-extras.cmake
[1.838s] -- Up-to-date: /home/asdfr-19/ros2_ws/install/xrf2_msgs/share/xrf2_msgs/cmake/ament_cmake_export_include_directories-extras.cmake
[1.840s] -- Up-to-date: /home/asdfr-19/ros2_ws/install/xrf2_msgs/share/xrf2_msgs/cmake/ament_cmake_export_libraries-extras.cmake
[1.845s] -- Up-to-date: /home/asdfr-19/ros2_ws/install/xrf2_msgs/share/xrf2_msgs/cmake/ament_cmake_export_targets-extras.cmake
[1.847s] -- Up-to-date: /home/asdfr-19/ros2_ws/install/xrf2_msgs/share/xrf2_msgs/cmake/rosidl_cmake_export_typesupport_targets-extras.cmake
[1.849s] -- Up-to-date: /home/asdfr-19/ros2_ws/install/xrf2_msgs/share/xrf2_msgs/cmake/ament_cmake_export_dependencies-extras.cmake
[1.850s] -- Up-to-date: /home/asdfr-19/ros2_ws/install/xrf2_msgs/share/xrf2_msgs/cmake/rosidl_cmake_export_typesupport_libraries-extras.cmake
[1.852s] -- Up-to-date: /home/asdfr-19/ros2_ws/install/xrf2_msgs/share/xrf2_msgs/cmake/xrf2_msgsConfig.cmake
[1.854s] -- Up-to-date: /home/asdfr-19/ros2_ws/install/xrf2_msgs/share/xrf2_msgs/cmake/xrf2_msgsConfig-version.cmake
[1.856s] -- Up-to-date: /home/asdfr-19/ros2_ws/install/xrf2_msgs/share/xrf2_msgs/package.xml
[1.858s] Invoked command in '/home/asdfr-19/ros2_ws/build/xrf2_msgs' returned '0': CMAKE_PREFIX_PATH=/opt/ros/humble /usr/bin/cmake --install /home/asdfr-19/ros2_ws/build/xrf2_msgs
