[0.138s] Invoking command in '/home/asdfr-19/ros2_ws/build/xcontroller': AMENT_PREFIX_PATH=/home/asdfr-19/ros2_ws/install/xrf2_msgs:${AMENT_PREFIX_PATH} CMAKE_PREFIX_PATH=/home/asdfr-19/ros2_ws/install/xrf2_msgs LD_LIBRARY_PATH=/home/asdfr-19/ros2_ws/install/xrf2_msgs/lib:${LD_LIBRARY_PATH} PYTHONPATH=/home/asdfr-19/ros2_ws/install/xrf2_msgs/local/lib/python3.10/dist-packages:${PYTHONPATH} /usr/bin/cmake --build /home/asdfr-19/ros2_ws/build/xcontroller -- -j3 -l3
[0.706s] -- Found xrf2_msgs: 0.0.0 (/home/asdfr-19/ros2_ws/install/xrf2_msgs/share/xrf2_msgs/cmake)
[0.708s] [0mTIME_STEP_SIZE_VALUE = 0.01[0m
[2.178s] -- Found rosidl_generator_c: 3.1.6 (/opt/ros/humble/share/rosidl_generator_c/cmake)
[2.217s] -- Found rosidl_adapter: 3.1.6 (/opt/ros/humble/share/rosidl_adapter/cmake)
[2.273s] -- Found rosidl_generator_cpp: 3.1.6 (/opt/ros/humble/share/rosidl_generator_cpp/cmake)
[2.383s] -- Using all available rosidl_typesupport_c: rosidl_typesupport_fastrtps_c;rosidl_typesupport_introspection_c
[2.510s] -- Using all available rosidl_typesupport_cpp: rosidl_typesupport_fastrtps_cpp;rosidl_typesupport_introspection_cpp
[2.599s] -- Found rclcpp: 16.0.11 (/opt/ros/humble/share/rclcpp/cmake)
[2.962s] -- Found rmw_implementation_cmake: 6.1.2 (/opt/ros/humble/share/rmw_implementation_cmake/cmake)
[2.983s] -- Found rmw_fastrtps_cpp: 6.2.7 (/opt/ros/humble/share/rmw_fastrtps_cpp/cmake)
[3.609s] -- Using RMW implementation 'rmw_fastrtps_cpp' as default
[4.101s] -- Configuring done
[4.302s] -- Generating done
[4.369s] -- Build files have been written to: /home/asdfr-19/ros2_ws/build/xcontroller
[4.649s] [35m[1mConsolidate compiler generated dependencies of target xcontroller[0m
[6.611s] [  4%] [32mBuilding CXX object CMakeFiles/xcontroller.dir/main.cpp.o[0m
[6.642s] [ 13%] [32mBuilding CXX object CMakeFiles/xcontroller.dir/home/asdfr-19/ros2_ws/src/XRF2/XenoRosFramework/Xenomai/src/IcoIo.cpp.o[0m
[6.644s] [ 13%] [32mBuilding CXX object CMakeFiles/xcontroller.dir/home/asdfr-19/ros2_ws/src/XRF2/XenoRosFramework/Xenomai/src/FullStateMachine.cpp.o[0m
[7.642s] [ 18%] [32mBuilding CXX object CMakeFiles/xcontroller.dir/home/asdfr-19/ros2_ws/src/XRF2/XenoRosFramework/Xenomai/src/XenoFileHandler.cpp.o[0m
[10.214s] [ 22%] [32mBuilding CXX object CMakeFiles/xcontroller.dir/home/asdfr-19/ros2_ws/src/XRF2/XenoRosFramework/Xenomai/src/XenoFrtLogger.cpp.o[0m
[13.326s] [ 27%] [32mBuilding CXX object CMakeFiles/xcontroller.dir/home/asdfr-19/ros2_ws/src/XRF2/XenoRosFramework/Xenomai/src/XenoFrtLoop.cpp.o[0m
[15.057s] [ 31%] [32mBuilding CXX object CMakeFiles/xcontroller.dir/home/asdfr-19/ros2_ws/src/XRF2/XenoRosFramework/Xenomai/src/XenoFrtMonitor.cpp.o[0m
[15.914s] [ 36%] [32mBuilding CXX object CMakeFiles/xcontroller.dir/home/asdfr-19/ros2_ws/src/XRF2/XenoRosFramework/Xenomai/src/XenoRosCommunication.cpp.o[0m
[16.646s] [ 40%] [32mBuilding CXX object CMakeFiles/xcontroller.dir/home/asdfr-19/ros2_ws/src/XRF2/XenoRosFramework/Xenomai/src/XenoRosCommandBridge.cpp.o[0m
[22.332s] [ 45%] [32mBuilding CXX object CMakeFiles/xcontroller.dir/home/asdfr-19/ros2_ws/src/XRF2/XenoRosFramework/Xenomai/src/XenoRosDataBridge.cpp.o[0m
[25.332s] [ 50%] [32mBuilding CXX object CMakeFiles/xcontroller.dir/home/asdfr-19/ros2_ws/src/XRF2/XenoRosFramework/Xenomai/src/XenoSpiControllerHandler.cpp.o[0m
[25.775s] [ 54%] [32mBuilding CXX object CMakeFiles/xcontroller.dir/home/asdfr-19/ros2_ws/src/XRF2/XenoRosFramework/Xenomai/src/XenoFrt20Sim.cpp.o[0m
[29.487s] [ 59%] [32mBuilding CXX object CMakeFiles/xcontroller.dir/src/xcontroller.cpp.o[0m
[33.078s] [ 63%] [32mBuilding CXX object CMakeFiles/xcontroller.dir/controller/LoopController.cpp.o[0m
[35.120s] [ 68%] [32mBuilding CXX object CMakeFiles/xcontroller.dir/controller/common/EulerAngles.cpp.o[0m
[35.351s] [ 72%] [32mBuilding CXX object CMakeFiles/xcontroller.dir/controller/common/MotionProfiles.cpp.o[0m
[35.549s] [ 77%] [32mBuilding CXX object CMakeFiles/xcontroller.dir/controller/common/xxfuncs.cpp.o[0m
[37.475s] [ 81%] [32mBuilding CXX object CMakeFiles/xcontroller.dir/controller/common/xxinteg.cpp.o[0m
[39.413s] [ 86%] [32mBuilding CXX object CMakeFiles/xcontroller.dir/controller/common/xxinverse.cpp.o[0m
[41.214s] [ 90%] [32mBuilding CXX object CMakeFiles/xcontroller.dir/controller/common/xxmatrix.cpp.o[0m
[43.337s] [ 95%] [32mBuilding CXX object CMakeFiles/xcontroller.dir/home/asdfr-19/ros2_ws/src/XRF2/XenoRosFramework/Xenomai/src/XenoFrtRosIco.cpp.o[0m
[47.823s] [100%] [32m[1mLinking CXX executable xcontroller[0m
[48.980s] [100%] Built target xcontroller
[49.084s] Invoked command in '/home/asdfr-19/ros2_ws/build/xcontroller' returned '0': AMENT_PREFIX_PATH=/home/asdfr-19/ros2_ws/install/xrf2_msgs:${AMENT_PREFIX_PATH} CMAKE_PREFIX_PATH=/home/asdfr-19/ros2_ws/install/xrf2_msgs LD_LIBRARY_PATH=/home/asdfr-19/ros2_ws/install/xrf2_msgs/lib:${LD_LIBRARY_PATH} PYTHONPATH=/home/asdfr-19/ros2_ws/install/xrf2_msgs/local/lib/python3.10/dist-packages:${PYTHONPATH} /usr/bin/cmake --build /home/asdfr-19/ros2_ws/build/xcontroller -- -j3 -l3
