[0.050s] Invoking command in '/home/asdfr-19/ros2_ws/build/xrf2_msgs': CMAKE_PREFIX_PATH=${CMAKE_PREFIX_PATH}:/opt/ros/humble /usr/bin/cmake --build /home/asdfr-19/ros2_ws/build/xrf2_msgs -- -j3 -l3
[0.250s] [ 10%] Built target xrf2_msgs__rosidl_generator_c
[0.287s] [ 12%] Built target xrf2_msgs__cpp
[0.349s] [ 12%] Built target ament_cmake_python_copy_xrf2_msgs
[0.402s] [ 23%] Built target xrf2_msgs__rosidl_typesupport_fastrtps_c
[0.417s] [ 33%] Built target xrf2_msgs__rosidl_typesupport_introspection_c
[0.466s] [ 43%] Built target xrf2_msgs__rosidl_typesupport_c
[0.732s] [ 53%] Built target xrf2_msgs__rosidl_typesupport_fastrtps_cpp
[0.735s] [ 64%] Built target xrf2_msgs__rosidl_typesupport_introspection_cpp
[0.739s] [ 74%] Built target xrf2_msgs__rosidl_typesupport_cpp
[0.748s] [ 74%] Built target xrf2_msgs
[0.754s] [ 76%] Built target xrf2_msgs__py
[0.800s] [ 84%] Built target xrf2_msgs__rosidl_generator_py
[0.873s] [ 89%] Built target xrf2_msgs__rosidl_typesupport_fastrtps_c__pyext
[0.892s] [ 94%] Built target xrf2_msgs__rosidl_typesupport_introspection_c__pyext
[0.946s] [100%] Built target xrf2_msgs__rosidl_typesupport_c__pyext
[1.608s] running egg_info
[1.611s] writing xrf2_msgs.egg-info/PKG-INFO
[1.613s] writing dependency_links to xrf2_msgs.egg-info/dependency_links.txt
[1.614s] writing top-level names to xrf2_msgs.egg-info/top_level.txt
[1.623s] reading manifest file 'xrf2_msgs.egg-info/SOURCES.txt'
[1.625s] writing manifest file 'xrf2_msgs.egg-info/SOURCES.txt'
[1.750s] [100%] Built target ament_cmake_python_build_xrf2_msgs_egg
[1.791s] Invoked command in '/home/asdfr-19/ros2_ws/build/xrf2_msgs' returned '0': CMAKE_PREFIX_PATH=${CMAKE_PREFIX_PATH}:/opt/ros/humble /usr/bin/cmake --build /home/asdfr-19/ros2_ws/build/xrf2_msgs -- -j3 -l3
[1.800s] Invoking command in '/home/asdfr-19/ros2_ws/build/xrf2_msgs': CMAKE_PREFIX_PATH=${CMAKE_PREFIX_PATH}:/opt/ros/humble /usr/bin/cmake --install /home/asdfr-19/ros2_ws/build/xrf2_msgs
[1.822s] -- Install configuration: ""
[1.823s] -- Up-to-date: /home/asdfr-19/ros2_ws/install/xrf2_msgs/share/ament_index/resource_index/rosidl_interfaces/xrf2_msgs
[1.831s] -- Up-to-date: /home/asdfr-19/ros2_ws/install/xrf2_msgs/include/xrf2_msgs/xrf2_msgs
[1.832s] -- Up-to-date: /home/asdfr-19/ros2_ws/install/xrf2_msgs/include/xrf2_msgs/xrf2_msgs/msg
[1.836s] -- Up-to-date: /home/asdfr-19/ros2_ws/install/xrf2_msgs/include/xrf2_msgs/xrf2_msgs/msg/rosidl_generator_c__visibility_control.h
[1.846s] -- Up-to-date: /home/asdfr-19/ros2_ws/install/xrf2_msgs/include/xrf2_msgs/xrf2_msgs/msg/detail
[1.847s] -- Up-to-date: /home/asdfr-19/ros2_ws/install/xrf2_msgs/include/xrf2_msgs/xrf2_msgs/msg/detail/xeno2_ros__struct.h
[1.851s] -- Up-to-date: /home/asdfr-19/ros2_ws/install/xrf2_msgs/include/xrf2_msgs/xrf2_msgs/msg/detail/ros2_xeno__functions.h
[1.853s] -- Up-to-date: /home/asdfr-19/ros2_ws/install/xrf2_msgs/include/xrf2_msgs/xrf2_msgs/msg/detail/xeno2_ros__functions.c
[1.854s] -- Up-to-date: /home/asdfr-19/ros2_ws/install/xrf2_msgs/include/xrf2_msgs/xrf2_msgs/msg/detail/ros2_xeno__struct.h
[1.855s] -- Up-to-date: /home/asdfr-19/ros2_ws/install/xrf2_msgs/include/xrf2_msgs/xrf2_msgs/msg/detail/xeno2_ros__type_support.h
[1.856s] -- Up-to-date: /home/asdfr-19/ros2_ws/install/xrf2_msgs/include/xrf2_msgs/xrf2_msgs/msg/detail/ros2_xeno__functions.c
[1.861s] -- Up-to-date: /home/asdfr-19/ros2_ws/install/xrf2_msgs/include/xrf2_msgs/xrf2_msgs/msg/detail/ros2_xeno__type_support.h
[1.863s] -- Up-to-date: /home/asdfr-19/ros2_ws/install/xrf2_msgs/include/xrf2_msgs/xrf2_msgs/msg/detail/xeno2_ros__functions.h
[1.866s] -- Up-to-date: /home/asdfr-19/ros2_ws/install/xrf2_msgs/include/xrf2_msgs/xrf2_msgs/msg/xeno2_ros.h
[1.868s] -- Up-to-date: /home/asdfr-19/ros2_ws/install/xrf2_msgs/include/xrf2_msgs/xrf2_msgs/msg/ros2_xeno.h
[1.871s] -- Up-to-date: /home/asdfr-19/ros2_ws/install/xrf2_msgs/share/xrf2_msgs/environment/library_path.sh
[1.873s] -- Up-to-date: /home/asdfr-19/ros2_ws/install/xrf2_msgs/share/xrf2_msgs/environment/library_path.dsv
[1.875s] -- Up-to-date: /home/asdfr-19/ros2_ws/install/xrf2_msgs/lib/libxrf2_msgs__rosidl_generator_c.so
[1.878s] -- Up-to-date: /home/asdfr-19/ros2_ws/install/xrf2_msgs/include/xrf2_msgs/xrf2_msgs
[1.880s] -- Up-to-date: /home/asdfr-19/ros2_ws/install/xrf2_msgs/include/xrf2_msgs/xrf2_msgs/msg
[1.883s] -- Up-to-date: /home/asdfr-19/ros2_ws/install/xrf2_msgs/include/xrf2_msgs/xrf2_msgs/msg/detail
[1.885s] -- Up-to-date: /home/asdfr-19/ros2_ws/install/xrf2_msgs/include/xrf2_msgs/xrf2_msgs/msg/detail/xeno2_ros__rosidl_typesupport_fastrtps_c.h
[1.888s] -- Up-to-date: /home/asdfr-19/ros2_ws/install/xrf2_msgs/include/xrf2_msgs/xrf2_msgs/msg/detail/ros2_xeno__rosidl_typesupport_fastrtps_c.h
[1.891s] -- Up-to-date: /home/asdfr-19/ros2_ws/install/xrf2_msgs/include/xrf2_msgs/xrf2_msgs/msg/rosidl_typesupport_fastrtps_c__visibility_control.h
[1.894s] -- Up-to-date: /home/asdfr-19/ros2_ws/install/xrf2_msgs/lib/libxrf2_msgs__rosidl_typesupport_fastrtps_c.so
[1.896s] -- Up-to-date: /home/asdfr-19/ros2_ws/install/xrf2_msgs/include/xrf2_msgs/xrf2_msgs
[1.899s] -- Up-to-date: /home/asdfr-19/ros2_ws/install/xrf2_msgs/include/xrf2_msgs/xrf2_msgs/msg
[1.901s] -- Up-to-date: /home/asdfr-19/ros2_ws/install/xrf2_msgs/include/xrf2_msgs/xrf2_msgs/msg/rosidl_typesupport_introspection_c__visibility_control.h
[1.903s] -- Up-to-date: /home/asdfr-19/ros2_ws/install/xrf2_msgs/include/xrf2_msgs/xrf2_msgs/msg/detail
[1.906s] -- Up-to-date: /home/asdfr-19/ros2_ws/install/xrf2_msgs/include/xrf2_msgs/xrf2_msgs/msg/detail/xeno2_ros__type_support.c
[1.908s] -- Up-to-date: /home/asdfr-19/ros2_ws/install/xrf2_msgs/include/xrf2_msgs/xrf2_msgs/msg/detail/xeno2_ros__rosidl_typesupport_introspection_c.h
[1.910s] -- Up-to-date: /home/asdfr-19/ros2_ws/install/xrf2_msgs/include/xrf2_msgs/xrf2_msgs/msg/detail/ros2_xeno__rosidl_typesupport_introspection_c.h
[1.913s] -- Up-to-date: /home/asdfr-19/ros2_ws/install/xrf2_msgs/include/xrf2_msgs/xrf2_msgs/msg/detail/ros2_xeno__type_support.c
[1.915s] -- Up-to-date: /home/asdfr-19/ros2_ws/install/xrf2_msgs/lib/libxrf2_msgs__rosidl_typesupport_introspection_c.so
[1.918s] -- Up-to-date: /home/asdfr-19/ros2_ws/install/xrf2_msgs/lib/libxrf2_msgs__rosidl_typesupport_c.so
[1.920s] -- Up-to-date: /home/asdfr-19/ros2_ws/install/xrf2_msgs/include/xrf2_msgs/xrf2_msgs
[1.922s] -- Up-to-date: /home/asdfr-19/ros2_ws/install/xrf2_msgs/include/xrf2_msgs/xrf2_msgs/msg
[1.924s] -- Up-to-date: /home/asdfr-19/ros2_ws/install/xrf2_msgs/include/xrf2_msgs/xrf2_msgs/msg/rosidl_generator_cpp__visibility_control.hpp
[1.927s] -- Up-to-date: /home/asdfr-19/ros2_ws/install/xrf2_msgs/include/xrf2_msgs/xrf2_msgs/msg/detail
[1.929s] -- Up-to-date: /home/asdfr-19/ros2_ws/install/xrf2_msgs/include/xrf2_msgs/xrf2_msgs/msg/detail/xeno2_ros__struct.hpp
[1.931s] -- Up-to-date: /home/asdfr-19/ros2_ws/install/xrf2_msgs/include/xrf2_msgs/xrf2_msgs/msg/detail/ros2_xeno__traits.hpp
[1.934s] -- Up-to-date: /home/asdfr-19/ros2_ws/install/xrf2_msgs/include/xrf2_msgs/xrf2_msgs/msg/detail/xeno2_ros__builder.hpp
[1.937s] -- Up-to-date: /home/asdfr-19/ros2_ws/install/xrf2_msgs/include/xrf2_msgs/xrf2_msgs/msg/detail/ros2_xeno__struct.hpp
[1.942s] -- Up-to-date: /home/asdfr-19/ros2_ws/install/xrf2_msgs/include/xrf2_msgs/xrf2_msgs/msg/detail/ros2_xeno__type_support.hpp
[1.945s] -- Up-to-date: /home/asdfr-19/ros2_ws/install/xrf2_msgs/include/xrf2_msgs/xrf2_msgs/msg/detail/xeno2_ros__type_support.hpp
[1.949s] -- Up-to-date: /home/asdfr-19/ros2_ws/install/xrf2_msgs/include/xrf2_msgs/xrf2_msgs/msg/detail/xeno2_ros__traits.hpp
[1.953s] -- Up-to-date: /home/asdfr-19/ros2_ws/install/xrf2_msgs/include/xrf2_msgs/xrf2_msgs/msg/detail/ros2_xeno__builder.hpp
[1.966s] -- Up-to-date: /home/asdfr-19/ros2_ws/install/xrf2_msgs/include/xrf2_msgs/xrf2_msgs/msg/xeno2_ros.hpp
[1.967s] -- Up-to-date: /home/asdfr-19/ros2_ws/install/xrf2_msgs/include/xrf2_msgs/xrf2_msgs/msg/ros2_xeno.hpp
[1.969s] -- Up-to-date: /home/asdfr-19/ros2_ws/install/xrf2_msgs/include/xrf2_msgs/xrf2_msgs
[1.970s] -- Up-to-date: /home/asdfr-19/ros2_ws/install/xrf2_msgs/include/xrf2_msgs/xrf2_msgs/msg
[1.972s] -- Up-to-date: /home/asdfr-19/ros2_ws/install/xrf2_msgs/include/xrf2_msgs/xrf2_msgs/msg/detail
[1.973s] -- Up-to-date: /home/asdfr-19/ros2_ws/install/xrf2_msgs/include/xrf2_msgs/xrf2_msgs/msg/detail/xeno2_ros__rosidl_typesupport_fastrtps_cpp.hpp
[1.975s] -- Up-to-date: /home/asdfr-19/ros2_ws/install/xrf2_msgs/include/xrf2_msgs/xrf2_msgs/msg/detail/ros2_xeno__rosidl_typesupport_fastrtps_cpp.hpp
[1.976s] -- Up-to-date: /home/asdfr-19/ros2_ws/install/xrf2_msgs/include/xrf2_msgs/xrf2_msgs/msg/detail/dds_fastrtps
[1.978s] -- Up-to-date: /home/asdfr-19/ros2_ws/install/xrf2_msgs/include/xrf2_msgs/xrf2_msgs/msg/rosidl_typesupport_fastrtps_cpp__visibility_control.h
[1.979s] -- Up-to-date: /home/asdfr-19/ros2_ws/install/xrf2_msgs/lib/libxrf2_msgs__rosidl_typesupport_fastrtps_cpp.so
[1.980s] -- Up-to-date: /home/asdfr-19/ros2_ws/install/xrf2_msgs/include/xrf2_msgs/xrf2_msgs
[1.987s] -- Up-to-date: /home/asdfr-19/ros2_ws/install/xrf2_msgs/include/xrf2_msgs/xrf2_msgs/msg
[1.988s] -- Up-to-date: /home/asdfr-19/ros2_ws/install/xrf2_msgs/include/xrf2_msgs/xrf2_msgs/msg/detail
[1.992s] -- Up-to-date: /home/asdfr-19/ros2_ws/install/xrf2_msgs/include/xrf2_msgs/xrf2_msgs/msg/detail/ros2_xeno__type_support.cpp
[1.996s] -- Up-to-date: /home/asdfr-19/ros2_ws/install/xrf2_msgs/include/xrf2_msgs/xrf2_msgs/msg/detail/xeno2_ros__type_support.cpp
[2.000s] -- Up-to-date: /home/asdfr-19/ros2_ws/install/xrf2_msgs/include/xrf2_msgs/xrf2_msgs/msg/detail/xeno2_ros__rosidl_typesupport_introspection_cpp.hpp
[2.004s] -- Up-to-date: /home/asdfr-19/ros2_ws/install/xrf2_msgs/include/xrf2_msgs/xrf2_msgs/msg/detail/ros2_xeno__rosidl_typesupport_introspection_cpp.hpp
[2.008s] -- Up-to-date: /home/asdfr-19/ros2_ws/install/xrf2_msgs/lib/libxrf2_msgs__rosidl_typesupport_introspection_cpp.so
[2.011s] -- Up-to-date: /home/asdfr-19/ros2_ws/install/xrf2_msgs/lib/libxrf2_msgs__rosidl_typesupport_cpp.so
[2.015s] -- Up-to-date: /home/asdfr-19/ros2_ws/install/xrf2_msgs/share/xrf2_msgs/environment/pythonpath.sh
[2.018s] -- Up-to-date: /home/asdfr-19/ros2_ws/install/xrf2_msgs/share/xrf2_msgs/environment/pythonpath.dsv
[2.031s] -- Up-to-date: /home/asdfr-19/ros2_ws/install/xrf2_msgs/local/lib/python3.10/dist-packages/xrf2_msgs-0.0.0-py3.10.egg-info
[2.035s] -- Installing: /home/asdfr-19/ros2_ws/install/xrf2_msgs/local/lib/python3.10/dist-packages/xrf2_msgs-0.0.0-py3.10.egg-info/PKG-INFO
[2.039s] -- Installing: /home/asdfr-19/ros2_ws/install/xrf2_msgs/local/lib/python3.10/dist-packages/xrf2_msgs-0.0.0-py3.10.egg-info/top_level.txt
[2.045s] -- Installing: /home/asdfr-19/ros2_ws/install/xrf2_msgs/local/lib/python3.10/dist-packages/xrf2_msgs-0.0.0-py3.10.egg-info/dependency_links.txt
[2.048s] -- Installing: /home/asdfr-19/ros2_ws/install/xrf2_msgs/local/lib/python3.10/dist-packages/xrf2_msgs-0.0.0-py3.10.egg-info/SOURCES.txt
[2.052s] -- Up-to-date: /home/asdfr-19/ros2_ws/install/xrf2_msgs/local/lib/python3.10/dist-packages/xrf2_msgs
[2.056s] -- Up-to-date: /home/asdfr-19/ros2_ws/install/xrf2_msgs/local/lib/python3.10/dist-packages/xrf2_msgs/_xrf2_msgs_s.ep.rosidl_typesupport_introspection_c.c
[2.059s] -- Up-to-date: /home/asdfr-19/ros2_ws/install/xrf2_msgs/local/lib/python3.10/dist-packages/xrf2_msgs/_xrf2_msgs_s.ep.rosidl_typesupport_fastrtps_c.c
[2.060s] -- Up-to-date: /home/asdfr-19/ros2_ws/install/xrf2_msgs/local/lib/python3.10/dist-packages/xrf2_msgs/xrf2_msgs_s__rosidl_typesupport_introspection_c.cpython-310-aarch64-linux-gnu.so
[2.061s] -- Up-to-date: /home/asdfr-19/ros2_ws/install/xrf2_msgs/local/lib/python3.10/dist-packages/xrf2_msgs/_xrf2_msgs_s.ep.rosidl_typesupport_c.c
[2.063s] -- Up-to-date: /home/asdfr-19/ros2_ws/install/xrf2_msgs/local/lib/python3.10/dist-packages/xrf2_msgs/libxrf2_msgs__rosidl_generator_py.so
[2.070s] -- Up-to-date: /home/asdfr-19/ros2_ws/install/xrf2_msgs/local/lib/python3.10/dist-packages/xrf2_msgs/xrf2_msgs_s__rosidl_typesupport_c.cpython-310-aarch64-linux-gnu.so
[2.071s] -- Up-to-date: /home/asdfr-19/ros2_ws/install/xrf2_msgs/local/lib/python3.10/dist-packages/xrf2_msgs/__init__.py
[2.073s] -- Up-to-date: /home/asdfr-19/ros2_ws/install/xrf2_msgs/local/lib/python3.10/dist-packages/xrf2_msgs/msg
[2.078s] -- Up-to-date: /home/asdfr-19/ros2_ws/install/xrf2_msgs/local/lib/python3.10/dist-packages/xrf2_msgs/msg/_ros2_xeno.py
[2.082s] -- Up-to-date: /home/asdfr-19/ros2_ws/install/xrf2_msgs/local/lib/python3.10/dist-packages/xrf2_msgs/msg/_ros2_xeno_s.c
[2.084s] -- Up-to-date: /home/asdfr-19/ros2_ws/install/xrf2_msgs/local/lib/python3.10/dist-packages/xrf2_msgs/msg/_xeno2_ros.py
[2.086s] -- Up-to-date: /home/asdfr-19/ros2_ws/install/xrf2_msgs/local/lib/python3.10/dist-packages/xrf2_msgs/msg/__init__.py
[2.087s] -- Up-to-date: /home/asdfr-19/ros2_ws/install/xrf2_msgs/local/lib/python3.10/dist-packages/xrf2_msgs/msg/_xeno2_ros_s.c
[2.091s] -- Up-to-date: /home/asdfr-19/ros2_ws/install/xrf2_msgs/local/lib/python3.10/dist-packages/xrf2_msgs/xrf2_msgs_s__rosidl_typesupport_fastrtps_c.cpython-310-aarch64-linux-gnu.so
[2.098s] Listing '/home/asdfr-19/ros2_ws/install/xrf2_msgs/local/lib/python3.10/dist-packages/xrf2_msgs'...
[2.101s] Listing '/home/asdfr-19/ros2_ws/install/xrf2_msgs/local/lib/python3.10/dist-packages/xrf2_msgs/msg'...
[2.103s] -- Up-to-date: /home/asdfr-19/ros2_ws/install/xrf2_msgs/local/lib/python3.10/dist-packages/xrf2_msgs/xrf2_msgs_s__rosidl_typesupport_fastrtps_c.cpython-310-aarch64-linux-gnu.so
[2.106s] -- Up-to-date: /home/asdfr-19/ros2_ws/install/xrf2_msgs/local/lib/python3.10/dist-packages/xrf2_msgs/xrf2_msgs_s__rosidl_typesupport_introspection_c.cpython-310-aarch64-linux-gnu.so
[2.109s] -- Up-to-date: /home/asdfr-19/ros2_ws/install/xrf2_msgs/local/lib/python3.10/dist-packages/xrf2_msgs/xrf2_msgs_s__rosidl_typesupport_c.cpython-310-aarch64-linux-gnu.so
[2.112s] -- Up-to-date: /home/asdfr-19/ros2_ws/install/xrf2_msgs/lib/libxrf2_msgs__rosidl_generator_py.so
[2.115s] -- Up-to-date: /home/asdfr-19/ros2_ws/install/xrf2_msgs/share/xrf2_msgs/msg/Ros2Xeno.idl
[2.118s] -- Up-to-date: /home/asdfr-19/ros2_ws/install/xrf2_msgs/share/xrf2_msgs/msg/Xeno2Ros.idl
[2.120s] -- Up-to-date: /home/asdfr-19/ros2_ws/install/xrf2_msgs/share/xrf2_msgs/msg/Ros2Xeno.msg
[2.124s] -- Up-to-date: /home/asdfr-19/ros2_ws/install/xrf2_msgs/share/xrf2_msgs/msg/Xeno2Ros.msg
[2.128s] -- Up-to-date: /home/asdfr-19/ros2_ws/install/xrf2_msgs/share/ament_index/resource_index/package_run_dependencies/xrf2_msgs
[2.132s] -- Up-to-date: /home/asdfr-19/ros2_ws/install/xrf2_msgs/share/ament_index/resource_index/parent_prefix_path/xrf2_msgs
[2.135s] -- Up-to-date: /home/asdfr-19/ros2_ws/install/xrf2_msgs/share/xrf2_msgs/environment/ament_prefix_path.sh
[2.139s] -- Up-to-date: /home/asdfr-19/ros2_ws/install/xrf2_msgs/share/xrf2_msgs/environment/ament_prefix_path.dsv
[2.149s] -- Up-to-date: /home/asdfr-19/ros2_ws/install/xrf2_msgs/share/xrf2_msgs/environment/path.sh
[2.153s] -- Up-to-date: /home/asdfr-19/ros2_ws/install/xrf2_msgs/share/xrf2_msgs/environment/path.dsv
[2.157s] -- Up-to-date: /home/asdfr-19/ros2_ws/install/xrf2_msgs/share/xrf2_msgs/local_setup.bash
[2.160s] -- Up-to-date: /home/asdfr-19/ros2_ws/install/xrf2_msgs/share/xrf2_msgs/local_setup.sh
[2.167s] -- Up-to-date: /home/asdfr-19/ros2_ws/install/xrf2_msgs/share/xrf2_msgs/local_setup.zsh
[2.174s] -- Up-to-date: /home/asdfr-19/ros2_ws/install/xrf2_msgs/share/xrf2_msgs/local_setup.dsv
[2.179s] -- Installing: /home/asdfr-19/ros2_ws/install/xrf2_msgs/share/xrf2_msgs/package.dsv
[2.181s] -- Up-to-date: /home/asdfr-19/ros2_ws/install/xrf2_msgs/share/ament_index/resource_index/packages/xrf2_msgs
[2.185s] -- Up-to-date: /home/asdfr-19/ros2_ws/install/xrf2_msgs/share/xrf2_msgs/cmake/export_xrf2_msgs__rosidl_generator_cExport.cmake
[2.188s] -- Up-to-date: /home/asdfr-19/ros2_ws/install/xrf2_msgs/share/xrf2_msgs/cmake/export_xrf2_msgs__rosidl_generator_cExport-noconfig.cmake
[2.190s] -- Up-to-date: /home/asdfr-19/ros2_ws/install/xrf2_msgs/share/xrf2_msgs/cmake/export_xrf2_msgs__rosidl_typesupport_fastrtps_cExport.cmake
[2.193s] -- Up-to-date: /home/asdfr-19/ros2_ws/install/xrf2_msgs/share/xrf2_msgs/cmake/export_xrf2_msgs__rosidl_typesupport_fastrtps_cExport-noconfig.cmake
[2.197s] -- Up-to-date: /home/asdfr-19/ros2_ws/install/xrf2_msgs/share/xrf2_msgs/cmake/xrf2_msgs__rosidl_typesupport_introspection_cExport.cmake
[2.200s] -- Up-to-date: /home/asdfr-19/ros2_ws/install/xrf2_msgs/share/xrf2_msgs/cmake/xrf2_msgs__rosidl_typesupport_introspection_cExport-noconfig.cmake
[2.203s] -- Up-to-date: /home/asdfr-19/ros2_ws/install/xrf2_msgs/share/xrf2_msgs/cmake/xrf2_msgs__rosidl_typesupport_cExport.cmake
[2.207s] -- Up-to-date: /home/asdfr-19/ros2_ws/install/xrf2_msgs/share/xrf2_msgs/cmake/xrf2_msgs__rosidl_typesupport_cExport-noconfig.cmake
[2.211s] -- Up-to-date: /home/asdfr-19/ros2_ws/install/xrf2_msgs/share/xrf2_msgs/cmake/export_xrf2_msgs__rosidl_generator_cppExport.cmake
[2.214s] -- Up-to-date: /home/asdfr-19/ros2_ws/install/xrf2_msgs/share/xrf2_msgs/cmake/export_xrf2_msgs__rosidl_typesupport_fastrtps_cppExport.cmake
[2.219s] -- Up-to-date: /home/asdfr-19/ros2_ws/install/xrf2_msgs/share/xrf2_msgs/cmake/export_xrf2_msgs__rosidl_typesupport_fastrtps_cppExport-noconfig.cmake
[2.221s] -- Up-to-date: /home/asdfr-19/ros2_ws/install/xrf2_msgs/share/xrf2_msgs/cmake/xrf2_msgs__rosidl_typesupport_introspection_cppExport.cmake
[2.223s] -- Up-to-date: /home/asdfr-19/ros2_ws/install/xrf2_msgs/share/xrf2_msgs/cmake/xrf2_msgs__rosidl_typesupport_introspection_cppExport-noconfig.cmake
[2.226s] -- Up-to-date: /home/asdfr-19/ros2_ws/install/xrf2_msgs/share/xrf2_msgs/cmake/xrf2_msgs__rosidl_typesupport_cppExport.cmake
[2.228s] -- Up-to-date: /home/asdfr-19/ros2_ws/install/xrf2_msgs/share/xrf2_msgs/cmake/xrf2_msgs__rosidl_typesupport_cppExport-noconfig.cmake
[2.230s] -- Up-to-date: /home/asdfr-19/ros2_ws/install/xrf2_msgs/share/xrf2_msgs/cmake/export_xrf2_msgs__rosidl_generator_pyExport.cmake
[2.232s] -- Up-to-date: /home/asdfr-19/ros2_ws/install/xrf2_msgs/share/xrf2_msgs/cmake/export_xrf2_msgs__rosidl_generator_pyExport-noconfig.cmake
[2.234s] -- Up-to-date: /home/asdfr-19/ros2_ws/install/xrf2_msgs/share/xrf2_msgs/cmake/rosidl_cmake-extras.cmake
[2.237s] -- Up-to-date: /home/asdfr-19/ros2_ws/install/xrf2_msgs/share/xrf2_msgs/cmake/ament_cmake_export_include_directories-extras.cmake
[2.239s] -- Up-to-date: /home/asdfr-19/ros2_ws/install/xrf2_msgs/share/xrf2_msgs/cmake/ament_cmake_export_libraries-extras.cmake
[2.241s] -- Up-to-date: /home/asdfr-19/ros2_ws/install/xrf2_msgs/share/xrf2_msgs/cmake/ament_cmake_export_targets-extras.cmake
[2.249s] -- Up-to-date: /home/asdfr-19/ros2_ws/install/xrf2_msgs/share/xrf2_msgs/cmake/rosidl_cmake_export_typesupport_targets-extras.cmake
[2.251s] -- Up-to-date: /home/asdfr-19/ros2_ws/install/xrf2_msgs/share/xrf2_msgs/cmake/ament_cmake_export_dependencies-extras.cmake
[2.252s] -- Up-to-date: /home/asdfr-19/ros2_ws/install/xrf2_msgs/share/xrf2_msgs/cmake/rosidl_cmake_export_typesupport_libraries-extras.cmake
[2.254s] -- Up-to-date: /home/asdfr-19/ros2_ws/install/xrf2_msgs/share/xrf2_msgs/cmake/xrf2_msgsConfig.cmake
[2.255s] -- Up-to-date: /home/asdfr-19/ros2_ws/install/xrf2_msgs/share/xrf2_msgs/cmake/xrf2_msgsConfig-version.cmake
[2.257s] -- Up-to-date: /home/asdfr-19/ros2_ws/install/xrf2_msgs/share/xrf2_msgs/package.xml
[2.258s] Invoked command in '/home/asdfr-19/ros2_ws/build/xrf2_msgs' returned '0': CMAKE_PREFIX_PATH=${CMAKE_PREFIX_PATH}:/opt/ros/humble /usr/bin/cmake --install /home/asdfr-19/ros2_ws/build/xrf2_msgs
