[0.043s] Invoking command in '/home/asdfr-19/ros2_ws/build/xrf2_msgs': CMAKE_PREFIX_PATH=/opt/ros/humble /usr/bin/cmake --build /home/asdfr-19/ros2_ws/build/xrf2_msgs -- -j3 -l3
[0.199s] [  2%] Built target xrf2_msgs__cpp
[0.234s] [ 12%] Built target xrf2_msgs__rosidl_generator_c
[0.320s] [ 12%] Built target ament_cmake_python_copy_xrf2_msgs
[0.381s] [ 25%] Built target xrf2_msgs__rosidl_typesupport_fastrtps_cpp
[0.391s] [ 33%] Built target xrf2_msgs__rosidl_typesupport_introspection_cpp
[0.403s] [ 43%] Built target xrf2_msgs__rosidl_typesupport_cpp
[0.489s] [ 53%] Built target xrf2_msgs__rosidl_typesupport_fastrtps_c
[0.587s] [ 64%] Built target xrf2_msgs__rosidl_typesupport_introspection_c
[0.603s] [ 74%] Built target xrf2_msgs__rosidl_typesupport_c
[0.639s] [ 74%] Built target xrf2_msgs
[0.695s] [ 76%] Built target xrf2_msgs__py
[0.758s] [ 84%] Built target xrf2_msgs__rosidl_generator_py
[0.823s] [ 89%] Built target xrf2_msgs__rosidl_typesupport_introspection_c__pyext
[0.827s] [ 94%] Built target xrf2_msgs__rosidl_typesupport_fastrtps_c__pyext
[0.882s] [100%] Built target xrf2_msgs__rosidl_typesupport_c__pyext
[1.370s] running egg_info
[1.373s] writing xrf2_msgs.egg-info/PKG-INFO
[1.375s] writing dependency_links to xrf2_msgs.egg-info/dependency_links.txt
[1.376s] writing top-level names to xrf2_msgs.egg-info/top_level.txt
[1.385s] reading manifest file 'xrf2_msgs.egg-info/SOURCES.txt'
[1.387s] writing manifest file 'xrf2_msgs.egg-info/SOURCES.txt'
[1.510s] [100%] Built target ament_cmake_python_build_xrf2_msgs_egg
[1.545s] Invoked command in '/home/asdfr-19/ros2_ws/build/xrf2_msgs' returned '0': CMAKE_PREFIX_PATH=/opt/ros/humble /usr/bin/cmake --build /home/asdfr-19/ros2_ws/build/xrf2_msgs -- -j3 -l3
[1.550s] Invoking command in '/home/asdfr-19/ros2_ws/build/xrf2_msgs': CMAKE_PREFIX_PATH=/opt/ros/humble /usr/bin/cmake --install /home/asdfr-19/ros2_ws/build/xrf2_msgs
[1.576s] -- Install configuration: ""
[1.577s] -- Up-to-date: /home/asdfr-19/ros2_ws/install/xrf2_msgs/share/ament_index/resource_index/rosidl_interfaces/xrf2_msgs
[1.578s] -- Up-to-date: /home/asdfr-19/ros2_ws/install/xrf2_msgs/include/xrf2_msgs/xrf2_msgs
[1.580s] -- Up-to-date: /home/asdfr-19/ros2_ws/install/xrf2_msgs/include/xrf2_msgs/xrf2_msgs/msg
[1.581s] -- Up-to-date: /home/asdfr-19/ros2_ws/install/xrf2_msgs/include/xrf2_msgs/xrf2_msgs/msg/rosidl_generator_c__visibility_control.h
[1.582s] -- Up-to-date: /home/asdfr-19/ros2_ws/install/xrf2_msgs/include/xrf2_msgs/xrf2_msgs/msg/detail
[1.584s] -- Up-to-date: /home/asdfr-19/ros2_ws/install/xrf2_msgs/include/xrf2_msgs/xrf2_msgs/msg/detail/xeno2_ros__struct.h
[1.585s] -- Up-to-date: /home/asdfr-19/ros2_ws/install/xrf2_msgs/include/xrf2_msgs/xrf2_msgs/msg/detail/ros2_xeno__functions.h
[1.586s] -- Up-to-date: /home/asdfr-19/ros2_ws/install/xrf2_msgs/include/xrf2_msgs/xrf2_msgs/msg/detail/xeno2_ros__functions.c
[1.587s] -- Up-to-date: /home/asdfr-19/ros2_ws/install/xrf2_msgs/include/xrf2_msgs/xrf2_msgs/msg/detail/ros2_xeno__struct.h
[1.589s] -- Up-to-date: /home/asdfr-19/ros2_ws/install/xrf2_msgs/include/xrf2_msgs/xrf2_msgs/msg/detail/xeno2_ros__type_support.h
[1.590s] -- Up-to-date: /home/asdfr-19/ros2_ws/install/xrf2_msgs/include/xrf2_msgs/xrf2_msgs/msg/detail/ros2_xeno__functions.c
[1.591s] -- Up-to-date: /home/asdfr-19/ros2_ws/install/xrf2_msgs/include/xrf2_msgs/xrf2_msgs/msg/detail/ros2_xeno__type_support.h
[1.592s] -- Up-to-date: /home/asdfr-19/ros2_ws/install/xrf2_msgs/include/xrf2_msgs/xrf2_msgs/msg/detail/xeno2_ros__functions.h
[1.593s] -- Up-to-date: /home/asdfr-19/ros2_ws/install/xrf2_msgs/include/xrf2_msgs/xrf2_msgs/msg/xeno2_ros.h
[1.595s] -- Up-to-date: /home/asdfr-19/ros2_ws/install/xrf2_msgs/include/xrf2_msgs/xrf2_msgs/msg/ros2_xeno.h
[1.596s] -- Up-to-date: /home/asdfr-19/ros2_ws/install/xrf2_msgs/share/xrf2_msgs/environment/library_path.sh
[1.597s] -- Up-to-date: /home/asdfr-19/ros2_ws/install/xrf2_msgs/share/xrf2_msgs/environment/library_path.dsv
[1.598s] -- Up-to-date: /home/asdfr-19/ros2_ws/install/xrf2_msgs/lib/libxrf2_msgs__rosidl_generator_c.so
[1.600s] -- Up-to-date: /home/asdfr-19/ros2_ws/install/xrf2_msgs/include/xrf2_msgs/xrf2_msgs
[1.601s] -- Up-to-date: /home/asdfr-19/ros2_ws/install/xrf2_msgs/include/xrf2_msgs/xrf2_msgs/msg
[1.602s] -- Up-to-date: /home/asdfr-19/ros2_ws/install/xrf2_msgs/include/xrf2_msgs/xrf2_msgs/msg/detail
[1.603s] -- Up-to-date: /home/asdfr-19/ros2_ws/install/xrf2_msgs/include/xrf2_msgs/xrf2_msgs/msg/detail/xeno2_ros__rosidl_typesupport_fastrtps_c.h
[1.604s] -- Up-to-date: /home/asdfr-19/ros2_ws/install/xrf2_msgs/include/xrf2_msgs/xrf2_msgs/msg/detail/ros2_xeno__rosidl_typesupport_fastrtps_c.h
[1.606s] -- Up-to-date: /home/asdfr-19/ros2_ws/install/xrf2_msgs/include/xrf2_msgs/xrf2_msgs/msg/rosidl_typesupport_fastrtps_c__visibility_control.h
[1.608s] -- Up-to-date: /home/asdfr-19/ros2_ws/install/xrf2_msgs/lib/libxrf2_msgs__rosidl_typesupport_fastrtps_c.so
[1.609s] -- Up-to-date: /home/asdfr-19/ros2_ws/install/xrf2_msgs/include/xrf2_msgs/xrf2_msgs
[1.611s] -- Up-to-date: /home/asdfr-19/ros2_ws/install/xrf2_msgs/include/xrf2_msgs/xrf2_msgs/msg
[1.612s] -- Up-to-date: /home/asdfr-19/ros2_ws/install/xrf2_msgs/include/xrf2_msgs/xrf2_msgs/msg/rosidl_typesupport_introspection_c__visibility_control.h
[1.613s] -- Up-to-date: /home/asdfr-19/ros2_ws/install/xrf2_msgs/include/xrf2_msgs/xrf2_msgs/msg/detail
[1.615s] -- Up-to-date: /home/asdfr-19/ros2_ws/install/xrf2_msgs/include/xrf2_msgs/xrf2_msgs/msg/detail/xeno2_ros__type_support.c
[1.616s] -- Up-to-date: /home/asdfr-19/ros2_ws/install/xrf2_msgs/include/xrf2_msgs/xrf2_msgs/msg/detail/xeno2_ros__rosidl_typesupport_introspection_c.h
[1.617s] -- Up-to-date: /home/asdfr-19/ros2_ws/install/xrf2_msgs/include/xrf2_msgs/xrf2_msgs/msg/detail/ros2_xeno__rosidl_typesupport_introspection_c.h
[1.618s] -- Up-to-date: /home/asdfr-19/ros2_ws/install/xrf2_msgs/include/xrf2_msgs/xrf2_msgs/msg/detail/ros2_xeno__type_support.c
[1.620s] -- Up-to-date: /home/asdfr-19/ros2_ws/install/xrf2_msgs/lib/libxrf2_msgs__rosidl_typesupport_introspection_c.so
[1.621s] -- Up-to-date: /home/asdfr-19/ros2_ws/install/xrf2_msgs/lib/libxrf2_msgs__rosidl_typesupport_c.so
[1.622s] -- Up-to-date: /home/asdfr-19/ros2_ws/install/xrf2_msgs/include/xrf2_msgs/xrf2_msgs
[1.623s] -- Up-to-date: /home/asdfr-19/ros2_ws/install/xrf2_msgs/include/xrf2_msgs/xrf2_msgs/msg
[1.625s] -- Up-to-date: /home/asdfr-19/ros2_ws/install/xrf2_msgs/include/xrf2_msgs/xrf2_msgs/msg/rosidl_generator_cpp__visibility_control.hpp
[1.626s] -- Up-to-date: /home/asdfr-19/ros2_ws/install/xrf2_msgs/include/xrf2_msgs/xrf2_msgs/msg/detail
[1.627s] -- Up-to-date: /home/asdfr-19/ros2_ws/install/xrf2_msgs/include/xrf2_msgs/xrf2_msgs/msg/detail/xeno2_ros__struct.hpp
[1.628s] -- Up-to-date: /home/asdfr-19/ros2_ws/install/xrf2_msgs/include/xrf2_msgs/xrf2_msgs/msg/detail/ros2_xeno__traits.hpp
[1.629s] -- Up-to-date: /home/asdfr-19/ros2_ws/install/xrf2_msgs/include/xrf2_msgs/xrf2_msgs/msg/detail/xeno2_ros__builder.hpp
[1.630s] -- Up-to-date: /home/asdfr-19/ros2_ws/install/xrf2_msgs/include/xrf2_msgs/xrf2_msgs/msg/detail/ros2_xeno__struct.hpp
[1.631s] -- Up-to-date: /home/asdfr-19/ros2_ws/install/xrf2_msgs/include/xrf2_msgs/xrf2_msgs/msg/detail/ros2_xeno__type_support.hpp
[1.632s] -- Up-to-date: /home/asdfr-19/ros2_ws/install/xrf2_msgs/include/xrf2_msgs/xrf2_msgs/msg/detail/xeno2_ros__type_support.hpp
[1.634s] -- Up-to-date: /home/asdfr-19/ros2_ws/install/xrf2_msgs/include/xrf2_msgs/xrf2_msgs/msg/detail/xeno2_ros__traits.hpp
[1.635s] -- Up-to-date: /home/asdfr-19/ros2_ws/install/xrf2_msgs/include/xrf2_msgs/xrf2_msgs/msg/detail/ros2_xeno__builder.hpp
[1.636s] -- Up-to-date: /home/asdfr-19/ros2_ws/install/xrf2_msgs/include/xrf2_msgs/xrf2_msgs/msg/xeno2_ros.hpp
[1.637s] -- Up-to-date: /home/asdfr-19/ros2_ws/install/xrf2_msgs/include/xrf2_msgs/xrf2_msgs/msg/ros2_xeno.hpp
[1.638s] -- Up-to-date: /home/asdfr-19/ros2_ws/install/xrf2_msgs/include/xrf2_msgs/xrf2_msgs
[1.639s] -- Up-to-date: /home/asdfr-19/ros2_ws/install/xrf2_msgs/include/xrf2_msgs/xrf2_msgs/msg
[1.640s] -- Up-to-date: /home/asdfr-19/ros2_ws/install/xrf2_msgs/include/xrf2_msgs/xrf2_msgs/msg/detail
[1.641s] -- Up-to-date: /home/asdfr-19/ros2_ws/install/xrf2_msgs/include/xrf2_msgs/xrf2_msgs/msg/detail/xeno2_ros__rosidl_typesupport_fastrtps_cpp.hpp
[1.643s] -- Up-to-date: /home/asdfr-19/ros2_ws/install/xrf2_msgs/include/xrf2_msgs/xrf2_msgs/msg/detail/ros2_xeno__rosidl_typesupport_fastrtps_cpp.hpp
[1.645s] -- Up-to-date: /home/asdfr-19/ros2_ws/install/xrf2_msgs/include/xrf2_msgs/xrf2_msgs/msg/detail/dds_fastrtps
[1.646s] -- Up-to-date: /home/asdfr-19/ros2_ws/install/xrf2_msgs/include/xrf2_msgs/xrf2_msgs/msg/rosidl_typesupport_fastrtps_cpp__visibility_control.h
[1.647s] -- Up-to-date: /home/asdfr-19/ros2_ws/install/xrf2_msgs/lib/libxrf2_msgs__rosidl_typesupport_fastrtps_cpp.so
[1.648s] -- Up-to-date: /home/asdfr-19/ros2_ws/install/xrf2_msgs/include/xrf2_msgs/xrf2_msgs
[1.649s] -- Up-to-date: /home/asdfr-19/ros2_ws/install/xrf2_msgs/include/xrf2_msgs/xrf2_msgs/msg
[1.650s] -- Up-to-date: /home/asdfr-19/ros2_ws/install/xrf2_msgs/include/xrf2_msgs/xrf2_msgs/msg/detail
[1.651s] -- Up-to-date: /home/asdfr-19/ros2_ws/install/xrf2_msgs/include/xrf2_msgs/xrf2_msgs/msg/detail/ros2_xeno__type_support.cpp
[1.652s] -- Up-to-date: /home/asdfr-19/ros2_ws/install/xrf2_msgs/include/xrf2_msgs/xrf2_msgs/msg/detail/xeno2_ros__type_support.cpp
[1.654s] -- Up-to-date: /home/asdfr-19/ros2_ws/install/xrf2_msgs/include/xrf2_msgs/xrf2_msgs/msg/detail/xeno2_ros__rosidl_typesupport_introspection_cpp.hpp
[1.655s] -- Up-to-date: /home/asdfr-19/ros2_ws/install/xrf2_msgs/include/xrf2_msgs/xrf2_msgs/msg/detail/ros2_xeno__rosidl_typesupport_introspection_cpp.hpp
[1.656s] -- Up-to-date: /home/asdfr-19/ros2_ws/install/xrf2_msgs/lib/libxrf2_msgs__rosidl_typesupport_introspection_cpp.so
[1.657s] -- Up-to-date: /home/asdfr-19/ros2_ws/install/xrf2_msgs/lib/libxrf2_msgs__rosidl_typesupport_cpp.so
[1.658s] -- Up-to-date: /home/asdfr-19/ros2_ws/install/xrf2_msgs/share/xrf2_msgs/environment/pythonpath.sh
[1.659s] -- Up-to-date: /home/asdfr-19/ros2_ws/install/xrf2_msgs/share/xrf2_msgs/environment/pythonpath.dsv
[1.660s] -- Up-to-date: /home/asdfr-19/ros2_ws/install/xrf2_msgs/local/lib/python3.10/dist-packages/xrf2_msgs-0.0.0-py3.10.egg-info
[1.661s] -- Installing: /home/asdfr-19/ros2_ws/install/xrf2_msgs/local/lib/python3.10/dist-packages/xrf2_msgs-0.0.0-py3.10.egg-info/PKG-INFO
[1.662s] -- Installing: /home/asdfr-19/ros2_ws/install/xrf2_msgs/local/lib/python3.10/dist-packages/xrf2_msgs-0.0.0-py3.10.egg-info/top_level.txt
[1.663s] -- Installing: /home/asdfr-19/ros2_ws/install/xrf2_msgs/local/lib/python3.10/dist-packages/xrf2_msgs-0.0.0-py3.10.egg-info/dependency_links.txt
[1.664s] -- Installing: /home/asdfr-19/ros2_ws/install/xrf2_msgs/local/lib/python3.10/dist-packages/xrf2_msgs-0.0.0-py3.10.egg-info/SOURCES.txt
[1.665s] -- Up-to-date: /home/asdfr-19/ros2_ws/install/xrf2_msgs/local/lib/python3.10/dist-packages/xrf2_msgs
[1.666s] -- Up-to-date: /home/asdfr-19/ros2_ws/install/xrf2_msgs/local/lib/python3.10/dist-packages/xrf2_msgs/_xrf2_msgs_s.ep.rosidl_typesupport_introspection_c.c
[1.667s] -- Up-to-date: /home/asdfr-19/ros2_ws/install/xrf2_msgs/local/lib/python3.10/dist-packages/xrf2_msgs/_xrf2_msgs_s.ep.rosidl_typesupport_fastrtps_c.c
[1.669s] -- Up-to-date: /home/asdfr-19/ros2_ws/install/xrf2_msgs/local/lib/python3.10/dist-packages/xrf2_msgs/xrf2_msgs_s__rosidl_typesupport_introspection_c.cpython-310-aarch64-linux-gnu.so
[1.670s] -- Up-to-date: /home/asdfr-19/ros2_ws/install/xrf2_msgs/local/lib/python3.10/dist-packages/xrf2_msgs/_xrf2_msgs_s.ep.rosidl_typesupport_c.c
[1.671s] -- Up-to-date: /home/asdfr-19/ros2_ws/install/xrf2_msgs/local/lib/python3.10/dist-packages/xrf2_msgs/libxrf2_msgs__rosidl_generator_py.so
[1.672s] -- Up-to-date: /home/asdfr-19/ros2_ws/install/xrf2_msgs/local/lib/python3.10/dist-packages/xrf2_msgs/xrf2_msgs_s__rosidl_typesupport_c.cpython-310-aarch64-linux-gnu.so
[1.673s] -- Up-to-date: /home/asdfr-19/ros2_ws/install/xrf2_msgs/local/lib/python3.10/dist-packages/xrf2_msgs/__init__.py
[1.674s] -- Up-to-date: /home/asdfr-19/ros2_ws/install/xrf2_msgs/local/lib/python3.10/dist-packages/xrf2_msgs/msg
[1.675s] -- Up-to-date: /home/asdfr-19/ros2_ws/install/xrf2_msgs/local/lib/python3.10/dist-packages/xrf2_msgs/msg/_ros2_xeno.py
[1.676s] -- Up-to-date: /home/asdfr-19/ros2_ws/install/xrf2_msgs/local/lib/python3.10/dist-packages/xrf2_msgs/msg/_ros2_xeno_s.c
[1.677s] -- Up-to-date: /home/asdfr-19/ros2_ws/install/xrf2_msgs/local/lib/python3.10/dist-packages/xrf2_msgs/msg/_xeno2_ros.py
[1.678s] -- Up-to-date: /home/asdfr-19/ros2_ws/install/xrf2_msgs/local/lib/python3.10/dist-packages/xrf2_msgs/msg/__init__.py
[1.679s] -- Up-to-date: /home/asdfr-19/ros2_ws/install/xrf2_msgs/local/lib/python3.10/dist-packages/xrf2_msgs/msg/_xeno2_ros_s.c
[1.680s] -- Up-to-date: /home/asdfr-19/ros2_ws/install/xrf2_msgs/local/lib/python3.10/dist-packages/xrf2_msgs/xrf2_msgs_s__rosidl_typesupport_fastrtps_c.cpython-310-aarch64-linux-gnu.so
[1.711s] Listing '/home/asdfr-19/ros2_ws/install/xrf2_msgs/local/lib/python3.10/dist-packages/xrf2_msgs'...
[1.714s] Listing '/home/asdfr-19/ros2_ws/install/xrf2_msgs/local/lib/python3.10/dist-packages/xrf2_msgs/msg'...
[1.734s] -- Up-to-date: /home/asdfr-19/ros2_ws/install/xrf2_msgs/local/lib/python3.10/dist-packages/xrf2_msgs/xrf2_msgs_s__rosidl_typesupport_fastrtps_c.cpython-310-aarch64-linux-gnu.so
[1.736s] -- Up-to-date: /home/asdfr-19/ros2_ws/install/xrf2_msgs/local/lib/python3.10/dist-packages/xrf2_msgs/xrf2_msgs_s__rosidl_typesupport_introspection_c.cpython-310-aarch64-linux-gnu.so
[1.737s] -- Up-to-date: /home/asdfr-19/ros2_ws/install/xrf2_msgs/local/lib/python3.10/dist-packages/xrf2_msgs/xrf2_msgs_s__rosidl_typesupport_c.cpython-310-aarch64-linux-gnu.so
[1.739s] -- Up-to-date: /home/asdfr-19/ros2_ws/install/xrf2_msgs/lib/libxrf2_msgs__rosidl_generator_py.so
[1.740s] -- Up-to-date: /home/asdfr-19/ros2_ws/install/xrf2_msgs/share/xrf2_msgs/msg/Ros2Xeno.idl
[1.742s] -- Up-to-date: /home/asdfr-19/ros2_ws/install/xrf2_msgs/share/xrf2_msgs/msg/Xeno2Ros.idl
[1.743s] -- Up-to-date: /home/asdfr-19/ros2_ws/install/xrf2_msgs/share/xrf2_msgs/msg/Ros2Xeno.msg
[1.745s] -- Up-to-date: /home/asdfr-19/ros2_ws/install/xrf2_msgs/share/xrf2_msgs/msg/Xeno2Ros.msg
[1.746s] -- Up-to-date: /home/asdfr-19/ros2_ws/install/xrf2_msgs/share/ament_index/resource_index/package_run_dependencies/xrf2_msgs
[1.748s] -- Up-to-date: /home/asdfr-19/ros2_ws/install/xrf2_msgs/share/ament_index/resource_index/parent_prefix_path/xrf2_msgs
[1.749s] -- Up-to-date: /home/asdfr-19/ros2_ws/install/xrf2_msgs/share/xrf2_msgs/environment/ament_prefix_path.sh
[1.751s] -- Up-to-date: /home/asdfr-19/ros2_ws/install/xrf2_msgs/share/xrf2_msgs/environment/ament_prefix_path.dsv
[1.752s] -- Up-to-date: /home/asdfr-19/ros2_ws/install/xrf2_msgs/share/xrf2_msgs/environment/path.sh
[1.754s] -- Up-to-date: /home/asdfr-19/ros2_ws/install/xrf2_msgs/share/xrf2_msgs/environment/path.dsv
[1.756s] -- Up-to-date: /home/asdfr-19/ros2_ws/install/xrf2_msgs/share/xrf2_msgs/local_setup.bash
[1.760s] -- Up-to-date: /home/asdfr-19/ros2_ws/install/xrf2_msgs/share/xrf2_msgs/local_setup.sh
[1.762s] -- Up-to-date: /home/asdfr-19/ros2_ws/install/xrf2_msgs/share/xrf2_msgs/local_setup.zsh
[1.764s] -- Up-to-date: /home/asdfr-19/ros2_ws/install/xrf2_msgs/share/xrf2_msgs/local_setup.dsv
[1.766s] -- Installing: /home/asdfr-19/ros2_ws/install/xrf2_msgs/share/xrf2_msgs/package.dsv
[1.767s] -- Up-to-date: /home/asdfr-19/ros2_ws/install/xrf2_msgs/share/ament_index/resource_index/packages/xrf2_msgs
[1.769s] -- Up-to-date: /home/asdfr-19/ros2_ws/install/xrf2_msgs/share/xrf2_msgs/cmake/export_xrf2_msgs__rosidl_generator_cExport.cmake
[1.770s] -- Up-to-date: /home/asdfr-19/ros2_ws/install/xrf2_msgs/share/xrf2_msgs/cmake/export_xrf2_msgs__rosidl_generator_cExport-noconfig.cmake
[1.774s] -- Up-to-date: /home/asdfr-19/ros2_ws/install/xrf2_msgs/share/xrf2_msgs/cmake/export_xrf2_msgs__rosidl_typesupport_fastrtps_cExport.cmake
[1.776s] -- Up-to-date: /home/asdfr-19/ros2_ws/install/xrf2_msgs/share/xrf2_msgs/cmake/export_xrf2_msgs__rosidl_typesupport_fastrtps_cExport-noconfig.cmake
[1.778s] -- Up-to-date: /home/asdfr-19/ros2_ws/install/xrf2_msgs/share/xrf2_msgs/cmake/xrf2_msgs__rosidl_typesupport_introspection_cExport.cmake
[1.781s] -- Up-to-date: /home/asdfr-19/ros2_ws/install/xrf2_msgs/share/xrf2_msgs/cmake/xrf2_msgs__rosidl_typesupport_introspection_cExport-noconfig.cmake
[1.784s] -- Up-to-date: /home/asdfr-19/ros2_ws/install/xrf2_msgs/share/xrf2_msgs/cmake/xrf2_msgs__rosidl_typesupport_cExport.cmake
[1.787s] -- Up-to-date: /home/asdfr-19/ros2_ws/install/xrf2_msgs/share/xrf2_msgs/cmake/xrf2_msgs__rosidl_typesupport_cExport-noconfig.cmake
[1.789s] -- Up-to-date: /home/asdfr-19/ros2_ws/install/xrf2_msgs/share/xrf2_msgs/cmake/export_xrf2_msgs__rosidl_generator_cppExport.cmake
[1.792s] -- Up-to-date: /home/asdfr-19/ros2_ws/install/xrf2_msgs/share/xrf2_msgs/cmake/export_xrf2_msgs__rosidl_typesupport_fastrtps_cppExport.cmake
[1.794s] -- Up-to-date: /home/asdfr-19/ros2_ws/install/xrf2_msgs/share/xrf2_msgs/cmake/export_xrf2_msgs__rosidl_typesupport_fastrtps_cppExport-noconfig.cmake
[1.796s] -- Up-to-date: /home/asdfr-19/ros2_ws/install/xrf2_msgs/share/xrf2_msgs/cmake/xrf2_msgs__rosidl_typesupport_introspection_cppExport.cmake
[1.802s] -- Up-to-date: /home/asdfr-19/ros2_ws/install/xrf2_msgs/share/xrf2_msgs/cmake/xrf2_msgs__rosidl_typesupport_introspection_cppExport-noconfig.cmake
[1.806s] -- Up-to-date: /home/asdfr-19/ros2_ws/install/xrf2_msgs/share/xrf2_msgs/cmake/xrf2_msgs__rosidl_typesupport_cppExport.cmake
[1.810s] -- Up-to-date: /home/asdfr-19/ros2_ws/install/xrf2_msgs/share/xrf2_msgs/cmake/xrf2_msgs__rosidl_typesupport_cppExport-noconfig.cmake
[1.814s] -- Up-to-date: /home/asdfr-19/ros2_ws/install/xrf2_msgs/share/xrf2_msgs/cmake/export_xrf2_msgs__rosidl_generator_pyExport.cmake
[1.817s] -- Up-to-date: /home/asdfr-19/ros2_ws/install/xrf2_msgs/share/xrf2_msgs/cmake/export_xrf2_msgs__rosidl_generator_pyExport-noconfig.cmake
[1.820s] -- Up-to-date: /home/asdfr-19/ros2_ws/install/xrf2_msgs/share/xrf2_msgs/cmake/rosidl_cmake-extras.cmake
[1.822s] -- Up-to-date: /home/asdfr-19/ros2_ws/install/xrf2_msgs/share/xrf2_msgs/cmake/ament_cmake_export_include_directories-extras.cmake
[1.827s] -- Up-to-date: /home/asdfr-19/ros2_ws/install/xrf2_msgs/share/xrf2_msgs/cmake/ament_cmake_export_libraries-extras.cmake
[1.831s] -- Up-to-date: /home/asdfr-19/ros2_ws/install/xrf2_msgs/share/xrf2_msgs/cmake/ament_cmake_export_targets-extras.cmake
[1.832s] -- Up-to-date: /home/asdfr-19/ros2_ws/install/xrf2_msgs/share/xrf2_msgs/cmake/rosidl_cmake_export_typesupport_targets-extras.cmake
[1.834s] -- Up-to-date: /home/asdfr-19/ros2_ws/install/xrf2_msgs/share/xrf2_msgs/cmake/ament_cmake_export_dependencies-extras.cmake
[1.836s] -- Up-to-date: /home/asdfr-19/ros2_ws/install/xrf2_msgs/share/xrf2_msgs/cmake/rosidl_cmake_export_typesupport_libraries-extras.cmake
[1.838s] -- Up-to-date: /home/asdfr-19/ros2_ws/install/xrf2_msgs/share/xrf2_msgs/cmake/xrf2_msgsConfig.cmake
[1.839s] -- Up-to-date: /home/asdfr-19/ros2_ws/install/xrf2_msgs/share/xrf2_msgs/cmake/xrf2_msgsConfig-version.cmake
[1.841s] -- Up-to-date: /home/asdfr-19/ros2_ws/install/xrf2_msgs/share/xrf2_msgs/package.xml
[1.844s] Invoked command in '/home/asdfr-19/ros2_ws/build/xrf2_msgs' returned '0': CMAKE_PREFIX_PATH=/opt/ros/humble /usr/bin/cmake --install /home/asdfr-19/ros2_ws/build/xrf2_msgs
