[0.061s] Invoking command in '/home/asdfr-19/ros2_ws/build/xcontroller': CMAKE_PREFIX_PATH=/home/asdfr-19/ros2_ws/install/xrf2_msgs:/home/asdfr-19/ros2_ws/install/ros_xeno_bridge:/home/asdfr-19/ros2_ws/install/relbot_simulator /usr/bin/cmake /home/asdfr-19/ros2_ws/src/xcontroller -DCMAKE_INSTALL_PREFIX=/home/asdfr-19/ros2_ws/install/xcontroller
[0.283s] -- The C compiler identification is GNU 11.4.0
[0.508s] -- The CXX compiler identification is GNU 11.4.0
[0.530s] -- Detecting C compiler ABI info
[0.822s] -- Detecting C compiler ABI info - done
[0.860s] -- Check for working C compiler: /usr/bin/cc - skipped
[0.863s] -- Detecting C compile features
[0.866s] -- Detecting C compile features - done
[0.878s] -- Detecting CXX compiler ABI info
[1.200s] -- Detecting CXX compiler ABI info - done
[1.243s] -- Check for working CXX compiler: /usr/bin/c++ - skipped
[1.247s] -- Detecting CXX compile features
[1.251s] -- Detecting CXX compile features - done
[1.458s] [0mTIME_STEP_SIZE_VALUE = 0.01[0m
[1.463s] -- Looking for pthread.h
[1.778s] -- Looking for pthread.h - found
[1.781s] -- Performing Test CMAKE_HAVE_LIBC_PTHREAD
[2.077s] -- Performing Test CMAKE_HAVE_LIBC_PTHREAD - Success
[2.082s] -- Found Threads: TRUE  
[2.086s] -- Found xrf2_msgs: 0.0.0 (/home/asdfr-19/ros2_ws/install/xrf2_msgs/share/xrf2_msgs/cmake)
[2.845s] -- Found Python3: /usr/bin/python3 (found version "3.10.12") found components: Interpreter 
[3.474s] -- Found rosidl_generator_c: 3.1.6 (/opt/ros/humble/share/rosidl_generator_c/cmake)
[3.501s] -- Found rosidl_adapter: 3.1.6 (/opt/ros/humble/share/rosidl_adapter/cmake)
[3.567s] -- Found rosidl_generator_cpp: 3.1.6 (/opt/ros/humble/share/rosidl_generator_cpp/cmake)
[3.652s] -- Using all available rosidl_typesupport_c: rosidl_typesupport_fastrtps_c;rosidl_typesupport_introspection_c
[3.787s] -- Using all available rosidl_typesupport_cpp: rosidl_typesupport_fastrtps_cpp;rosidl_typesupport_introspection_cpp
[3.869s] -- Found rclcpp: 16.0.11 (/opt/ros/humble/share/rclcpp/cmake)
[4.239s] -- Found rmw_implementation_cmake: 6.1.2 (/opt/ros/humble/share/rmw_implementation_cmake/cmake)
[4.255s] -- Found rmw_fastrtps_cpp: 6.2.7 (/opt/ros/humble/share/rmw_fastrtps_cpp/cmake)
[4.993s] -- Found OpenSSL: /usr/lib/aarch64-linux-gnu/libcrypto.so (found version "3.0.2")  
[5.081s] -- Found FastRTPS: /opt/ros/humble/include  
[5.273s] -- Using RMW implementation 'rmw_fastrtps_cpp' as default
[5.768s] -- Configuring done
[5.906s] -- Generating done
[5.977s] -- Build files have been written to: /home/asdfr-19/ros2_ws/build/xcontroller
[6.071s] Invoked command in '/home/asdfr-19/ros2_ws/build/xcontroller' returned '0': CMAKE_PREFIX_PATH=/home/asdfr-19/ros2_ws/install/xrf2_msgs:/home/asdfr-19/ros2_ws/install/ros_xeno_bridge:/home/asdfr-19/ros2_ws/install/relbot_simulator /usr/bin/cmake /home/asdfr-19/ros2_ws/src/xcontroller -DCMAKE_INSTALL_PREFIX=/home/asdfr-19/ros2_ws/install/xcontroller
[6.074s] Invoking command in '/home/asdfr-19/ros2_ws/build/xcontroller': CMAKE_PREFIX_PATH=/home/asdfr-19/ros2_ws/install/xrf2_msgs:/home/asdfr-19/ros2_ws/install/ros_xeno_bridge:/home/asdfr-19/ros2_ws/install/relbot_simulator /usr/bin/cmake --build /home/asdfr-19/ros2_ws/build/xcontroller -- -j3 -l3
[6.506s] [  9%] [32mBuilding CXX object CMakeFiles/xcontroller.dir/home/asdfr-19/ros2_ws/src/XRF2/XenoRosFramework/Xenomai/src/FullStateMachine.cpp.o[0m
[6.512s] [  9%] [32mBuilding CXX object CMakeFiles/xcontroller.dir/main.cpp.o[0m
[6.515s] [ 13%] [32mBuilding CXX object CMakeFiles/xcontroller.dir/home/asdfr-19/ros2_ws/src/XRF2/XenoRosFramework/Xenomai/src/IcoIo.cpp.o[0m
[7.277s] [ 18%] [32mBuilding CXX object CMakeFiles/xcontroller.dir/home/asdfr-19/ros2_ws/src/XRF2/XenoRosFramework/Xenomai/src/XenoFileHandler.cpp.o[0m
[8.746s] [ 22%] [32mBuilding CXX object CMakeFiles/xcontroller.dir/home/asdfr-19/ros2_ws/src/XRF2/XenoRosFramework/Xenomai/src/XenoFrtLogger.cpp.o[0m
[13.697s] [ 27%] [32mBuilding CXX object CMakeFiles/xcontroller.dir/home/asdfr-19/ros2_ws/src/XRF2/XenoRosFramework/Xenomai/src/XenoFrtLoop.cpp.o[0m
[14.080s] [ 31%] [32mBuilding CXX object CMakeFiles/xcontroller.dir/home/asdfr-19/ros2_ws/src/XRF2/XenoRosFramework/Xenomai/src/XenoFrtMonitor.cpp.o[0m
[14.726s] [ 36%] [32mBuilding CXX object CMakeFiles/xcontroller.dir/home/asdfr-19/ros2_ws/src/XRF2/XenoRosFramework/Xenomai/src/XenoFrtRosIco.cpp.o[0m
[15.852s] [ 40%] [32mBuilding CXX object CMakeFiles/xcontroller.dir/home/asdfr-19/ros2_ws/src/XRF2/XenoRosFramework/Xenomai/src/XenoRosCommunication.cpp.o[0m
[16.452s] [ 45%] [32mBuilding CXX object CMakeFiles/xcontroller.dir/home/asdfr-19/ros2_ws/src/XRF2/XenoRosFramework/Xenomai/src/XenoRosCommandBridge.cpp.o[0m
[16.545s] [ 50%] [32mBuilding CXX object CMakeFiles/xcontroller.dir/home/asdfr-19/ros2_ws/src/XRF2/XenoRosFramework/Xenomai/src/XenoRosDataBridge.cpp.o[0m
[21.925s] [ 54%] [32mBuilding CXX object CMakeFiles/xcontroller.dir/home/asdfr-19/ros2_ws/src/XRF2/XenoRosFramework/Xenomai/src/XenoSpiControllerHandler.cpp.o[0m
[22.756s] [ 59%] [32mBuilding CXX object CMakeFiles/xcontroller.dir/home/asdfr-19/ros2_ws/src/XRF2/XenoRosFramework/Xenomai/src/XenoFrt20Sim.cpp.o[0m
[23.803s] [ 63%] [32mBuilding CXX object CMakeFiles/xcontroller.dir/src/xcontroller.cpp.o[0m
[23.859s] [ 68%] [32mBuilding CXX object CMakeFiles/xcontroller.dir/controller/LoopController.cpp.o[0m
[26.253s] [ 72%] [32mBuilding CXX object CMakeFiles/xcontroller.dir/controller/common/EulerAngles.cpp.o[0m
[26.504s] [ 77%] [32mBuilding CXX object CMakeFiles/xcontroller.dir/controller/common/MotionProfiles.cpp.o[0m
[26.731s] [ 81%] [32mBuilding CXX object CMakeFiles/xcontroller.dir/controller/common/xxfuncs.cpp.o[0m
[28.919s] [ 86%] [32mBuilding CXX object CMakeFiles/xcontroller.dir/controller/common/xxinteg.cpp.o[0m
[30.324s] [ 90%] [32mBuilding CXX object CMakeFiles/xcontroller.dir/controller/common/xxinverse.cpp.o[0m
[31.513s] [ 95%] [32mBuilding CXX object CMakeFiles/xcontroller.dir/controller/common/xxmatrix.cpp.o[0m
[33.046s] [100%] [32m[1mLinking CXX executable xcontroller[0m
[33.930s] [100%] Built target xcontroller
[33.970s] Invoked command in '/home/asdfr-19/ros2_ws/build/xcontroller' returned '0': CMAKE_PREFIX_PATH=/home/asdfr-19/ros2_ws/install/xrf2_msgs:/home/asdfr-19/ros2_ws/install/ros_xeno_bridge:/home/asdfr-19/ros2_ws/install/relbot_simulator /usr/bin/cmake --build /home/asdfr-19/ros2_ws/build/xcontroller -- -j3 -l3
