[0.040s] Invoking command in '/home/asdfr-19/ros2_ws/build/ros_xeno_bridge': CMAKE_PREFIX_PATH=/home/asdfr-19/ros2_ws/install/xrf2_msgs:/home/asdfr-19/ros2_ws/install/ros_xeno_bridge:/home/asdfr-19/ros2_ws/install/relbot_simulator:/opt/ros/humble /usr/bin/cmake --build /home/asdfr-19/ros2_ws/build/ros_xeno_bridge -- -j3 -l3
[0.195s] [100%] Built target RosXenoBridge
[0.226s] Invoked command in '/home/asdfr-19/ros2_ws/build/ros_xeno_bridge' returned '0': CMAKE_PREFIX_PATH=/home/asdfr-19/ros2_ws/install/xrf2_msgs:/home/asdfr-19/ros2_ws/install/ros_xeno_bridge:/home/asdfr-19/ros2_ws/install/relbot_simulator:/opt/ros/humble /usr/bin/cmake --build /home/asdfr-19/ros2_ws/build/ros_xeno_bridge -- -j3 -l3
[0.228s] Invoking command in '/home/asdfr-19/ros2_ws/build/ros_xeno_bridge': CMAKE_PREFIX_PATH=/home/asdfr-19/ros2_ws/install/xrf2_msgs:/home/asdfr-19/ros2_ws/install/ros_xeno_bridge:/home/asdfr-19/ros2_ws/install/relbot_simulator:/opt/ros/humble /usr/bin/cmake --install /home/asdfr-19/ros2_ws/build/ros_xeno_bridge
[0.245s] -- Install configuration: ""
[0.246s] -- Up-to-date: /home/asdfr-19/ros2_ws/install/ros_xeno_bridge/lib/ros_xeno_bridge/RosXenoBridge
[0.247s] -- Up-to-date: /home/asdfr-19/ros2_ws/install/ros_xeno_bridge/share/ament_index/resource_index/package_run_dependencies/ros_xeno_bridge
[0.249s] -- Up-to-date: /home/asdfr-19/ros2_ws/install/ros_xeno_bridge/share/ament_index/resource_index/parent_prefix_path/ros_xeno_bridge
[0.250s] -- Up-to-date: /home/asdfr-19/ros2_ws/install/ros_xeno_bridge/share/ros_xeno_bridge/environment/ament_prefix_path.sh
[0.252s] -- Up-to-date: /home/asdfr-19/ros2_ws/install/ros_xeno_bridge/share/ros_xeno_bridge/environment/ament_prefix_path.dsv
[0.253s] -- Up-to-date: /home/asdfr-19/ros2_ws/install/ros_xeno_bridge/share/ros_xeno_bridge/environment/path.sh
[0.254s] -- Up-to-date: /home/asdfr-19/ros2_ws/install/ros_xeno_bridge/share/ros_xeno_bridge/environment/path.dsv
[0.255s] -- Up-to-date: /home/asdfr-19/ros2_ws/install/ros_xeno_bridge/share/ros_xeno_bridge/local_setup.bash
[0.270s] -- Up-to-date: /home/asdfr-19/ros2_ws/install/ros_xeno_bridge/share/ros_xeno_bridge/local_setup.sh
[0.271s] -- Up-to-date: /home/asdfr-19/ros2_ws/install/ros_xeno_bridge/share/ros_xeno_bridge/local_setup.zsh
[0.272s] -- Up-to-date: /home/asdfr-19/ros2_ws/install/ros_xeno_bridge/share/ros_xeno_bridge/local_setup.dsv
[0.273s] -- Installing: /home/asdfr-19/ros2_ws/install/ros_xeno_bridge/share/ros_xeno_bridge/package.dsv
[0.274s] -- Up-to-date: /home/asdfr-19/ros2_ws/install/ros_xeno_bridge/share/ament_index/resource_index/packages/ros_xeno_bridge
[0.275s] -- Up-to-date: /home/asdfr-19/ros2_ws/install/ros_xeno_bridge/share/ros_xeno_bridge/cmake/ros_xeno_bridgeConfig.cmake
[0.279s] -- Up-to-date: /home/asdfr-19/ros2_ws/install/ros_xeno_bridge/share/ros_xeno_bridge/cmake/ros_xeno_bridgeConfig-version.cmake
[0.280s] -- Up-to-date: /home/asdfr-19/ros2_ws/install/ros_xeno_bridge/share/ros_xeno_bridge/package.xml
[0.281s] Invoked command in '/home/asdfr-19/ros2_ws/build/ros_xeno_bridge' returned '0': CMAKE_PREFIX_PATH=/home/asdfr-19/ros2_ws/install/xrf2_msgs:/home/asdfr-19/ros2_ws/install/ros_xeno_bridge:/home/asdfr-19/ros2_ws/install/relbot_simulator:/opt/ros/humble /usr/bin/cmake --install /home/asdfr-19/ros2_ws/build/ros_xeno_bridge
