[0.375s] DEBUG:colcon:Command line arguments: ['/usr/bin/colcon', 'build']
[0.376s] DEBUG:colcon:Parsed command line arguments: Namespace(log_base=None, log_level=None, verb_name='build', build_base='build', install_base='install', merge_install=False, symlink_install=False, test_result_base=None, continue_on_error=False, executor='parallel', parallel_workers=3, event_handlers=None, ignore_user_meta=False, metas=['./colcon.meta'], base_paths=['.'], packages_ignore=None, packages_ignore_regex=None, paths=None, packages_up_to=None, packages_up_to_regex=None, packages_above=None, packages_above_and_dependencies=None, packages_above_depth=None, packages_select_by_dep=None, packages_skip_by_dep=None, packages_skip_up_to=None, packages_select_build_failed=False, packages_skip_build_finished=False, packages_select_test_failures=False, packages_skip_test_passed=False, packages_select=None, packages_skip=None, packages_select_regex=None, packages_skip_regex=None, packages_start=None, packages_end=None, allow_overriding=[], cmake_args=None, cmake_target=None, cmake_target_skip_unavailable=False, cmake_clean_cache=False, cmake_clean_first=False, cmake_force_configure=False, ament_cmake_args=None, catkin_cmake_args=None, catkin_skip_building_tests=False, mixin_files=None, mixin=None, verb_parser=<colcon_mixin.mixin.mixin_argument.MixinArgumentDecorator object at 0xffff8dae0e50>, verb_extension=<colcon_core.verb.build.BuildVerb object at 0xffff8dae08e0>, main=<bound method BuildVerb.main of <colcon_core.verb.build.BuildVerb object at 0xffff8dae08e0>>, mixin_verb=('build',))
[0.964s] Level 1:colcon.colcon_core.package_discovery:discover_packages(colcon_meta) check parameters
[0.964s] Level 1:colcon.colcon_core.package_discovery:discover_packages(recursive) check parameters
[0.965s] Level 1:colcon.colcon_core.package_discovery:discover_packages(ignore) check parameters
[0.965s] Level 1:colcon.colcon_core.package_discovery:discover_packages(path) check parameters
[0.965s] Level 1:colcon.colcon_core.package_discovery:discover_packages(colcon_meta) discover
[0.965s] Level 1:colcon.colcon_core.package_discovery:discover_packages(recursive) discover
[0.966s] INFO:colcon.colcon_core.package_discovery:Crawling recursively for packages in '/home/asdfr-19/ros2_ws'
[0.966s] Level 1:colcon.colcon_core.package_identification:_identify(.) by extensions ['ignore', 'ignore_ament_install']
[0.967s] Level 1:colcon.colcon_core.package_identification:_identify(.) by extension 'ignore'
[0.967s] Level 1:colcon.colcon_core.package_identification:_identify(.) by extension 'ignore_ament_install'
[0.967s] Level 1:colcon.colcon_core.package_identification:_identify(.) by extensions ['colcon_pkg']
[0.968s] Level 1:colcon.colcon_core.package_identification:_identify(.) by extension 'colcon_pkg'
[0.968s] Level 1:colcon.colcon_core.package_identification:_identify(.) by extensions ['colcon_meta']
[0.968s] Level 1:colcon.colcon_core.package_identification:_identify(.) by extension 'colcon_meta'
[0.968s] Level 1:colcon.colcon_core.package_identification:_identify(.) by extensions ['ros']
[0.969s] Level 1:colcon.colcon_core.package_identification:_identify(.) by extension 'ros'
[1.008s] Level 1:colcon.colcon_core.package_identification:_identify(.) by extensions ['cmake', 'python']
[1.008s] Level 1:colcon.colcon_core.package_identification:_identify(.) by extension 'cmake'
[1.008s] Level 1:colcon.colcon_core.package_identification:_identify(.) by extension 'python'
[1.009s] Level 1:colcon.colcon_core.package_identification:_identify(.) by extensions ['python_setup_py']
[1.009s] Level 1:colcon.colcon_core.package_identification:_identify(.) by extension 'python_setup_py'
[1.010s] Level 1:colcon.colcon_core.package_identification:_identify(build) by extensions ['ignore', 'ignore_ament_install']
[1.010s] Level 1:colcon.colcon_core.package_identification:_identify(build) by extension 'ignore'
[1.010s] Level 1:colcon.colcon_core.package_identification:_identify(build) ignored
[1.011s] Level 1:colcon.colcon_core.package_identification:_identify(install) by extensions ['ignore', 'ignore_ament_install']
[1.012s] Level 1:colcon.colcon_core.package_identification:_identify(install) by extension 'ignore'
[1.012s] Level 1:colcon.colcon_core.package_identification:_identify(install) ignored
[1.012s] Level 1:colcon.colcon_core.package_identification:_identify(log) by extensions ['ignore', 'ignore_ament_install']
[1.013s] Level 1:colcon.colcon_core.package_identification:_identify(log) by extension 'ignore'
[1.013s] Level 1:colcon.colcon_core.package_identification:_identify(log) ignored
[1.014s] Level 1:colcon.colcon_core.package_identification:_identify(src) by extensions ['ignore', 'ignore_ament_install']
[1.014s] Level 1:colcon.colcon_core.package_identification:_identify(src) by extension 'ignore'
[1.014s] Level 1:colcon.colcon_core.package_identification:_identify(src) by extension 'ignore_ament_install'
[1.015s] Level 1:colcon.colcon_core.package_identification:_identify(src) by extensions ['colcon_pkg']
[1.015s] Level 1:colcon.colcon_core.package_identification:_identify(src) by extension 'colcon_pkg'
[1.015s] Level 1:colcon.colcon_core.package_identification:_identify(src) by extensions ['colcon_meta']
[1.016s] Level 1:colcon.colcon_core.package_identification:_identify(src) by extension 'colcon_meta'
[1.016s] Level 1:colcon.colcon_core.package_identification:_identify(src) by extensions ['ros']
[1.016s] Level 1:colcon.colcon_core.package_identification:_identify(src) by extension 'ros'
[1.016s] Level 1:colcon.colcon_core.package_identification:_identify(src) by extensions ['cmake', 'python']
[1.017s] Level 1:colcon.colcon_core.package_identification:_identify(src) by extension 'cmake'
[1.017s] Level 1:colcon.colcon_core.package_identification:_identify(src) by extension 'python'
[1.017s] Level 1:colcon.colcon_core.package_identification:_identify(src) by extensions ['python_setup_py']
[1.018s] Level 1:colcon.colcon_core.package_identification:_identify(src) by extension 'python_setup_py'
[1.018s] Level 1:colcon.colcon_core.package_identification:_identify(src/XRF2) by extensions ['ignore', 'ignore_ament_install']
[1.019s] Level 1:colcon.colcon_core.package_identification:_identify(src/XRF2) by extension 'ignore'
[1.019s] Level 1:colcon.colcon_core.package_identification:_identify(src/XRF2) by extension 'ignore_ament_install'
[1.019s] Level 1:colcon.colcon_core.package_identification:_identify(src/XRF2) by extensions ['colcon_pkg']
[1.019s] Level 1:colcon.colcon_core.package_identification:_identify(src/XRF2) by extension 'colcon_pkg'
[1.020s] Level 1:colcon.colcon_core.package_identification:_identify(src/XRF2) by extensions ['colcon_meta']
[1.020s] Level 1:colcon.colcon_core.package_identification:_identify(src/XRF2) by extension 'colcon_meta'
[1.020s] Level 1:colcon.colcon_core.package_identification:_identify(src/XRF2) by extensions ['ros']
[1.021s] Level 1:colcon.colcon_core.package_identification:_identify(src/XRF2) by extension 'ros'
[1.021s] Level 1:colcon.colcon_core.package_identification:_identify(src/XRF2) by extensions ['cmake', 'python']
[1.021s] Level 1:colcon.colcon_core.package_identification:_identify(src/XRF2) by extension 'cmake'
[1.021s] Level 1:colcon.colcon_core.package_identification:_identify(src/XRF2) by extension 'python'
[1.022s] Level 1:colcon.colcon_core.package_identification:_identify(src/XRF2) by extensions ['python_setup_py']
[1.022s] Level 1:colcon.colcon_core.package_identification:_identify(src/XRF2) by extension 'python_setup_py'
[1.023s] Level 1:colcon.colcon_core.package_identification:_identify(src/XRF2/Template) by extensions ['ignore', 'ignore_ament_install']
[1.023s] Level 1:colcon.colcon_core.package_identification:_identify(src/XRF2/Template) by extension 'ignore'
[1.023s] Level 1:colcon.colcon_core.package_identification:_identify(src/XRF2/Template) ignored
[1.024s] Level 1:colcon.colcon_core.package_identification:_identify(src/XRF2/XenoRosFramework) by extensions ['ignore', 'ignore_ament_install']
[1.024s] Level 1:colcon.colcon_core.package_identification:_identify(src/XRF2/XenoRosFramework) by extension 'ignore'
[1.024s] Level 1:colcon.colcon_core.package_identification:_identify(src/XRF2/XenoRosFramework) by extension 'ignore_ament_install'
[1.025s] Level 1:colcon.colcon_core.package_identification:_identify(src/XRF2/XenoRosFramework) by extensions ['colcon_pkg']
[1.025s] Level 1:colcon.colcon_core.package_identification:_identify(src/XRF2/XenoRosFramework) by extension 'colcon_pkg'
[1.026s] Level 1:colcon.colcon_core.package_identification:_identify(src/XRF2/XenoRosFramework) by extensions ['colcon_meta']
[1.026s] Level 1:colcon.colcon_core.package_identification:_identify(src/XRF2/XenoRosFramework) by extension 'colcon_meta'
[1.026s] Level 1:colcon.colcon_core.package_identification:_identify(src/XRF2/XenoRosFramework) by extensions ['ros']
[1.026s] Level 1:colcon.colcon_core.package_identification:_identify(src/XRF2/XenoRosFramework) by extension 'ros'
[1.027s] Level 1:colcon.colcon_core.package_identification:_identify(src/XRF2/XenoRosFramework) by extensions ['cmake', 'python']
[1.027s] Level 1:colcon.colcon_core.package_identification:_identify(src/XRF2/XenoRosFramework) by extension 'cmake'
[1.027s] Level 1:colcon.colcon_core.package_identification:_identify(src/XRF2/XenoRosFramework) by extension 'python'
[1.028s] Level 1:colcon.colcon_core.package_identification:_identify(src/XRF2/XenoRosFramework) by extensions ['python_setup_py']
[1.028s] Level 1:colcon.colcon_core.package_identification:_identify(src/XRF2/XenoRosFramework) by extension 'python_setup_py'
[1.028s] Level 1:colcon.colcon_core.package_identification:_identify(src/XRF2/XenoRosFramework/Common) by extensions ['ignore', 'ignore_ament_install']
[1.029s] Level 1:colcon.colcon_core.package_identification:_identify(src/XRF2/XenoRosFramework/Common) by extension 'ignore'
[1.029s] Level 1:colcon.colcon_core.package_identification:_identify(src/XRF2/XenoRosFramework/Common) by extension 'ignore_ament_install'
[1.030s] Level 1:colcon.colcon_core.package_identification:_identify(src/XRF2/XenoRosFramework/Common) by extensions ['colcon_pkg']
[1.030s] Level 1:colcon.colcon_core.package_identification:_identify(src/XRF2/XenoRosFramework/Common) by extension 'colcon_pkg'
[1.030s] Level 1:colcon.colcon_core.package_identification:_identify(src/XRF2/XenoRosFramework/Common) by extensions ['colcon_meta']
[1.030s] Level 1:colcon.colcon_core.package_identification:_identify(src/XRF2/XenoRosFramework/Common) by extension 'colcon_meta'
[1.031s] Level 1:colcon.colcon_core.package_identification:_identify(src/XRF2/XenoRosFramework/Common) by extensions ['ros']
[1.031s] Level 1:colcon.colcon_core.package_identification:_identify(src/XRF2/XenoRosFramework/Common) by extension 'ros'
[1.031s] Level 1:colcon.colcon_core.package_identification:_identify(src/XRF2/XenoRosFramework/Common) by extensions ['cmake', 'python']
[1.032s] Level 1:colcon.colcon_core.package_identification:_identify(src/XRF2/XenoRosFramework/Common) by extension 'cmake'
[1.032s] Level 1:colcon.colcon_core.package_identification:_identify(src/XRF2/XenoRosFramework/Common) by extension 'python'
[1.032s] Level 1:colcon.colcon_core.package_identification:_identify(src/XRF2/XenoRosFramework/Common) by extensions ['python_setup_py']
[1.032s] Level 1:colcon.colcon_core.package_identification:_identify(src/XRF2/XenoRosFramework/Common) by extension 'python_setup_py'
[1.033s] Level 1:colcon.colcon_core.package_identification:_identify(src/XRF2/XenoRosFramework/Common/XRF2_msgs) by extensions ['ignore', 'ignore_ament_install']
[1.033s] Level 1:colcon.colcon_core.package_identification:_identify(src/XRF2/XenoRosFramework/Common/XRF2_msgs) by extension 'ignore'
[1.034s] Level 1:colcon.colcon_core.package_identification:_identify(src/XRF2/XenoRosFramework/Common/XRF2_msgs) by extension 'ignore_ament_install'
[1.034s] Level 1:colcon.colcon_core.package_identification:_identify(src/XRF2/XenoRosFramework/Common/XRF2_msgs) by extensions ['colcon_pkg']
[1.034s] Level 1:colcon.colcon_core.package_identification:_identify(src/XRF2/XenoRosFramework/Common/XRF2_msgs) by extension 'colcon_pkg'
[1.035s] Level 1:colcon.colcon_core.package_identification:_identify(src/XRF2/XenoRosFramework/Common/XRF2_msgs) by extensions ['colcon_meta']
[1.035s] Level 1:colcon.colcon_core.package_identification:_identify(src/XRF2/XenoRosFramework/Common/XRF2_msgs) by extension 'colcon_meta'
[1.035s] Level 1:colcon.colcon_core.package_identification:_identify(src/XRF2/XenoRosFramework/Common/XRF2_msgs) by extensions ['ros']
[1.036s] Level 1:colcon.colcon_core.package_identification:_identify(src/XRF2/XenoRosFramework/Common/XRF2_msgs) by extension 'ros'
[1.043s] DEBUG:colcon.colcon_core.package_identification:Package 'src/XRF2/XenoRosFramework/Common/XRF2_msgs' with type 'ros.ament_cmake' and name 'xrf2_msgs'
[1.044s] Level 1:colcon.colcon_core.package_identification:_identify(src/XRF2/XenoRosFramework/Common/XenoFrtLogger_decoder) by extensions ['ignore', 'ignore_ament_install']
[1.045s] Level 1:colcon.colcon_core.package_identification:_identify(src/XRF2/XenoRosFramework/Common/XenoFrtLogger_decoder) by extension 'ignore'
[1.045s] Level 1:colcon.colcon_core.package_identification:_identify(src/XRF2/XenoRosFramework/Common/XenoFrtLogger_decoder) by extension 'ignore_ament_install'
[1.045s] Level 1:colcon.colcon_core.package_identification:_identify(src/XRF2/XenoRosFramework/Common/XenoFrtLogger_decoder) by extensions ['colcon_pkg']
[1.046s] Level 1:colcon.colcon_core.package_identification:_identify(src/XRF2/XenoRosFramework/Common/XenoFrtLogger_decoder) by extension 'colcon_pkg'
[1.046s] Level 1:colcon.colcon_core.package_identification:_identify(src/XRF2/XenoRosFramework/Common/XenoFrtLogger_decoder) by extensions ['colcon_meta']
[1.046s] Level 1:colcon.colcon_core.package_identification:_identify(src/XRF2/XenoRosFramework/Common/XenoFrtLogger_decoder) by extension 'colcon_meta'
[1.047s] Level 1:colcon.colcon_core.package_identification:_identify(src/XRF2/XenoRosFramework/Common/XenoFrtLogger_decoder) by extensions ['ros']
[1.047s] Level 1:colcon.colcon_core.package_identification:_identify(src/XRF2/XenoRosFramework/Common/XenoFrtLogger_decoder) by extension 'ros'
[1.047s] Level 1:colcon.colcon_core.package_identification:_identify(src/XRF2/XenoRosFramework/Common/XenoFrtLogger_decoder) by extensions ['cmake', 'python']
[1.047s] Level 1:colcon.colcon_core.package_identification:_identify(src/XRF2/XenoRosFramework/Common/XenoFrtLogger_decoder) by extension 'cmake'
[1.048s] Level 1:colcon.colcon_core.package_identification:_identify(src/XRF2/XenoRosFramework/Common/XenoFrtLogger_decoder) by extension 'python'
[1.048s] Level 1:colcon.colcon_core.package_identification:_identify(src/XRF2/XenoRosFramework/Common/XenoFrtLogger_decoder) by extensions ['python_setup_py']
[1.048s] Level 1:colcon.colcon_core.package_identification:_identify(src/XRF2/XenoRosFramework/Common/XenoFrtLogger_decoder) by extension 'python_setup_py'
[1.049s] Level 1:colcon.colcon_core.package_identification:_identify(src/XRF2/XenoRosFramework/Common/include) by extensions ['ignore', 'ignore_ament_install']
[1.049s] Level 1:colcon.colcon_core.package_identification:_identify(src/XRF2/XenoRosFramework/Common/include) by extension 'ignore'
[1.050s] Level 1:colcon.colcon_core.package_identification:_identify(src/XRF2/XenoRosFramework/Common/include) by extension 'ignore_ament_install'
[1.050s] Level 1:colcon.colcon_core.package_identification:_identify(src/XRF2/XenoRosFramework/Common/include) by extensions ['colcon_pkg']
[1.050s] Level 1:colcon.colcon_core.package_identification:_identify(src/XRF2/XenoRosFramework/Common/include) by extension 'colcon_pkg'
[1.051s] Level 1:colcon.colcon_core.package_identification:_identify(src/XRF2/XenoRosFramework/Common/include) by extensions ['colcon_meta']
[1.051s] Level 1:colcon.colcon_core.package_identification:_identify(src/XRF2/XenoRosFramework/Common/include) by extension 'colcon_meta'
[1.051s] Level 1:colcon.colcon_core.package_identification:_identify(src/XRF2/XenoRosFramework/Common/include) by extensions ['ros']
[1.051s] Level 1:colcon.colcon_core.package_identification:_identify(src/XRF2/XenoRosFramework/Common/include) by extension 'ros'
[1.052s] Level 1:colcon.colcon_core.package_identification:_identify(src/XRF2/XenoRosFramework/Common/include) by extensions ['cmake', 'python']
[1.052s] Level 1:colcon.colcon_core.package_identification:_identify(src/XRF2/XenoRosFramework/Common/include) by extension 'cmake'
[1.053s] Level 1:colcon.colcon_core.package_identification:_identify(src/XRF2/XenoRosFramework/Common/include) by extension 'python'
[1.053s] Level 1:colcon.colcon_core.package_identification:_identify(src/XRF2/XenoRosFramework/Common/include) by extensions ['python_setup_py']
[1.053s] Level 1:colcon.colcon_core.package_identification:_identify(src/XRF2/XenoRosFramework/Common/include) by extension 'python_setup_py'
[1.054s] Level 1:colcon.colcon_core.package_identification:_identify(src/XRF2/XenoRosFramework/Common/python_script) by extensions ['ignore', 'ignore_ament_install']
[1.054s] Level 1:colcon.colcon_core.package_identification:_identify(src/XRF2/XenoRosFramework/Common/python_script) by extension 'ignore'
[1.054s] Level 1:colcon.colcon_core.package_identification:_identify(src/XRF2/XenoRosFramework/Common/python_script) by extension 'ignore_ament_install'
[1.055s] Level 1:colcon.colcon_core.package_identification:_identify(src/XRF2/XenoRosFramework/Common/python_script) by extensions ['colcon_pkg']
[1.055s] Level 1:colcon.colcon_core.package_identification:_identify(src/XRF2/XenoRosFramework/Common/python_script) by extension 'colcon_pkg'
[1.055s] Level 1:colcon.colcon_core.package_identification:_identify(src/XRF2/XenoRosFramework/Common/python_script) by extensions ['colcon_meta']
[1.056s] Level 1:colcon.colcon_core.package_identification:_identify(src/XRF2/XenoRosFramework/Common/python_script) by extension 'colcon_meta'
[1.056s] Level 1:colcon.colcon_core.package_identification:_identify(src/XRF2/XenoRosFramework/Common/python_script) by extensions ['ros']
[1.056s] Level 1:colcon.colcon_core.package_identification:_identify(src/XRF2/XenoRosFramework/Common/python_script) by extension 'ros'
[1.057s] Level 1:colcon.colcon_core.package_identification:_identify(src/XRF2/XenoRosFramework/Common/python_script) by extensions ['cmake', 'python']
[1.057s] Level 1:colcon.colcon_core.package_identification:_identify(src/XRF2/XenoRosFramework/Common/python_script) by extension 'cmake'
[1.057s] Level 1:colcon.colcon_core.package_identification:_identify(src/XRF2/XenoRosFramework/Common/python_script) by extension 'python'
[1.057s] Level 1:colcon.colcon_core.package_identification:_identify(src/XRF2/XenoRosFramework/Common/python_script) by extensions ['python_setup_py']
[1.058s] Level 1:colcon.colcon_core.package_identification:_identify(src/XRF2/XenoRosFramework/Common/python_script) by extension 'python_setup_py'
[1.058s] Level 1:colcon.colcon_core.package_identification:_identify(src/XRF2/XenoRosFramework/Common/xbuf_dev_rule) by extensions ['ignore', 'ignore_ament_install']
[1.059s] Level 1:colcon.colcon_core.package_identification:_identify(src/XRF2/XenoRosFramework/Common/xbuf_dev_rule) by extension 'ignore'
[1.059s] Level 1:colcon.colcon_core.package_identification:_identify(src/XRF2/XenoRosFramework/Common/xbuf_dev_rule) by extension 'ignore_ament_install'
[1.059s] Level 1:colcon.colcon_core.package_identification:_identify(src/XRF2/XenoRosFramework/Common/xbuf_dev_rule) by extensions ['colcon_pkg']
[1.060s] Level 1:colcon.colcon_core.package_identification:_identify(src/XRF2/XenoRosFramework/Common/xbuf_dev_rule) by extension 'colcon_pkg'
[1.060s] Level 1:colcon.colcon_core.package_identification:_identify(src/XRF2/XenoRosFramework/Common/xbuf_dev_rule) by extensions ['colcon_meta']
[1.060s] Level 1:colcon.colcon_core.package_identification:_identify(src/XRF2/XenoRosFramework/Common/xbuf_dev_rule) by extension 'colcon_meta'
[1.060s] Level 1:colcon.colcon_core.package_identification:_identify(src/XRF2/XenoRosFramework/Common/xbuf_dev_rule) by extensions ['ros']
[1.061s] Level 1:colcon.colcon_core.package_identification:_identify(src/XRF2/XenoRosFramework/Common/xbuf_dev_rule) by extension 'ros'
[1.061s] Level 1:colcon.colcon_core.package_identification:_identify(src/XRF2/XenoRosFramework/Common/xbuf_dev_rule) by extensions ['cmake', 'python']
[1.062s] Level 1:colcon.colcon_core.package_identification:_identify(src/XRF2/XenoRosFramework/Common/xbuf_dev_rule) by extension 'cmake'
[1.062s] Level 1:colcon.colcon_core.package_identification:_identify(src/XRF2/XenoRosFramework/Common/xbuf_dev_rule) by extension 'python'
[1.062s] Level 1:colcon.colcon_core.package_identification:_identify(src/XRF2/XenoRosFramework/Common/xbuf_dev_rule) by extensions ['python_setup_py']
[1.062s] Level 1:colcon.colcon_core.package_identification:_identify(src/XRF2/XenoRosFramework/Common/xbuf_dev_rule) by extension 'python_setup_py'
[1.063s] Level 1:colcon.colcon_core.package_identification:_identify(src/XRF2/XenoRosFramework/Ros) by extensions ['ignore', 'ignore_ament_install']
[1.063s] Level 1:colcon.colcon_core.package_identification:_identify(src/XRF2/XenoRosFramework/Ros) by extension 'ignore'
[1.064s] Level 1:colcon.colcon_core.package_identification:_identify(src/XRF2/XenoRosFramework/Ros) by extension 'ignore_ament_install'
[1.064s] Level 1:colcon.colcon_core.package_identification:_identify(src/XRF2/XenoRosFramework/Ros) by extensions ['colcon_pkg']
[1.064s] Level 1:colcon.colcon_core.package_identification:_identify(src/XRF2/XenoRosFramework/Ros) by extension 'colcon_pkg'
[1.065s] Level 1:colcon.colcon_core.package_identification:_identify(src/XRF2/XenoRosFramework/Ros) by extensions ['colcon_meta']
[1.065s] Level 1:colcon.colcon_core.package_identification:_identify(src/XRF2/XenoRosFramework/Ros) by extension 'colcon_meta'
[1.065s] Level 1:colcon.colcon_core.package_identification:_identify(src/XRF2/XenoRosFramework/Ros) by extensions ['ros']
[1.065s] Level 1:colcon.colcon_core.package_identification:_identify(src/XRF2/XenoRosFramework/Ros) by extension 'ros'
[1.066s] Level 1:colcon.colcon_core.package_identification:_identify(src/XRF2/XenoRosFramework/Ros) by extensions ['cmake', 'python']
[1.066s] Level 1:colcon.colcon_core.package_identification:_identify(src/XRF2/XenoRosFramework/Ros) by extension 'cmake'
[1.066s] Level 1:colcon.colcon_core.package_identification:_identify(src/XRF2/XenoRosFramework/Ros) by extension 'python'
[1.067s] Level 1:colcon.colcon_core.package_identification:_identify(src/XRF2/XenoRosFramework/Ros) by extensions ['python_setup_py']
[1.067s] Level 1:colcon.colcon_core.package_identification:_identify(src/XRF2/XenoRosFramework/Ros) by extension 'python_setup_py'
[1.068s] Level 1:colcon.colcon_core.package_identification:_identify(src/XRF2/XenoRosFramework/Ros/ros_xeno_bridge) by extensions ['ignore', 'ignore_ament_install']
[1.068s] Level 1:colcon.colcon_core.package_identification:_identify(src/XRF2/XenoRosFramework/Ros/ros_xeno_bridge) by extension 'ignore'
[1.068s] Level 1:colcon.colcon_core.package_identification:_identify(src/XRF2/XenoRosFramework/Ros/ros_xeno_bridge) by extension 'ignore_ament_install'
[1.069s] Level 1:colcon.colcon_core.package_identification:_identify(src/XRF2/XenoRosFramework/Ros/ros_xeno_bridge) by extensions ['colcon_pkg']
[1.069s] Level 1:colcon.colcon_core.package_identification:_identify(src/XRF2/XenoRosFramework/Ros/ros_xeno_bridge) by extension 'colcon_pkg'
[1.069s] Level 1:colcon.colcon_core.package_identification:_identify(src/XRF2/XenoRosFramework/Ros/ros_xeno_bridge) by extensions ['colcon_meta']
[1.069s] Level 1:colcon.colcon_core.package_identification:_identify(src/XRF2/XenoRosFramework/Ros/ros_xeno_bridge) by extension 'colcon_meta'
[1.070s] Level 1:colcon.colcon_core.package_identification:_identify(src/XRF2/XenoRosFramework/Ros/ros_xeno_bridge) by extensions ['ros']
[1.070s] Level 1:colcon.colcon_core.package_identification:_identify(src/XRF2/XenoRosFramework/Ros/ros_xeno_bridge) by extension 'ros'
[1.073s] DEBUG:colcon.colcon_core.package_identification:Package 'src/XRF2/XenoRosFramework/Ros/ros_xeno_bridge' with type 'ros.ament_cmake' and name 'ros_xeno_bridge'
[1.074s] Level 1:colcon.colcon_core.package_identification:_identify(src/XRF2/XenoRosFramework/Unit-Tests) by extensions ['ignore', 'ignore_ament_install']
[1.075s] Level 1:colcon.colcon_core.package_identification:_identify(src/XRF2/XenoRosFramework/Unit-Tests) by extension 'ignore'
[1.075s] Level 1:colcon.colcon_core.package_identification:_identify(src/XRF2/XenoRosFramework/Unit-Tests) by extension 'ignore_ament_install'
[1.076s] Level 1:colcon.colcon_core.package_identification:_identify(src/XRF2/XenoRosFramework/Unit-Tests) by extensions ['colcon_pkg']
[1.076s] Level 1:colcon.colcon_core.package_identification:_identify(src/XRF2/XenoRosFramework/Unit-Tests) by extension 'colcon_pkg'
[1.076s] Level 1:colcon.colcon_core.package_identification:_identify(src/XRF2/XenoRosFramework/Unit-Tests) by extensions ['colcon_meta']
[1.076s] Level 1:colcon.colcon_core.package_identification:_identify(src/XRF2/XenoRosFramework/Unit-Tests) by extension 'colcon_meta'
[1.077s] Level 1:colcon.colcon_core.package_identification:_identify(src/XRF2/XenoRosFramework/Unit-Tests) by extensions ['ros']
[1.077s] Level 1:colcon.colcon_core.package_identification:_identify(src/XRF2/XenoRosFramework/Unit-Tests) by extension 'ros'
[1.077s] Level 1:colcon.colcon_core.package_identification:_identify(src/XRF2/XenoRosFramework/Unit-Tests) by extensions ['cmake', 'python']
[1.078s] Level 1:colcon.colcon_core.package_identification:_identify(src/XRF2/XenoRosFramework/Unit-Tests) by extension 'cmake'
[1.078s] Level 1:colcon.colcon_core.package_identification:_identify(src/XRF2/XenoRosFramework/Unit-Tests) by extension 'python'
[1.078s] Level 1:colcon.colcon_core.package_identification:_identify(src/XRF2/XenoRosFramework/Unit-Tests) by extensions ['python_setup_py']
[1.079s] Level 1:colcon.colcon_core.package_identification:_identify(src/XRF2/XenoRosFramework/Unit-Tests) by extension 'python_setup_py'
[1.079s] Level 1:colcon.colcon_core.package_identification:_identify(src/XRF2/XenoRosFramework/Unit-Tests/IcoIo) by extensions ['ignore', 'ignore_ament_install']
[1.080s] Level 1:colcon.colcon_core.package_identification:_identify(src/XRF2/XenoRosFramework/Unit-Tests/IcoIo) by extension 'ignore'
[1.080s] Level 1:colcon.colcon_core.package_identification:_identify(src/XRF2/XenoRosFramework/Unit-Tests/IcoIo) ignored
[1.080s] Level 1:colcon.colcon_core.package_identification:_identify(src/XRF2/XenoRosFramework/Unit-Tests/Logger) by extensions ['ignore', 'ignore_ament_install']
[1.081s] Level 1:colcon.colcon_core.package_identification:_identify(src/XRF2/XenoRosFramework/Unit-Tests/Logger) by extension 'ignore'
[1.081s] Level 1:colcon.colcon_core.package_identification:_identify(src/XRF2/XenoRosFramework/Unit-Tests/Logger) ignored
[1.081s] Level 1:colcon.colcon_core.package_identification:_identify(src/XRF2/XenoRosFramework/Unit-Tests/Monitor) by extensions ['ignore', 'ignore_ament_install']
[1.082s] Level 1:colcon.colcon_core.package_identification:_identify(src/XRF2/XenoRosFramework/Unit-Tests/Monitor) by extension 'ignore'
[1.082s] Level 1:colcon.colcon_core.package_identification:_identify(src/XRF2/XenoRosFramework/Unit-Tests/Monitor) ignored
[1.083s] Level 1:colcon.colcon_core.package_identification:_identify(src/XRF2/XenoRosFramework/Xenomai) by extensions ['ignore', 'ignore_ament_install']
[1.083s] Level 1:colcon.colcon_core.package_identification:_identify(src/XRF2/XenoRosFramework/Xenomai) by extension 'ignore'
[1.084s] Level 1:colcon.colcon_core.package_identification:_identify(src/XRF2/XenoRosFramework/Xenomai) by extension 'ignore_ament_install'
[1.084s] Level 1:colcon.colcon_core.package_identification:_identify(src/XRF2/XenoRosFramework/Xenomai) by extensions ['colcon_pkg']
[1.084s] Level 1:colcon.colcon_core.package_identification:_identify(src/XRF2/XenoRosFramework/Xenomai) by extension 'colcon_pkg'
[1.084s] Level 1:colcon.colcon_core.package_identification:_identify(src/XRF2/XenoRosFramework/Xenomai) by extensions ['colcon_meta']
[1.085s] Level 1:colcon.colcon_core.package_identification:_identify(src/XRF2/XenoRosFramework/Xenomai) by extension 'colcon_meta'
[1.085s] Level 1:colcon.colcon_core.package_identification:_identify(src/XRF2/XenoRosFramework/Xenomai) by extensions ['ros']
[1.085s] Level 1:colcon.colcon_core.package_identification:_identify(src/XRF2/XenoRosFramework/Xenomai) by extension 'ros'
[1.086s] Level 1:colcon.colcon_core.package_identification:_identify(src/XRF2/XenoRosFramework/Xenomai) by extensions ['cmake', 'python']
[1.086s] Level 1:colcon.colcon_core.package_identification:_identify(src/XRF2/XenoRosFramework/Xenomai) by extension 'cmake'
[1.086s] Level 1:colcon.colcon_core.package_identification:_identify(src/XRF2/XenoRosFramework/Xenomai) by extension 'python'
[1.087s] Level 1:colcon.colcon_core.package_identification:_identify(src/XRF2/XenoRosFramework/Xenomai) by extensions ['python_setup_py']
[1.087s] Level 1:colcon.colcon_core.package_identification:_identify(src/XRF2/XenoRosFramework/Xenomai) by extension 'python_setup_py'
[1.088s] Level 1:colcon.colcon_core.package_identification:_identify(src/XRF2/XenoRosFramework/Xenomai/include) by extensions ['ignore', 'ignore_ament_install']
[1.088s] Level 1:colcon.colcon_core.package_identification:_identify(src/XRF2/XenoRosFramework/Xenomai/include) by extension 'ignore'
[1.088s] Level 1:colcon.colcon_core.package_identification:_identify(src/XRF2/XenoRosFramework/Xenomai/include) by extension 'ignore_ament_install'
[1.089s] Level 1:colcon.colcon_core.package_identification:_identify(src/XRF2/XenoRosFramework/Xenomai/include) by extensions ['colcon_pkg']
[1.089s] Level 1:colcon.colcon_core.package_identification:_identify(src/XRF2/XenoRosFramework/Xenomai/include) by extension 'colcon_pkg'
[1.089s] Level 1:colcon.colcon_core.package_identification:_identify(src/XRF2/XenoRosFramework/Xenomai/include) by extensions ['colcon_meta']
[1.089s] Level 1:colcon.colcon_core.package_identification:_identify(src/XRF2/XenoRosFramework/Xenomai/include) by extension 'colcon_meta'
[1.090s] Level 1:colcon.colcon_core.package_identification:_identify(src/XRF2/XenoRosFramework/Xenomai/include) by extensions ['ros']
[1.090s] Level 1:colcon.colcon_core.package_identification:_identify(src/XRF2/XenoRosFramework/Xenomai/include) by extension 'ros'
[1.091s] Level 1:colcon.colcon_core.package_identification:_identify(src/XRF2/XenoRosFramework/Xenomai/include) by extensions ['cmake', 'python']
[1.091s] Level 1:colcon.colcon_core.package_identification:_identify(src/XRF2/XenoRosFramework/Xenomai/include) by extension 'cmake'
[1.091s] Level 1:colcon.colcon_core.package_identification:_identify(src/XRF2/XenoRosFramework/Xenomai/include) by extension 'python'
[1.091s] Level 1:colcon.colcon_core.package_identification:_identify(src/XRF2/XenoRosFramework/Xenomai/include) by extensions ['python_setup_py']
[1.092s] Level 1:colcon.colcon_core.package_identification:_identify(src/XRF2/XenoRosFramework/Xenomai/include) by extension 'python_setup_py'
[1.092s] Level 1:colcon.colcon_core.package_identification:_identify(src/XRF2/XenoRosFramework/Xenomai/src) by extensions ['ignore', 'ignore_ament_install']
[1.093s] Level 1:colcon.colcon_core.package_identification:_identify(src/XRF2/XenoRosFramework/Xenomai/src) by extension 'ignore'
[1.093s] Level 1:colcon.colcon_core.package_identification:_identify(src/XRF2/XenoRosFramework/Xenomai/src) by extension 'ignore_ament_install'
[1.093s] Level 1:colcon.colcon_core.package_identification:_identify(src/XRF2/XenoRosFramework/Xenomai/src) by extensions ['colcon_pkg']
[1.094s] Level 1:colcon.colcon_core.package_identification:_identify(src/XRF2/XenoRosFramework/Xenomai/src) by extension 'colcon_pkg'
[1.094s] Level 1:colcon.colcon_core.package_identification:_identify(src/XRF2/XenoRosFramework/Xenomai/src) by extensions ['colcon_meta']
[1.094s] Level 1:colcon.colcon_core.package_identification:_identify(src/XRF2/XenoRosFramework/Xenomai/src) by extension 'colcon_meta'
[1.095s] Level 1:colcon.colcon_core.package_identification:_identify(src/XRF2/XenoRosFramework/Xenomai/src) by extensions ['ros']
[1.095s] Level 1:colcon.colcon_core.package_identification:_identify(src/XRF2/XenoRosFramework/Xenomai/src) by extension 'ros'
[1.095s] Level 1:colcon.colcon_core.package_identification:_identify(src/XRF2/XenoRosFramework/Xenomai/src) by extensions ['cmake', 'python']
[1.095s] Level 1:colcon.colcon_core.package_identification:_identify(src/XRF2/XenoRosFramework/Xenomai/src) by extension 'cmake'
[1.096s] Level 1:colcon.colcon_core.package_identification:_identify(src/XRF2/XenoRosFramework/Xenomai/src) by extension 'python'
[1.096s] Level 1:colcon.colcon_core.package_identification:_identify(src/XRF2/XenoRosFramework/Xenomai/src) by extensions ['python_setup_py']
[1.096s] Level 1:colcon.colcon_core.package_identification:_identify(src/XRF2/XenoRosFramework/Xenomai/src) by extension 'python_setup_py'
[1.097s] Level 1:colcon.colcon_core.package_identification:_identify(src/relbot_simulator) by extensions ['ignore', 'ignore_ament_install']
[1.097s] Level 1:colcon.colcon_core.package_identification:_identify(src/relbot_simulator) by extension 'ignore'
[1.098s] Level 1:colcon.colcon_core.package_identification:_identify(src/relbot_simulator) by extension 'ignore_ament_install'
[1.098s] Level 1:colcon.colcon_core.package_identification:_identify(src/relbot_simulator) by extensions ['colcon_pkg']
[1.098s] Level 1:colcon.colcon_core.package_identification:_identify(src/relbot_simulator) by extension 'colcon_pkg'
[1.099s] Level 1:colcon.colcon_core.package_identification:_identify(src/relbot_simulator) by extensions ['colcon_meta']
[1.099s] Level 1:colcon.colcon_core.package_identification:_identify(src/relbot_simulator) by extension 'colcon_meta'
[1.099s] Level 1:colcon.colcon_core.package_identification:_identify(src/relbot_simulator) by extensions ['ros']
[1.099s] Level 1:colcon.colcon_core.package_identification:_identify(src/relbot_simulator) by extension 'ros'
[1.103s] DEBUG:colcon.colcon_core.package_identification:Package 'src/relbot_simulator' with type 'ros.ament_cmake' and name 'relbot_simulator'
[1.104s] Level 1:colcon.colcon_core.package_identification:_identify(src/xcontroller) by extensions ['ignore', 'ignore_ament_install']
[1.104s] Level 1:colcon.colcon_core.package_identification:_identify(src/xcontroller) by extension 'ignore'
[1.105s] Level 1:colcon.colcon_core.package_identification:_identify(src/xcontroller) by extension 'ignore_ament_install'
[1.105s] Level 1:colcon.colcon_core.package_identification:_identify(src/xcontroller) by extensions ['colcon_pkg']
[1.105s] Level 1:colcon.colcon_core.package_identification:_identify(src/xcontroller) by extension 'colcon_pkg'
[1.105s] Level 1:colcon.colcon_core.package_identification:_identify(src/xcontroller) by extensions ['colcon_meta']
[1.106s] Level 1:colcon.colcon_core.package_identification:_identify(src/xcontroller) by extension 'colcon_meta'
[1.106s] Level 1:colcon.colcon_core.package_identification:_identify(src/xcontroller) by extensions ['ros']
[1.106s] Level 1:colcon.colcon_core.package_identification:_identify(src/xcontroller) by extension 'ros'
[1.107s] Level 1:colcon.colcon_core.package_identification:_identify(src/xcontroller) by extensions ['cmake', 'python']
[1.107s] Level 1:colcon.colcon_core.package_identification:_identify(src/xcontroller) by extension 'cmake'
[1.112s] Level 1:colcon.colcon_core.package_identification:_identify(src/xcontroller) by extension 'python'
[1.113s] DEBUG:colcon.colcon_core.package_identification:Package 'src/xcontroller' with type 'cmake' and name 'xcontroller'
[1.113s] Level 1:colcon.colcon_core.package_identification:_identify(xrf2_logging) by extensions ['ignore', 'ignore_ament_install']
[1.114s] Level 1:colcon.colcon_core.package_identification:_identify(xrf2_logging) by extension 'ignore'
[1.114s] Level 1:colcon.colcon_core.package_identification:_identify(xrf2_logging) by extension 'ignore_ament_install'
[1.114s] Level 1:colcon.colcon_core.package_identification:_identify(xrf2_logging) by extensions ['colcon_pkg']
[1.115s] Level 1:colcon.colcon_core.package_identification:_identify(xrf2_logging) by extension 'colcon_pkg'
[1.115s] Level 1:colcon.colcon_core.package_identification:_identify(xrf2_logging) by extensions ['colcon_meta']
[1.115s] Level 1:colcon.colcon_core.package_identification:_identify(xrf2_logging) by extension 'colcon_meta'
[1.115s] Level 1:colcon.colcon_core.package_identification:_identify(xrf2_logging) by extensions ['ros']
[1.116s] Level 1:colcon.colcon_core.package_identification:_identify(xrf2_logging) by extension 'ros'
[1.116s] Level 1:colcon.colcon_core.package_identification:_identify(xrf2_logging) by extensions ['cmake', 'python']
[1.117s] Level 1:colcon.colcon_core.package_identification:_identify(xrf2_logging) by extension 'cmake'
[1.117s] Level 1:colcon.colcon_core.package_identification:_identify(xrf2_logging) by extension 'python'
[1.117s] Level 1:colcon.colcon_core.package_identification:_identify(xrf2_logging) by extensions ['python_setup_py']
[1.117s] Level 1:colcon.colcon_core.package_identification:_identify(xrf2_logging) by extension 'python_setup_py'
[1.118s] Level 1:colcon.colcon_core.package_discovery:discover_packages(recursive) using defaults
[1.118s] Level 1:colcon.colcon_core.package_discovery:discover_packages(ignore) discover
[1.118s] Level 1:colcon.colcon_core.package_discovery:discover_packages(ignore) using defaults
[1.119s] Level 1:colcon.colcon_core.package_discovery:discover_packages(path) discover
[1.119s] Level 1:colcon.colcon_core.package_discovery:discover_packages(path) using defaults
[1.226s] Level 1:colcon.colcon_core.package_discovery:discover_packages(prefix_path) check parameters
[1.226s] Level 1:colcon.colcon_core.package_discovery:discover_packages(prefix_path) discover
[1.233s] DEBUG:colcon.colcon_installed_package_information.package_discovery:Found 4 installed packages in /home/asdfr-19/ros2_ws/install
[1.238s] DEBUG:colcon.colcon_installed_package_information.package_discovery:Found 271 installed packages in /opt/ros/humble
[1.244s] Level 1:colcon.colcon_core.package_discovery:discover_packages(prefix_path) using defaults
[1.377s] Level 5:colcon.colcon_core.verb:set package 'relbot_simulator' build argument 'cmake_args' from command line to 'None'
[1.378s] Level 5:colcon.colcon_core.verb:set package 'relbot_simulator' build argument 'cmake_target' from command line to 'None'
[1.378s] Level 5:colcon.colcon_core.verb:set package 'relbot_simulator' build argument 'cmake_target_skip_unavailable' from command line to 'False'
[1.378s] Level 5:colcon.colcon_core.verb:set package 'relbot_simulator' build argument 'cmake_clean_cache' from command line to 'False'
[1.378s] Level 5:colcon.colcon_core.verb:set package 'relbot_simulator' build argument 'cmake_clean_first' from command line to 'False'
[1.379s] Level 5:colcon.colcon_core.verb:set package 'relbot_simulator' build argument 'cmake_force_configure' from command line to 'False'
[1.379s] Level 5:colcon.colcon_core.verb:set package 'relbot_simulator' build argument 'ament_cmake_args' from command line to 'None'
[1.379s] Level 5:colcon.colcon_core.verb:set package 'relbot_simulator' build argument 'catkin_cmake_args' from command line to 'None'
[1.379s] Level 5:colcon.colcon_core.verb:set package 'relbot_simulator' build argument 'catkin_skip_building_tests' from command line to 'False'
[1.380s] DEBUG:colcon.colcon_core.verb:Building package 'relbot_simulator' with the following arguments: {'ament_cmake_args': None, 'build_base': '/home/asdfr-19/ros2_ws/build/relbot_simulator', 'catkin_cmake_args': None, 'catkin_skip_building_tests': False, 'cmake_args': None, 'cmake_clean_cache': False, 'cmake_clean_first': False, 'cmake_force_configure': False, 'cmake_target': None, 'cmake_target_skip_unavailable': False, 'install_base': '/home/asdfr-19/ros2_ws/install/relbot_simulator', 'merge_install': False, 'path': '/home/asdfr-19/ros2_ws/src/relbot_simulator', 'symlink_install': False, 'test_result_base': None}
[1.381s] Level 5:colcon.colcon_core.verb:set package 'xrf2_msgs' build argument 'cmake_args' from command line to 'None'
[1.381s] Level 5:colcon.colcon_core.verb:set package 'xrf2_msgs' build argument 'cmake_target' from command line to 'None'
[1.382s] Level 5:colcon.colcon_core.verb:set package 'xrf2_msgs' build argument 'cmake_target_skip_unavailable' from command line to 'False'
[1.382s] Level 5:colcon.colcon_core.verb:set package 'xrf2_msgs' build argument 'cmake_clean_cache' from command line to 'False'
[1.382s] Level 5:colcon.colcon_core.verb:set package 'xrf2_msgs' build argument 'cmake_clean_first' from command line to 'False'
[1.383s] Level 5:colcon.colcon_core.verb:set package 'xrf2_msgs' build argument 'cmake_force_configure' from command line to 'False'
[1.383s] Level 5:colcon.colcon_core.verb:set package 'xrf2_msgs' build argument 'ament_cmake_args' from command line to 'None'
[1.383s] Level 5:colcon.colcon_core.verb:set package 'xrf2_msgs' build argument 'catkin_cmake_args' from command line to 'None'
[1.383s] Level 5:colcon.colcon_core.verb:set package 'xrf2_msgs' build argument 'catkin_skip_building_tests' from command line to 'False'
[1.384s] DEBUG:colcon.colcon_core.verb:Building package 'xrf2_msgs' with the following arguments: {'ament_cmake_args': None, 'build_base': '/home/asdfr-19/ros2_ws/build/xrf2_msgs', 'catkin_cmake_args': None, 'catkin_skip_building_tests': False, 'cmake_args': None, 'cmake_clean_cache': False, 'cmake_clean_first': False, 'cmake_force_configure': False, 'cmake_target': None, 'cmake_target_skip_unavailable': False, 'install_base': '/home/asdfr-19/ros2_ws/install/xrf2_msgs', 'merge_install': False, 'path': '/home/asdfr-19/ros2_ws/src/XRF2/XenoRosFramework/Common/XRF2_msgs', 'symlink_install': False, 'test_result_base': None}
[1.385s] Level 5:colcon.colcon_core.verb:set package 'ros_xeno_bridge' build argument 'cmake_args' from command line to 'None'
[1.385s] Level 5:colcon.colcon_core.verb:set package 'ros_xeno_bridge' build argument 'cmake_target' from command line to 'None'
[1.386s] Level 5:colcon.colcon_core.verb:set package 'ros_xeno_bridge' build argument 'cmake_target_skip_unavailable' from command line to 'False'
[1.386s] Level 5:colcon.colcon_core.verb:set package 'ros_xeno_bridge' build argument 'cmake_clean_cache' from command line to 'False'
[1.386s] Level 5:colcon.colcon_core.verb:set package 'ros_xeno_bridge' build argument 'cmake_clean_first' from command line to 'False'
[1.386s] Level 5:colcon.colcon_core.verb:set package 'ros_xeno_bridge' build argument 'cmake_force_configure' from command line to 'False'
[1.387s] Level 5:colcon.colcon_core.verb:set package 'ros_xeno_bridge' build argument 'ament_cmake_args' from command line to 'None'
[1.387s] Level 5:colcon.colcon_core.verb:set package 'ros_xeno_bridge' build argument 'catkin_cmake_args' from command line to 'None'
[1.387s] Level 5:colcon.colcon_core.verb:set package 'ros_xeno_bridge' build argument 'catkin_skip_building_tests' from command line to 'False'
[1.387s] DEBUG:colcon.colcon_core.verb:Building package 'ros_xeno_bridge' with the following arguments: {'ament_cmake_args': None, 'build_base': '/home/asdfr-19/ros2_ws/build/ros_xeno_bridge', 'catkin_cmake_args': None, 'catkin_skip_building_tests': False, 'cmake_args': None, 'cmake_clean_cache': False, 'cmake_clean_first': False, 'cmake_force_configure': False, 'cmake_target': None, 'cmake_target_skip_unavailable': False, 'install_base': '/home/asdfr-19/ros2_ws/install/ros_xeno_bridge', 'merge_install': False, 'path': '/home/asdfr-19/ros2_ws/src/XRF2/XenoRosFramework/Ros/ros_xeno_bridge', 'symlink_install': False, 'test_result_base': None}
[1.389s] Level 5:colcon.colcon_core.verb:set package 'xcontroller' build argument 'cmake_args' from command line to 'None'
[1.389s] Level 5:colcon.colcon_core.verb:set package 'xcontroller' build argument 'cmake_target' from command line to 'None'
[1.389s] Level 5:colcon.colcon_core.verb:set package 'xcontroller' build argument 'cmake_target_skip_unavailable' from command line to 'False'
[1.390s] Level 5:colcon.colcon_core.verb:set package 'xcontroller' build argument 'cmake_clean_cache' from command line to 'False'
[1.390s] Level 5:colcon.colcon_core.verb:set package 'xcontroller' build argument 'cmake_clean_first' from command line to 'False'
[1.390s] Level 5:colcon.colcon_core.verb:set package 'xcontroller' build argument 'cmake_force_configure' from command line to 'False'
[1.390s] Level 5:colcon.colcon_core.verb:set package 'xcontroller' build argument 'ament_cmake_args' from command line to 'None'
[1.390s] Level 5:colcon.colcon_core.verb:set package 'xcontroller' build argument 'catkin_cmake_args' from command line to 'None'
[1.391s] Level 5:colcon.colcon_core.verb:set package 'xcontroller' build argument 'catkin_skip_building_tests' from command line to 'False'
[1.391s] DEBUG:colcon.colcon_core.verb:Building package 'xcontroller' with the following arguments: {'ament_cmake_args': None, 'build_base': '/home/asdfr-19/ros2_ws/build/xcontroller', 'catkin_cmake_args': None, 'catkin_skip_building_tests': False, 'cmake_args': None, 'cmake_clean_cache': False, 'cmake_clean_first': False, 'cmake_force_configure': False, 'cmake_target': None, 'cmake_target_skip_unavailable': False, 'install_base': '/home/asdfr-19/ros2_ws/install/xcontroller', 'merge_install': False, 'path': '/home/asdfr-19/ros2_ws/src/xcontroller', 'symlink_install': False, 'test_result_base': None}
[1.392s] INFO:colcon.colcon_core.executor:Executing jobs using 'parallel' executor
[1.395s] DEBUG:colcon.colcon_parallel_executor.executor.parallel:run_until_complete
[1.396s] INFO:colcon.colcon_ros.task.ament_cmake.build:Building ROS package in '/home/asdfr-19/ros2_ws/src/XRF2/XenoRosFramework/Common/XRF2_msgs' with build type 'ament_cmake'
[1.397s] INFO:colcon.colcon_cmake.task.cmake.build:Building CMake package in '/home/asdfr-19/ros2_ws/src/XRF2/XenoRosFramework/Common/XRF2_msgs'
[1.403s] INFO:colcon.colcon_core.plugin_system:Skipping extension 'colcon_core.shell.bat': Not used on non-Windows systems
[1.404s] INFO:colcon.colcon_core.shell:Skip shell extension 'powershell' for command environment: Not usable outside of PowerShell
[1.404s] DEBUG:colcon.colcon_core.shell:Skip shell extension 'dsv' for command environment
[1.419s] INFO:colcon.colcon_ros.task.ament_cmake.build:Building ROS package in '/home/asdfr-19/ros2_ws/src/relbot_simulator' with build type 'ament_cmake'
[1.419s] INFO:colcon.colcon_cmake.task.cmake.build:Building CMake package in '/home/asdfr-19/ros2_ws/src/relbot_simulator'
[1.421s] INFO:colcon.colcon_core.shell:Skip shell extension 'powershell' for command environment: Not usable outside of PowerShell
[1.421s] DEBUG:colcon.colcon_core.shell:Skip shell extension 'dsv' for command environment
[1.450s] DEBUG:colcon.colcon_core.event_handler.log_command:Invoking command in '/home/asdfr-19/ros2_ws/build/xrf2_msgs': CMAKE_PREFIX_PATH=${CMAKE_PREFIX_PATH}:/opt/ros/humble /usr/bin/cmake --build /home/asdfr-19/ros2_ws/build/xrf2_msgs -- -j3 -l3
[1.466s] DEBUG:colcon.colcon_core.event_handler.log_command:Invoking command in '/home/asdfr-19/ros2_ws/build/relbot_simulator': CMAKE_PREFIX_PATH=${CMAKE_PREFIX_PATH}:/opt/ros/humble /usr/bin/cmake --build /home/asdfr-19/ros2_ws/build/relbot_simulator -- -j3 -l3
[1.812s] DEBUG:colcon.colcon_core.event_handler.log_command:Invoked command in '/home/asdfr-19/ros2_ws/build/relbot_simulator' returned '0': CMAKE_PREFIX_PATH=${CMAKE_PREFIX_PATH}:/opt/ros/humble /usr/bin/cmake --build /home/asdfr-19/ros2_ws/build/relbot_simulator -- -j3 -l3
[1.848s] DEBUG:colcon.colcon_core.event_handler.log_command:Invoking command in '/home/asdfr-19/ros2_ws/build/relbot_simulator': CMAKE_PREFIX_PATH=${CMAKE_PREFIX_PATH}:/opt/ros/humble /usr/bin/cmake --install /home/asdfr-19/ros2_ws/build/relbot_simulator
[1.930s] Level 1:colcon.colcon_core.environment:create_environment_scripts_only(relbot_simulator)
[1.948s] Level 1:colcon.colcon_core.environment:checking '/home/asdfr-19/ros2_ws/install/relbot_simulator' for CMake module files
[1.951s] Level 1:colcon.colcon_core.environment:checking '/home/asdfr-19/ros2_ws/install/relbot_simulator' for CMake config files
[1.953s] Level 1:colcon.colcon_core.shell:create_environment_hook('relbot_simulator', 'cmake_prefix_path')
[1.954s] INFO:colcon.colcon_core.shell:Creating environment hook '/home/asdfr-19/ros2_ws/install/relbot_simulator/share/relbot_simulator/hook/cmake_prefix_path.ps1'
[1.974s] INFO:colcon.colcon_core.shell:Creating environment descriptor '/home/asdfr-19/ros2_ws/install/relbot_simulator/share/relbot_simulator/hook/cmake_prefix_path.dsv'
[1.977s] INFO:colcon.colcon_core.shell:Creating environment hook '/home/asdfr-19/ros2_ws/install/relbot_simulator/share/relbot_simulator/hook/cmake_prefix_path.sh'
[1.983s] Level 1:colcon.colcon_core.environment:checking '/home/asdfr-19/ros2_ws/install/relbot_simulator/lib'
[1.984s] Level 1:colcon.colcon_core.environment:checking '/home/asdfr-19/ros2_ws/install/relbot_simulator/bin'
[1.985s] Level 1:colcon.colcon_core.environment:checking '/home/asdfr-19/ros2_ws/install/relbot_simulator/lib/pkgconfig/relbot_simulator.pc'
[1.986s] Level 1:colcon.colcon_core.environment:checking '/home/asdfr-19/ros2_ws/install/relbot_simulator/lib/python3.10/site-packages'
[1.988s] Level 1:colcon.colcon_core.environment:checking '/home/asdfr-19/ros2_ws/install/relbot_simulator/bin'
[1.990s] INFO:colcon.colcon_core.shell:Creating package script '/home/asdfr-19/ros2_ws/install/relbot_simulator/share/relbot_simulator/package.ps1'
[2.007s] INFO:colcon.colcon_core.shell:Creating package descriptor '/home/asdfr-19/ros2_ws/install/relbot_simulator/share/relbot_simulator/package.dsv'
[2.011s] INFO:colcon.colcon_core.shell:Creating package script '/home/asdfr-19/ros2_ws/install/relbot_simulator/share/relbot_simulator/package.sh'
[2.002s] DEBUG:colcon.colcon_core.event_handler.log_command:Invoked command in '/home/asdfr-19/ros2_ws/build/relbot_simulator' returned '0': CMAKE_PREFIX_PATH=${CMAKE_PREFIX_PATH}:/opt/ros/humble /usr/bin/cmake --install /home/asdfr-19/ros2_ws/build/relbot_simulator
[2.018s] INFO:colcon.colcon_core.shell:Creating package script '/home/asdfr-19/ros2_ws/install/relbot_simulator/share/relbot_simulator/package.bash'
[2.023s] INFO:colcon.colcon_core.shell:Creating package script '/home/asdfr-19/ros2_ws/install/relbot_simulator/share/relbot_simulator/package.zsh'
[2.028s] Level 1:colcon.colcon_core.environment:create_file_with_runtime_dependencies(/home/asdfr-19/ros2_ws/install/relbot_simulator/share/colcon-core/packages/relbot_simulator)
[2.032s] Level 1:colcon.colcon_core.environment:create_environment_scripts_only(relbot_simulator)
[2.033s] Level 1:colcon.colcon_core.environment:checking '/home/asdfr-19/ros2_ws/install/relbot_simulator' for CMake module files
[2.036s] Level 1:colcon.colcon_core.environment:checking '/home/asdfr-19/ros2_ws/install/relbot_simulator' for CMake config files
[2.037s] Level 1:colcon.colcon_core.shell:create_environment_hook('relbot_simulator', 'cmake_prefix_path')
[2.039s] INFO:colcon.colcon_core.shell:Creating environment hook '/home/asdfr-19/ros2_ws/install/relbot_simulator/share/relbot_simulator/hook/cmake_prefix_path.ps1'
[2.042s] INFO:colcon.colcon_core.shell:Creating environment descriptor '/home/asdfr-19/ros2_ws/install/relbot_simulator/share/relbot_simulator/hook/cmake_prefix_path.dsv'
[2.044s] INFO:colcon.colcon_core.shell:Creating environment hook '/home/asdfr-19/ros2_ws/install/relbot_simulator/share/relbot_simulator/hook/cmake_prefix_path.sh'
[2.049s] Level 1:colcon.colcon_core.environment:checking '/home/asdfr-19/ros2_ws/install/relbot_simulator/lib'
[2.050s] Level 1:colcon.colcon_core.environment:checking '/home/asdfr-19/ros2_ws/install/relbot_simulator/bin'
[2.051s] Level 1:colcon.colcon_core.environment:checking '/home/asdfr-19/ros2_ws/install/relbot_simulator/lib/pkgconfig/relbot_simulator.pc'
[2.053s] Level 1:colcon.colcon_core.environment:checking '/home/asdfr-19/ros2_ws/install/relbot_simulator/lib/python3.10/site-packages'
[2.055s] Level 1:colcon.colcon_core.environment:checking '/home/asdfr-19/ros2_ws/install/relbot_simulator/bin'
[2.057s] INFO:colcon.colcon_core.shell:Creating package script '/home/asdfr-19/ros2_ws/install/relbot_simulator/share/relbot_simulator/package.ps1'
[2.062s] INFO:colcon.colcon_core.shell:Creating package descriptor '/home/asdfr-19/ros2_ws/install/relbot_simulator/share/relbot_simulator/package.dsv'
[2.065s] INFO:colcon.colcon_core.shell:Creating package script '/home/asdfr-19/ros2_ws/install/relbot_simulator/share/relbot_simulator/package.sh'
[2.068s] INFO:colcon.colcon_core.shell:Creating package script '/home/asdfr-19/ros2_ws/install/relbot_simulator/share/relbot_simulator/package.bash'
[2.071s] INFO:colcon.colcon_core.shell:Creating package script '/home/asdfr-19/ros2_ws/install/relbot_simulator/share/relbot_simulator/package.zsh'
[2.075s] Level 1:colcon.colcon_core.environment:create_file_with_runtime_dependencies(/home/asdfr-19/ros2_ws/install/relbot_simulator/share/colcon-core/packages/relbot_simulator)
[2.970s] DEBUG:colcon.colcon_core.event_handler.log_command:Invoked command in '/home/asdfr-19/ros2_ws/build/xrf2_msgs' returned '0': CMAKE_PREFIX_PATH=${CMAKE_PREFIX_PATH}:/opt/ros/humble /usr/bin/cmake --build /home/asdfr-19/ros2_ws/build/xrf2_msgs -- -j3 -l3
[2.978s] DEBUG:colcon.colcon_core.event_handler.log_command:Invoking command in '/home/asdfr-19/ros2_ws/build/xrf2_msgs': CMAKE_PREFIX_PATH=${CMAKE_PREFIX_PATH}:/opt/ros/humble /usr/bin/cmake --install /home/asdfr-19/ros2_ws/build/xrf2_msgs
[3.187s] Level 1:colcon.colcon_core.environment:create_environment_scripts_only(xrf2_msgs)
[3.189s] Level 1:colcon.colcon_core.environment:checking '/home/asdfr-19/ros2_ws/install/xrf2_msgs' for CMake module files
[3.194s] Level 1:colcon.colcon_core.environment:checking '/home/asdfr-19/ros2_ws/install/xrf2_msgs' for CMake config files
[3.200s] Level 1:colcon.colcon_core.shell:create_environment_hook('xrf2_msgs', 'cmake_prefix_path')
[3.202s] INFO:colcon.colcon_core.shell:Creating environment hook '/home/asdfr-19/ros2_ws/install/xrf2_msgs/share/xrf2_msgs/hook/cmake_prefix_path.ps1'
[3.205s] INFO:colcon.colcon_core.shell:Creating environment descriptor '/home/asdfr-19/ros2_ws/install/xrf2_msgs/share/xrf2_msgs/hook/cmake_prefix_path.dsv'
[3.209s] INFO:colcon.colcon_core.shell:Creating environment hook '/home/asdfr-19/ros2_ws/install/xrf2_msgs/share/xrf2_msgs/hook/cmake_prefix_path.sh'
[3.213s] Level 1:colcon.colcon_core.environment:checking '/home/asdfr-19/ros2_ws/install/xrf2_msgs/lib'
[3.214s] Level 1:colcon.colcon_core.shell:create_environment_hook('xrf2_msgs', 'ld_library_path_lib')
[3.215s] INFO:colcon.colcon_core.shell:Creating environment hook '/home/asdfr-19/ros2_ws/install/xrf2_msgs/share/xrf2_msgs/hook/ld_library_path_lib.ps1'
[3.218s] INFO:colcon.colcon_core.shell:Creating environment descriptor '/home/asdfr-19/ros2_ws/install/xrf2_msgs/share/xrf2_msgs/hook/ld_library_path_lib.dsv'
[3.221s] INFO:colcon.colcon_core.shell:Creating environment hook '/home/asdfr-19/ros2_ws/install/xrf2_msgs/share/xrf2_msgs/hook/ld_library_path_lib.sh'
[3.225s] Level 1:colcon.colcon_core.environment:checking '/home/asdfr-19/ros2_ws/install/xrf2_msgs/bin'
[3.225s] Level 1:colcon.colcon_core.environment:checking '/home/asdfr-19/ros2_ws/install/xrf2_msgs/lib/pkgconfig/xrf2_msgs.pc'
[3.227s] Level 1:colcon.colcon_core.environment:checking '/home/asdfr-19/ros2_ws/install/xrf2_msgs/lib/python3.10/site-packages'
[3.229s] Level 1:colcon.colcon_core.environment:checking '/home/asdfr-19/ros2_ws/install/xrf2_msgs/bin'
[3.231s] INFO:colcon.colcon_core.shell:Creating package script '/home/asdfr-19/ros2_ws/install/xrf2_msgs/share/xrf2_msgs/package.ps1'
[3.235s] INFO:colcon.colcon_core.shell:Creating package descriptor '/home/asdfr-19/ros2_ws/install/xrf2_msgs/share/xrf2_msgs/package.dsv'
[3.239s] INFO:colcon.colcon_core.shell:Creating package script '/home/asdfr-19/ros2_ws/install/xrf2_msgs/share/xrf2_msgs/package.sh'
[3.242s] INFO:colcon.colcon_core.shell:Creating package script '/home/asdfr-19/ros2_ws/install/xrf2_msgs/share/xrf2_msgs/package.bash'
[3.246s] INFO:colcon.colcon_core.shell:Creating package script '/home/asdfr-19/ros2_ws/install/xrf2_msgs/share/xrf2_msgs/package.zsh'
[3.249s] Level 1:colcon.colcon_core.environment:create_file_with_runtime_dependencies(/home/asdfr-19/ros2_ws/install/xrf2_msgs/share/colcon-core/packages/xrf2_msgs)
[3.255s] Level 1:colcon.colcon_core.environment:create_environment_scripts_only(xrf2_msgs)
[3.257s] Level 1:colcon.colcon_core.environment:checking '/home/asdfr-19/ros2_ws/install/xrf2_msgs' for CMake module files
[3.263s] Level 1:colcon.colcon_core.environment:checking '/home/asdfr-19/ros2_ws/install/xrf2_msgs' for CMake config files
[3.269s] Level 1:colcon.colcon_core.shell:create_environment_hook('xrf2_msgs', 'cmake_prefix_path')
[3.271s] INFO:colcon.colcon_core.shell:Creating environment hook '/home/asdfr-19/ros2_ws/install/xrf2_msgs/share/xrf2_msgs/hook/cmake_prefix_path.ps1'
[3.275s] INFO:colcon.colcon_core.shell:Creating environment descriptor '/home/asdfr-19/ros2_ws/install/xrf2_msgs/share/xrf2_msgs/hook/cmake_prefix_path.dsv'
[3.276s] DEBUG:colcon.colcon_core.event_handler.log_command:Invoked command in '/home/asdfr-19/ros2_ws/build/xrf2_msgs' returned '0': CMAKE_PREFIX_PATH=${CMAKE_PREFIX_PATH}:/opt/ros/humble /usr/bin/cmake --install /home/asdfr-19/ros2_ws/build/xrf2_msgs
[3.278s] INFO:colcon.colcon_core.shell:Creating environment hook '/home/asdfr-19/ros2_ws/install/xrf2_msgs/share/xrf2_msgs/hook/cmake_prefix_path.sh'
[3.282s] Level 1:colcon.colcon_core.environment:checking '/home/asdfr-19/ros2_ws/install/xrf2_msgs/lib'
[3.283s] Level 1:colcon.colcon_core.shell:create_environment_hook('xrf2_msgs', 'ld_library_path_lib')
[3.285s] INFO:colcon.colcon_core.shell:Creating environment hook '/home/asdfr-19/ros2_ws/install/xrf2_msgs/share/xrf2_msgs/hook/ld_library_path_lib.ps1'
[3.288s] INFO:colcon.colcon_core.shell:Creating environment descriptor '/home/asdfr-19/ros2_ws/install/xrf2_msgs/share/xrf2_msgs/hook/ld_library_path_lib.dsv'
[3.290s] INFO:colcon.colcon_core.shell:Creating environment hook '/home/asdfr-19/ros2_ws/install/xrf2_msgs/share/xrf2_msgs/hook/ld_library_path_lib.sh'
[3.293s] Level 1:colcon.colcon_core.environment:checking '/home/asdfr-19/ros2_ws/install/xrf2_msgs/bin'
[3.293s] Level 1:colcon.colcon_core.environment:checking '/home/asdfr-19/ros2_ws/install/xrf2_msgs/lib/pkgconfig/xrf2_msgs.pc'
[3.295s] Level 1:colcon.colcon_core.environment:checking '/home/asdfr-19/ros2_ws/install/xrf2_msgs/lib/python3.10/site-packages'
[3.296s] Level 1:colcon.colcon_core.environment:checking '/home/asdfr-19/ros2_ws/install/xrf2_msgs/bin'
[3.298s] INFO:colcon.colcon_core.shell:Creating package script '/home/asdfr-19/ros2_ws/install/xrf2_msgs/share/xrf2_msgs/package.ps1'
[3.301s] INFO:colcon.colcon_core.shell:Creating package descriptor '/home/asdfr-19/ros2_ws/install/xrf2_msgs/share/xrf2_msgs/package.dsv'
[3.305s] INFO:colcon.colcon_core.shell:Creating package script '/home/asdfr-19/ros2_ws/install/xrf2_msgs/share/xrf2_msgs/package.sh'
[3.309s] INFO:colcon.colcon_core.shell:Creating package script '/home/asdfr-19/ros2_ws/install/xrf2_msgs/share/xrf2_msgs/package.bash'
[3.311s] INFO:colcon.colcon_core.shell:Creating package script '/home/asdfr-19/ros2_ws/install/xrf2_msgs/share/xrf2_msgs/package.zsh'
[3.314s] Level 1:colcon.colcon_core.environment:create_file_with_runtime_dependencies(/home/asdfr-19/ros2_ws/install/xrf2_msgs/share/colcon-core/packages/xrf2_msgs)
[3.316s] INFO:colcon.colcon_ros.task.ament_cmake.build:Building ROS package in '/home/asdfr-19/ros2_ws/src/XRF2/XenoRosFramework/Ros/ros_xeno_bridge' with build type 'ament_cmake'
[3.317s] INFO:colcon.colcon_cmake.task.cmake.build:Building CMake package in '/home/asdfr-19/ros2_ws/src/XRF2/XenoRosFramework/Ros/ros_xeno_bridge'
[3.318s] INFO:colcon.colcon_core.shell:Skip shell extension 'powershell' for command environment: Not usable outside of PowerShell
[3.318s] DEBUG:colcon.colcon_core.shell:Skip shell extension 'dsv' for command environment
[3.333s] INFO:colcon.colcon_cmake.task.cmake.build:Building CMake package in '/home/asdfr-19/ros2_ws/src/xcontroller'
[3.335s] INFO:colcon.colcon_core.shell:Skip shell extension 'powershell' for command environment: Not usable outside of PowerShell
[3.336s] DEBUG:colcon.colcon_core.shell:Skip shell extension 'dsv' for command environment
[3.364s] DEBUG:colcon.colcon_core.event_handler.log_command:Invoking command in '/home/asdfr-19/ros2_ws/build/ros_xeno_bridge': CMAKE_PREFIX_PATH=/home/asdfr-19/ros2_ws/install/xrf2_msgs:/home/asdfr-19/ros2_ws/install/ros_xeno_bridge:/home/asdfr-19/ros2_ws/install/relbot_simulator:/opt/ros/humble /usr/bin/cmake --build /home/asdfr-19/ros2_ws/build/ros_xeno_bridge -- -j3 -l3
[3.379s] DEBUG:colcon.colcon_core.event_handler.log_command:Invoking command in '/home/asdfr-19/ros2_ws/build/xcontroller': CMAKE_PREFIX_PATH=/home/asdfr-19/ros2_ws/install/xrf2_msgs:/home/asdfr-19/ros2_ws/install/ros_xeno_bridge:/home/asdfr-19/ros2_ws/install/relbot_simulator /usr/bin/cmake --build /home/asdfr-19/ros2_ws/build/xcontroller -- -j3 -l3
[3.549s] DEBUG:colcon.colcon_core.event_handler.log_command:Invoked command in '/home/asdfr-19/ros2_ws/build/ros_xeno_bridge' returned '0': CMAKE_PREFIX_PATH=/home/asdfr-19/ros2_ws/install/xrf2_msgs:/home/asdfr-19/ros2_ws/install/ros_xeno_bridge:/home/asdfr-19/ros2_ws/install/relbot_simulator:/opt/ros/humble /usr/bin/cmake --build /home/asdfr-19/ros2_ws/build/ros_xeno_bridge -- -j3 -l3
[3.552s] DEBUG:colcon.colcon_core.event_handler.log_command:Invoking command in '/home/asdfr-19/ros2_ws/build/ros_xeno_bridge': CMAKE_PREFIX_PATH=/home/asdfr-19/ros2_ws/install/xrf2_msgs:/home/asdfr-19/ros2_ws/install/ros_xeno_bridge:/home/asdfr-19/ros2_ws/install/relbot_simulator:/opt/ros/humble /usr/bin/cmake --install /home/asdfr-19/ros2_ws/build/ros_xeno_bridge
[3.583s] Level 1:colcon.colcon_core.environment:create_environment_scripts_only(ros_xeno_bridge)
[3.584s] Level 1:colcon.colcon_core.environment:checking '/home/asdfr-19/ros2_ws/install/ros_xeno_bridge' for CMake module files
[3.586s] Level 1:colcon.colcon_core.environment:checking '/home/asdfr-19/ros2_ws/install/ros_xeno_bridge' for CMake config files
[3.587s] Level 1:colcon.colcon_core.shell:create_environment_hook('ros_xeno_bridge', 'cmake_prefix_path')
[3.588s] INFO:colcon.colcon_core.shell:Creating environment hook '/home/asdfr-19/ros2_ws/install/ros_xeno_bridge/share/ros_xeno_bridge/hook/cmake_prefix_path.ps1'
[3.590s] INFO:colcon.colcon_core.shell:Creating environment descriptor '/home/asdfr-19/ros2_ws/install/ros_xeno_bridge/share/ros_xeno_bridge/hook/cmake_prefix_path.dsv'
[3.592s] INFO:colcon.colcon_core.shell:Creating environment hook '/home/asdfr-19/ros2_ws/install/ros_xeno_bridge/share/ros_xeno_bridge/hook/cmake_prefix_path.sh'
[3.595s] Level 1:colcon.colcon_core.environment:checking '/home/asdfr-19/ros2_ws/install/ros_xeno_bridge/lib'
[3.595s] Level 1:colcon.colcon_core.environment:checking '/home/asdfr-19/ros2_ws/install/ros_xeno_bridge/bin'
[3.596s] Level 1:colcon.colcon_core.environment:checking '/home/asdfr-19/ros2_ws/install/ros_xeno_bridge/lib/pkgconfig/ros_xeno_bridge.pc'
[3.597s] Level 1:colcon.colcon_core.environment:checking '/home/asdfr-19/ros2_ws/install/ros_xeno_bridge/lib/python3.10/site-packages'
[3.597s] Level 1:colcon.colcon_core.environment:checking '/home/asdfr-19/ros2_ws/install/ros_xeno_bridge/bin'
[3.599s] INFO:colcon.colcon_core.shell:Creating package script '/home/asdfr-19/ros2_ws/install/ros_xeno_bridge/share/ros_xeno_bridge/package.ps1'
[3.601s] INFO:colcon.colcon_core.shell:Creating package descriptor '/home/asdfr-19/ros2_ws/install/ros_xeno_bridge/share/ros_xeno_bridge/package.dsv'
[3.604s] DEBUG:colcon.colcon_core.event_handler.log_command:Invoked command in '/home/asdfr-19/ros2_ws/build/ros_xeno_bridge' returned '0': CMAKE_PREFIX_PATH=/home/asdfr-19/ros2_ws/install/xrf2_msgs:/home/asdfr-19/ros2_ws/install/ros_xeno_bridge:/home/asdfr-19/ros2_ws/install/relbot_simulator:/opt/ros/humble /usr/bin/cmake --install /home/asdfr-19/ros2_ws/build/ros_xeno_bridge
[3.606s] INFO:colcon.colcon_core.shell:Creating package script '/home/asdfr-19/ros2_ws/install/ros_xeno_bridge/share/ros_xeno_bridge/package.sh'
[3.609s] INFO:colcon.colcon_core.shell:Creating package script '/home/asdfr-19/ros2_ws/install/ros_xeno_bridge/share/ros_xeno_bridge/package.bash'
[3.611s] INFO:colcon.colcon_core.shell:Creating package script '/home/asdfr-19/ros2_ws/install/ros_xeno_bridge/share/ros_xeno_bridge/package.zsh'
[3.613s] Level 1:colcon.colcon_core.environment:create_file_with_runtime_dependencies(/home/asdfr-19/ros2_ws/install/ros_xeno_bridge/share/colcon-core/packages/ros_xeno_bridge)
[3.615s] Level 1:colcon.colcon_core.environment:create_environment_scripts_only(ros_xeno_bridge)
[3.616s] Level 1:colcon.colcon_core.environment:checking '/home/asdfr-19/ros2_ws/install/ros_xeno_bridge' for CMake module files
[3.618s] Level 1:colcon.colcon_core.environment:checking '/home/asdfr-19/ros2_ws/install/ros_xeno_bridge' for CMake config files
[3.619s] Level 1:colcon.colcon_core.shell:create_environment_hook('ros_xeno_bridge', 'cmake_prefix_path')
[3.620s] INFO:colcon.colcon_core.shell:Creating environment hook '/home/asdfr-19/ros2_ws/install/ros_xeno_bridge/share/ros_xeno_bridge/hook/cmake_prefix_path.ps1'
[3.622s] INFO:colcon.colcon_core.shell:Creating environment descriptor '/home/asdfr-19/ros2_ws/install/ros_xeno_bridge/share/ros_xeno_bridge/hook/cmake_prefix_path.dsv'
[3.624s] INFO:colcon.colcon_core.shell:Creating environment hook '/home/asdfr-19/ros2_ws/install/ros_xeno_bridge/share/ros_xeno_bridge/hook/cmake_prefix_path.sh'
[3.627s] Level 1:colcon.colcon_core.environment:checking '/home/asdfr-19/ros2_ws/install/ros_xeno_bridge/lib'
[3.628s] Level 1:colcon.colcon_core.environment:checking '/home/asdfr-19/ros2_ws/install/ros_xeno_bridge/bin'
[3.628s] Level 1:colcon.colcon_core.environment:checking '/home/asdfr-19/ros2_ws/install/ros_xeno_bridge/lib/pkgconfig/ros_xeno_bridge.pc'
[3.629s] Level 1:colcon.colcon_core.environment:checking '/home/asdfr-19/ros2_ws/install/ros_xeno_bridge/lib/python3.10/site-packages'
[3.630s] Level 1:colcon.colcon_core.environment:checking '/home/asdfr-19/ros2_ws/install/ros_xeno_bridge/bin'
[3.631s] INFO:colcon.colcon_core.shell:Creating package script '/home/asdfr-19/ros2_ws/install/ros_xeno_bridge/share/ros_xeno_bridge/package.ps1'
[3.633s] INFO:colcon.colcon_core.shell:Creating package descriptor '/home/asdfr-19/ros2_ws/install/ros_xeno_bridge/share/ros_xeno_bridge/package.dsv'
[3.636s] INFO:colcon.colcon_core.shell:Creating package script '/home/asdfr-19/ros2_ws/install/ros_xeno_bridge/share/ros_xeno_bridge/package.sh'
[3.638s] INFO:colcon.colcon_core.shell:Creating package script '/home/asdfr-19/ros2_ws/install/ros_xeno_bridge/share/ros_xeno_bridge/package.bash'
[3.640s] INFO:colcon.colcon_core.shell:Creating package script '/home/asdfr-19/ros2_ws/install/ros_xeno_bridge/share/ros_xeno_bridge/package.zsh'
[3.642s] Level 1:colcon.colcon_core.environment:create_file_with_runtime_dependencies(/home/asdfr-19/ros2_ws/install/ros_xeno_bridge/share/colcon-core/packages/ros_xeno_bridge)
[7.318s] DEBUG:colcon.colcon_core.event_handler.log_command:Invoked command in '/home/asdfr-19/ros2_ws/build/xcontroller' returned '0': CMAKE_PREFIX_PATH=/home/asdfr-19/ros2_ws/install/xrf2_msgs:/home/asdfr-19/ros2_ws/install/ros_xeno_bridge:/home/asdfr-19/ros2_ws/install/relbot_simulator /usr/bin/cmake --build /home/asdfr-19/ros2_ws/build/xcontroller -- -j3 -l3
[7.318s] WARNING:colcon.colcon_cmake.task.cmake.build:Could not run installation step for package 'xcontroller' because it has no 'install' target
[7.319s] Level 1:colcon.colcon_core.environment:create_environment_scripts_only(xcontroller)
[7.320s] Level 1:colcon.colcon_core.environment:checking '/home/asdfr-19/ros2_ws/install/xcontroller' for CMake module files
[7.322s] Level 1:colcon.colcon_core.environment:checking '/home/asdfr-19/ros2_ws/install/xcontroller' for CMake config files
[7.324s] Level 1:colcon.colcon_core.environment:checking '/home/asdfr-19/ros2_ws/install/xcontroller/bin'
[7.324s] Level 1:colcon.colcon_core.environment:checking '/home/asdfr-19/ros2_ws/install/xcontroller/lib/pkgconfig/xcontroller.pc'
[7.326s] Level 1:colcon.colcon_core.environment:checking '/home/asdfr-19/ros2_ws/install/xcontroller/lib/python3.10/site-packages'
[7.327s] Level 1:colcon.colcon_core.environment:checking '/home/asdfr-19/ros2_ws/install/xcontroller/bin'
[7.330s] INFO:colcon.colcon_core.shell:Creating package script '/home/asdfr-19/ros2_ws/install/xcontroller/share/xcontroller/package.ps1'
[7.335s] INFO:colcon.colcon_core.shell:Creating package descriptor '/home/asdfr-19/ros2_ws/install/xcontroller/share/xcontroller/package.dsv'
[7.338s] INFO:colcon.colcon_core.shell:Creating package script '/home/asdfr-19/ros2_ws/install/xcontroller/share/xcontroller/package.sh'
[7.342s] INFO:colcon.colcon_core.shell:Creating package script '/home/asdfr-19/ros2_ws/install/xcontroller/share/xcontroller/package.bash'
[7.348s] INFO:colcon.colcon_core.shell:Creating package script '/home/asdfr-19/ros2_ws/install/xcontroller/share/xcontroller/package.zsh'
[7.352s] Level 1:colcon.colcon_core.environment:create_file_with_runtime_dependencies(/home/asdfr-19/ros2_ws/install/xcontroller/share/colcon-core/packages/xcontroller)
[7.355s] DEBUG:colcon.colcon_parallel_executor.executor.parallel:closing loop
[7.357s] DEBUG:colcon.colcon_parallel_executor.executor.parallel:loop closed
[7.359s] DEBUG:colcon.colcon_parallel_executor.executor.parallel:run_until_complete finished with '0'
[7.359s] DEBUG:colcon.colcon_core.event_reactor:joining thread
[7.395s] INFO:colcon.colcon_core.plugin_system:Skipping extension 'colcon_notification.desktop_notification.notify_send': Could not find 'notify-send'
[7.396s] INFO:colcon.colcon_core.plugin_system:Skipping extension 'colcon_notification.desktop_notification.terminal_notifier': Not used on non-Darwin systems
[7.397s] INFO:colcon.colcon_core.plugin_system:Skipping extension 'colcon_notification.desktop_notification.win32': Not used on non-Windows systems
[7.398s] INFO:colcon.colcon_notification.desktop_notification:Sending desktop notification using 'notify2'
[7.402s] DEBUG:colcon.colcon_notification.desktop_notification.notify2:Failed to initialize notify2: org.freedesktop.DBus.Error.ServiceUnknown: The name org.freedesktop.Notifications was not provided by any .service files
[7.403s] DEBUG:colcon.colcon_core.event_reactor:joined thread
[7.405s] INFO:colcon.colcon_core.shell:Creating prefix script '/home/asdfr-19/ros2_ws/install/local_setup.ps1'
[7.414s] INFO:colcon.colcon_core.shell:Creating prefix util module '/home/asdfr-19/ros2_ws/install/_local_setup_util_ps1.py'
[7.430s] INFO:colcon.colcon_core.shell:Creating prefix chain script '/home/asdfr-19/ros2_ws/install/setup.ps1'
[7.441s] INFO:colcon.colcon_core.shell:Creating prefix script '/home/asdfr-19/ros2_ws/install/local_setup.sh'
[7.448s] INFO:colcon.colcon_core.shell:Creating prefix util module '/home/asdfr-19/ros2_ws/install/_local_setup_util_sh.py'
[7.454s] INFO:colcon.colcon_core.shell:Creating prefix chain script '/home/asdfr-19/ros2_ws/install/setup.sh'
[7.462s] INFO:colcon.colcon_core.shell:Creating prefix script '/home/asdfr-19/ros2_ws/install/local_setup.bash'
[7.466s] INFO:colcon.colcon_core.shell:Creating prefix chain script '/home/asdfr-19/ros2_ws/install/setup.bash'
[7.473s] INFO:colcon.colcon_core.shell:Creating prefix script '/home/asdfr-19/ros2_ws/install/local_setup.zsh'
[7.477s] INFO:colcon.colcon_core.shell:Creating prefix chain script '/home/asdfr-19/ros2_ws/install/setup.zsh'
