[0.051s] Invoking command in '/home/asdfr-19/ros2_ws/build/xcontroller': CMAKE_PREFIX_PATH=/home/asdfr-19/ros2_ws/install/xrf2_msgs:/home/asdfr-19/ros2_ws/install/ros_xeno_bridge:/home/asdfr-19/ros2_ws/install/relbot_simulator /usr/bin/cmake --build /home/asdfr-19/ros2_ws/build/xcontroller -- -j3 -l3
[0.345s] [0mTIME_STEP_SIZE_VALUE = 0.01[0m
[0.347s] -- Found xrf2_msgs: 0.0.0 (/home/asdfr-19/ros2_ws/install/xrf2_msgs/share/xrf2_msgs/cmake)
[1.048s] -- Found rosidl_generator_c: 3.1.6 (/opt/ros/humble/share/rosidl_generator_c/cmake)
[1.061s] -- Found rosidl_adapter: 3.1.6 (/opt/ros/humble/share/rosidl_adapter/cmake)
[1.081s] -- Found rosidl_generator_cpp: 3.1.6 (/opt/ros/humble/share/rosidl_generator_cpp/cmake)
[1.144s] -- Using all available rosidl_typesupport_c: rosidl_typesupport_fastrtps_c;rosidl_typesupport_introspection_c
[1.234s] -- Using all available rosidl_typesupport_cpp: rosidl_typesupport_fastrtps_cpp;rosidl_typesupport_introspection_cpp
[1.301s] -- Found rclcpp: 16.0.11 (/opt/ros/humble/share/rclcpp/cmake)
[1.496s] -- Found rmw_implementation_cmake: 6.1.2 (/opt/ros/humble/share/rmw_implementation_cmake/cmake)
[1.505s] -- Found rmw_fastrtps_cpp: 6.2.7 (/opt/ros/humble/share/rmw_fastrtps_cpp/cmake)
[1.890s] -- Using RMW implementation 'rmw_fastrtps_cpp' as default
[2.113s] -- Configuring done
[2.246s] -- Generating done
[2.286s] -- Build files have been written to: /home/asdfr-19/ros2_ws/build/xcontroller
[2.489s] [35m[1mConsolidate compiler generated dependencies of target xcontroller[0m
[3.907s] [  4%] [32mBuilding CXX object CMakeFiles/xcontroller.dir/main.cpp.o[0m
[3.925s] [  9%] [32mBuilding CXX object CMakeFiles/xcontroller.dir/home/asdfr-19/ros2_ws/src/XRF2/XenoRosFramework/Xenomai/src/FullStateMachine.cpp.o[0m
[3.965s] [ 13%] [32mBuilding CXX object CMakeFiles/xcontroller.dir/home/asdfr-19/ros2_ws/src/XRF2/XenoRosFramework/Xenomai/src/IcoIo.cpp.o[0m
[4.949s] [ 18%] [32mBuilding CXX object CMakeFiles/xcontroller.dir/home/asdfr-19/ros2_ws/src/XRF2/XenoRosFramework/Xenomai/src/XenoFileHandler.cpp.o[0m
[7.649s] [ 22%] [32mBuilding CXX object CMakeFiles/xcontroller.dir/home/asdfr-19/ros2_ws/src/XRF2/XenoRosFramework/Xenomai/src/XenoFrtLogger.cpp.o[0m
[12.708s] [ 27%] [32mBuilding CXX object CMakeFiles/xcontroller.dir/home/asdfr-19/ros2_ws/src/XRF2/XenoRosFramework/Xenomai/src/XenoFrtLoop.cpp.o[0m
[13.061s] [ 31%] [32mBuilding CXX object CMakeFiles/xcontroller.dir/home/asdfr-19/ros2_ws/src/XRF2/XenoRosFramework/Xenomai/src/XenoFrtMonitor.cpp.o[0m
[13.164s] [ 36%] [32mBuilding CXX object CMakeFiles/xcontroller.dir/home/asdfr-19/ros2_ws/src/XRF2/XenoRosFramework/Xenomai/src/XenoFrtRosIco.cpp.o[0m
[13.772s] [ 40%] [32mBuilding CXX object CMakeFiles/xcontroller.dir/home/asdfr-19/ros2_ws/src/XRF2/XenoRosFramework/Xenomai/src/XenoRosCommunication.cpp.o[0m
[14.309s] [ 45%] [32mBuilding CXX object CMakeFiles/xcontroller.dir/home/asdfr-19/ros2_ws/src/XRF2/XenoRosFramework/Xenomai/src/XenoRosCommandBridge.cpp.o[0m
[16.104s] [ 50%] [32mBuilding CXX object CMakeFiles/xcontroller.dir/home/asdfr-19/ros2_ws/src/XRF2/XenoRosFramework/Xenomai/src/XenoRosDataBridge.cpp.o[0m
[22.964s] [ 54%] [32mBuilding CXX object CMakeFiles/xcontroller.dir/home/asdfr-19/ros2_ws/src/XRF2/XenoRosFramework/Xenomai/src/XenoFrt20Sim.cpp.o[0m
[29.330s] [ 59%] [32mBuilding CXX object CMakeFiles/xcontroller.dir/src/xcontroller.cpp.o[0m
[35.819s] [ 63%] [32mBuilding CXX object CMakeFiles/xcontroller.dir/controller/LoopController.cpp.o[0m
[38.412s] [ 68%] [32mBuilding CXX object CMakeFiles/xcontroller.dir/controller/common/EulerAngles.cpp.o[0m
[38.730s] [ 72%] [32mBuilding CXX object CMakeFiles/xcontroller.dir/controller/common/MotionProfiles.cpp.o[0m
[39.029s] [ 77%] [32mBuilding CXX object CMakeFiles/xcontroller.dir/controller/common/xxfuncs.cpp.o[0m
[42.817s] [ 81%] [32mBuilding CXX object CMakeFiles/xcontroller.dir/controller/common/xxinteg.cpp.o[0m
[45.615s] [ 86%] [32mBuilding CXX object CMakeFiles/xcontroller.dir/controller/common/xxinverse.cpp.o[0m
[48.462s] [ 90%] [32mBuilding CXX object CMakeFiles/xcontroller.dir/controller/common/xxmatrix.cpp.o[0m
[51.812s] [ 95%] [32mBuilding CXX object CMakeFiles/xcontroller.dir/home/asdfr-19/ros2_ws/src/XRF2/XenoRosFramework/Xenomai/src/XenoSpiControllerHandler.cpp.o[0m
[52.770s] [100%] [32m[1mLinking CXX executable xcontroller[0m
[54.340s] [100%] Built target xcontroller
[54.450s] Invoked command in '/home/asdfr-19/ros2_ws/build/xcontroller' returned '0': CMAKE_PREFIX_PATH=/home/asdfr-19/ros2_ws/install/xrf2_msgs:/home/asdfr-19/ros2_ws/install/ros_xeno_bridge:/home/asdfr-19/ros2_ws/install/relbot_simulator /usr/bin/cmake --build /home/asdfr-19/ros2_ws/build/xcontroller -- -j3 -l3
