[0.009s] Invoking command in '/home/asdfr-19/ros2_ws/build/ros_xeno_bridge': CMAKE_PREFIX_PATH=/home/asdfr-19/ros2_ws/install/xrf2_msgs:/home/asdfr-19/ros2_ws/install/ros_xeno_bridge:/home/asdfr-19/ros2_ws/install/relbot_simulator:/opt/ros/humble /usr/bin/cmake --build /home/asdfr-19/ros2_ws/build/ros_xeno_bridge -- -j3 -l3
[0.169s] [100%] Built target RosXenoBridge
[0.247s] Invoked command in '/home/asdfr-19/ros2_ws/build/ros_xeno_bridge' returned '0': CMAKE_PREFIX_PATH=/home/asdfr-19/ros2_ws/install/xrf2_msgs:/home/asdfr-19/ros2_ws/install/ros_xeno_bridge:/home/asdfr-19/ros2_ws/install/relbot_simulator:/opt/ros/humble /usr/bin/cmake --build /home/asdfr-19/ros2_ws/build/ros_xeno_bridge -- -j3 -l3
[0.249s] Invoking command in '/home/asdfr-19/ros2_ws/build/ros_xeno_bridge': CMAKE_PREFIX_PATH=/home/asdfr-19/ros2_ws/install/xrf2_msgs:/home/asdfr-19/ros2_ws/install/ros_xeno_bridge:/home/asdfr-19/ros2_ws/install/relbot_simulator:/opt/ros/humble /usr/bin/cmake --install /home/asdfr-19/ros2_ws/build/ros_xeno_bridge
[0.271s] -- Install configuration: ""
[0.274s] -- Up-to-date: /home/asdfr-19/ros2_ws/install/ros_xeno_bridge/lib/ros_xeno_bridge/RosXenoBridge
[0.276s] -- Up-to-date: /home/asdfr-19/ros2_ws/install/ros_xeno_bridge/share/ament_index/resource_index/package_run_dependencies/ros_xeno_bridge
[0.277s] -- Up-to-date: /home/asdfr-19/ros2_ws/install/ros_xeno_bridge/share/ament_index/resource_index/parent_prefix_path/ros_xeno_bridge
[0.279s] -- Up-to-date: /home/asdfr-19/ros2_ws/install/ros_xeno_bridge/share/ros_xeno_bridge/environment/ament_prefix_path.sh
[0.281s] -- Up-to-date: /home/asdfr-19/ros2_ws/install/ros_xeno_bridge/share/ros_xeno_bridge/environment/ament_prefix_path.dsv
[0.282s] -- Up-to-date: /home/asdfr-19/ros2_ws/install/ros_xeno_bridge/share/ros_xeno_bridge/environment/path.sh
[0.283s] -- Up-to-date: /home/asdfr-19/ros2_ws/install/ros_xeno_bridge/share/ros_xeno_bridge/environment/path.dsv
[0.285s] -- Up-to-date: /home/asdfr-19/ros2_ws/install/ros_xeno_bridge/share/ros_xeno_bridge/local_setup.bash
[0.286s] -- Up-to-date: /home/asdfr-19/ros2_ws/install/ros_xeno_bridge/share/ros_xeno_bridge/local_setup.sh
[0.288s] -- Up-to-date: /home/asdfr-19/ros2_ws/install/ros_xeno_bridge/share/ros_xeno_bridge/local_setup.zsh
[0.289s] -- Up-to-date: /home/asdfr-19/ros2_ws/install/ros_xeno_bridge/share/ros_xeno_bridge/local_setup.dsv
[0.292s] -- Installing: /home/asdfr-19/ros2_ws/install/ros_xeno_bridge/share/ros_xeno_bridge/package.dsv
[0.294s] -- Up-to-date: /home/asdfr-19/ros2_ws/install/ros_xeno_bridge/share/ament_index/resource_index/packages/ros_xeno_bridge
[0.294s] -- Up-to-date: /home/asdfr-19/ros2_ws/install/ros_xeno_bridge/share/ros_xeno_bridge/cmake/ros_xeno_bridgeConfig.cmake
[0.300s] -- Up-to-date: /home/asdfr-19/ros2_ws/install/ros_xeno_bridge/share/ros_xeno_bridge/cmake/ros_xeno_bridgeConfig-version.cmake
[0.316s] -- Up-to-date: /home/asdfr-19/ros2_ws/install/ros_xeno_bridge/share/ros_xeno_bridge/package.xml
[0.317s] Invoked command in '/home/asdfr-19/ros2_ws/build/ros_xeno_bridge' returned '0': CMAKE_PREFIX_PATH=/home/asdfr-19/ros2_ws/install/xrf2_msgs:/home/asdfr-19/ros2_ws/install/ros_xeno_bridge:/home/asdfr-19/ros2_ws/install/relbot_simulator:/opt/ros/humble /usr/bin/cmake --install /home/asdfr-19/ros2_ws/build/ros_xeno_bridge
