[0.390s] DEBUG:colcon:Command line arguments: ['/usr/bin/colcon', 'build']
[0.391s] DEBUG:colcon:Parsed command line arguments: Namespace(log_base=None, log_level=None, verb_name='build', build_base='build', install_base='install', merge_install=False, symlink_install=False, test_result_base=None, continue_on_error=False, executor='parallel', parallel_workers=3, event_handlers=None, ignore_user_meta=False, metas=['./colcon.meta'], base_paths=['.'], packages_ignore=None, packages_ignore_regex=None, paths=None, packages_up_to=None, packages_up_to_regex=None, packages_above=None, packages_above_and_dependencies=None, packages_above_depth=None, packages_select_by_dep=None, packages_skip_by_dep=None, packages_skip_up_to=None, packages_select_build_failed=False, packages_skip_build_finished=False, packages_select_test_failures=False, packages_skip_test_passed=False, packages_select=None, packages_skip=None, packages_select_regex=None, packages_skip_regex=None, packages_start=None, packages_end=None, allow_overriding=[], cmake_args=None, cmake_target=None, cmake_target_skip_unavailable=False, cmake_clean_cache=False, cmake_clean_first=False, cmake_force_configure=False, ament_cmake_args=None, catkin_cmake_args=None, catkin_skip_building_tests=False, mixin_files=None, mixin=None, verb_parser=<colcon_mixin.mixin.mixin_argument.MixinArgumentDecorator object at 0xffffafc00e20>, verb_extension=<colcon_core.verb.build.BuildVerb object at 0xffffafc008b0>, main=<bound method BuildVerb.main of <colcon_core.verb.build.BuildVerb object at 0xffffafc008b0>>, mixin_verb=('build',))
[1.001s] Level 1:colcon.colcon_core.package_discovery:discover_packages(colcon_meta) check parameters
[1.001s] Level 1:colcon.colcon_core.package_discovery:discover_packages(recursive) check parameters
[1.001s] Level 1:colcon.colcon_core.package_discovery:discover_packages(ignore) check parameters
[1.002s] Level 1:colcon.colcon_core.package_discovery:discover_packages(path) check parameters
[1.002s] Level 1:colcon.colcon_core.package_discovery:discover_packages(colcon_meta) discover
[1.002s] Level 1:colcon.colcon_core.package_discovery:discover_packages(recursive) discover
[1.003s] INFO:colcon.colcon_core.package_discovery:Crawling recursively for packages in '/home/asdfr-19/ros2_ws'
[1.003s] Level 1:colcon.colcon_core.package_identification:_identify(.) by extensions ['ignore', 'ignore_ament_install']
[1.004s] Level 1:colcon.colcon_core.package_identification:_identify(.) by extension 'ignore'
[1.004s] Level 1:colcon.colcon_core.package_identification:_identify(.) by extension 'ignore_ament_install'
[1.004s] Level 1:colcon.colcon_core.package_identification:_identify(.) by extensions ['colcon_pkg']
[1.005s] Level 1:colcon.colcon_core.package_identification:_identify(.) by extension 'colcon_pkg'
[1.005s] Level 1:colcon.colcon_core.package_identification:_identify(.) by extensions ['colcon_meta']
[1.005s] Level 1:colcon.colcon_core.package_identification:_identify(.) by extension 'colcon_meta'
[1.006s] Level 1:colcon.colcon_core.package_identification:_identify(.) by extensions ['ros']
[1.006s] Level 1:colcon.colcon_core.package_identification:_identify(.) by extension 'ros'
[1.046s] Level 1:colcon.colcon_core.package_identification:_identify(.) by extensions ['cmake', 'python']
[1.046s] Level 1:colcon.colcon_core.package_identification:_identify(.) by extension 'cmake'
[1.047s] Level 1:colcon.colcon_core.package_identification:_identify(.) by extension 'python'
[1.047s] Level 1:colcon.colcon_core.package_identification:_identify(.) by extensions ['python_setup_py']
[1.047s] Level 1:colcon.colcon_core.package_identification:_identify(.) by extension 'python_setup_py'
[1.048s] Level 1:colcon.colcon_core.package_identification:_identify(build) by extensions ['ignore', 'ignore_ament_install']
[1.048s] Level 1:colcon.colcon_core.package_identification:_identify(build) by extension 'ignore'
[1.048s] Level 1:colcon.colcon_core.package_identification:_identify(build) ignored
[1.049s] Level 1:colcon.colcon_core.package_identification:_identify(install) by extensions ['ignore', 'ignore_ament_install']
[1.050s] Level 1:colcon.colcon_core.package_identification:_identify(install) by extension 'ignore'
[1.050s] Level 1:colcon.colcon_core.package_identification:_identify(install) ignored
[1.051s] Level 1:colcon.colcon_core.package_identification:_identify(log) by extensions ['ignore', 'ignore_ament_install']
[1.051s] Level 1:colcon.colcon_core.package_identification:_identify(log) by extension 'ignore'
[1.052s] Level 1:colcon.colcon_core.package_identification:_identify(log) ignored
[1.052s] Level 1:colcon.colcon_core.package_identification:_identify(src) by extensions ['ignore', 'ignore_ament_install']
[1.053s] Level 1:colcon.colcon_core.package_identification:_identify(src) by extension 'ignore'
[1.053s] Level 1:colcon.colcon_core.package_identification:_identify(src) by extension 'ignore_ament_install'
[1.053s] Level 1:colcon.colcon_core.package_identification:_identify(src) by extensions ['colcon_pkg']
[1.054s] Level 1:colcon.colcon_core.package_identification:_identify(src) by extension 'colcon_pkg'
[1.054s] Level 1:colcon.colcon_core.package_identification:_identify(src) by extensions ['colcon_meta']
[1.054s] Level 1:colcon.colcon_core.package_identification:_identify(src) by extension 'colcon_meta'
[1.055s] Level 1:colcon.colcon_core.package_identification:_identify(src) by extensions ['ros']
[1.055s] Level 1:colcon.colcon_core.package_identification:_identify(src) by extension 'ros'
[1.055s] Level 1:colcon.colcon_core.package_identification:_identify(src) by extensions ['cmake', 'python']
[1.056s] Level 1:colcon.colcon_core.package_identification:_identify(src) by extension 'cmake'
[1.056s] Level 1:colcon.colcon_core.package_identification:_identify(src) by extension 'python'
[1.056s] Level 1:colcon.colcon_core.package_identification:_identify(src) by extensions ['python_setup_py']
[1.056s] Level 1:colcon.colcon_core.package_identification:_identify(src) by extension 'python_setup_py'
[1.057s] Level 1:colcon.colcon_core.package_identification:_identify(src/XRF2) by extensions ['ignore', 'ignore_ament_install']
[1.057s] Level 1:colcon.colcon_core.package_identification:_identify(src/XRF2) by extension 'ignore'
[1.058s] Level 1:colcon.colcon_core.package_identification:_identify(src/XRF2) by extension 'ignore_ament_install'
[1.058s] Level 1:colcon.colcon_core.package_identification:_identify(src/XRF2) by extensions ['colcon_pkg']
[1.058s] Level 1:colcon.colcon_core.package_identification:_identify(src/XRF2) by extension 'colcon_pkg'
[1.059s] Level 1:colcon.colcon_core.package_identification:_identify(src/XRF2) by extensions ['colcon_meta']
[1.059s] Level 1:colcon.colcon_core.package_identification:_identify(src/XRF2) by extension 'colcon_meta'
[1.059s] Level 1:colcon.colcon_core.package_identification:_identify(src/XRF2) by extensions ['ros']
[1.059s] Level 1:colcon.colcon_core.package_identification:_identify(src/XRF2) by extension 'ros'
[1.060s] Level 1:colcon.colcon_core.package_identification:_identify(src/XRF2) by extensions ['cmake', 'python']
[1.060s] Level 1:colcon.colcon_core.package_identification:_identify(src/XRF2) by extension 'cmake'
[1.061s] Level 1:colcon.colcon_core.package_identification:_identify(src/XRF2) by extension 'python'
[1.061s] Level 1:colcon.colcon_core.package_identification:_identify(src/XRF2) by extensions ['python_setup_py']
[1.061s] Level 1:colcon.colcon_core.package_identification:_identify(src/XRF2) by extension 'python_setup_py'
[1.062s] Level 1:colcon.colcon_core.package_identification:_identify(src/XRF2/Template) by extensions ['ignore', 'ignore_ament_install']
[1.062s] Level 1:colcon.colcon_core.package_identification:_identify(src/XRF2/Template) by extension 'ignore'
[1.063s] Level 1:colcon.colcon_core.package_identification:_identify(src/XRF2/Template) ignored
[1.063s] Level 1:colcon.colcon_core.package_identification:_identify(src/XRF2/XenoRosFramework) by extensions ['ignore', 'ignore_ament_install']
[1.064s] Level 1:colcon.colcon_core.package_identification:_identify(src/XRF2/XenoRosFramework) by extension 'ignore'
[1.064s] Level 1:colcon.colcon_core.package_identification:_identify(src/XRF2/XenoRosFramework) by extension 'ignore_ament_install'
[1.064s] Level 1:colcon.colcon_core.package_identification:_identify(src/XRF2/XenoRosFramework) by extensions ['colcon_pkg']
[1.065s] Level 1:colcon.colcon_core.package_identification:_identify(src/XRF2/XenoRosFramework) by extension 'colcon_pkg'
[1.065s] Level 1:colcon.colcon_core.package_identification:_identify(src/XRF2/XenoRosFramework) by extensions ['colcon_meta']
[1.065s] Level 1:colcon.colcon_core.package_identification:_identify(src/XRF2/XenoRosFramework) by extension 'colcon_meta'
[1.066s] Level 1:colcon.colcon_core.package_identification:_identify(src/XRF2/XenoRosFramework) by extensions ['ros']
[1.066s] Level 1:colcon.colcon_core.package_identification:_identify(src/XRF2/XenoRosFramework) by extension 'ros'
[1.066s] Level 1:colcon.colcon_core.package_identification:_identify(src/XRF2/XenoRosFramework) by extensions ['cmake', 'python']
[1.067s] Level 1:colcon.colcon_core.package_identification:_identify(src/XRF2/XenoRosFramework) by extension 'cmake'
[1.067s] Level 1:colcon.colcon_core.package_identification:_identify(src/XRF2/XenoRosFramework) by extension 'python'
[1.067s] Level 1:colcon.colcon_core.package_identification:_identify(src/XRF2/XenoRosFramework) by extensions ['python_setup_py']
[1.067s] Level 1:colcon.colcon_core.package_identification:_identify(src/XRF2/XenoRosFramework) by extension 'python_setup_py'
[1.068s] Level 1:colcon.colcon_core.package_identification:_identify(src/XRF2/XenoRosFramework/Common) by extensions ['ignore', 'ignore_ament_install']
[1.068s] Level 1:colcon.colcon_core.package_identification:_identify(src/XRF2/XenoRosFramework/Common) by extension 'ignore'
[1.069s] Level 1:colcon.colcon_core.package_identification:_identify(src/XRF2/XenoRosFramework/Common) by extension 'ignore_ament_install'
[1.069s] Level 1:colcon.colcon_core.package_identification:_identify(src/XRF2/XenoRosFramework/Common) by extensions ['colcon_pkg']
[1.069s] Level 1:colcon.colcon_core.package_identification:_identify(src/XRF2/XenoRosFramework/Common) by extension 'colcon_pkg'
[1.070s] Level 1:colcon.colcon_core.package_identification:_identify(src/XRF2/XenoRosFramework/Common) by extensions ['colcon_meta']
[1.070s] Level 1:colcon.colcon_core.package_identification:_identify(src/XRF2/XenoRosFramework/Common) by extension 'colcon_meta'
[1.070s] Level 1:colcon.colcon_core.package_identification:_identify(src/XRF2/XenoRosFramework/Common) by extensions ['ros']
[1.071s] Level 1:colcon.colcon_core.package_identification:_identify(src/XRF2/XenoRosFramework/Common) by extension 'ros'
[1.071s] Level 1:colcon.colcon_core.package_identification:_identify(src/XRF2/XenoRosFramework/Common) by extensions ['cmake', 'python']
[1.071s] Level 1:colcon.colcon_core.package_identification:_identify(src/XRF2/XenoRosFramework/Common) by extension 'cmake'
[1.072s] Level 1:colcon.colcon_core.package_identification:_identify(src/XRF2/XenoRosFramework/Common) by extension 'python'
[1.072s] Level 1:colcon.colcon_core.package_identification:_identify(src/XRF2/XenoRosFramework/Common) by extensions ['python_setup_py']
[1.072s] Level 1:colcon.colcon_core.package_identification:_identify(src/XRF2/XenoRosFramework/Common) by extension 'python_setup_py'
[1.073s] Level 1:colcon.colcon_core.package_identification:_identify(src/XRF2/XenoRosFramework/Common/XRF2_msgs) by extensions ['ignore', 'ignore_ament_install']
[1.073s] Level 1:colcon.colcon_core.package_identification:_identify(src/XRF2/XenoRosFramework/Common/XRF2_msgs) by extension 'ignore'
[1.074s] Level 1:colcon.colcon_core.package_identification:_identify(src/XRF2/XenoRosFramework/Common/XRF2_msgs) by extension 'ignore_ament_install'
[1.074s] Level 1:colcon.colcon_core.package_identification:_identify(src/XRF2/XenoRosFramework/Common/XRF2_msgs) by extensions ['colcon_pkg']
[1.074s] Level 1:colcon.colcon_core.package_identification:_identify(src/XRF2/XenoRosFramework/Common/XRF2_msgs) by extension 'colcon_pkg'
[1.075s] Level 1:colcon.colcon_core.package_identification:_identify(src/XRF2/XenoRosFramework/Common/XRF2_msgs) by extensions ['colcon_meta']
[1.075s] Level 1:colcon.colcon_core.package_identification:_identify(src/XRF2/XenoRosFramework/Common/XRF2_msgs) by extension 'colcon_meta'
[1.076s] Level 1:colcon.colcon_core.package_identification:_identify(src/XRF2/XenoRosFramework/Common/XRF2_msgs) by extensions ['ros']
[1.076s] Level 1:colcon.colcon_core.package_identification:_identify(src/XRF2/XenoRosFramework/Common/XRF2_msgs) by extension 'ros'
[1.084s] DEBUG:colcon.colcon_core.package_identification:Package 'src/XRF2/XenoRosFramework/Common/XRF2_msgs' with type 'ros.ament_cmake' and name 'xrf2_msgs'
[1.084s] Level 1:colcon.colcon_core.package_identification:_identify(src/XRF2/XenoRosFramework/Common/XenoFrtLogger_decoder) by extensions ['ignore', 'ignore_ament_install']
[1.085s] Level 1:colcon.colcon_core.package_identification:_identify(src/XRF2/XenoRosFramework/Common/XenoFrtLogger_decoder) by extension 'ignore'
[1.085s] Level 1:colcon.colcon_core.package_identification:_identify(src/XRF2/XenoRosFramework/Common/XenoFrtLogger_decoder) by extension 'ignore_ament_install'
[1.086s] Level 1:colcon.colcon_core.package_identification:_identify(src/XRF2/XenoRosFramework/Common/XenoFrtLogger_decoder) by extensions ['colcon_pkg']
[1.086s] Level 1:colcon.colcon_core.package_identification:_identify(src/XRF2/XenoRosFramework/Common/XenoFrtLogger_decoder) by extension 'colcon_pkg'
[1.086s] Level 1:colcon.colcon_core.package_identification:_identify(src/XRF2/XenoRosFramework/Common/XenoFrtLogger_decoder) by extensions ['colcon_meta']
[1.087s] Level 1:colcon.colcon_core.package_identification:_identify(src/XRF2/XenoRosFramework/Common/XenoFrtLogger_decoder) by extension 'colcon_meta'
[1.087s] Level 1:colcon.colcon_core.package_identification:_identify(src/XRF2/XenoRosFramework/Common/XenoFrtLogger_decoder) by extensions ['ros']
[1.087s] Level 1:colcon.colcon_core.package_identification:_identify(src/XRF2/XenoRosFramework/Common/XenoFrtLogger_decoder) by extension 'ros'
[1.088s] Level 1:colcon.colcon_core.package_identification:_identify(src/XRF2/XenoRosFramework/Common/XenoFrtLogger_decoder) by extensions ['cmake', 'python']
[1.088s] Level 1:colcon.colcon_core.package_identification:_identify(src/XRF2/XenoRosFramework/Common/XenoFrtLogger_decoder) by extension 'cmake'
[1.088s] Level 1:colcon.colcon_core.package_identification:_identify(src/XRF2/XenoRosFramework/Common/XenoFrtLogger_decoder) by extension 'python'
[1.088s] Level 1:colcon.colcon_core.package_identification:_identify(src/XRF2/XenoRosFramework/Common/XenoFrtLogger_decoder) by extensions ['python_setup_py']
[1.089s] Level 1:colcon.colcon_core.package_identification:_identify(src/XRF2/XenoRosFramework/Common/XenoFrtLogger_decoder) by extension 'python_setup_py'
[1.089s] Level 1:colcon.colcon_core.package_identification:_identify(src/XRF2/XenoRosFramework/Common/include) by extensions ['ignore', 'ignore_ament_install']
[1.090s] Level 1:colcon.colcon_core.package_identification:_identify(src/XRF2/XenoRosFramework/Common/include) by extension 'ignore'
[1.090s] Level 1:colcon.colcon_core.package_identification:_identify(src/XRF2/XenoRosFramework/Common/include) by extension 'ignore_ament_install'
[1.091s] Level 1:colcon.colcon_core.package_identification:_identify(src/XRF2/XenoRosFramework/Common/include) by extensions ['colcon_pkg']
[1.091s] Level 1:colcon.colcon_core.package_identification:_identify(src/XRF2/XenoRosFramework/Common/include) by extension 'colcon_pkg'
[1.091s] Level 1:colcon.colcon_core.package_identification:_identify(src/XRF2/XenoRosFramework/Common/include) by extensions ['colcon_meta']
[1.091s] Level 1:colcon.colcon_core.package_identification:_identify(src/XRF2/XenoRosFramework/Common/include) by extension 'colcon_meta'
[1.092s] Level 1:colcon.colcon_core.package_identification:_identify(src/XRF2/XenoRosFramework/Common/include) by extensions ['ros']
[1.092s] Level 1:colcon.colcon_core.package_identification:_identify(src/XRF2/XenoRosFramework/Common/include) by extension 'ros'
[1.093s] Level 1:colcon.colcon_core.package_identification:_identify(src/XRF2/XenoRosFramework/Common/include) by extensions ['cmake', 'python']
[1.093s] Level 1:colcon.colcon_core.package_identification:_identify(src/XRF2/XenoRosFramework/Common/include) by extension 'cmake'
[1.093s] Level 1:colcon.colcon_core.package_identification:_identify(src/XRF2/XenoRosFramework/Common/include) by extension 'python'
[1.094s] Level 1:colcon.colcon_core.package_identification:_identify(src/XRF2/XenoRosFramework/Common/include) by extensions ['python_setup_py']
[1.094s] Level 1:colcon.colcon_core.package_identification:_identify(src/XRF2/XenoRosFramework/Common/include) by extension 'python_setup_py'
[1.095s] Level 1:colcon.colcon_core.package_identification:_identify(src/XRF2/XenoRosFramework/Common/python_script) by extensions ['ignore', 'ignore_ament_install']
[1.095s] Level 1:colcon.colcon_core.package_identification:_identify(src/XRF2/XenoRosFramework/Common/python_script) by extension 'ignore'
[1.095s] Level 1:colcon.colcon_core.package_identification:_identify(src/XRF2/XenoRosFramework/Common/python_script) by extension 'ignore_ament_install'
[1.096s] Level 1:colcon.colcon_core.package_identification:_identify(src/XRF2/XenoRosFramework/Common/python_script) by extensions ['colcon_pkg']
[1.096s] Level 1:colcon.colcon_core.package_identification:_identify(src/XRF2/XenoRosFramework/Common/python_script) by extension 'colcon_pkg'
[1.096s] Level 1:colcon.colcon_core.package_identification:_identify(src/XRF2/XenoRosFramework/Common/python_script) by extensions ['colcon_meta']
[1.097s] Level 1:colcon.colcon_core.package_identification:_identify(src/XRF2/XenoRosFramework/Common/python_script) by extension 'colcon_meta'
[1.097s] Level 1:colcon.colcon_core.package_identification:_identify(src/XRF2/XenoRosFramework/Common/python_script) by extensions ['ros']
[1.097s] Level 1:colcon.colcon_core.package_identification:_identify(src/XRF2/XenoRosFramework/Common/python_script) by extension 'ros'
[1.098s] Level 1:colcon.colcon_core.package_identification:_identify(src/XRF2/XenoRosFramework/Common/python_script) by extensions ['cmake', 'python']
[1.098s] Level 1:colcon.colcon_core.package_identification:_identify(src/XRF2/XenoRosFramework/Common/python_script) by extension 'cmake'
[1.098s] Level 1:colcon.colcon_core.package_identification:_identify(src/XRF2/XenoRosFramework/Common/python_script) by extension 'python'
[1.099s] Level 1:colcon.colcon_core.package_identification:_identify(src/XRF2/XenoRosFramework/Common/python_script) by extensions ['python_setup_py']
[1.099s] Level 1:colcon.colcon_core.package_identification:_identify(src/XRF2/XenoRosFramework/Common/python_script) by extension 'python_setup_py'
[1.099s] Level 1:colcon.colcon_core.package_identification:_identify(src/XRF2/XenoRosFramework/Common/xbuf_dev_rule) by extensions ['ignore', 'ignore_ament_install']
[1.100s] Level 1:colcon.colcon_core.package_identification:_identify(src/XRF2/XenoRosFramework/Common/xbuf_dev_rule) by extension 'ignore'
[1.100s] Level 1:colcon.colcon_core.package_identification:_identify(src/XRF2/XenoRosFramework/Common/xbuf_dev_rule) by extension 'ignore_ament_install'
[1.101s] Level 1:colcon.colcon_core.package_identification:_identify(src/XRF2/XenoRosFramework/Common/xbuf_dev_rule) by extensions ['colcon_pkg']
[1.101s] Level 1:colcon.colcon_core.package_identification:_identify(src/XRF2/XenoRosFramework/Common/xbuf_dev_rule) by extension 'colcon_pkg'
[1.101s] Level 1:colcon.colcon_core.package_identification:_identify(src/XRF2/XenoRosFramework/Common/xbuf_dev_rule) by extensions ['colcon_meta']
[1.101s] Level 1:colcon.colcon_core.package_identification:_identify(src/XRF2/XenoRosFramework/Common/xbuf_dev_rule) by extension 'colcon_meta'
[1.102s] Level 1:colcon.colcon_core.package_identification:_identify(src/XRF2/XenoRosFramework/Common/xbuf_dev_rule) by extensions ['ros']
[1.102s] Level 1:colcon.colcon_core.package_identification:_identify(src/XRF2/XenoRosFramework/Common/xbuf_dev_rule) by extension 'ros'
[1.103s] Level 1:colcon.colcon_core.package_identification:_identify(src/XRF2/XenoRosFramework/Common/xbuf_dev_rule) by extensions ['cmake', 'python']
[1.103s] Level 1:colcon.colcon_core.package_identification:_identify(src/XRF2/XenoRosFramework/Common/xbuf_dev_rule) by extension 'cmake'
[1.103s] Level 1:colcon.colcon_core.package_identification:_identify(src/XRF2/XenoRosFramework/Common/xbuf_dev_rule) by extension 'python'
[1.104s] Level 1:colcon.colcon_core.package_identification:_identify(src/XRF2/XenoRosFramework/Common/xbuf_dev_rule) by extensions ['python_setup_py']
[1.104s] Level 1:colcon.colcon_core.package_identification:_identify(src/XRF2/XenoRosFramework/Common/xbuf_dev_rule) by extension 'python_setup_py'
[1.104s] Level 1:colcon.colcon_core.package_identification:_identify(src/XRF2/XenoRosFramework/Ros) by extensions ['ignore', 'ignore_ament_install']
[1.105s] Level 1:colcon.colcon_core.package_identification:_identify(src/XRF2/XenoRosFramework/Ros) by extension 'ignore'
[1.105s] Level 1:colcon.colcon_core.package_identification:_identify(src/XRF2/XenoRosFramework/Ros) by extension 'ignore_ament_install'
[1.106s] Level 1:colcon.colcon_core.package_identification:_identify(src/XRF2/XenoRosFramework/Ros) by extensions ['colcon_pkg']
[1.106s] Level 1:colcon.colcon_core.package_identification:_identify(src/XRF2/XenoRosFramework/Ros) by extension 'colcon_pkg'
[1.106s] Level 1:colcon.colcon_core.package_identification:_identify(src/XRF2/XenoRosFramework/Ros) by extensions ['colcon_meta']
[1.106s] Level 1:colcon.colcon_core.package_identification:_identify(src/XRF2/XenoRosFramework/Ros) by extension 'colcon_meta'
[1.107s] Level 1:colcon.colcon_core.package_identification:_identify(src/XRF2/XenoRosFramework/Ros) by extensions ['ros']
[1.107s] Level 1:colcon.colcon_core.package_identification:_identify(src/XRF2/XenoRosFramework/Ros) by extension 'ros'
[1.108s] Level 1:colcon.colcon_core.package_identification:_identify(src/XRF2/XenoRosFramework/Ros) by extensions ['cmake', 'python']
[1.108s] Level 1:colcon.colcon_core.package_identification:_identify(src/XRF2/XenoRosFramework/Ros) by extension 'cmake'
[1.108s] Level 1:colcon.colcon_core.package_identification:_identify(src/XRF2/XenoRosFramework/Ros) by extension 'python'
[1.108s] Level 1:colcon.colcon_core.package_identification:_identify(src/XRF2/XenoRosFramework/Ros) by extensions ['python_setup_py']
[1.109s] Level 1:colcon.colcon_core.package_identification:_identify(src/XRF2/XenoRosFramework/Ros) by extension 'python_setup_py'
[1.109s] Level 1:colcon.colcon_core.package_identification:_identify(src/XRF2/XenoRosFramework/Ros/ros_xeno_bridge) by extensions ['ignore', 'ignore_ament_install']
[1.110s] Level 1:colcon.colcon_core.package_identification:_identify(src/XRF2/XenoRosFramework/Ros/ros_xeno_bridge) by extension 'ignore'
[1.110s] Level 1:colcon.colcon_core.package_identification:_identify(src/XRF2/XenoRosFramework/Ros/ros_xeno_bridge) by extension 'ignore_ament_install'
[1.110s] Level 1:colcon.colcon_core.package_identification:_identify(src/XRF2/XenoRosFramework/Ros/ros_xeno_bridge) by extensions ['colcon_pkg']
[1.111s] Level 1:colcon.colcon_core.package_identification:_identify(src/XRF2/XenoRosFramework/Ros/ros_xeno_bridge) by extension 'colcon_pkg'
[1.111s] Level 1:colcon.colcon_core.package_identification:_identify(src/XRF2/XenoRosFramework/Ros/ros_xeno_bridge) by extensions ['colcon_meta']
[1.111s] Level 1:colcon.colcon_core.package_identification:_identify(src/XRF2/XenoRosFramework/Ros/ros_xeno_bridge) by extension 'colcon_meta'
[1.112s] Level 1:colcon.colcon_core.package_identification:_identify(src/XRF2/XenoRosFramework/Ros/ros_xeno_bridge) by extensions ['ros']
[1.112s] Level 1:colcon.colcon_core.package_identification:_identify(src/XRF2/XenoRosFramework/Ros/ros_xeno_bridge) by extension 'ros'
[1.115s] DEBUG:colcon.colcon_core.package_identification:Package 'src/XRF2/XenoRosFramework/Ros/ros_xeno_bridge' with type 'ros.ament_cmake' and name 'ros_xeno_bridge'
[1.116s] Level 1:colcon.colcon_core.package_identification:_identify(src/XRF2/XenoRosFramework/Unit-Tests) by extensions ['ignore', 'ignore_ament_install']
[1.117s] Level 1:colcon.colcon_core.package_identification:_identify(src/XRF2/XenoRosFramework/Unit-Tests) by extension 'ignore'
[1.117s] Level 1:colcon.colcon_core.package_identification:_identify(src/XRF2/XenoRosFramework/Unit-Tests) by extension 'ignore_ament_install'
[1.118s] Level 1:colcon.colcon_core.package_identification:_identify(src/XRF2/XenoRosFramework/Unit-Tests) by extensions ['colcon_pkg']
[1.118s] Level 1:colcon.colcon_core.package_identification:_identify(src/XRF2/XenoRosFramework/Unit-Tests) by extension 'colcon_pkg'
[1.118s] Level 1:colcon.colcon_core.package_identification:_identify(src/XRF2/XenoRosFramework/Unit-Tests) by extensions ['colcon_meta']
[1.118s] Level 1:colcon.colcon_core.package_identification:_identify(src/XRF2/XenoRosFramework/Unit-Tests) by extension 'colcon_meta'
[1.119s] Level 1:colcon.colcon_core.package_identification:_identify(src/XRF2/XenoRosFramework/Unit-Tests) by extensions ['ros']
[1.119s] Level 1:colcon.colcon_core.package_identification:_identify(src/XRF2/XenoRosFramework/Unit-Tests) by extension 'ros'
[1.120s] Level 1:colcon.colcon_core.package_identification:_identify(src/XRF2/XenoRosFramework/Unit-Tests) by extensions ['cmake', 'python']
[1.120s] Level 1:colcon.colcon_core.package_identification:_identify(src/XRF2/XenoRosFramework/Unit-Tests) by extension 'cmake'
[1.120s] Level 1:colcon.colcon_core.package_identification:_identify(src/XRF2/XenoRosFramework/Unit-Tests) by extension 'python'
[1.120s] Level 1:colcon.colcon_core.package_identification:_identify(src/XRF2/XenoRosFramework/Unit-Tests) by extensions ['python_setup_py']
[1.121s] Level 1:colcon.colcon_core.package_identification:_identify(src/XRF2/XenoRosFramework/Unit-Tests) by extension 'python_setup_py'
[1.121s] Level 1:colcon.colcon_core.package_identification:_identify(src/XRF2/XenoRosFramework/Unit-Tests/IcoIo) by extensions ['ignore', 'ignore_ament_install']
[1.122s] Level 1:colcon.colcon_core.package_identification:_identify(src/XRF2/XenoRosFramework/Unit-Tests/IcoIo) by extension 'ignore'
[1.122s] Level 1:colcon.colcon_core.package_identification:_identify(src/XRF2/XenoRosFramework/Unit-Tests/IcoIo) ignored
[1.123s] Level 1:colcon.colcon_core.package_identification:_identify(src/XRF2/XenoRosFramework/Unit-Tests/Logger) by extensions ['ignore', 'ignore_ament_install']
[1.123s] Level 1:colcon.colcon_core.package_identification:_identify(src/XRF2/XenoRosFramework/Unit-Tests/Logger) by extension 'ignore'
[1.124s] Level 1:colcon.colcon_core.package_identification:_identify(src/XRF2/XenoRosFramework/Unit-Tests/Logger) ignored
[1.124s] Level 1:colcon.colcon_core.package_identification:_identify(src/XRF2/XenoRosFramework/Unit-Tests/Monitor) by extensions ['ignore', 'ignore_ament_install']
[1.125s] Level 1:colcon.colcon_core.package_identification:_identify(src/XRF2/XenoRosFramework/Unit-Tests/Monitor) by extension 'ignore'
[1.125s] Level 1:colcon.colcon_core.package_identification:_identify(src/XRF2/XenoRosFramework/Unit-Tests/Monitor) ignored
[1.125s] Level 1:colcon.colcon_core.package_identification:_identify(src/XRF2/XenoRosFramework/Xenomai) by extensions ['ignore', 'ignore_ament_install']
[1.126s] Level 1:colcon.colcon_core.package_identification:_identify(src/XRF2/XenoRosFramework/Xenomai) by extension 'ignore'
[1.126s] Level 1:colcon.colcon_core.package_identification:_identify(src/XRF2/XenoRosFramework/Xenomai) by extension 'ignore_ament_install'
[1.127s] Level 1:colcon.colcon_core.package_identification:_identify(src/XRF2/XenoRosFramework/Xenomai) by extensions ['colcon_pkg']
[1.127s] Level 1:colcon.colcon_core.package_identification:_identify(src/XRF2/XenoRosFramework/Xenomai) by extension 'colcon_pkg'
[1.127s] Level 1:colcon.colcon_core.package_identification:_identify(src/XRF2/XenoRosFramework/Xenomai) by extensions ['colcon_meta']
[1.127s] Level 1:colcon.colcon_core.package_identification:_identify(src/XRF2/XenoRosFramework/Xenomai) by extension 'colcon_meta'
[1.128s] Level 1:colcon.colcon_core.package_identification:_identify(src/XRF2/XenoRosFramework/Xenomai) by extensions ['ros']
[1.128s] Level 1:colcon.colcon_core.package_identification:_identify(src/XRF2/XenoRosFramework/Xenomai) by extension 'ros'
[1.129s] Level 1:colcon.colcon_core.package_identification:_identify(src/XRF2/XenoRosFramework/Xenomai) by extensions ['cmake', 'python']
[1.129s] Level 1:colcon.colcon_core.package_identification:_identify(src/XRF2/XenoRosFramework/Xenomai) by extension 'cmake'
[1.129s] Level 1:colcon.colcon_core.package_identification:_identify(src/XRF2/XenoRosFramework/Xenomai) by extension 'python'
[1.129s] Level 1:colcon.colcon_core.package_identification:_identify(src/XRF2/XenoRosFramework/Xenomai) by extensions ['python_setup_py']
[1.130s] Level 1:colcon.colcon_core.package_identification:_identify(src/XRF2/XenoRosFramework/Xenomai) by extension 'python_setup_py'
[1.130s] Level 1:colcon.colcon_core.package_identification:_identify(src/XRF2/XenoRosFramework/Xenomai/include) by extensions ['ignore', 'ignore_ament_install']
[1.131s] Level 1:colcon.colcon_core.package_identification:_identify(src/XRF2/XenoRosFramework/Xenomai/include) by extension 'ignore'
[1.131s] Level 1:colcon.colcon_core.package_identification:_identify(src/XRF2/XenoRosFramework/Xenomai/include) by extension 'ignore_ament_install'
[1.132s] Level 1:colcon.colcon_core.package_identification:_identify(src/XRF2/XenoRosFramework/Xenomai/include) by extensions ['colcon_pkg']
[1.132s] Level 1:colcon.colcon_core.package_identification:_identify(src/XRF2/XenoRosFramework/Xenomai/include) by extension 'colcon_pkg'
[1.132s] Level 1:colcon.colcon_core.package_identification:_identify(src/XRF2/XenoRosFramework/Xenomai/include) by extensions ['colcon_meta']
[1.133s] Level 1:colcon.colcon_core.package_identification:_identify(src/XRF2/XenoRosFramework/Xenomai/include) by extension 'colcon_meta'
[1.133s] Level 1:colcon.colcon_core.package_identification:_identify(src/XRF2/XenoRosFramework/Xenomai/include) by extensions ['ros']
[1.133s] Level 1:colcon.colcon_core.package_identification:_identify(src/XRF2/XenoRosFramework/Xenomai/include) by extension 'ros'
[1.134s] Level 1:colcon.colcon_core.package_identification:_identify(src/XRF2/XenoRosFramework/Xenomai/include) by extensions ['cmake', 'python']
[1.134s] Level 1:colcon.colcon_core.package_identification:_identify(src/XRF2/XenoRosFramework/Xenomai/include) by extension 'cmake'
[1.134s] Level 1:colcon.colcon_core.package_identification:_identify(src/XRF2/XenoRosFramework/Xenomai/include) by extension 'python'
[1.135s] Level 1:colcon.colcon_core.package_identification:_identify(src/XRF2/XenoRosFramework/Xenomai/include) by extensions ['python_setup_py']
[1.135s] Level 1:colcon.colcon_core.package_identification:_identify(src/XRF2/XenoRosFramework/Xenomai/include) by extension 'python_setup_py'
[1.135s] Level 1:colcon.colcon_core.package_identification:_identify(src/XRF2/XenoRosFramework/Xenomai/src) by extensions ['ignore', 'ignore_ament_install']
[1.136s] Level 1:colcon.colcon_core.package_identification:_identify(src/XRF2/XenoRosFramework/Xenomai/src) by extension 'ignore'
[1.136s] Level 1:colcon.colcon_core.package_identification:_identify(src/XRF2/XenoRosFramework/Xenomai/src) by extension 'ignore_ament_install'
[1.137s] Level 1:colcon.colcon_core.package_identification:_identify(src/XRF2/XenoRosFramework/Xenomai/src) by extensions ['colcon_pkg']
[1.137s] Level 1:colcon.colcon_core.package_identification:_identify(src/XRF2/XenoRosFramework/Xenomai/src) by extension 'colcon_pkg'
[1.137s] Level 1:colcon.colcon_core.package_identification:_identify(src/XRF2/XenoRosFramework/Xenomai/src) by extensions ['colcon_meta']
[1.137s] Level 1:colcon.colcon_core.package_identification:_identify(src/XRF2/XenoRosFramework/Xenomai/src) by extension 'colcon_meta'
[1.138s] Level 1:colcon.colcon_core.package_identification:_identify(src/XRF2/XenoRosFramework/Xenomai/src) by extensions ['ros']
[1.138s] Level 1:colcon.colcon_core.package_identification:_identify(src/XRF2/XenoRosFramework/Xenomai/src) by extension 'ros'
[1.138s] Level 1:colcon.colcon_core.package_identification:_identify(src/XRF2/XenoRosFramework/Xenomai/src) by extensions ['cmake', 'python']
[1.139s] Level 1:colcon.colcon_core.package_identification:_identify(src/XRF2/XenoRosFramework/Xenomai/src) by extension 'cmake'
[1.139s] Level 1:colcon.colcon_core.package_identification:_identify(src/XRF2/XenoRosFramework/Xenomai/src) by extension 'python'
[1.139s] Level 1:colcon.colcon_core.package_identification:_identify(src/XRF2/XenoRosFramework/Xenomai/src) by extensions ['python_setup_py']
[1.140s] Level 1:colcon.colcon_core.package_identification:_identify(src/XRF2/XenoRosFramework/Xenomai/src) by extension 'python_setup_py'
[1.140s] Level 1:colcon.colcon_core.package_identification:_identify(src/relbot_simulator) by extensions ['ignore', 'ignore_ament_install']
[1.141s] Level 1:colcon.colcon_core.package_identification:_identify(src/relbot_simulator) by extension 'ignore'
[1.141s] Level 1:colcon.colcon_core.package_identification:_identify(src/relbot_simulator) by extension 'ignore_ament_install'
[1.142s] Level 1:colcon.colcon_core.package_identification:_identify(src/relbot_simulator) by extensions ['colcon_pkg']
[1.142s] Level 1:colcon.colcon_core.package_identification:_identify(src/relbot_simulator) by extension 'colcon_pkg'
[1.142s] Level 1:colcon.colcon_core.package_identification:_identify(src/relbot_simulator) by extensions ['colcon_meta']
[1.143s] Level 1:colcon.colcon_core.package_identification:_identify(src/relbot_simulator) by extension 'colcon_meta'
[1.143s] Level 1:colcon.colcon_core.package_identification:_identify(src/relbot_simulator) by extensions ['ros']
[1.143s] Level 1:colcon.colcon_core.package_identification:_identify(src/relbot_simulator) by extension 'ros'
[1.147s] DEBUG:colcon.colcon_core.package_identification:Package 'src/relbot_simulator' with type 'ros.ament_cmake' and name 'relbot_simulator'
[1.147s] Level 1:colcon.colcon_core.package_identification:_identify(src/xcontroller) by extensions ['ignore', 'ignore_ament_install']
[1.148s] Level 1:colcon.colcon_core.package_identification:_identify(src/xcontroller) by extension 'ignore'
[1.148s] Level 1:colcon.colcon_core.package_identification:_identify(src/xcontroller) by extension 'ignore_ament_install'
[1.149s] Level 1:colcon.colcon_core.package_identification:_identify(src/xcontroller) by extensions ['colcon_pkg']
[1.149s] Level 1:colcon.colcon_core.package_identification:_identify(src/xcontroller) by extension 'colcon_pkg'
[1.149s] Level 1:colcon.colcon_core.package_identification:_identify(src/xcontroller) by extensions ['colcon_meta']
[1.149s] Level 1:colcon.colcon_core.package_identification:_identify(src/xcontroller) by extension 'colcon_meta'
[1.150s] Level 1:colcon.colcon_core.package_identification:_identify(src/xcontroller) by extensions ['ros']
[1.150s] Level 1:colcon.colcon_core.package_identification:_identify(src/xcontroller) by extension 'ros'
[1.150s] Level 1:colcon.colcon_core.package_identification:_identify(src/xcontroller) by extensions ['cmake', 'python']
[1.151s] Level 1:colcon.colcon_core.package_identification:_identify(src/xcontroller) by extension 'cmake'
[1.156s] Level 1:colcon.colcon_core.package_identification:_identify(src/xcontroller) by extension 'python'
[1.157s] DEBUG:colcon.colcon_core.package_identification:Package 'src/xcontroller' with type 'cmake' and name 'xcontroller'
[1.157s] Level 1:colcon.colcon_core.package_identification:_identify(xrf2_logging) by extensions ['ignore', 'ignore_ament_install']
[1.158s] Level 1:colcon.colcon_core.package_identification:_identify(xrf2_logging) by extension 'ignore'
[1.158s] Level 1:colcon.colcon_core.package_identification:_identify(xrf2_logging) by extension 'ignore_ament_install'
[1.159s] Level 1:colcon.colcon_core.package_identification:_identify(xrf2_logging) by extensions ['colcon_pkg']
[1.159s] Level 1:colcon.colcon_core.package_identification:_identify(xrf2_logging) by extension 'colcon_pkg'
[1.159s] Level 1:colcon.colcon_core.package_identification:_identify(xrf2_logging) by extensions ['colcon_meta']
[1.159s] Level 1:colcon.colcon_core.package_identification:_identify(xrf2_logging) by extension 'colcon_meta'
[1.160s] Level 1:colcon.colcon_core.package_identification:_identify(xrf2_logging) by extensions ['ros']
[1.160s] Level 1:colcon.colcon_core.package_identification:_identify(xrf2_logging) by extension 'ros'
[1.161s] Level 1:colcon.colcon_core.package_identification:_identify(xrf2_logging) by extensions ['cmake', 'python']
[1.161s] Level 1:colcon.colcon_core.package_identification:_identify(xrf2_logging) by extension 'cmake'
[1.161s] Level 1:colcon.colcon_core.package_identification:_identify(xrf2_logging) by extension 'python'
[1.162s] Level 1:colcon.colcon_core.package_identification:_identify(xrf2_logging) by extensions ['python_setup_py']
[1.162s] Level 1:colcon.colcon_core.package_identification:_identify(xrf2_logging) by extension 'python_setup_py'
[1.162s] Level 1:colcon.colcon_core.package_discovery:discover_packages(recursive) using defaults
[1.163s] Level 1:colcon.colcon_core.package_discovery:discover_packages(ignore) discover
[1.163s] Level 1:colcon.colcon_core.package_discovery:discover_packages(ignore) using defaults
[1.163s] Level 1:colcon.colcon_core.package_discovery:discover_packages(path) discover
[1.163s] Level 1:colcon.colcon_core.package_discovery:discover_packages(path) using defaults
[1.272s] Level 1:colcon.colcon_core.package_discovery:discover_packages(prefix_path) check parameters
[1.273s] Level 1:colcon.colcon_core.package_discovery:discover_packages(prefix_path) discover
[1.280s] DEBUG:colcon.colcon_installed_package_information.package_discovery:Found 4 installed packages in /home/asdfr-19/ros2_ws/install
[1.285s] DEBUG:colcon.colcon_installed_package_information.package_discovery:Found 271 installed packages in /opt/ros/humble
[1.291s] Level 1:colcon.colcon_core.package_discovery:discover_packages(prefix_path) using defaults
[1.432s] Level 5:colcon.colcon_core.verb:set package 'relbot_simulator' build argument 'cmake_args' from command line to 'None'
[1.432s] Level 5:colcon.colcon_core.verb:set package 'relbot_simulator' build argument 'cmake_target' from command line to 'None'
[1.432s] Level 5:colcon.colcon_core.verb:set package 'relbot_simulator' build argument 'cmake_target_skip_unavailable' from command line to 'False'
[1.433s] Level 5:colcon.colcon_core.verb:set package 'relbot_simulator' build argument 'cmake_clean_cache' from command line to 'False'
[1.433s] Level 5:colcon.colcon_core.verb:set package 'relbot_simulator' build argument 'cmake_clean_first' from command line to 'False'
[1.433s] Level 5:colcon.colcon_core.verb:set package 'relbot_simulator' build argument 'cmake_force_configure' from command line to 'False'
[1.433s] Level 5:colcon.colcon_core.verb:set package 'relbot_simulator' build argument 'ament_cmake_args' from command line to 'None'
[1.434s] Level 5:colcon.colcon_core.verb:set package 'relbot_simulator' build argument 'catkin_cmake_args' from command line to 'None'
[1.434s] Level 5:colcon.colcon_core.verb:set package 'relbot_simulator' build argument 'catkin_skip_building_tests' from command line to 'False'
[1.434s] DEBUG:colcon.colcon_core.verb:Building package 'relbot_simulator' with the following arguments: {'ament_cmake_args': None, 'build_base': '/home/asdfr-19/ros2_ws/build/relbot_simulator', 'catkin_cmake_args': None, 'catkin_skip_building_tests': False, 'cmake_args': None, 'cmake_clean_cache': False, 'cmake_clean_first': False, 'cmake_force_configure': False, 'cmake_target': None, 'cmake_target_skip_unavailable': False, 'install_base': '/home/asdfr-19/ros2_ws/install/relbot_simulator', 'merge_install': False, 'path': '/home/asdfr-19/ros2_ws/src/relbot_simulator', 'symlink_install': False, 'test_result_base': None}
[1.436s] Level 5:colcon.colcon_core.verb:set package 'xrf2_msgs' build argument 'cmake_args' from command line to 'None'
[1.436s] Level 5:colcon.colcon_core.verb:set package 'xrf2_msgs' build argument 'cmake_target' from command line to 'None'
[1.436s] Level 5:colcon.colcon_core.verb:set package 'xrf2_msgs' build argument 'cmake_target_skip_unavailable' from command line to 'False'
[1.437s] Level 5:colcon.colcon_core.verb:set package 'xrf2_msgs' build argument 'cmake_clean_cache' from command line to 'False'
[1.437s] Level 5:colcon.colcon_core.verb:set package 'xrf2_msgs' build argument 'cmake_clean_first' from command line to 'False'
[1.437s] Level 5:colcon.colcon_core.verb:set package 'xrf2_msgs' build argument 'cmake_force_configure' from command line to 'False'
[1.437s] Level 5:colcon.colcon_core.verb:set package 'xrf2_msgs' build argument 'ament_cmake_args' from command line to 'None'
[1.438s] Level 5:colcon.colcon_core.verb:set package 'xrf2_msgs' build argument 'catkin_cmake_args' from command line to 'None'
[1.438s] Level 5:colcon.colcon_core.verb:set package 'xrf2_msgs' build argument 'catkin_skip_building_tests' from command line to 'False'
[1.438s] DEBUG:colcon.colcon_core.verb:Building package 'xrf2_msgs' with the following arguments: {'ament_cmake_args': None, 'build_base': '/home/asdfr-19/ros2_ws/build/xrf2_msgs', 'catkin_cmake_args': None, 'catkin_skip_building_tests': False, 'cmake_args': None, 'cmake_clean_cache': False, 'cmake_clean_first': False, 'cmake_force_configure': False, 'cmake_target': None, 'cmake_target_skip_unavailable': False, 'install_base': '/home/asdfr-19/ros2_ws/install/xrf2_msgs', 'merge_install': False, 'path': '/home/asdfr-19/ros2_ws/src/XRF2/XenoRosFramework/Common/XRF2_msgs', 'symlink_install': False, 'test_result_base': None}
[1.440s] Level 5:colcon.colcon_core.verb:set package 'ros_xeno_bridge' build argument 'cmake_args' from command line to 'None'
[1.440s] Level 5:colcon.colcon_core.verb:set package 'ros_xeno_bridge' build argument 'cmake_target' from command line to 'None'
[1.440s] Level 5:colcon.colcon_core.verb:set package 'ros_xeno_bridge' build argument 'cmake_target_skip_unavailable' from command line to 'False'
[1.441s] Level 5:colcon.colcon_core.verb:set package 'ros_xeno_bridge' build argument 'cmake_clean_cache' from command line to 'False'
[1.441s] Level 5:colcon.colcon_core.verb:set package 'ros_xeno_bridge' build argument 'cmake_clean_first' from command line to 'False'
[1.441s] Level 5:colcon.colcon_core.verb:set package 'ros_xeno_bridge' build argument 'cmake_force_configure' from command line to 'False'
[1.441s] Level 5:colcon.colcon_core.verb:set package 'ros_xeno_bridge' build argument 'ament_cmake_args' from command line to 'None'
[1.441s] Level 5:colcon.colcon_core.verb:set package 'ros_xeno_bridge' build argument 'catkin_cmake_args' from command line to 'None'
[1.442s] Level 5:colcon.colcon_core.verb:set package 'ros_xeno_bridge' build argument 'catkin_skip_building_tests' from command line to 'False'
[1.442s] DEBUG:colcon.colcon_core.verb:Building package 'ros_xeno_bridge' with the following arguments: {'ament_cmake_args': None, 'build_base': '/home/asdfr-19/ros2_ws/build/ros_xeno_bridge', 'catkin_cmake_args': None, 'catkin_skip_building_tests': False, 'cmake_args': None, 'cmake_clean_cache': False, 'cmake_clean_first': False, 'cmake_force_configure': False, 'cmake_target': None, 'cmake_target_skip_unavailable': False, 'install_base': '/home/asdfr-19/ros2_ws/install/ros_xeno_bridge', 'merge_install': False, 'path': '/home/asdfr-19/ros2_ws/src/XRF2/XenoRosFramework/Ros/ros_xeno_bridge', 'symlink_install': False, 'test_result_base': None}
[1.444s] Level 5:colcon.colcon_core.verb:set package 'xcontroller' build argument 'cmake_args' from command line to 'None'
[1.444s] Level 5:colcon.colcon_core.verb:set package 'xcontroller' build argument 'cmake_target' from command line to 'None'
[1.444s] Level 5:colcon.colcon_core.verb:set package 'xcontroller' build argument 'cmake_target_skip_unavailable' from command line to 'False'
[1.444s] Level 5:colcon.colcon_core.verb:set package 'xcontroller' build argument 'cmake_clean_cache' from command line to 'False'
[1.445s] Level 5:colcon.colcon_core.verb:set package 'xcontroller' build argument 'cmake_clean_first' from command line to 'False'
[1.445s] Level 5:colcon.colcon_core.verb:set package 'xcontroller' build argument 'cmake_force_configure' from command line to 'False'
[1.445s] Level 5:colcon.colcon_core.verb:set package 'xcontroller' build argument 'ament_cmake_args' from command line to 'None'
[1.445s] Level 5:colcon.colcon_core.verb:set package 'xcontroller' build argument 'catkin_cmake_args' from command line to 'None'
[1.446s] Level 5:colcon.colcon_core.verb:set package 'xcontroller' build argument 'catkin_skip_building_tests' from command line to 'False'
[1.446s] DEBUG:colcon.colcon_core.verb:Building package 'xcontroller' with the following arguments: {'ament_cmake_args': None, 'build_base': '/home/asdfr-19/ros2_ws/build/xcontroller', 'catkin_cmake_args': None, 'catkin_skip_building_tests': False, 'cmake_args': None, 'cmake_clean_cache': False, 'cmake_clean_first': False, 'cmake_force_configure': False, 'cmake_target': None, 'cmake_target_skip_unavailable': False, 'install_base': '/home/asdfr-19/ros2_ws/install/xcontroller', 'merge_install': False, 'path': '/home/asdfr-19/ros2_ws/src/xcontroller', 'symlink_install': False, 'test_result_base': None}
[1.447s] INFO:colcon.colcon_core.executor:Executing jobs using 'parallel' executor
[1.450s] DEBUG:colcon.colcon_parallel_executor.executor.parallel:run_until_complete
[1.451s] INFO:colcon.colcon_ros.task.ament_cmake.build:Building ROS package in '/home/asdfr-19/ros2_ws/src/XRF2/XenoRosFramework/Common/XRF2_msgs' with build type 'ament_cmake'
[1.452s] INFO:colcon.colcon_cmake.task.cmake.build:Building CMake package in '/home/asdfr-19/ros2_ws/src/XRF2/XenoRosFramework/Common/XRF2_msgs'
[1.459s] INFO:colcon.colcon_core.plugin_system:Skipping extension 'colcon_core.shell.bat': Not used on non-Windows systems
[1.460s] INFO:colcon.colcon_core.shell:Skip shell extension 'powershell' for command environment: Not usable outside of PowerShell
[1.460s] DEBUG:colcon.colcon_core.shell:Skip shell extension 'dsv' for command environment
[1.473s] INFO:colcon.colcon_ros.task.ament_cmake.build:Building ROS package in '/home/asdfr-19/ros2_ws/src/relbot_simulator' with build type 'ament_cmake'
[1.474s] INFO:colcon.colcon_cmake.task.cmake.build:Building CMake package in '/home/asdfr-19/ros2_ws/src/relbot_simulator'
[1.475s] INFO:colcon.colcon_core.shell:Skip shell extension 'powershell' for command environment: Not usable outside of PowerShell
[1.476s] DEBUG:colcon.colcon_core.shell:Skip shell extension 'dsv' for command environment
[1.505s] DEBUG:colcon.colcon_core.event_handler.log_command:Invoking command in '/home/asdfr-19/ros2_ws/build/xrf2_msgs': CMAKE_PREFIX_PATH=${CMAKE_PREFIX_PATH}:/opt/ros/humble /usr/bin/cmake --build /home/asdfr-19/ros2_ws/build/xrf2_msgs -- -j3 -l3
[1.520s] DEBUG:colcon.colcon_core.event_handler.log_command:Invoking command in '/home/asdfr-19/ros2_ws/build/relbot_simulator': CMAKE_PREFIX_PATH=${CMAKE_PREFIX_PATH}:/opt/ros/humble /usr/bin/cmake --build /home/asdfr-19/ros2_ws/build/relbot_simulator -- -j3 -l3
[1.879s] DEBUG:colcon.colcon_core.event_handler.log_command:Invoked command in '/home/asdfr-19/ros2_ws/build/relbot_simulator' returned '0': CMAKE_PREFIX_PATH=${CMAKE_PREFIX_PATH}:/opt/ros/humble /usr/bin/cmake --build /home/asdfr-19/ros2_ws/build/relbot_simulator -- -j3 -l3
[1.946s] DEBUG:colcon.colcon_core.event_handler.log_command:Invoking command in '/home/asdfr-19/ros2_ws/build/relbot_simulator': CMAKE_PREFIX_PATH=${CMAKE_PREFIX_PATH}:/opt/ros/humble /usr/bin/cmake --install /home/asdfr-19/ros2_ws/build/relbot_simulator
[1.991s] Level 1:colcon.colcon_core.environment:create_environment_scripts_only(relbot_simulator)
[2.006s] Level 1:colcon.colcon_core.environment:checking '/home/asdfr-19/ros2_ws/install/relbot_simulator' for CMake module files
[2.024s] Level 1:colcon.colcon_core.environment:checking '/home/asdfr-19/ros2_ws/install/relbot_simulator' for CMake config files
[2.026s] Level 1:colcon.colcon_core.shell:create_environment_hook('relbot_simulator', 'cmake_prefix_path')
[2.027s] INFO:colcon.colcon_core.shell:Creating environment hook '/home/asdfr-19/ros2_ws/install/relbot_simulator/share/relbot_simulator/hook/cmake_prefix_path.ps1'
[2.039s] INFO:colcon.colcon_core.shell:Creating environment descriptor '/home/asdfr-19/ros2_ws/install/relbot_simulator/share/relbot_simulator/hook/cmake_prefix_path.dsv'
[2.045s] INFO:colcon.colcon_core.shell:Creating environment hook '/home/asdfr-19/ros2_ws/install/relbot_simulator/share/relbot_simulator/hook/cmake_prefix_path.sh'
[2.061s] Level 1:colcon.colcon_core.environment:checking '/home/asdfr-19/ros2_ws/install/relbot_simulator/lib'
[2.062s] Level 1:colcon.colcon_core.environment:checking '/home/asdfr-19/ros2_ws/install/relbot_simulator/bin'
[2.063s] Level 1:colcon.colcon_core.environment:checking '/home/asdfr-19/ros2_ws/install/relbot_simulator/lib/pkgconfig/relbot_simulator.pc'
[2.065s] Level 1:colcon.colcon_core.environment:checking '/home/asdfr-19/ros2_ws/install/relbot_simulator/lib/python3.10/site-packages'
[2.066s] Level 1:colcon.colcon_core.environment:checking '/home/asdfr-19/ros2_ws/install/relbot_simulator/bin'
[2.068s] INFO:colcon.colcon_core.shell:Creating package script '/home/asdfr-19/ros2_ws/install/relbot_simulator/share/relbot_simulator/package.ps1'
[2.083s] INFO:colcon.colcon_core.shell:Creating package descriptor '/home/asdfr-19/ros2_ws/install/relbot_simulator/share/relbot_simulator/package.dsv'
[2.096s] DEBUG:colcon.colcon_core.event_handler.log_command:Invoked command in '/home/asdfr-19/ros2_ws/build/relbot_simulator' returned '0': CMAKE_PREFIX_PATH=${CMAKE_PREFIX_PATH}:/opt/ros/humble /usr/bin/cmake --install /home/asdfr-19/ros2_ws/build/relbot_simulator
[2.099s] INFO:colcon.colcon_core.shell:Creating package script '/home/asdfr-19/ros2_ws/install/relbot_simulator/share/relbot_simulator/package.sh'
[2.104s] INFO:colcon.colcon_core.shell:Creating package script '/home/asdfr-19/ros2_ws/install/relbot_simulator/share/relbot_simulator/package.bash'
[2.109s] INFO:colcon.colcon_core.shell:Creating package script '/home/asdfr-19/ros2_ws/install/relbot_simulator/share/relbot_simulator/package.zsh'
[2.115s] Level 1:colcon.colcon_core.environment:create_file_with_runtime_dependencies(/home/asdfr-19/ros2_ws/install/relbot_simulator/share/colcon-core/packages/relbot_simulator)
[2.119s] Level 1:colcon.colcon_core.environment:create_environment_scripts_only(relbot_simulator)
[2.121s] Level 1:colcon.colcon_core.environment:checking '/home/asdfr-19/ros2_ws/install/relbot_simulator' for CMake module files
[2.124s] Level 1:colcon.colcon_core.environment:checking '/home/asdfr-19/ros2_ws/install/relbot_simulator' for CMake config files
[2.126s] Level 1:colcon.colcon_core.shell:create_environment_hook('relbot_simulator', 'cmake_prefix_path')
[2.128s] INFO:colcon.colcon_core.shell:Creating environment hook '/home/asdfr-19/ros2_ws/install/relbot_simulator/share/relbot_simulator/hook/cmake_prefix_path.ps1'
[2.131s] INFO:colcon.colcon_core.shell:Creating environment descriptor '/home/asdfr-19/ros2_ws/install/relbot_simulator/share/relbot_simulator/hook/cmake_prefix_path.dsv'
[2.134s] INFO:colcon.colcon_core.shell:Creating environment hook '/home/asdfr-19/ros2_ws/install/relbot_simulator/share/relbot_simulator/hook/cmake_prefix_path.sh'
[2.138s] Level 1:colcon.colcon_core.environment:checking '/home/asdfr-19/ros2_ws/install/relbot_simulator/lib'
[2.139s] Level 1:colcon.colcon_core.environment:checking '/home/asdfr-19/ros2_ws/install/relbot_simulator/bin'
[2.139s] Level 1:colcon.colcon_core.environment:checking '/home/asdfr-19/ros2_ws/install/relbot_simulator/lib/pkgconfig/relbot_simulator.pc'
[2.142s] Level 1:colcon.colcon_core.environment:checking '/home/asdfr-19/ros2_ws/install/relbot_simulator/lib/python3.10/site-packages'
[2.143s] Level 1:colcon.colcon_core.environment:checking '/home/asdfr-19/ros2_ws/install/relbot_simulator/bin'
[2.145s] INFO:colcon.colcon_core.shell:Creating package script '/home/asdfr-19/ros2_ws/install/relbot_simulator/share/relbot_simulator/package.ps1'
[2.148s] INFO:colcon.colcon_core.shell:Creating package descriptor '/home/asdfr-19/ros2_ws/install/relbot_simulator/share/relbot_simulator/package.dsv'
[2.155s] INFO:colcon.colcon_core.shell:Creating package script '/home/asdfr-19/ros2_ws/install/relbot_simulator/share/relbot_simulator/package.sh'
[2.159s] INFO:colcon.colcon_core.shell:Creating package script '/home/asdfr-19/ros2_ws/install/relbot_simulator/share/relbot_simulator/package.bash'
[2.164s] INFO:colcon.colcon_core.shell:Creating package script '/home/asdfr-19/ros2_ws/install/relbot_simulator/share/relbot_simulator/package.zsh'
[2.167s] Level 1:colcon.colcon_core.environment:create_file_with_runtime_dependencies(/home/asdfr-19/ros2_ws/install/relbot_simulator/share/colcon-core/packages/relbot_simulator)
[3.116s] DEBUG:colcon.colcon_core.event_handler.log_command:Invoked command in '/home/asdfr-19/ros2_ws/build/xrf2_msgs' returned '0': CMAKE_PREFIX_PATH=${CMAKE_PREFIX_PATH}:/opt/ros/humble /usr/bin/cmake --build /home/asdfr-19/ros2_ws/build/xrf2_msgs -- -j3 -l3
[3.124s] DEBUG:colcon.colcon_core.event_handler.log_command:Invoking command in '/home/asdfr-19/ros2_ws/build/xrf2_msgs': CMAKE_PREFIX_PATH=${CMAKE_PREFIX_PATH}:/opt/ros/humble /usr/bin/cmake --install /home/asdfr-19/ros2_ws/build/xrf2_msgs
[3.336s] Level 1:colcon.colcon_core.environment:create_environment_scripts_only(xrf2_msgs)
[3.338s] Level 1:colcon.colcon_core.environment:checking '/home/asdfr-19/ros2_ws/install/xrf2_msgs' for CMake module files
[3.345s] Level 1:colcon.colcon_core.environment:checking '/home/asdfr-19/ros2_ws/install/xrf2_msgs' for CMake config files
[3.352s] Level 1:colcon.colcon_core.shell:create_environment_hook('xrf2_msgs', 'cmake_prefix_path')
[3.353s] INFO:colcon.colcon_core.shell:Creating environment hook '/home/asdfr-19/ros2_ws/install/xrf2_msgs/share/xrf2_msgs/hook/cmake_prefix_path.ps1'
[3.357s] INFO:colcon.colcon_core.shell:Creating environment descriptor '/home/asdfr-19/ros2_ws/install/xrf2_msgs/share/xrf2_msgs/hook/cmake_prefix_path.dsv'
[3.359s] INFO:colcon.colcon_core.shell:Creating environment hook '/home/asdfr-19/ros2_ws/install/xrf2_msgs/share/xrf2_msgs/hook/cmake_prefix_path.sh'
[3.364s] Level 1:colcon.colcon_core.environment:checking '/home/asdfr-19/ros2_ws/install/xrf2_msgs/lib'
[3.366s] Level 1:colcon.colcon_core.shell:create_environment_hook('xrf2_msgs', 'ld_library_path_lib')
[3.367s] INFO:colcon.colcon_core.shell:Creating environment hook '/home/asdfr-19/ros2_ws/install/xrf2_msgs/share/xrf2_msgs/hook/ld_library_path_lib.ps1'
[3.371s] INFO:colcon.colcon_core.shell:Creating environment descriptor '/home/asdfr-19/ros2_ws/install/xrf2_msgs/share/xrf2_msgs/hook/ld_library_path_lib.dsv'
[3.374s] INFO:colcon.colcon_core.shell:Creating environment hook '/home/asdfr-19/ros2_ws/install/xrf2_msgs/share/xrf2_msgs/hook/ld_library_path_lib.sh'
[3.377s] Level 1:colcon.colcon_core.environment:checking '/home/asdfr-19/ros2_ws/install/xrf2_msgs/bin'
[3.378s] Level 1:colcon.colcon_core.environment:checking '/home/asdfr-19/ros2_ws/install/xrf2_msgs/lib/pkgconfig/xrf2_msgs.pc'
[3.380s] Level 1:colcon.colcon_core.environment:checking '/home/asdfr-19/ros2_ws/install/xrf2_msgs/lib/python3.10/site-packages'
[3.381s] Level 1:colcon.colcon_core.environment:checking '/home/asdfr-19/ros2_ws/install/xrf2_msgs/bin'
[3.384s] INFO:colcon.colcon_core.shell:Creating package script '/home/asdfr-19/ros2_ws/install/xrf2_msgs/share/xrf2_msgs/package.ps1'
[3.388s] INFO:colcon.colcon_core.shell:Creating package descriptor '/home/asdfr-19/ros2_ws/install/xrf2_msgs/share/xrf2_msgs/package.dsv'
[3.392s] INFO:colcon.colcon_core.shell:Creating package script '/home/asdfr-19/ros2_ws/install/xrf2_msgs/share/xrf2_msgs/package.sh'
[3.396s] INFO:colcon.colcon_core.shell:Creating package script '/home/asdfr-19/ros2_ws/install/xrf2_msgs/share/xrf2_msgs/package.bash'
[3.399s] INFO:colcon.colcon_core.shell:Creating package script '/home/asdfr-19/ros2_ws/install/xrf2_msgs/share/xrf2_msgs/package.zsh'
[3.403s] Level 1:colcon.colcon_core.environment:create_file_with_runtime_dependencies(/home/asdfr-19/ros2_ws/install/xrf2_msgs/share/colcon-core/packages/xrf2_msgs)
[3.408s] Level 1:colcon.colcon_core.environment:create_environment_scripts_only(xrf2_msgs)
[3.410s] Level 1:colcon.colcon_core.environment:checking '/home/asdfr-19/ros2_ws/install/xrf2_msgs' for CMake module files
[3.417s] Level 1:colcon.colcon_core.environment:checking '/home/asdfr-19/ros2_ws/install/xrf2_msgs' for CMake config files
[3.422s] DEBUG:colcon.colcon_core.event_handler.log_command:Invoked command in '/home/asdfr-19/ros2_ws/build/xrf2_msgs' returned '0': CMAKE_PREFIX_PATH=${CMAKE_PREFIX_PATH}:/opt/ros/humble /usr/bin/cmake --install /home/asdfr-19/ros2_ws/build/xrf2_msgs
[3.424s] Level 1:colcon.colcon_core.shell:create_environment_hook('xrf2_msgs', 'cmake_prefix_path')
[3.426s] INFO:colcon.colcon_core.shell:Creating environment hook '/home/asdfr-19/ros2_ws/install/xrf2_msgs/share/xrf2_msgs/hook/cmake_prefix_path.ps1'
[3.429s] INFO:colcon.colcon_core.shell:Creating environment descriptor '/home/asdfr-19/ros2_ws/install/xrf2_msgs/share/xrf2_msgs/hook/cmake_prefix_path.dsv'
[3.432s] INFO:colcon.colcon_core.shell:Creating environment hook '/home/asdfr-19/ros2_ws/install/xrf2_msgs/share/xrf2_msgs/hook/cmake_prefix_path.sh'
[3.436s] Level 1:colcon.colcon_core.environment:checking '/home/asdfr-19/ros2_ws/install/xrf2_msgs/lib'
[3.437s] Level 1:colcon.colcon_core.shell:create_environment_hook('xrf2_msgs', 'ld_library_path_lib')
[3.438s] INFO:colcon.colcon_core.shell:Creating environment hook '/home/asdfr-19/ros2_ws/install/xrf2_msgs/share/xrf2_msgs/hook/ld_library_path_lib.ps1'
[3.441s] INFO:colcon.colcon_core.shell:Creating environment descriptor '/home/asdfr-19/ros2_ws/install/xrf2_msgs/share/xrf2_msgs/hook/ld_library_path_lib.dsv'
[3.444s] INFO:colcon.colcon_core.shell:Creating environment hook '/home/asdfr-19/ros2_ws/install/xrf2_msgs/share/xrf2_msgs/hook/ld_library_path_lib.sh'
[3.447s] Level 1:colcon.colcon_core.environment:checking '/home/asdfr-19/ros2_ws/install/xrf2_msgs/bin'
[3.448s] Level 1:colcon.colcon_core.environment:checking '/home/asdfr-19/ros2_ws/install/xrf2_msgs/lib/pkgconfig/xrf2_msgs.pc'
[3.449s] Level 1:colcon.colcon_core.environment:checking '/home/asdfr-19/ros2_ws/install/xrf2_msgs/lib/python3.10/site-packages'
[3.450s] Level 1:colcon.colcon_core.environment:checking '/home/asdfr-19/ros2_ws/install/xrf2_msgs/bin'
[3.453s] INFO:colcon.colcon_core.shell:Creating package script '/home/asdfr-19/ros2_ws/install/xrf2_msgs/share/xrf2_msgs/package.ps1'
[3.456s] INFO:colcon.colcon_core.shell:Creating package descriptor '/home/asdfr-19/ros2_ws/install/xrf2_msgs/share/xrf2_msgs/package.dsv'
[3.459s] INFO:colcon.colcon_core.shell:Creating package script '/home/asdfr-19/ros2_ws/install/xrf2_msgs/share/xrf2_msgs/package.sh'
[3.463s] INFO:colcon.colcon_core.shell:Creating package script '/home/asdfr-19/ros2_ws/install/xrf2_msgs/share/xrf2_msgs/package.bash'
[3.465s] INFO:colcon.colcon_core.shell:Creating package script '/home/asdfr-19/ros2_ws/install/xrf2_msgs/share/xrf2_msgs/package.zsh'
[3.468s] Level 1:colcon.colcon_core.environment:create_file_with_runtime_dependencies(/home/asdfr-19/ros2_ws/install/xrf2_msgs/share/colcon-core/packages/xrf2_msgs)
[3.470s] INFO:colcon.colcon_ros.task.ament_cmake.build:Building ROS package in '/home/asdfr-19/ros2_ws/src/XRF2/XenoRosFramework/Ros/ros_xeno_bridge' with build type 'ament_cmake'
[3.470s] INFO:colcon.colcon_cmake.task.cmake.build:Building CMake package in '/home/asdfr-19/ros2_ws/src/XRF2/XenoRosFramework/Ros/ros_xeno_bridge'
[3.472s] INFO:colcon.colcon_core.shell:Skip shell extension 'powershell' for command environment: Not usable outside of PowerShell
[3.472s] DEBUG:colcon.colcon_core.shell:Skip shell extension 'dsv' for command environment
[3.487s] INFO:colcon.colcon_cmake.task.cmake.build:Building CMake package in '/home/asdfr-19/ros2_ws/src/xcontroller'
[3.489s] INFO:colcon.colcon_core.shell:Skip shell extension 'powershell' for command environment: Not usable outside of PowerShell
[3.490s] DEBUG:colcon.colcon_core.shell:Skip shell extension 'dsv' for command environment
[3.524s] DEBUG:colcon.colcon_core.event_handler.log_command:Invoking command in '/home/asdfr-19/ros2_ws/build/ros_xeno_bridge': CMAKE_PREFIX_PATH=/home/asdfr-19/ros2_ws/install/xrf2_msgs:/home/asdfr-19/ros2_ws/install/ros_xeno_bridge:/home/asdfr-19/ros2_ws/install/relbot_simulator:/opt/ros/humble /usr/bin/cmake --build /home/asdfr-19/ros2_ws/build/ros_xeno_bridge -- -j3 -l3
[3.537s] DEBUG:colcon.colcon_core.event_handler.log_command:Invoking command in '/home/asdfr-19/ros2_ws/build/xcontroller': CMAKE_PREFIX_PATH=/home/asdfr-19/ros2_ws/install/xrf2_msgs:/home/asdfr-19/ros2_ws/install/ros_xeno_bridge:/home/asdfr-19/ros2_ws/install/relbot_simulator /usr/bin/cmake --build /home/asdfr-19/ros2_ws/build/xcontroller -- -j3 -l3
[3.708s] DEBUG:colcon.colcon_core.event_handler.log_command:Invoked command in '/home/asdfr-19/ros2_ws/build/ros_xeno_bridge' returned '0': CMAKE_PREFIX_PATH=/home/asdfr-19/ros2_ws/install/xrf2_msgs:/home/asdfr-19/ros2_ws/install/ros_xeno_bridge:/home/asdfr-19/ros2_ws/install/relbot_simulator:/opt/ros/humble /usr/bin/cmake --build /home/asdfr-19/ros2_ws/build/ros_xeno_bridge -- -j3 -l3
[3.713s] DEBUG:colcon.colcon_core.event_handler.log_command:Invoking command in '/home/asdfr-19/ros2_ws/build/ros_xeno_bridge': CMAKE_PREFIX_PATH=/home/asdfr-19/ros2_ws/install/xrf2_msgs:/home/asdfr-19/ros2_ws/install/ros_xeno_bridge:/home/asdfr-19/ros2_ws/install/relbot_simulator:/opt/ros/humble /usr/bin/cmake --install /home/asdfr-19/ros2_ws/build/ros_xeno_bridge
[3.753s] Level 1:colcon.colcon_core.environment:create_environment_scripts_only(ros_xeno_bridge)
[3.754s] Level 1:colcon.colcon_core.environment:checking '/home/asdfr-19/ros2_ws/install/ros_xeno_bridge' for CMake module files
[3.757s] Level 1:colcon.colcon_core.environment:checking '/home/asdfr-19/ros2_ws/install/ros_xeno_bridge' for CMake config files
[3.758s] Level 1:colcon.colcon_core.shell:create_environment_hook('ros_xeno_bridge', 'cmake_prefix_path')
[3.759s] INFO:colcon.colcon_core.shell:Creating environment hook '/home/asdfr-19/ros2_ws/install/ros_xeno_bridge/share/ros_xeno_bridge/hook/cmake_prefix_path.ps1'
[3.762s] INFO:colcon.colcon_core.shell:Creating environment descriptor '/home/asdfr-19/ros2_ws/install/ros_xeno_bridge/share/ros_xeno_bridge/hook/cmake_prefix_path.dsv'
[3.764s] INFO:colcon.colcon_core.shell:Creating environment hook '/home/asdfr-19/ros2_ws/install/ros_xeno_bridge/share/ros_xeno_bridge/hook/cmake_prefix_path.sh'
[3.766s] Level 1:colcon.colcon_core.environment:checking '/home/asdfr-19/ros2_ws/install/ros_xeno_bridge/lib'
[3.772s] Level 1:colcon.colcon_core.environment:checking '/home/asdfr-19/ros2_ws/install/ros_xeno_bridge/bin'
[3.772s] Level 1:colcon.colcon_core.environment:checking '/home/asdfr-19/ros2_ws/install/ros_xeno_bridge/lib/pkgconfig/ros_xeno_bridge.pc'
[3.773s] Level 1:colcon.colcon_core.environment:checking '/home/asdfr-19/ros2_ws/install/ros_xeno_bridge/lib/python3.10/site-packages'
[3.774s] Level 1:colcon.colcon_core.environment:checking '/home/asdfr-19/ros2_ws/install/ros_xeno_bridge/bin'
[3.775s] INFO:colcon.colcon_core.shell:Creating package script '/home/asdfr-19/ros2_ws/install/ros_xeno_bridge/share/ros_xeno_bridge/package.ps1'
[3.778s] INFO:colcon.colcon_core.shell:Creating package descriptor '/home/asdfr-19/ros2_ws/install/ros_xeno_bridge/share/ros_xeno_bridge/package.dsv'
[3.771s] DEBUG:colcon.colcon_core.event_handler.log_command:Invoked command in '/home/asdfr-19/ros2_ws/build/ros_xeno_bridge' returned '0': CMAKE_PREFIX_PATH=/home/asdfr-19/ros2_ws/install/xrf2_msgs:/home/asdfr-19/ros2_ws/install/ros_xeno_bridge:/home/asdfr-19/ros2_ws/install/relbot_simulator:/opt/ros/humble /usr/bin/cmake --install /home/asdfr-19/ros2_ws/build/ros_xeno_bridge
[3.780s] INFO:colcon.colcon_core.shell:Creating package script '/home/asdfr-19/ros2_ws/install/ros_xeno_bridge/share/ros_xeno_bridge/package.sh'
[3.782s] INFO:colcon.colcon_core.shell:Creating package script '/home/asdfr-19/ros2_ws/install/ros_xeno_bridge/share/ros_xeno_bridge/package.bash'
[3.784s] INFO:colcon.colcon_core.shell:Creating package script '/home/asdfr-19/ros2_ws/install/ros_xeno_bridge/share/ros_xeno_bridge/package.zsh'
[3.786s] Level 1:colcon.colcon_core.environment:create_file_with_runtime_dependencies(/home/asdfr-19/ros2_ws/install/ros_xeno_bridge/share/colcon-core/packages/ros_xeno_bridge)
[3.789s] Level 1:colcon.colcon_core.environment:create_environment_scripts_only(ros_xeno_bridge)
[3.790s] Level 1:colcon.colcon_core.environment:checking '/home/asdfr-19/ros2_ws/install/ros_xeno_bridge' for CMake module files
[3.792s] Level 1:colcon.colcon_core.environment:checking '/home/asdfr-19/ros2_ws/install/ros_xeno_bridge' for CMake config files
[3.793s] Level 1:colcon.colcon_core.shell:create_environment_hook('ros_xeno_bridge', 'cmake_prefix_path')
[3.794s] INFO:colcon.colcon_core.shell:Creating environment hook '/home/asdfr-19/ros2_ws/install/ros_xeno_bridge/share/ros_xeno_bridge/hook/cmake_prefix_path.ps1'
[3.796s] INFO:colcon.colcon_core.shell:Creating environment descriptor '/home/asdfr-19/ros2_ws/install/ros_xeno_bridge/share/ros_xeno_bridge/hook/cmake_prefix_path.dsv'
[3.798s] INFO:colcon.colcon_core.shell:Creating environment hook '/home/asdfr-19/ros2_ws/install/ros_xeno_bridge/share/ros_xeno_bridge/hook/cmake_prefix_path.sh'
[3.800s] Level 1:colcon.colcon_core.environment:checking '/home/asdfr-19/ros2_ws/install/ros_xeno_bridge/lib'
[3.801s] Level 1:colcon.colcon_core.environment:checking '/home/asdfr-19/ros2_ws/install/ros_xeno_bridge/bin'
[3.801s] Level 1:colcon.colcon_core.environment:checking '/home/asdfr-19/ros2_ws/install/ros_xeno_bridge/lib/pkgconfig/ros_xeno_bridge.pc'
[3.802s] Level 1:colcon.colcon_core.environment:checking '/home/asdfr-19/ros2_ws/install/ros_xeno_bridge/lib/python3.10/site-packages'
[3.803s] Level 1:colcon.colcon_core.environment:checking '/home/asdfr-19/ros2_ws/install/ros_xeno_bridge/bin'
[3.805s] INFO:colcon.colcon_core.shell:Creating package script '/home/asdfr-19/ros2_ws/install/ros_xeno_bridge/share/ros_xeno_bridge/package.ps1'
[3.807s] INFO:colcon.colcon_core.shell:Creating package descriptor '/home/asdfr-19/ros2_ws/install/ros_xeno_bridge/share/ros_xeno_bridge/package.dsv'
[3.809s] INFO:colcon.colcon_core.shell:Creating package script '/home/asdfr-19/ros2_ws/install/ros_xeno_bridge/share/ros_xeno_bridge/package.sh'
[3.811s] INFO:colcon.colcon_core.shell:Creating package script '/home/asdfr-19/ros2_ws/install/ros_xeno_bridge/share/ros_xeno_bridge/package.bash'
[3.814s] INFO:colcon.colcon_core.shell:Creating package script '/home/asdfr-19/ros2_ws/install/ros_xeno_bridge/share/ros_xeno_bridge/package.zsh'
[3.816s] Level 1:colcon.colcon_core.environment:create_file_with_runtime_dependencies(/home/asdfr-19/ros2_ws/install/ros_xeno_bridge/share/colcon-core/packages/ros_xeno_bridge)
[7.481s] DEBUG:colcon.colcon_core.event_handler.log_command:Invoked command in '/home/asdfr-19/ros2_ws/build/xcontroller' returned '0': CMAKE_PREFIX_PATH=/home/asdfr-19/ros2_ws/install/xrf2_msgs:/home/asdfr-19/ros2_ws/install/ros_xeno_bridge:/home/asdfr-19/ros2_ws/install/relbot_simulator /usr/bin/cmake --build /home/asdfr-19/ros2_ws/build/xcontroller -- -j3 -l3
[7.481s] WARNING:colcon.colcon_cmake.task.cmake.build:Could not run installation step for package 'xcontroller' because it has no 'install' target
[7.482s] Level 1:colcon.colcon_core.environment:create_environment_scripts_only(xcontroller)
[7.484s] Level 1:colcon.colcon_core.environment:checking '/home/asdfr-19/ros2_ws/install/xcontroller' for CMake module files
[7.486s] Level 1:colcon.colcon_core.environment:checking '/home/asdfr-19/ros2_ws/install/xcontroller' for CMake config files
[7.488s] Level 1:colcon.colcon_core.environment:checking '/home/asdfr-19/ros2_ws/install/xcontroller/bin'
[7.489s] Level 1:colcon.colcon_core.environment:checking '/home/asdfr-19/ros2_ws/install/xcontroller/lib/pkgconfig/xcontroller.pc'
[7.491s] Level 1:colcon.colcon_core.environment:checking '/home/asdfr-19/ros2_ws/install/xcontroller/lib/python3.10/site-packages'
[7.493s] Level 1:colcon.colcon_core.environment:checking '/home/asdfr-19/ros2_ws/install/xcontroller/bin'
[7.495s] INFO:colcon.colcon_core.shell:Creating package script '/home/asdfr-19/ros2_ws/install/xcontroller/share/xcontroller/package.ps1'
[7.500s] INFO:colcon.colcon_core.shell:Creating package descriptor '/home/asdfr-19/ros2_ws/install/xcontroller/share/xcontroller/package.dsv'
[7.503s] INFO:colcon.colcon_core.shell:Creating package script '/home/asdfr-19/ros2_ws/install/xcontroller/share/xcontroller/package.sh'
[7.507s] INFO:colcon.colcon_core.shell:Creating package script '/home/asdfr-19/ros2_ws/install/xcontroller/share/xcontroller/package.bash'
[7.513s] INFO:colcon.colcon_core.shell:Creating package script '/home/asdfr-19/ros2_ws/install/xcontroller/share/xcontroller/package.zsh'
[7.517s] Level 1:colcon.colcon_core.environment:create_file_with_runtime_dependencies(/home/asdfr-19/ros2_ws/install/xcontroller/share/colcon-core/packages/xcontroller)
[7.520s] DEBUG:colcon.colcon_parallel_executor.executor.parallel:closing loop
[7.522s] DEBUG:colcon.colcon_parallel_executor.executor.parallel:loop closed
[7.523s] DEBUG:colcon.colcon_parallel_executor.executor.parallel:run_until_complete finished with '0'
[7.524s] DEBUG:colcon.colcon_core.event_reactor:joining thread
[7.560s] INFO:colcon.colcon_core.plugin_system:Skipping extension 'colcon_notification.desktop_notification.notify_send': Could not find 'notify-send'
[7.561s] INFO:colcon.colcon_core.plugin_system:Skipping extension 'colcon_notification.desktop_notification.terminal_notifier': Not used on non-Darwin systems
[7.562s] INFO:colcon.colcon_core.plugin_system:Skipping extension 'colcon_notification.desktop_notification.win32': Not used on non-Windows systems
[7.563s] INFO:colcon.colcon_notification.desktop_notification:Sending desktop notification using 'notify2'
[7.567s] DEBUG:colcon.colcon_notification.desktop_notification.notify2:Failed to initialize notify2: org.freedesktop.DBus.Error.ServiceUnknown: The name org.freedesktop.Notifications was not provided by any .service files
[7.568s] DEBUG:colcon.colcon_core.event_reactor:joined thread
[7.571s] INFO:colcon.colcon_core.shell:Creating prefix script '/home/asdfr-19/ros2_ws/install/local_setup.ps1'
[7.580s] INFO:colcon.colcon_core.shell:Creating prefix util module '/home/asdfr-19/ros2_ws/install/_local_setup_util_ps1.py'
[7.596s] INFO:colcon.colcon_core.shell:Creating prefix chain script '/home/asdfr-19/ros2_ws/install/setup.ps1'
[7.608s] INFO:colcon.colcon_core.shell:Creating prefix script '/home/asdfr-19/ros2_ws/install/local_setup.sh'
[7.614s] INFO:colcon.colcon_core.shell:Creating prefix util module '/home/asdfr-19/ros2_ws/install/_local_setup_util_sh.py'
[7.620s] INFO:colcon.colcon_core.shell:Creating prefix chain script '/home/asdfr-19/ros2_ws/install/setup.sh'
[7.628s] INFO:colcon.colcon_core.shell:Creating prefix script '/home/asdfr-19/ros2_ws/install/local_setup.bash'
[7.632s] INFO:colcon.colcon_core.shell:Creating prefix chain script '/home/asdfr-19/ros2_ws/install/setup.bash'
[7.639s] INFO:colcon.colcon_core.shell:Creating prefix script '/home/asdfr-19/ros2_ws/install/local_setup.zsh'
[7.642s] INFO:colcon.colcon_core.shell:Creating prefix chain script '/home/asdfr-19/ros2_ws/install/setup.zsh'
