[0.254s] DEBUG:colcon:Command line arguments: ['/usr/bin/colcon', 'list', '-p', '--base-paths', '/home/kaushik/Documents/ros2_ws']
[0.254s] DEBUG:colcon:Parsed command line arguments: Namespace(log_base=None, log_level=None, verb_name='list', build_base='build', ignore_user_meta=False, metas=['./colcon.meta'], base_paths=['/home/kaushik/Documents/ros2_ws'], packages_ignore=None, packages_ignore_regex=None, paths=None, packages_up_to=None, packages_up_to_regex=None, packages_above=None, packages_above_and_dependencies=None, packages_above_depth=None, packages_select_by_dep=None, packages_skip_by_dep=None, packages_skip_up_to=None, packages_select_build_failed=False, packages_skip_build_finished=False, packages_select_test_failures=False, packages_skip_test_passed=False, packages_select=None, packages_skip=None, packages_select_regex=None, packages_skip_regex=None, packages_start=None, packages_end=None, allow_overriding=[], topological_order=False, names_only=False, paths_only=True, topological_graph=False, topological_graph_dot=False, topological_graph_density=False, topological_graph_legend=False, topological_graph_dot_cluster=False, topological_graph_dot_include_skipped=False, mixin_files=None, mixin=None, verb_parser=<colcon_mixin.mixin.mixin_argument.MixinArgumentDecorator object at 0x7879d9be8fb0>, verb_extension=<colcon_package_information.verb.list.ListVerb object at 0x7879d9be7f80>, main=<bound method ListVerb.main of <colcon_package_information.verb.list.ListVerb object at 0x7879d9be7f80>>, mixin_verb=('list',))
[0.310s] Level 1:colcon.colcon_core.package_discovery:discover_packages(colcon_meta) check parameters
[0.310s] Level 1:colcon.colcon_core.package_discovery:discover_packages(recursive) check parameters
[0.310s] Level 1:colcon.colcon_core.package_discovery:discover_packages(ignore) check parameters
[0.310s] Level 1:colcon.colcon_core.package_discovery:discover_packages(path) check parameters
[0.310s] Level 1:colcon.colcon_core.package_discovery:discover_packages(recursive) discover
[0.310s] INFO:colcon.colcon_core.package_discovery:Crawling recursively for packages in '/home/kaushik/Documents/ros2_ws'
[0.310s] Level 1:colcon.colcon_core.package_identification:_identify(/home/kaushik/Documents/ros2_ws) by extensions ['ignore', 'ignore_ament_install']
[0.311s] Level 1:colcon.colcon_core.package_identification:_identify(/home/kaushik/Documents/ros2_ws) by extension 'ignore'
[0.311s] Level 1:colcon.colcon_core.package_identification:_identify(/home/kaushik/Documents/ros2_ws) by extension 'ignore_ament_install'
[0.311s] Level 1:colcon.colcon_core.package_identification:_identify(/home/kaushik/Documents/ros2_ws) by extensions ['colcon_pkg']
[0.311s] Level 1:colcon.colcon_core.package_identification:_identify(/home/kaushik/Documents/ros2_ws) by extension 'colcon_pkg'
[0.311s] Level 1:colcon.colcon_core.package_identification:_identify(/home/kaushik/Documents/ros2_ws) by extensions ['colcon_meta']
[0.311s] Level 1:colcon.colcon_core.package_identification:_identify(/home/kaushik/Documents/ros2_ws) by extension 'colcon_meta'
[0.311s] Level 1:colcon.colcon_core.package_identification:_identify(/home/kaushik/Documents/ros2_ws) by extensions ['ros']
[0.311s] Level 1:colcon.colcon_core.package_identification:_identify(/home/kaushik/Documents/ros2_ws) by extension 'ros'
[0.353s] Level 1:colcon.colcon_core.package_identification:_identify(/home/kaushik/Documents/ros2_ws) by extensions ['cmake', 'python']
[0.353s] Level 1:colcon.colcon_core.package_identification:_identify(/home/kaushik/Documents/ros2_ws) by extension 'cmake'
[0.353s] Level 1:colcon.colcon_core.package_identification:_identify(/home/kaushik/Documents/ros2_ws) by extension 'python'
[0.353s] Level 1:colcon.colcon_core.package_identification:_identify(/home/kaushik/Documents/ros2_ws) by extensions ['python_setup_py']
[0.353s] Level 1:colcon.colcon_core.package_identification:_identify(/home/kaushik/Documents/ros2_ws) by extension 'python_setup_py'
[0.354s] Level 1:colcon.colcon_core.package_identification:_identify(/home/kaushik/Documents/ros2_ws/build) by extensions ['ignore', 'ignore_ament_install']
[0.354s] Level 1:colcon.colcon_core.package_identification:_identify(/home/kaushik/Documents/ros2_ws/build) by extension 'ignore'
[0.354s] Level 1:colcon.colcon_core.package_identification:_identify(/home/kaushik/Documents/ros2_ws/build) ignored
[0.354s] Level 1:colcon.colcon_core.package_identification:_identify(/home/kaushik/Documents/ros2_ws/install) by extensions ['ignore', 'ignore_ament_install']
[0.354s] Level 1:colcon.colcon_core.package_identification:_identify(/home/kaushik/Documents/ros2_ws/install) by extension 'ignore'
[0.354s] Level 1:colcon.colcon_core.package_identification:_identify(/home/kaushik/Documents/ros2_ws/install) ignored
[0.354s] Level 1:colcon.colcon_core.package_identification:_identify(/home/kaushik/Documents/ros2_ws/log) by extensions ['ignore', 'ignore_ament_install']
[0.355s] Level 1:colcon.colcon_core.package_identification:_identify(/home/kaushik/Documents/ros2_ws/log) by extension 'ignore'
[0.355s] Level 1:colcon.colcon_core.package_identification:_identify(/home/kaushik/Documents/ros2_ws/log) ignored
[0.355s] Level 1:colcon.colcon_core.package_identification:_identify(/home/kaushik/Documents/ros2_ws/src) by extensions ['ignore', 'ignore_ament_install']
[0.355s] Level 1:colcon.colcon_core.package_identification:_identify(/home/kaushik/Documents/ros2_ws/src) by extension 'ignore'
[0.355s] Level 1:colcon.colcon_core.package_identification:_identify(/home/kaushik/Documents/ros2_ws/src) by extension 'ignore_ament_install'
[0.355s] Level 1:colcon.colcon_core.package_identification:_identify(/home/kaushik/Documents/ros2_ws/src) by extensions ['colcon_pkg']
[0.355s] Level 1:colcon.colcon_core.package_identification:_identify(/home/kaushik/Documents/ros2_ws/src) by extension 'colcon_pkg'
[0.355s] Level 1:colcon.colcon_core.package_identification:_identify(/home/kaushik/Documents/ros2_ws/src) by extensions ['colcon_meta']
[0.355s] Level 1:colcon.colcon_core.package_identification:_identify(/home/kaushik/Documents/ros2_ws/src) by extension 'colcon_meta'
[0.355s] Level 1:colcon.colcon_core.package_identification:_identify(/home/kaushik/Documents/ros2_ws/src) by extensions ['ros']
[0.355s] Level 1:colcon.colcon_core.package_identification:_identify(/home/kaushik/Documents/ros2_ws/src) by extension 'ros'
[0.356s] Level 1:colcon.colcon_core.package_identification:_identify(/home/kaushik/Documents/ros2_ws/src) by extensions ['cmake', 'python']
[0.356s] Level 1:colcon.colcon_core.package_identification:_identify(/home/kaushik/Documents/ros2_ws/src) by extension 'cmake'
[0.356s] Level 1:colcon.colcon_core.package_identification:_identify(/home/kaushik/Documents/ros2_ws/src) by extension 'python'
[0.356s] Level 1:colcon.colcon_core.package_identification:_identify(/home/kaushik/Documents/ros2_ws/src) by extensions ['python_setup_py']
[0.356s] Level 1:colcon.colcon_core.package_identification:_identify(/home/kaushik/Documents/ros2_ws/src) by extension 'python_setup_py'
[0.356s] Level 1:colcon.colcon_core.package_identification:_identify(/home/kaushik/Documents/ros2_ws/src/XRF2) by extensions ['ignore', 'ignore_ament_install']
[0.356s] Level 1:colcon.colcon_core.package_identification:_identify(/home/kaushik/Documents/ros2_ws/src/XRF2) by extension 'ignore'
[0.356s] Level 1:colcon.colcon_core.package_identification:_identify(/home/kaushik/Documents/ros2_ws/src/XRF2) by extension 'ignore_ament_install'
[0.356s] Level 1:colcon.colcon_core.package_identification:_identify(/home/kaushik/Documents/ros2_ws/src/XRF2) by extensions ['colcon_pkg']
[0.356s] Level 1:colcon.colcon_core.package_identification:_identify(/home/kaushik/Documents/ros2_ws/src/XRF2) by extension 'colcon_pkg'
[0.356s] Level 1:colcon.colcon_core.package_identification:_identify(/home/kaushik/Documents/ros2_ws/src/XRF2) by extensions ['colcon_meta']
[0.356s] Level 1:colcon.colcon_core.package_identification:_identify(/home/kaushik/Documents/ros2_ws/src/XRF2) by extension 'colcon_meta'
[0.356s] Level 1:colcon.colcon_core.package_identification:_identify(/home/kaushik/Documents/ros2_ws/src/XRF2) by extensions ['ros']
[0.356s] Level 1:colcon.colcon_core.package_identification:_identify(/home/kaushik/Documents/ros2_ws/src/XRF2) by extension 'ros'
[0.357s] Level 1:colcon.colcon_core.package_identification:_identify(/home/kaushik/Documents/ros2_ws/src/XRF2) by extensions ['cmake', 'python']
[0.357s] Level 1:colcon.colcon_core.package_identification:_identify(/home/kaushik/Documents/ros2_ws/src/XRF2) by extension 'cmake'
[0.357s] Level 1:colcon.colcon_core.package_identification:_identify(/home/kaushik/Documents/ros2_ws/src/XRF2) by extension 'python'
[0.357s] Level 1:colcon.colcon_core.package_identification:_identify(/home/kaushik/Documents/ros2_ws/src/XRF2) by extensions ['python_setup_py']
[0.357s] Level 1:colcon.colcon_core.package_identification:_identify(/home/kaushik/Documents/ros2_ws/src/XRF2) by extension 'python_setup_py'
[0.357s] Level 1:colcon.colcon_core.package_identification:_identify(/home/kaushik/Documents/ros2_ws/src/XRF2/Template) by extensions ['ignore', 'ignore_ament_install']
[0.357s] Level 1:colcon.colcon_core.package_identification:_identify(/home/kaushik/Documents/ros2_ws/src/XRF2/Template) by extension 'ignore'
[0.357s] Level 1:colcon.colcon_core.package_identification:_identify(/home/kaushik/Documents/ros2_ws/src/XRF2/Template) ignored
[0.357s] Level 1:colcon.colcon_core.package_identification:_identify(/home/kaushik/Documents/ros2_ws/src/XRF2/XenoRosFramework) by extensions ['ignore', 'ignore_ament_install']
[0.357s] Level 1:colcon.colcon_core.package_identification:_identify(/home/kaushik/Documents/ros2_ws/src/XRF2/XenoRosFramework) by extension 'ignore'
[0.358s] Level 1:colcon.colcon_core.package_identification:_identify(/home/kaushik/Documents/ros2_ws/src/XRF2/XenoRosFramework) by extension 'ignore_ament_install'
[0.358s] Level 1:colcon.colcon_core.package_identification:_identify(/home/kaushik/Documents/ros2_ws/src/XRF2/XenoRosFramework) by extensions ['colcon_pkg']
[0.358s] Level 1:colcon.colcon_core.package_identification:_identify(/home/kaushik/Documents/ros2_ws/src/XRF2/XenoRosFramework) by extension 'colcon_pkg'
[0.358s] Level 1:colcon.colcon_core.package_identification:_identify(/home/kaushik/Documents/ros2_ws/src/XRF2/XenoRosFramework) by extensions ['colcon_meta']
[0.358s] Level 1:colcon.colcon_core.package_identification:_identify(/home/kaushik/Documents/ros2_ws/src/XRF2/XenoRosFramework) by extension 'colcon_meta'
[0.358s] Level 1:colcon.colcon_core.package_identification:_identify(/home/kaushik/Documents/ros2_ws/src/XRF2/XenoRosFramework) by extensions ['ros']
[0.358s] Level 1:colcon.colcon_core.package_identification:_identify(/home/kaushik/Documents/ros2_ws/src/XRF2/XenoRosFramework) by extension 'ros'
[0.358s] Level 1:colcon.colcon_core.package_identification:_identify(/home/kaushik/Documents/ros2_ws/src/XRF2/XenoRosFramework) by extensions ['cmake', 'python']
[0.358s] Level 1:colcon.colcon_core.package_identification:_identify(/home/kaushik/Documents/ros2_ws/src/XRF2/XenoRosFramework) by extension 'cmake'
[0.358s] Level 1:colcon.colcon_core.package_identification:_identify(/home/kaushik/Documents/ros2_ws/src/XRF2/XenoRosFramework) by extension 'python'
[0.358s] Level 1:colcon.colcon_core.package_identification:_identify(/home/kaushik/Documents/ros2_ws/src/XRF2/XenoRosFramework) by extensions ['python_setup_py']
[0.358s] Level 1:colcon.colcon_core.package_identification:_identify(/home/kaushik/Documents/ros2_ws/src/XRF2/XenoRosFramework) by extension 'python_setup_py'
[0.358s] Level 1:colcon.colcon_core.package_identification:_identify(/home/kaushik/Documents/ros2_ws/src/XRF2/XenoRosFramework/Common) by extensions ['ignore', 'ignore_ament_install']
[0.359s] Level 1:colcon.colcon_core.package_identification:_identify(/home/kaushik/Documents/ros2_ws/src/XRF2/XenoRosFramework/Common) by extension 'ignore'
[0.359s] Level 1:colcon.colcon_core.package_identification:_identify(/home/kaushik/Documents/ros2_ws/src/XRF2/XenoRosFramework/Common) by extension 'ignore_ament_install'
[0.359s] Level 1:colcon.colcon_core.package_identification:_identify(/home/kaushik/Documents/ros2_ws/src/XRF2/XenoRosFramework/Common) by extensions ['colcon_pkg']
[0.359s] Level 1:colcon.colcon_core.package_identification:_identify(/home/kaushik/Documents/ros2_ws/src/XRF2/XenoRosFramework/Common) by extension 'colcon_pkg'
[0.359s] Level 1:colcon.colcon_core.package_identification:_identify(/home/kaushik/Documents/ros2_ws/src/XRF2/XenoRosFramework/Common) by extensions ['colcon_meta']
[0.359s] Level 1:colcon.colcon_core.package_identification:_identify(/home/kaushik/Documents/ros2_ws/src/XRF2/XenoRosFramework/Common) by extension 'colcon_meta'
[0.359s] Level 1:colcon.colcon_core.package_identification:_identify(/home/kaushik/Documents/ros2_ws/src/XRF2/XenoRosFramework/Common) by extensions ['ros']
[0.359s] Level 1:colcon.colcon_core.package_identification:_identify(/home/kaushik/Documents/ros2_ws/src/XRF2/XenoRosFramework/Common) by extension 'ros'
[0.359s] Level 1:colcon.colcon_core.package_identification:_identify(/home/kaushik/Documents/ros2_ws/src/XRF2/XenoRosFramework/Common) by extensions ['cmake', 'python']
[0.359s] Level 1:colcon.colcon_core.package_identification:_identify(/home/kaushik/Documents/ros2_ws/src/XRF2/XenoRosFramework/Common) by extension 'cmake'
[0.359s] Level 1:colcon.colcon_core.package_identification:_identify(/home/kaushik/Documents/ros2_ws/src/XRF2/XenoRosFramework/Common) by extension 'python'
[0.359s] Level 1:colcon.colcon_core.package_identification:_identify(/home/kaushik/Documents/ros2_ws/src/XRF2/XenoRosFramework/Common) by extensions ['python_setup_py']
[0.359s] Level 1:colcon.colcon_core.package_identification:_identify(/home/kaushik/Documents/ros2_ws/src/XRF2/XenoRosFramework/Common) by extension 'python_setup_py'
[0.360s] Level 1:colcon.colcon_core.package_identification:_identify(/home/kaushik/Documents/ros2_ws/src/XRF2/XenoRosFramework/Common/XRF2_msgs) by extensions ['ignore', 'ignore_ament_install']
[0.360s] Level 1:colcon.colcon_core.package_identification:_identify(/home/kaushik/Documents/ros2_ws/src/XRF2/XenoRosFramework/Common/XRF2_msgs) by extension 'ignore'
[0.360s] Level 1:colcon.colcon_core.package_identification:_identify(/home/kaushik/Documents/ros2_ws/src/XRF2/XenoRosFramework/Common/XRF2_msgs) by extension 'ignore_ament_install'
[0.360s] Level 1:colcon.colcon_core.package_identification:_identify(/home/kaushik/Documents/ros2_ws/src/XRF2/XenoRosFramework/Common/XRF2_msgs) by extensions ['colcon_pkg']
[0.360s] Level 1:colcon.colcon_core.package_identification:_identify(/home/kaushik/Documents/ros2_ws/src/XRF2/XenoRosFramework/Common/XRF2_msgs) by extension 'colcon_pkg'
[0.360s] Level 1:colcon.colcon_core.package_identification:_identify(/home/kaushik/Documents/ros2_ws/src/XRF2/XenoRosFramework/Common/XRF2_msgs) by extensions ['colcon_meta']
[0.360s] Level 1:colcon.colcon_core.package_identification:_identify(/home/kaushik/Documents/ros2_ws/src/XRF2/XenoRosFramework/Common/XRF2_msgs) by extension 'colcon_meta'
[0.360s] Level 1:colcon.colcon_core.package_identification:_identify(/home/kaushik/Documents/ros2_ws/src/XRF2/XenoRosFramework/Common/XRF2_msgs) by extensions ['ros']
[0.360s] Level 1:colcon.colcon_core.package_identification:_identify(/home/kaushik/Documents/ros2_ws/src/XRF2/XenoRosFramework/Common/XRF2_msgs) by extension 'ros'
[0.365s] DEBUG:colcon.colcon_core.package_identification:Package '/home/kaushik/Documents/ros2_ws/src/XRF2/XenoRosFramework/Common/XRF2_msgs' with type 'ros.ament_cmake' and name 'xrf2_msgs'
[0.365s] Level 1:colcon.colcon_core.package_identification:_identify(/home/kaushik/Documents/ros2_ws/src/XRF2/XenoRosFramework/Common/XenoFrtLogger_decoder) by extensions ['ignore', 'ignore_ament_install']
[0.365s] Level 1:colcon.colcon_core.package_identification:_identify(/home/kaushik/Documents/ros2_ws/src/XRF2/XenoRosFramework/Common/XenoFrtLogger_decoder) by extension 'ignore'
[0.365s] Level 1:colcon.colcon_core.package_identification:_identify(/home/kaushik/Documents/ros2_ws/src/XRF2/XenoRosFramework/Common/XenoFrtLogger_decoder) by extension 'ignore_ament_install'
[0.365s] Level 1:colcon.colcon_core.package_identification:_identify(/home/kaushik/Documents/ros2_ws/src/XRF2/XenoRosFramework/Common/XenoFrtLogger_decoder) by extensions ['colcon_pkg']
[0.365s] Level 1:colcon.colcon_core.package_identification:_identify(/home/kaushik/Documents/ros2_ws/src/XRF2/XenoRosFramework/Common/XenoFrtLogger_decoder) by extension 'colcon_pkg'
[0.365s] Level 1:colcon.colcon_core.package_identification:_identify(/home/kaushik/Documents/ros2_ws/src/XRF2/XenoRosFramework/Common/XenoFrtLogger_decoder) by extensions ['colcon_meta']
[0.365s] Level 1:colcon.colcon_core.package_identification:_identify(/home/kaushik/Documents/ros2_ws/src/XRF2/XenoRosFramework/Common/XenoFrtLogger_decoder) by extension 'colcon_meta'
[0.365s] Level 1:colcon.colcon_core.package_identification:_identify(/home/kaushik/Documents/ros2_ws/src/XRF2/XenoRosFramework/Common/XenoFrtLogger_decoder) by extensions ['ros']
[0.365s] Level 1:colcon.colcon_core.package_identification:_identify(/home/kaushik/Documents/ros2_ws/src/XRF2/XenoRosFramework/Common/XenoFrtLogger_decoder) by extension 'ros'
[0.366s] Level 1:colcon.colcon_core.package_identification:_identify(/home/kaushik/Documents/ros2_ws/src/XRF2/XenoRosFramework/Common/XenoFrtLogger_decoder) by extensions ['cmake', 'python']
[0.366s] Level 1:colcon.colcon_core.package_identification:_identify(/home/kaushik/Documents/ros2_ws/src/XRF2/XenoRosFramework/Common/XenoFrtLogger_decoder) by extension 'cmake'
[0.366s] Level 1:colcon.colcon_core.package_identification:_identify(/home/kaushik/Documents/ros2_ws/src/XRF2/XenoRosFramework/Common/XenoFrtLogger_decoder) by extension 'python'
[0.366s] Level 1:colcon.colcon_core.package_identification:_identify(/home/kaushik/Documents/ros2_ws/src/XRF2/XenoRosFramework/Common/XenoFrtLogger_decoder) by extensions ['python_setup_py']
[0.366s] Level 1:colcon.colcon_core.package_identification:_identify(/home/kaushik/Documents/ros2_ws/src/XRF2/XenoRosFramework/Common/XenoFrtLogger_decoder) by extension 'python_setup_py'
[0.366s] Level 1:colcon.colcon_core.package_identification:_identify(/home/kaushik/Documents/ros2_ws/src/XRF2/XenoRosFramework/Common/include) by extensions ['ignore', 'ignore_ament_install']
[0.366s] Level 1:colcon.colcon_core.package_identification:_identify(/home/kaushik/Documents/ros2_ws/src/XRF2/XenoRosFramework/Common/include) by extension 'ignore'
[0.366s] Level 1:colcon.colcon_core.package_identification:_identify(/home/kaushik/Documents/ros2_ws/src/XRF2/XenoRosFramework/Common/include) by extension 'ignore_ament_install'
[0.366s] Level 1:colcon.colcon_core.package_identification:_identify(/home/kaushik/Documents/ros2_ws/src/XRF2/XenoRosFramework/Common/include) by extensions ['colcon_pkg']
[0.366s] Level 1:colcon.colcon_core.package_identification:_identify(/home/kaushik/Documents/ros2_ws/src/XRF2/XenoRosFramework/Common/include) by extension 'colcon_pkg'
[0.366s] Level 1:colcon.colcon_core.package_identification:_identify(/home/kaushik/Documents/ros2_ws/src/XRF2/XenoRosFramework/Common/include) by extensions ['colcon_meta']
[0.366s] Level 1:colcon.colcon_core.package_identification:_identify(/home/kaushik/Documents/ros2_ws/src/XRF2/XenoRosFramework/Common/include) by extension 'colcon_meta'
[0.367s] Level 1:colcon.colcon_core.package_identification:_identify(/home/kaushik/Documents/ros2_ws/src/XRF2/XenoRosFramework/Common/include) by extensions ['ros']
[0.367s] Level 1:colcon.colcon_core.package_identification:_identify(/home/kaushik/Documents/ros2_ws/src/XRF2/XenoRosFramework/Common/include) by extension 'ros'
[0.367s] Level 1:colcon.colcon_core.package_identification:_identify(/home/kaushik/Documents/ros2_ws/src/XRF2/XenoRosFramework/Common/include) by extensions ['cmake', 'python']
[0.367s] Level 1:colcon.colcon_core.package_identification:_identify(/home/kaushik/Documents/ros2_ws/src/XRF2/XenoRosFramework/Common/include) by extension 'cmake'
[0.367s] Level 1:colcon.colcon_core.package_identification:_identify(/home/kaushik/Documents/ros2_ws/src/XRF2/XenoRosFramework/Common/include) by extension 'python'
[0.367s] Level 1:colcon.colcon_core.package_identification:_identify(/home/kaushik/Documents/ros2_ws/src/XRF2/XenoRosFramework/Common/include) by extensions ['python_setup_py']
[0.367s] Level 1:colcon.colcon_core.package_identification:_identify(/home/kaushik/Documents/ros2_ws/src/XRF2/XenoRosFramework/Common/include) by extension 'python_setup_py'
[0.367s] Level 1:colcon.colcon_core.package_identification:_identify(/home/kaushik/Documents/ros2_ws/src/XRF2/XenoRosFramework/Common/python_script) by extensions ['ignore', 'ignore_ament_install']
[0.367s] Level 1:colcon.colcon_core.package_identification:_identify(/home/kaushik/Documents/ros2_ws/src/XRF2/XenoRosFramework/Common/python_script) by extension 'ignore'
[0.367s] Level 1:colcon.colcon_core.package_identification:_identify(/home/kaushik/Documents/ros2_ws/src/XRF2/XenoRosFramework/Common/python_script) by extension 'ignore_ament_install'
[0.367s] Level 1:colcon.colcon_core.package_identification:_identify(/home/kaushik/Documents/ros2_ws/src/XRF2/XenoRosFramework/Common/python_script) by extensions ['colcon_pkg']
[0.367s] Level 1:colcon.colcon_core.package_identification:_identify(/home/kaushik/Documents/ros2_ws/src/XRF2/XenoRosFramework/Common/python_script) by extension 'colcon_pkg'
[0.367s] Level 1:colcon.colcon_core.package_identification:_identify(/home/kaushik/Documents/ros2_ws/src/XRF2/XenoRosFramework/Common/python_script) by extensions ['colcon_meta']
[0.368s] Level 1:colcon.colcon_core.package_identification:_identify(/home/kaushik/Documents/ros2_ws/src/XRF2/XenoRosFramework/Common/python_script) by extension 'colcon_meta'
[0.368s] Level 1:colcon.colcon_core.package_identification:_identify(/home/kaushik/Documents/ros2_ws/src/XRF2/XenoRosFramework/Common/python_script) by extensions ['ros']
[0.368s] Level 1:colcon.colcon_core.package_identification:_identify(/home/kaushik/Documents/ros2_ws/src/XRF2/XenoRosFramework/Common/python_script) by extension 'ros'
[0.368s] Level 1:colcon.colcon_core.package_identification:_identify(/home/kaushik/Documents/ros2_ws/src/XRF2/XenoRosFramework/Common/python_script) by extensions ['cmake', 'python']
[0.368s] Level 1:colcon.colcon_core.package_identification:_identify(/home/kaushik/Documents/ros2_ws/src/XRF2/XenoRosFramework/Common/python_script) by extension 'cmake'
[0.368s] Level 1:colcon.colcon_core.package_identification:_identify(/home/kaushik/Documents/ros2_ws/src/XRF2/XenoRosFramework/Common/python_script) by extension 'python'
[0.368s] Level 1:colcon.colcon_core.package_identification:_identify(/home/kaushik/Documents/ros2_ws/src/XRF2/XenoRosFramework/Common/python_script) by extensions ['python_setup_py']
[0.368s] Level 1:colcon.colcon_core.package_identification:_identify(/home/kaushik/Documents/ros2_ws/src/XRF2/XenoRosFramework/Common/python_script) by extension 'python_setup_py'
[0.368s] Level 1:colcon.colcon_core.package_identification:_identify(/home/kaushik/Documents/ros2_ws/src/XRF2/XenoRosFramework/Common/xbuf_dev_rule) by extensions ['ignore', 'ignore_ament_install']
[0.368s] Level 1:colcon.colcon_core.package_identification:_identify(/home/kaushik/Documents/ros2_ws/src/XRF2/XenoRosFramework/Common/xbuf_dev_rule) by extension 'ignore'
[0.368s] Level 1:colcon.colcon_core.package_identification:_identify(/home/kaushik/Documents/ros2_ws/src/XRF2/XenoRosFramework/Common/xbuf_dev_rule) by extension 'ignore_ament_install'
[0.368s] Level 1:colcon.colcon_core.package_identification:_identify(/home/kaushik/Documents/ros2_ws/src/XRF2/XenoRosFramework/Common/xbuf_dev_rule) by extensions ['colcon_pkg']
[0.368s] Level 1:colcon.colcon_core.package_identification:_identify(/home/kaushik/Documents/ros2_ws/src/XRF2/XenoRosFramework/Common/xbuf_dev_rule) by extension 'colcon_pkg'
[0.368s] Level 1:colcon.colcon_core.package_identification:_identify(/home/kaushik/Documents/ros2_ws/src/XRF2/XenoRosFramework/Common/xbuf_dev_rule) by extensions ['colcon_meta']
[0.368s] Level 1:colcon.colcon_core.package_identification:_identify(/home/kaushik/Documents/ros2_ws/src/XRF2/XenoRosFramework/Common/xbuf_dev_rule) by extension 'colcon_meta'
[0.368s] Level 1:colcon.colcon_core.package_identification:_identify(/home/kaushik/Documents/ros2_ws/src/XRF2/XenoRosFramework/Common/xbuf_dev_rule) by extensions ['ros']
[0.368s] Level 1:colcon.colcon_core.package_identification:_identify(/home/kaushik/Documents/ros2_ws/src/XRF2/XenoRosFramework/Common/xbuf_dev_rule) by extension 'ros'
[0.369s] Level 1:colcon.colcon_core.package_identification:_identify(/home/kaushik/Documents/ros2_ws/src/XRF2/XenoRosFramework/Common/xbuf_dev_rule) by extensions ['cmake', 'python']
[0.369s] Level 1:colcon.colcon_core.package_identification:_identify(/home/kaushik/Documents/ros2_ws/src/XRF2/XenoRosFramework/Common/xbuf_dev_rule) by extension 'cmake'
[0.369s] Level 1:colcon.colcon_core.package_identification:_identify(/home/kaushik/Documents/ros2_ws/src/XRF2/XenoRosFramework/Common/xbuf_dev_rule) by extension 'python'
[0.369s] Level 1:colcon.colcon_core.package_identification:_identify(/home/kaushik/Documents/ros2_ws/src/XRF2/XenoRosFramework/Common/xbuf_dev_rule) by extensions ['python_setup_py']
[0.369s] Level 1:colcon.colcon_core.package_identification:_identify(/home/kaushik/Documents/ros2_ws/src/XRF2/XenoRosFramework/Common/xbuf_dev_rule) by extension 'python_setup_py'
[0.369s] Level 1:colcon.colcon_core.package_identification:_identify(/home/kaushik/Documents/ros2_ws/src/XRF2/XenoRosFramework/Ros) by extensions ['ignore', 'ignore_ament_install']
[0.369s] Level 1:colcon.colcon_core.package_identification:_identify(/home/kaushik/Documents/ros2_ws/src/XRF2/XenoRosFramework/Ros) by extension 'ignore'
[0.369s] Level 1:colcon.colcon_core.package_identification:_identify(/home/kaushik/Documents/ros2_ws/src/XRF2/XenoRosFramework/Ros) by extension 'ignore_ament_install'
[0.369s] Level 1:colcon.colcon_core.package_identification:_identify(/home/kaushik/Documents/ros2_ws/src/XRF2/XenoRosFramework/Ros) by extensions ['colcon_pkg']
[0.369s] Level 1:colcon.colcon_core.package_identification:_identify(/home/kaushik/Documents/ros2_ws/src/XRF2/XenoRosFramework/Ros) by extension 'colcon_pkg'
[0.369s] Level 1:colcon.colcon_core.package_identification:_identify(/home/kaushik/Documents/ros2_ws/src/XRF2/XenoRosFramework/Ros) by extensions ['colcon_meta']
[0.369s] Level 1:colcon.colcon_core.package_identification:_identify(/home/kaushik/Documents/ros2_ws/src/XRF2/XenoRosFramework/Ros) by extension 'colcon_meta'
[0.369s] Level 1:colcon.colcon_core.package_identification:_identify(/home/kaushik/Documents/ros2_ws/src/XRF2/XenoRosFramework/Ros) by extensions ['ros']
[0.369s] Level 1:colcon.colcon_core.package_identification:_identify(/home/kaushik/Documents/ros2_ws/src/XRF2/XenoRosFramework/Ros) by extension 'ros'
[0.370s] Level 1:colcon.colcon_core.package_identification:_identify(/home/kaushik/Documents/ros2_ws/src/XRF2/XenoRosFramework/Ros) by extensions ['cmake', 'python']
[0.370s] Level 1:colcon.colcon_core.package_identification:_identify(/home/kaushik/Documents/ros2_ws/src/XRF2/XenoRosFramework/Ros) by extension 'cmake'
[0.370s] Level 1:colcon.colcon_core.package_identification:_identify(/home/kaushik/Documents/ros2_ws/src/XRF2/XenoRosFramework/Ros) by extension 'python'
[0.370s] Level 1:colcon.colcon_core.package_identification:_identify(/home/kaushik/Documents/ros2_ws/src/XRF2/XenoRosFramework/Ros) by extensions ['python_setup_py']
[0.370s] Level 1:colcon.colcon_core.package_identification:_identify(/home/kaushik/Documents/ros2_ws/src/XRF2/XenoRosFramework/Ros) by extension 'python_setup_py'
[0.370s] Level 1:colcon.colcon_core.package_identification:_identify(/home/kaushik/Documents/ros2_ws/src/XRF2/XenoRosFramework/Ros/ros_xeno_bridge) by extensions ['ignore', 'ignore_ament_install']
[0.370s] Level 1:colcon.colcon_core.package_identification:_identify(/home/kaushik/Documents/ros2_ws/src/XRF2/XenoRosFramework/Ros/ros_xeno_bridge) by extension 'ignore'
[0.370s] Level 1:colcon.colcon_core.package_identification:_identify(/home/kaushik/Documents/ros2_ws/src/XRF2/XenoRosFramework/Ros/ros_xeno_bridge) by extension 'ignore_ament_install'
[0.370s] Level 1:colcon.colcon_core.package_identification:_identify(/home/kaushik/Documents/ros2_ws/src/XRF2/XenoRosFramework/Ros/ros_xeno_bridge) by extensions ['colcon_pkg']
[0.370s] Level 1:colcon.colcon_core.package_identification:_identify(/home/kaushik/Documents/ros2_ws/src/XRF2/XenoRosFramework/Ros/ros_xeno_bridge) by extension 'colcon_pkg'
[0.370s] Level 1:colcon.colcon_core.package_identification:_identify(/home/kaushik/Documents/ros2_ws/src/XRF2/XenoRosFramework/Ros/ros_xeno_bridge) by extensions ['colcon_meta']
[0.370s] Level 1:colcon.colcon_core.package_identification:_identify(/home/kaushik/Documents/ros2_ws/src/XRF2/XenoRosFramework/Ros/ros_xeno_bridge) by extension 'colcon_meta'
[0.370s] Level 1:colcon.colcon_core.package_identification:_identify(/home/kaushik/Documents/ros2_ws/src/XRF2/XenoRosFramework/Ros/ros_xeno_bridge) by extensions ['ros']
[0.371s] Level 1:colcon.colcon_core.package_identification:_identify(/home/kaushik/Documents/ros2_ws/src/XRF2/XenoRosFramework/Ros/ros_xeno_bridge) by extension 'ros'
[0.372s] DEBUG:colcon.colcon_core.package_identification:Package '/home/kaushik/Documents/ros2_ws/src/XRF2/XenoRosFramework/Ros/ros_xeno_bridge' with type 'ros.ament_cmake' and name 'ros_xeno_bridge'
[0.372s] Level 1:colcon.colcon_core.package_identification:_identify(/home/kaushik/Documents/ros2_ws/src/XRF2/XenoRosFramework/Unit-Tests) by extensions ['ignore', 'ignore_ament_install']
[0.372s] Level 1:colcon.colcon_core.package_identification:_identify(/home/kaushik/Documents/ros2_ws/src/XRF2/XenoRosFramework/Unit-Tests) by extension 'ignore'
[0.372s] Level 1:colcon.colcon_core.package_identification:_identify(/home/kaushik/Documents/ros2_ws/src/XRF2/XenoRosFramework/Unit-Tests) by extension 'ignore_ament_install'
[0.372s] Level 1:colcon.colcon_core.package_identification:_identify(/home/kaushik/Documents/ros2_ws/src/XRF2/XenoRosFramework/Unit-Tests) by extensions ['colcon_pkg']
[0.372s] Level 1:colcon.colcon_core.package_identification:_identify(/home/kaushik/Documents/ros2_ws/src/XRF2/XenoRosFramework/Unit-Tests) by extension 'colcon_pkg'
[0.372s] Level 1:colcon.colcon_core.package_identification:_identify(/home/kaushik/Documents/ros2_ws/src/XRF2/XenoRosFramework/Unit-Tests) by extensions ['colcon_meta']
[0.372s] Level 1:colcon.colcon_core.package_identification:_identify(/home/kaushik/Documents/ros2_ws/src/XRF2/XenoRosFramework/Unit-Tests) by extension 'colcon_meta'
[0.372s] Level 1:colcon.colcon_core.package_identification:_identify(/home/kaushik/Documents/ros2_ws/src/XRF2/XenoRosFramework/Unit-Tests) by extensions ['ros']
[0.372s] Level 1:colcon.colcon_core.package_identification:_identify(/home/kaushik/Documents/ros2_ws/src/XRF2/XenoRosFramework/Unit-Tests) by extension 'ros'
[0.373s] Level 1:colcon.colcon_core.package_identification:_identify(/home/kaushik/Documents/ros2_ws/src/XRF2/XenoRosFramework/Unit-Tests) by extensions ['cmake', 'python']
[0.373s] Level 1:colcon.colcon_core.package_identification:_identify(/home/kaushik/Documents/ros2_ws/src/XRF2/XenoRosFramework/Unit-Tests) by extension 'cmake'
[0.373s] Level 1:colcon.colcon_core.package_identification:_identify(/home/kaushik/Documents/ros2_ws/src/XRF2/XenoRosFramework/Unit-Tests) by extension 'python'
[0.373s] Level 1:colcon.colcon_core.package_identification:_identify(/home/kaushik/Documents/ros2_ws/src/XRF2/XenoRosFramework/Unit-Tests) by extensions ['python_setup_py']
[0.373s] Level 1:colcon.colcon_core.package_identification:_identify(/home/kaushik/Documents/ros2_ws/src/XRF2/XenoRosFramework/Unit-Tests) by extension 'python_setup_py'
[0.373s] Level 1:colcon.colcon_core.package_identification:_identify(/home/kaushik/Documents/ros2_ws/src/XRF2/XenoRosFramework/Unit-Tests/IcoIo) by extensions ['ignore', 'ignore_ament_install']
[0.373s] Level 1:colcon.colcon_core.package_identification:_identify(/home/kaushik/Documents/ros2_ws/src/XRF2/XenoRosFramework/Unit-Tests/IcoIo) by extension 'ignore'
[0.373s] Level 1:colcon.colcon_core.package_identification:_identify(/home/kaushik/Documents/ros2_ws/src/XRF2/XenoRosFramework/Unit-Tests/IcoIo) ignored
[0.373s] Level 1:colcon.colcon_core.package_identification:_identify(/home/kaushik/Documents/ros2_ws/src/XRF2/XenoRosFramework/Unit-Tests/Logger) by extensions ['ignore', 'ignore_ament_install']
[0.373s] Level 1:colcon.colcon_core.package_identification:_identify(/home/kaushik/Documents/ros2_ws/src/XRF2/XenoRosFramework/Unit-Tests/Logger) by extension 'ignore'
[0.373s] Level 1:colcon.colcon_core.package_identification:_identify(/home/kaushik/Documents/ros2_ws/src/XRF2/XenoRosFramework/Unit-Tests/Logger) ignored
[0.374s] Level 1:colcon.colcon_core.package_identification:_identify(/home/kaushik/Documents/ros2_ws/src/XRF2/XenoRosFramework/Unit-Tests/Monitor) by extensions ['ignore', 'ignore_ament_install']
[0.374s] Level 1:colcon.colcon_core.package_identification:_identify(/home/kaushik/Documents/ros2_ws/src/XRF2/XenoRosFramework/Unit-Tests/Monitor) by extension 'ignore'
[0.374s] Level 1:colcon.colcon_core.package_identification:_identify(/home/kaushik/Documents/ros2_ws/src/XRF2/XenoRosFramework/Unit-Tests/Monitor) ignored
[0.374s] Level 1:colcon.colcon_core.package_identification:_identify(/home/kaushik/Documents/ros2_ws/src/XRF2/XenoRosFramework/Xenomai) by extensions ['ignore', 'ignore_ament_install']
[0.374s] Level 1:colcon.colcon_core.package_identification:_identify(/home/kaushik/Documents/ros2_ws/src/XRF2/XenoRosFramework/Xenomai) by extension 'ignore'
[0.374s] Level 1:colcon.colcon_core.package_identification:_identify(/home/kaushik/Documents/ros2_ws/src/XRF2/XenoRosFramework/Xenomai) by extension 'ignore_ament_install'
[0.374s] Level 1:colcon.colcon_core.package_identification:_identify(/home/kaushik/Documents/ros2_ws/src/XRF2/XenoRosFramework/Xenomai) by extensions ['colcon_pkg']
[0.374s] Level 1:colcon.colcon_core.package_identification:_identify(/home/kaushik/Documents/ros2_ws/src/XRF2/XenoRosFramework/Xenomai) by extension 'colcon_pkg'
[0.374s] Level 1:colcon.colcon_core.package_identification:_identify(/home/kaushik/Documents/ros2_ws/src/XRF2/XenoRosFramework/Xenomai) by extensions ['colcon_meta']
[0.374s] Level 1:colcon.colcon_core.package_identification:_identify(/home/kaushik/Documents/ros2_ws/src/XRF2/XenoRosFramework/Xenomai) by extension 'colcon_meta'
[0.374s] Level 1:colcon.colcon_core.package_identification:_identify(/home/kaushik/Documents/ros2_ws/src/XRF2/XenoRosFramework/Xenomai) by extensions ['ros']
[0.375s] Level 1:colcon.colcon_core.package_identification:_identify(/home/kaushik/Documents/ros2_ws/src/XRF2/XenoRosFramework/Xenomai) by extension 'ros'
[0.375s] Level 1:colcon.colcon_core.package_identification:_identify(/home/kaushik/Documents/ros2_ws/src/XRF2/XenoRosFramework/Xenomai) by extensions ['cmake', 'python']
[0.375s] Level 1:colcon.colcon_core.package_identification:_identify(/home/kaushik/Documents/ros2_ws/src/XRF2/XenoRosFramework/Xenomai) by extension 'cmake'
[0.375s] Level 1:colcon.colcon_core.package_identification:_identify(/home/kaushik/Documents/ros2_ws/src/XRF2/XenoRosFramework/Xenomai) by extension 'python'
[0.375s] Level 1:colcon.colcon_core.package_identification:_identify(/home/kaushik/Documents/ros2_ws/src/XRF2/XenoRosFramework/Xenomai) by extensions ['python_setup_py']
[0.375s] Level 1:colcon.colcon_core.package_identification:_identify(/home/kaushik/Documents/ros2_ws/src/XRF2/XenoRosFramework/Xenomai) by extension 'python_setup_py'
[0.375s] Level 1:colcon.colcon_core.package_identification:_identify(/home/kaushik/Documents/ros2_ws/src/XRF2/XenoRosFramework/Xenomai/include) by extensions ['ignore', 'ignore_ament_install']
[0.375s] Level 1:colcon.colcon_core.package_identification:_identify(/home/kaushik/Documents/ros2_ws/src/XRF2/XenoRosFramework/Xenomai/include) by extension 'ignore'
[0.375s] Level 1:colcon.colcon_core.package_identification:_identify(/home/kaushik/Documents/ros2_ws/src/XRF2/XenoRosFramework/Xenomai/include) by extension 'ignore_ament_install'
[0.375s] Level 1:colcon.colcon_core.package_identification:_identify(/home/kaushik/Documents/ros2_ws/src/XRF2/XenoRosFramework/Xenomai/include) by extensions ['colcon_pkg']
[0.375s] Level 1:colcon.colcon_core.package_identification:_identify(/home/kaushik/Documents/ros2_ws/src/XRF2/XenoRosFramework/Xenomai/include) by extension 'colcon_pkg'
[0.375s] Level 1:colcon.colcon_core.package_identification:_identify(/home/kaushik/Documents/ros2_ws/src/XRF2/XenoRosFramework/Xenomai/include) by extensions ['colcon_meta']
[0.375s] Level 1:colcon.colcon_core.package_identification:_identify(/home/kaushik/Documents/ros2_ws/src/XRF2/XenoRosFramework/Xenomai/include) by extension 'colcon_meta'
[0.376s] Level 1:colcon.colcon_core.package_identification:_identify(/home/kaushik/Documents/ros2_ws/src/XRF2/XenoRosFramework/Xenomai/include) by extensions ['ros']
[0.376s] Level 1:colcon.colcon_core.package_identification:_identify(/home/kaushik/Documents/ros2_ws/src/XRF2/XenoRosFramework/Xenomai/include) by extension 'ros'
[0.376s] Level 1:colcon.colcon_core.package_identification:_identify(/home/kaushik/Documents/ros2_ws/src/XRF2/XenoRosFramework/Xenomai/include) by extensions ['cmake', 'python']
[0.376s] Level 1:colcon.colcon_core.package_identification:_identify(/home/kaushik/Documents/ros2_ws/src/XRF2/XenoRosFramework/Xenomai/include) by extension 'cmake'
[0.376s] Level 1:colcon.colcon_core.package_identification:_identify(/home/kaushik/Documents/ros2_ws/src/XRF2/XenoRosFramework/Xenomai/include) by extension 'python'
[0.376s] Level 1:colcon.colcon_core.package_identification:_identify(/home/kaushik/Documents/ros2_ws/src/XRF2/XenoRosFramework/Xenomai/include) by extensions ['python_setup_py']
[0.376s] Level 1:colcon.colcon_core.package_identification:_identify(/home/kaushik/Documents/ros2_ws/src/XRF2/XenoRosFramework/Xenomai/include) by extension 'python_setup_py'
[0.376s] Level 1:colcon.colcon_core.package_identification:_identify(/home/kaushik/Documents/ros2_ws/src/XRF2/XenoRosFramework/Xenomai/src) by extensions ['ignore', 'ignore_ament_install']
[0.376s] Level 1:colcon.colcon_core.package_identification:_identify(/home/kaushik/Documents/ros2_ws/src/XRF2/XenoRosFramework/Xenomai/src) by extension 'ignore'
[0.376s] Level 1:colcon.colcon_core.package_identification:_identify(/home/kaushik/Documents/ros2_ws/src/XRF2/XenoRosFramework/Xenomai/src) by extension 'ignore_ament_install'
[0.376s] Level 1:colcon.colcon_core.package_identification:_identify(/home/kaushik/Documents/ros2_ws/src/XRF2/XenoRosFramework/Xenomai/src) by extensions ['colcon_pkg']
[0.376s] Level 1:colcon.colcon_core.package_identification:_identify(/home/kaushik/Documents/ros2_ws/src/XRF2/XenoRosFramework/Xenomai/src) by extension 'colcon_pkg'
[0.376s] Level 1:colcon.colcon_core.package_identification:_identify(/home/kaushik/Documents/ros2_ws/src/XRF2/XenoRosFramework/Xenomai/src) by extensions ['colcon_meta']
[0.377s] Level 1:colcon.colcon_core.package_identification:_identify(/home/kaushik/Documents/ros2_ws/src/XRF2/XenoRosFramework/Xenomai/src) by extension 'colcon_meta'
[0.377s] Level 1:colcon.colcon_core.package_identification:_identify(/home/kaushik/Documents/ros2_ws/src/XRF2/XenoRosFramework/Xenomai/src) by extensions ['ros']
[0.377s] Level 1:colcon.colcon_core.package_identification:_identify(/home/kaushik/Documents/ros2_ws/src/XRF2/XenoRosFramework/Xenomai/src) by extension 'ros'
[0.377s] Level 1:colcon.colcon_core.package_identification:_identify(/home/kaushik/Documents/ros2_ws/src/XRF2/XenoRosFramework/Xenomai/src) by extensions ['cmake', 'python']
[0.377s] Level 1:colcon.colcon_core.package_identification:_identify(/home/kaushik/Documents/ros2_ws/src/XRF2/XenoRosFramework/Xenomai/src) by extension 'cmake'
[0.377s] Level 1:colcon.colcon_core.package_identification:_identify(/home/kaushik/Documents/ros2_ws/src/XRF2/XenoRosFramework/Xenomai/src) by extension 'python'
[0.377s] Level 1:colcon.colcon_core.package_identification:_identify(/home/kaushik/Documents/ros2_ws/src/XRF2/XenoRosFramework/Xenomai/src) by extensions ['python_setup_py']
[0.377s] Level 1:colcon.colcon_core.package_identification:_identify(/home/kaushik/Documents/ros2_ws/src/XRF2/XenoRosFramework/Xenomai/src) by extension 'python_setup_py'
[0.377s] Level 1:colcon.colcon_core.package_identification:_identify(/home/kaushik/Documents/ros2_ws/src/relbot_simulator) by extensions ['ignore', 'ignore_ament_install']
[0.377s] Level 1:colcon.colcon_core.package_identification:_identify(/home/kaushik/Documents/ros2_ws/src/relbot_simulator) by extension 'ignore'
[0.377s] Level 1:colcon.colcon_core.package_identification:_identify(/home/kaushik/Documents/ros2_ws/src/relbot_simulator) by extension 'ignore_ament_install'
[0.377s] Level 1:colcon.colcon_core.package_identification:_identify(/home/kaushik/Documents/ros2_ws/src/relbot_simulator) by extensions ['colcon_pkg']
[0.377s] Level 1:colcon.colcon_core.package_identification:_identify(/home/kaushik/Documents/ros2_ws/src/relbot_simulator) by extension 'colcon_pkg'
[0.378s] Level 1:colcon.colcon_core.package_identification:_identify(/home/kaushik/Documents/ros2_ws/src/relbot_simulator) by extensions ['colcon_meta']
[0.378s] Level 1:colcon.colcon_core.package_identification:_identify(/home/kaushik/Documents/ros2_ws/src/relbot_simulator) by extension 'colcon_meta'
[0.378s] Level 1:colcon.colcon_core.package_identification:_identify(/home/kaushik/Documents/ros2_ws/src/relbot_simulator) by extensions ['ros']
[0.378s] Level 1:colcon.colcon_core.package_identification:_identify(/home/kaushik/Documents/ros2_ws/src/relbot_simulator) by extension 'ros'
[0.379s] DEBUG:colcon.colcon_core.package_identification:Package '/home/kaushik/Documents/ros2_ws/src/relbot_simulator' with type 'ros.ament_cmake' and name 'relbot_simulator'
[0.379s] Level 1:colcon.colcon_core.package_identification:_identify(/home/kaushik/Documents/ros2_ws/src/xcontroller) by extensions ['ignore', 'ignore_ament_install']
[0.379s] Level 1:colcon.colcon_core.package_identification:_identify(/home/kaushik/Documents/ros2_ws/src/xcontroller) by extension 'ignore'
[0.379s] Level 1:colcon.colcon_core.package_identification:_identify(/home/kaushik/Documents/ros2_ws/src/xcontroller) by extension 'ignore_ament_install'
[0.379s] Level 1:colcon.colcon_core.package_identification:_identify(/home/kaushik/Documents/ros2_ws/src/xcontroller) by extensions ['colcon_pkg']
[0.379s] Level 1:colcon.colcon_core.package_identification:_identify(/home/kaushik/Documents/ros2_ws/src/xcontroller) by extension 'colcon_pkg'
[0.379s] Level 1:colcon.colcon_core.package_identification:_identify(/home/kaushik/Documents/ros2_ws/src/xcontroller) by extensions ['colcon_meta']
[0.379s] Level 1:colcon.colcon_core.package_identification:_identify(/home/kaushik/Documents/ros2_ws/src/xcontroller) by extension 'colcon_meta'
[0.379s] Level 1:colcon.colcon_core.package_identification:_identify(/home/kaushik/Documents/ros2_ws/src/xcontroller) by extensions ['ros']
[0.379s] Level 1:colcon.colcon_core.package_identification:_identify(/home/kaushik/Documents/ros2_ws/src/xcontroller) by extension 'ros'
[0.380s] Level 1:colcon.colcon_core.package_identification:_identify(/home/kaushik/Documents/ros2_ws/src/xcontroller) by extensions ['cmake', 'python']
[0.380s] Level 1:colcon.colcon_core.package_identification:_identify(/home/kaushik/Documents/ros2_ws/src/xcontroller) by extension 'cmake'
[0.381s] Level 1:colcon.colcon_core.package_identification:_identify(/home/kaushik/Documents/ros2_ws/src/xcontroller) by extension 'python'
[0.382s] DEBUG:colcon.colcon_core.package_identification:Package '/home/kaushik/Documents/ros2_ws/src/xcontroller' with type 'cmake' and name 'xcontroller'
[0.382s] Level 1:colcon.colcon_core.package_identification:_identify(/home/kaushik/Documents/ros2_ws/xrf2_logging) by extensions ['ignore', 'ignore_ament_install']
[0.382s] Level 1:colcon.colcon_core.package_identification:_identify(/home/kaushik/Documents/ros2_ws/xrf2_logging) by extension 'ignore'
[0.382s] Level 1:colcon.colcon_core.package_identification:_identify(/home/kaushik/Documents/ros2_ws/xrf2_logging) by extension 'ignore_ament_install'
[0.382s] Level 1:colcon.colcon_core.package_identification:_identify(/home/kaushik/Documents/ros2_ws/xrf2_logging) by extensions ['colcon_pkg']
[0.382s] Level 1:colcon.colcon_core.package_identification:_identify(/home/kaushik/Documents/ros2_ws/xrf2_logging) by extension 'colcon_pkg'
[0.382s] Level 1:colcon.colcon_core.package_identification:_identify(/home/kaushik/Documents/ros2_ws/xrf2_logging) by extensions ['colcon_meta']
[0.382s] Level 1:colcon.colcon_core.package_identification:_identify(/home/kaushik/Documents/ros2_ws/xrf2_logging) by extension 'colcon_meta'
[0.382s] Level 1:colcon.colcon_core.package_identification:_identify(/home/kaushik/Documents/ros2_ws/xrf2_logging) by extensions ['ros']
[0.383s] Level 1:colcon.colcon_core.package_identification:_identify(/home/kaushik/Documents/ros2_ws/xrf2_logging) by extension 'ros'
[0.383s] Level 1:colcon.colcon_core.package_identification:_identify(/home/kaushik/Documents/ros2_ws/xrf2_logging) by extensions ['cmake', 'python']
[0.383s] Level 1:colcon.colcon_core.package_identification:_identify(/home/kaushik/Documents/ros2_ws/xrf2_logging) by extension 'cmake'
[0.383s] Level 1:colcon.colcon_core.package_identification:_identify(/home/kaushik/Documents/ros2_ws/xrf2_logging) by extension 'python'
[0.383s] Level 1:colcon.colcon_core.package_identification:_identify(/home/kaushik/Documents/ros2_ws/xrf2_logging) by extensions ['python_setup_py']
[0.383s] Level 1:colcon.colcon_core.package_identification:_identify(/home/kaushik/Documents/ros2_ws/xrf2_logging) by extension 'python_setup_py'
[0.383s] Level 1:colcon.colcon_core.package_discovery:discover_packages(recursive) using defaults
