-- Found ament_cmake: 1.3.11 (/opt/ros/humble/share/ament_cmake/cmake)
-- Found rclcpp: 16.0.11 (/opt/ros/humble/share/rclcpp/cmake)
-- Found rosidl_generator_c: 3.1.6 (/opt/ros/humble/share/rosidl_generator_c/cmake)
-- Found rosidl_adapter: 3.1.6 (/opt/ros/humble/share/rosidl_adapter/cmake)
-- Found rosidl_generator_cpp: 3.1.6 (/opt/ros/humble/share/rosidl_generator_cpp/cmake)
-- Using all available rosidl_typesupport_c: rosidl_typesupport_fastrtps_c;rosidl_typesupport_introspection_c
-- Using all available rosidl_typesupport_cpp: rosidl_typesupport_fastrtps_cpp;rosidl_typesupport_introspection_cpp
-- Found rmw_implementation_cmake: 6.1.2 (/opt/ros/humble/share/rmw_implementation_cmake/cmake)
-- Found rmw_fastrtps_cpp: 6.2.7 (/opt/ros/humble/share/rmw_fastrtps_cpp/cmake)
-- Using RMW implementation 'rmw_fastrtps_cpp' as default
-- Found example_interfaces: 0.9.3 (/opt/ros/humble/share/example_interfaces/cmake)
-- Found geometry_msgs: 4.2.4 (/opt/ros/humble/share/geometry_msgs/cmake)
-- Found sensor_msgs: 4.2.4 (/opt/ros/humble/share/sensor_msgs/cmake)
-- Found cv_bridge: 3.2.1 (/opt/ros/humble/share/cv_bridge/cmake)
-- Found ament_lint_auto: 0.12.11 (/opt/ros/humble/share/ament_lint_auto/cmake)
-- Added test 'copyright' to check source files copyright and LICENSE
-- Added test 'cppcheck' to perform static code analysis on C / C++ code
-- Configured cppcheck include dirs: /home/asdfr-19/ros2_ws/src/relbot_simulator/include;/home/asdfr-19/ros2_ws/src/relbot_simulator/common;$<BUILD_INTERFACE:/home/asdfr-19/ros2_ws/src/relbot_simulator/include>;$<BUILD_INTERFACE:/home/asdfr-19/ros2_ws/src/relbot_simulator/common>
-- Configured cppcheck exclude dirs and/or files: 
-- Added test 'cpplint' to check C / C++ code against the Google style
-- Configured cpplint exclude dirs and/or files: 
-- Added test 'flake8' to check Python code syntax and style conventions
-- Added test 'lint_cmake' to check CMake code style
-- Added test 'pep257' to check Python code against some of the docstring style conventions in PEP 257
-- Added test 'uncrustify' to check C / C++ code style
-- Configured uncrustify additional arguments: 
-- Added test 'xmllint' to check XML markup files
-- Configuring done
-- Generating done
-- Build files have been written to: /home/asdfr-19/ros2_ws/build/relbot_simulator
[35m[1mConsolidate compiler generated dependencies of target sequence_controller[0m
[35m[1mConsolidate compiler generated dependencies of target colour_tracker[0m
[35m[1mConsolidate compiler generated dependencies of target relbot_simulator[0m
[  7%] [32mBuilding CXX object CMakeFiles/sequence_controller.dir/src/sequence_controller.cpp.o[0m
[ 15%] [32mBuilding CXX object CMakeFiles/colour_tracker.dir/src/colour_tracker.cpp.o[0m
[ 23%] [32mBuilding CXX object CMakeFiles/relbot_simulator.dir/src/relbot_simulator.cpp.o[0m
[ 30%] [32m[1mLinking CXX executable sequence_controller[0m
[ 38%] [32m[1mLinking CXX executable colour_tracker[0m
[ 38%] Built target sequence_controller
[ 38%] Built target colour_tracker
[ 46%] [32mBuilding CXX object CMakeFiles/relbot_simulator.dir/common/EulerAngles.cpp.o[0m
[ 53%] [32mBuilding CXX object CMakeFiles/relbot_simulator.dir/common/MotionProfiles.cpp.o[0m
[ 61%] [32mBuilding CXX object CMakeFiles/relbot_simulator.dir/common/xxfuncs.cpp.o[0m
[ 69%] [32mBuilding CXX object CMakeFiles/relbot_simulator.dir/common/xxinteg.cpp.o[0m
[ 76%] [32mBuilding CXX object CMakeFiles/relbot_simulator.dir/common/xxinverse.cpp.o[0m
[ 84%] [32mBuilding CXX object CMakeFiles/relbot_simulator.dir/common/xxmatrix.cpp.o[0m
[ 92%] [32mBuilding CXX object CMakeFiles/relbot_simulator.dir/src/Plant.cpp.o[0m
[100%] [32m[1mLinking CXX executable relbot_simulator[0m
[100%] Built target relbot_simulator
-- Install configuration: ""
-- Installing: /home/asdfr-19/ros2_ws/install/relbot_simulator/lib/relbot_simulator/relbot_simulator
-- Set runtime path of "/home/asdfr-19/ros2_ws/install/relbot_simulator/lib/relbot_simulator/relbot_simulator" to ""
-- Installing: /home/asdfr-19/ros2_ws/install/relbot_simulator/lib/relbot_simulator/sequence_controller
-- Set runtime path of "/home/asdfr-19/ros2_ws/install/relbot_simulator/lib/relbot_simulator/sequence_controller" to ""
-- Installing: /home/asdfr-19/ros2_ws/install/relbot_simulator/lib/relbot_simulator/colour_tracker
-- Set runtime path of "/home/asdfr-19/ros2_ws/install/relbot_simulator/lib/relbot_simulator/colour_tracker" to ""
-- Up-to-date: /home/asdfr-19/ros2_ws/install/relbot_simulator/include
-- Installing: /home/asdfr-19/ros2_ws/install/relbot_simulator/include/Plant.h
-- Installing: /home/asdfr-19/ros2_ws/install/relbot_simulator/include/sequence_controller.hpp
-- Installing: /home/asdfr-19/ros2_ws/install/relbot_simulator/include/colour_tracker.hpp
-- Installing: /home/asdfr-19/ros2_ws/install/relbot_simulator/include/relbot_simulator.hpp
-- Up-to-date: /home/asdfr-19/ros2_ws/install/relbot_simulator/include
-- Installing: /home/asdfr-19/ros2_ws/install/relbot_simulator/include/xxinverse.h
-- Installing: /home/asdfr-19/ros2_ws/install/relbot_simulator/include/xxinteg.h
-- Installing: /home/asdfr-19/ros2_ws/install/relbot_simulator/include/xxmatrix.cpp
-- Installing: /home/asdfr-19/ros2_ws/install/relbot_simulator/include/xxmodel.h
-- Installing: /home/asdfr-19/ros2_ws/install/relbot_simulator/include/MotionProfiles.cpp
-- Installing: /home/asdfr-19/ros2_ws/install/relbot_simulator/include/EulerAngles.h
-- Installing: /home/asdfr-19/ros2_ws/install/relbot_simulator/include/xxinverse.cpp
-- Installing: /home/asdfr-19/ros2_ws/install/relbot_simulator/include/MotionProfiles.h
-- Installing: /home/asdfr-19/ros2_ws/install/relbot_simulator/include/xxfuncs.cpp
-- Installing: /home/asdfr-19/ros2_ws/install/relbot_simulator/include/xxtypes.h
-- Installing: /home/asdfr-19/ros2_ws/install/relbot_simulator/include/xxmatrix.h
-- Installing: /home/asdfr-19/ros2_ws/install/relbot_simulator/include/xxinteg.cpp
-- Installing: /home/asdfr-19/ros2_ws/install/relbot_simulator/include/xxfuncs.h
-- Installing: /home/asdfr-19/ros2_ws/install/relbot_simulator/include/EulerAngles.cpp
-- Installing: /home/asdfr-19/ros2_ws/install/relbot_simulator/share/ament_index/resource_index/package_run_dependencies/relbot_simulator
-- Installing: /home/asdfr-19/ros2_ws/install/relbot_simulator/share/ament_index/resource_index/parent_prefix_path/relbot_simulator
-- Installing: /home/asdfr-19/ros2_ws/install/relbot_simulator/share/relbot_simulator/environment/ament_prefix_path.sh
-- Installing: /home/asdfr-19/ros2_ws/install/relbot_simulator/share/relbot_simulator/environment/ament_prefix_path.dsv
-- Installing: /home/asdfr-19/ros2_ws/install/relbot_simulator/share/relbot_simulator/environment/path.sh
-- Installing: /home/asdfr-19/ros2_ws/install/relbot_simulator/share/relbot_simulator/environment/path.dsv
-- Installing: /home/asdfr-19/ros2_ws/install/relbot_simulator/share/relbot_simulator/local_setup.bash
-- Installing: /home/asdfr-19/ros2_ws/install/relbot_simulator/share/relbot_simulator/local_setup.sh
-- Installing: /home/asdfr-19/ros2_ws/install/relbot_simulator/share/relbot_simulator/local_setup.zsh
-- Installing: /home/asdfr-19/ros2_ws/install/relbot_simulator/share/relbot_simulator/local_setup.dsv
-- Installing: /home/asdfr-19/ros2_ws/install/relbot_simulator/share/relbot_simulator/package.dsv
-- Installing: /home/asdfr-19/ros2_ws/install/relbot_simulator/share/ament_index/resource_index/packages/relbot_simulator
-- Installing: /home/asdfr-19/ros2_ws/install/relbot_simulator/share/relbot_simulator/cmake/relbot_simulatorConfig.cmake
-- Installing: /home/asdfr-19/ros2_ws/install/relbot_simulator/share/relbot_simulator/cmake/relbot_simulatorConfig-version.cmake
-- Installing: /home/asdfr-19/ros2_ws/install/relbot_simulator/share/relbot_simulator/package.xml
-- Up-to-date: /home/asdfr-19/ros2_ws/install/relbot_simulator/share/relbot_simulator//launch
-- Installing: /home/asdfr-19/ros2_ws/install/relbot_simulator/share/relbot_simulator//launch/relbot_simulator.launch.py
