[0.046s] Invoking command in '/home/asdfr-19/ros2_ws/build/relbot_simulator': CMAKE_PREFIX_PATH=${CMAKE_PREFIX_PATH}:/opt/ros/humble /usr/bin/cmake --build /home/asdfr-19/ros2_ws/build/relbot_simulator -- -j3 -l3
[0.160s] -- Found ament_cmake: 1.3.11 (/opt/ros/humble/share/ament_cmake/cmake)
[0.931s] -- Found rclcpp: 16.0.11 (/opt/ros/humble/share/rclcpp/cmake)
[1.053s] -- Found rosidl_generator_c: 3.1.6 (/opt/ros/humble/share/rosidl_generator_c/cmake)
[1.065s] -- Found rosidl_adapter: 3.1.6 (/opt/ros/humble/share/rosidl_adapter/cmake)
[1.097s] -- Found rosidl_generator_cpp: 3.1.6 (/opt/ros/humble/share/rosidl_generator_cpp/cmake)
[1.142s] -- Using all available rosidl_typesupport_c: rosidl_typesupport_fastrtps_c;rosidl_typesupport_introspection_c
[1.188s] -- Using all available rosidl_typesupport_cpp: rosidl_typesupport_fastrtps_cpp;rosidl_typesupport_introspection_cpp
[1.394s] -- Found rmw_implementation_cmake: 6.1.2 (/opt/ros/humble/share/rmw_implementation_cmake/cmake)
[1.405s] -- Found rmw_fastrtps_cpp: 6.2.7 (/opt/ros/humble/share/rmw_fastrtps_cpp/cmake)
[1.726s] -- Using RMW implementation 'rmw_fastrtps_cpp' as default
[2.007s] -- Found example_interfaces: 0.9.3 (/opt/ros/humble/share/example_interfaces/cmake)
[2.232s] -- Found geometry_msgs: 4.2.4 (/opt/ros/humble/share/geometry_msgs/cmake)
[2.294s] -- Found sensor_msgs: 4.2.4 (/opt/ros/humble/share/sensor_msgs/cmake)
[2.407s] -- Found cv_bridge: 3.2.1 (/opt/ros/humble/share/cv_bridge/cmake)
[2.437s] -- Found ament_lint_auto: 0.12.11 (/opt/ros/humble/share/ament_lint_auto/cmake)
[2.834s] -- Added test 'copyright' to check source files copyright and LICENSE
[2.842s] -- Added test 'cppcheck' to perform static code analysis on C / C++ code
[2.844s] -- Configured cppcheck include dirs: /home/asdfr-19/ros2_ws/src/relbot_simulator/include;/home/asdfr-19/ros2_ws/src/relbot_simulator/common;$<BUILD_INTERFACE:/home/asdfr-19/ros2_ws/src/relbot_simulator/include>;$<BUILD_INTERFACE:/home/asdfr-19/ros2_ws/src/relbot_simulator/common>
[2.846s] -- Configured cppcheck exclude dirs and/or files: 
[2.853s] -- Added test 'cpplint' to check C / C++ code against the Google style
[2.854s] -- Configured cpplint exclude dirs and/or files: 
[2.855s] -- Added test 'flake8' to check Python code syntax and style conventions
[2.858s] -- Added test 'lint_cmake' to check CMake code style
[2.860s] -- Added test 'pep257' to check Python code against some of the docstring style conventions in PEP 257
[2.870s] -- Added test 'uncrustify' to check C / C++ code style
[2.872s] -- Configured uncrustify additional arguments: 
[2.874s] -- Added test 'xmllint' to check XML markup files
[2.880s] -- Configuring done
[3.006s] -- Generating done
[3.067s] -- Build files have been written to: /home/asdfr-19/ros2_ws/build/relbot_simulator
[3.201s] [35m[1mConsolidate compiler generated dependencies of target sequence_controller[0m
[3.237s] [35m[1mConsolidate compiler generated dependencies of target relbot_simulator[0m
[3.242s] [35m[1mConsolidate compiler generated dependencies of target colour_tracker[0m
[4.048s] [  7%] [32mBuilding CXX object CMakeFiles/sequence_controller.dir/src/sequence_controller.cpp.o[0m
[4.061s] [ 15%] [32mBuilding CXX object CMakeFiles/colour_tracker.dir/src/colour_tracker.cpp.o[0m
[4.178s] [ 23%] [32mBuilding CXX object CMakeFiles/relbot_simulator.dir/src/relbot_simulator.cpp.o[0m
[106.823s] [ 30%] [32m[1mLinking CXX executable sequence_controller[0m
[109.535s] [ 38%] [32m[1mLinking CXX executable colour_tracker[0m
[116.380s] [ 38%] Built target sequence_controller
[120.413s] [ 38%] Built target colour_tracker
[149.902s] [ 46%] [32mBuilding CXX object CMakeFiles/relbot_simulator.dir/common/EulerAngles.cpp.o[0m
[150.004s] [ 53%] [32mBuilding CXX object CMakeFiles/relbot_simulator.dir/common/MotionProfiles.cpp.o[0m
[150.112s] [ 61%] [32mBuilding CXX object CMakeFiles/relbot_simulator.dir/common/xxfuncs.cpp.o[0m
[151.153s] [ 69%] [32mBuilding CXX object CMakeFiles/relbot_simulator.dir/common/xxinteg.cpp.o[0m
[152.259s] [ 76%] [32mBuilding CXX object CMakeFiles/relbot_simulator.dir/common/xxinverse.cpp.o[0m
[153.153s] [ 84%] [32mBuilding CXX object CMakeFiles/relbot_simulator.dir/common/xxmatrix.cpp.o[0m
[154.253s] [ 92%] [32mBuilding CXX object CMakeFiles/relbot_simulator.dir/src/Plant.cpp.o[0m
[155.590s] [100%] [32m[1mLinking CXX executable relbot_simulator[0m
[162.356s] [100%] Built target relbot_simulator
[162.424s] Invoked command in '/home/asdfr-19/ros2_ws/build/relbot_simulator' returned '0': CMAKE_PREFIX_PATH=${CMAKE_PREFIX_PATH}:/opt/ros/humble /usr/bin/cmake --build /home/asdfr-19/ros2_ws/build/relbot_simulator -- -j3 -l3
[162.431s] Invoking command in '/home/asdfr-19/ros2_ws/build/relbot_simulator': CMAKE_PREFIX_PATH=${CMAKE_PREFIX_PATH}:/opt/ros/humble /usr/bin/cmake --install /home/asdfr-19/ros2_ws/build/relbot_simulator
[162.456s] -- Install configuration: ""
[162.460s] -- Installing: /home/asdfr-19/ros2_ws/install/relbot_simulator/lib/relbot_simulator/relbot_simulator
[162.902s] -- Set runtime path of "/home/asdfr-19/ros2_ws/install/relbot_simulator/lib/relbot_simulator/relbot_simulator" to ""
[162.915s] -- Installing: /home/asdfr-19/ros2_ws/install/relbot_simulator/lib/relbot_simulator/sequence_controller
[163.074s] -- Set runtime path of "/home/asdfr-19/ros2_ws/install/relbot_simulator/lib/relbot_simulator/sequence_controller" to ""
[163.077s] -- Installing: /home/asdfr-19/ros2_ws/install/relbot_simulator/lib/relbot_simulator/colour_tracker
[163.247s] -- Set runtime path of "/home/asdfr-19/ros2_ws/install/relbot_simulator/lib/relbot_simulator/colour_tracker" to ""
[163.248s] -- Up-to-date: /home/asdfr-19/ros2_ws/install/relbot_simulator/include
[163.250s] -- Installing: /home/asdfr-19/ros2_ws/install/relbot_simulator/include/Plant.h
[163.251s] -- Installing: /home/asdfr-19/ros2_ws/install/relbot_simulator/include/sequence_controller.hpp
[163.254s] -- Installing: /home/asdfr-19/ros2_ws/install/relbot_simulator/include/colour_tracker.hpp
[163.261s] -- Installing: /home/asdfr-19/ros2_ws/install/relbot_simulator/include/relbot_simulator.hpp
[163.262s] -- Up-to-date: /home/asdfr-19/ros2_ws/install/relbot_simulator/include
[163.266s] -- Installing: /home/asdfr-19/ros2_ws/install/relbot_simulator/include/xxinverse.h
[163.267s] -- Installing: /home/asdfr-19/ros2_ws/install/relbot_simulator/include/xxinteg.h
[163.269s] -- Installing: /home/asdfr-19/ros2_ws/install/relbot_simulator/include/xxmatrix.cpp
[163.274s] -- Installing: /home/asdfr-19/ros2_ws/install/relbot_simulator/include/xxmodel.h
[163.276s] -- Installing: /home/asdfr-19/ros2_ws/install/relbot_simulator/include/MotionProfiles.cpp
[163.277s] -- Installing: /home/asdfr-19/ros2_ws/install/relbot_simulator/include/EulerAngles.h
[163.279s] -- Installing: /home/asdfr-19/ros2_ws/install/relbot_simulator/include/xxinverse.cpp
[163.280s] -- Installing: /home/asdfr-19/ros2_ws/install/relbot_simulator/include/MotionProfiles.h
[163.282s] -- Installing: /home/asdfr-19/ros2_ws/install/relbot_simulator/include/xxfuncs.cpp
[163.283s] -- Installing: /home/asdfr-19/ros2_ws/install/relbot_simulator/include/xxtypes.h
[163.293s] -- Installing: /home/asdfr-19/ros2_ws/install/relbot_simulator/include/xxmatrix.h
[163.307s] -- Installing: /home/asdfr-19/ros2_ws/install/relbot_simulator/include/xxinteg.cpp
[163.311s] -- Installing: /home/asdfr-19/ros2_ws/install/relbot_simulator/include/xxfuncs.h
[163.312s] -- Installing: /home/asdfr-19/ros2_ws/install/relbot_simulator/include/EulerAngles.cpp
[163.318s] -- Installing: /home/asdfr-19/ros2_ws/install/relbot_simulator/share/ament_index/resource_index/package_run_dependencies/relbot_simulator
[163.320s] -- Installing: /home/asdfr-19/ros2_ws/install/relbot_simulator/share/ament_index/resource_index/parent_prefix_path/relbot_simulator
[163.321s] -- Installing: /home/asdfr-19/ros2_ws/install/relbot_simulator/share/relbot_simulator/environment/ament_prefix_path.sh
[163.326s] -- Installing: /home/asdfr-19/ros2_ws/install/relbot_simulator/share/relbot_simulator/environment/ament_prefix_path.dsv
[163.327s] -- Installing: /home/asdfr-19/ros2_ws/install/relbot_simulator/share/relbot_simulator/environment/path.sh
[163.329s] -- Installing: /home/asdfr-19/ros2_ws/install/relbot_simulator/share/relbot_simulator/environment/path.dsv
[163.335s] -- Installing: /home/asdfr-19/ros2_ws/install/relbot_simulator/share/relbot_simulator/local_setup.bash
[163.336s] -- Installing: /home/asdfr-19/ros2_ws/install/relbot_simulator/share/relbot_simulator/local_setup.sh
[163.338s] -- Installing: /home/asdfr-19/ros2_ws/install/relbot_simulator/share/relbot_simulator/local_setup.zsh
[163.343s] -- Installing: /home/asdfr-19/ros2_ws/install/relbot_simulator/share/relbot_simulator/local_setup.dsv
[163.344s] -- Installing: /home/asdfr-19/ros2_ws/install/relbot_simulator/share/relbot_simulator/package.dsv
[163.370s] -- Installing: /home/asdfr-19/ros2_ws/install/relbot_simulator/share/ament_index/resource_index/packages/relbot_simulator
[163.371s] -- Installing: /home/asdfr-19/ros2_ws/install/relbot_simulator/share/relbot_simulator/cmake/relbot_simulatorConfig.cmake
[163.373s] -- Installing: /home/asdfr-19/ros2_ws/install/relbot_simulator/share/relbot_simulator/cmake/relbot_simulatorConfig-version.cmake
[163.374s] -- Up-to-date: /home/asdfr-19/ros2_ws/install/relbot_simulator/share/relbot_simulator/package.xml
[163.376s] -- Up-to-date: /home/asdfr-19/ros2_ws/install/relbot_simulator/share/relbot_simulator//launch
[163.377s] -- Up-to-date: /home/asdfr-19/ros2_ws/install/relbot_simulator/share/relbot_simulator//launch/relbot_simulator.launch.py
[163.395s] Invoked command in '/home/asdfr-19/ros2_ws/build/relbot_simulator' returned '0': CMAKE_PREFIX_PATH=${CMAKE_PREFIX_PATH}:/opt/ros/humble /usr/bin/cmake --install /home/asdfr-19/ros2_ws/build/relbot_simulator
